[   1.3160]ARRIVE-2-2
[   1.7170]ARRIVE-2-1
[   1.7170]ARRIVE-3-2
[   2.1180]ARRIVE-2-6
[   2.1180]ARRIVE-3-1
[   2.1180]ARRIVE-2-3
[   2.1180]ARRIVE-4-2
[   2.1180]OPEN-4-2
[   2.1180]OPEN-2-6
[   2.2180]MAINTAIN_ACCEPT-1
[   2.5200]ARRIVE-3-3
[   2.5200]IN-103-2-6
[   2.5200]IN-100-4-2
[   2.5200]ARRIVE-4-1
[   2.5200]IN-107-2-6
[   2.5200]CLOSE-2-6
[   2.5200]MAINTAIN_ABLE-1
[   2.5200]CLOSE-4-2
[   2.6200]ARRIVE-2-5
[   2.6200]ARRIVE-2-4
[   2.9200]ARRIVE-4-3
[   2.9200]OPEN-4-3
[   2.9200]ARRIVE-5-2
[   2.9200]ARRIVE-3-6
[   2.9200]OPEN-3-6
[   2.9200]OPEN-5-2
[   3.0210]ARRIVE-3-5
[   3.0210]ARRIVE-3-4
[   3.0210]OPEN-3-4
[   3.3220]IN-108-5-2
[   3.3220]CLOSE-5-2
[   3.3220]OUT-103-3-6
[   3.3220]IN-102-4-3
[   3.3220]IN-109-3-6
[   3.3220]CLOSE-3-6
[   3.3220]CLOSE-4-3
[   3.4220]ARRIVE-4-5
[   3.4220]IN-104-3-4
[   3.4220]CLOSE-3-4
[   3.7220]ARRIVE-4-6
[   3.7220]OPEN-4-6
[   3.7220]ARRIVE-6-2
[   3.7220]ARRIVE-5-3
[   3.7220]OPEN-6-2
[   3.8220]ARRIVE-5-5
[   3.8220]ARRIVE-4-4
[   4.1220]OUT-107-4-6
[   4.1220]CLOSE-4-6
[   4.1220]OUT-108-6-2
[   4.1220]CLOSE-6-2
[   4.1220]ARRIVE-6-3
[   4.2230]ARRIVE-5-4
[   4.2230]OPEN-5-4
[   4.2230]ARRIVE-6-5
[   4.5240]ARRIVE-7-2
[   4.5240]ARRIVE-5-6
[   4.5240]ARRIVE-7-3
[   4.6240]ARRIVE-7-5
[   4.6240]OUT-104-5-4
[   4.6240]CLOSE-5-4
[   4.9240]ARRIVE-8-2
[   4.9240]OPEN-8-2
[   4.9240]ARRIVE-8-3
[   4.9240]ARRIVE-6-6
[   5.0240]ARRIVE-6-4
[   5.0240]ARRIVE-8-5
[   5.0240]OPEN-8-5
[   5.3250]OUT-100-8-2
[   5.3250]CLOSE-8-2
[   5.3250]ARRIVE-7-6
[   5.3250]ARRIVE-9-3
[   5.3250]OPEN-9-3
[   5.4250]ARRIVE-7-4
[   5.4250]IN-105-8-5
[   5.4250]CLOSE-8-5
[   5.7250]ARRIVE-8-6
[   5.7250]ARRIVE-9-2
[   5.7250]OUT-102-9-3
[   5.7250]CLOSE-9-3
[   5.8260]ARRIVE-8-4
[   5.8260]ARRIVE-9-5
[   6.1260]ARRIVE-9-6
[   6.1260]ARRIVE-8-3
[   6.1260]ARRIVE-10-2
[   6.1260]OPEN-10-2
[   6.2270]ARRIVE-10-5
[   6.2270]OPEN-10-5
[   6.2270]ARRIVE-9-4
[   6.2270]OPEN-9-4
[   6.5270]ARRIVE-7-3
[   6.5270]IN-110-10-2
[   6.5270]CLOSE-10-2
[   6.5270]ARRIVE-10-6
[   6.5270]OPEN-10-6
[   6.6280]IN-101-9-4
[   6.6280]CLOSE-9-4
[   6.6280]OUT-105-10-5
[   6.6280]CLOSE-10-5
[   6.9280]OUT-109-10-6
[   6.9280]CLOSE-10-6
[   6.9280]ARRIVE-11-2
[   6.9280]OPEN-11-2
[   6.9280]ARRIVE-6-3
[   7.0290]ARRIVE-10-4
[   7.0290]OPEN-10-4
[   7.3300]OUT-110-11-2
[   7.3300]CLOSE-11-2
[   7.3300]ARRIVE-5-3
[   7.4300]OUT-101-10-4
[   7.4300]CLOSE-10-4
[   7.4300]ARRIVE-9-6
[   7.4300]ARRIVE-9-5
[   7.7310]ARRIVE-4-3
[   7.8310]ARRIVE-8-5
[   7.8310]ARRIVE-8-6
[   7.8310]MAINTAIN_ACCEPT-4
[   7.8310]ARRIVE-10-2
[   7.8310]MAINTAIN_ABLE-4
[   8.1310]ARRIVE-3-3
[   8.2320]ARRIVE-7-5
[   8.2320]ARRIVE-9-2
[   8.2320]ARRIVE-7-6
[   8.5320]ARRIVE-2-3
[   8.6330]ARRIVE-6-6
[   8.6330]ARRIVE-6-5
[   8.6330]ARRIVE-8-2
[   8.9330]ARRIVE-1-3
[   8.9330]OPEN-1-3
[   9.0330]ARRIVE-5-5
[   9.0330]ARRIVE-7-2
[   9.0330]ARRIVE-5-6
[   9.3340]IN-106-1-3
[   9.3340]CLOSE-1-3
[   9.4340]ARRIVE-6-2
[   9.4340]ARRIVE-4-5
[   9.4340]ARRIVE-4-6
[   9.7350]ARRIVE-2-3
[   9.8350]ARRIVE-3-6
[   9.8350]ARRIVE-3-5
[   9.8350]ARRIVE-5-2
[  10.1350]ARRIVE-3-3
[  10.2360]ARRIVE-2-6
[  10.2360]OPEN-2-6
[  10.2360]ARRIVE-2-5
[  10.2360]OPEN-2-5
[  10.2360]ARRIVE-4-2
[  10.4510]MAINTAIN_ACCEPT-2
[  10.5360]ARRIVE-4-3
[  10.6360]ARRIVE-3-2
[  10.6360]MAINTAIN_ABLE-2
[  10.6360]IN-111-2-6
[  10.6360]IN-112-2-5
[  10.6360]IN-117-2-6
[  10.6360]CLOSE-2-6
[  10.6360]CLOSE-2-5
[  10.9360]ARRIVE-5-3
[  10.9360]OPEN-5-3
[  11.0370]ARRIVE-3-5
[  11.0370]ARRIVE-3-6
[  11.3380]IN-116-5-3
[  11.3380]CLOSE-5-3
[  11.3380]OPEN-3-6
[  11.7390]ARRIVE-6-3
[  11.7390]OPEN-6-3
[  11.7390]IN-113-3-6
[  11.7390]CLOSE-3-6
[  12.1400]ARRIVE-4-6
[  12.1400]OPEN-4-6
[  12.1400]OUT-106-6-3
[  12.1400]ARRIVE-4-5
[  12.1400]OPEN-4-5
[  12.1400]CLOSE-6-3
[  12.5400]ARRIVE-7-3
[  12.5400]OUT-117-4-6
[  12.5400]OUT-112-4-5
[  12.5400]OPEN-7-3
[  12.9400]IN-114-7-3
[  12.9400]CLOSE-7-3
[  12.9400]CLOSE-4-6
[  12.9400]CLOSE-4-5
[  13.3410]ARRIVE-5-5
[  13.3410]ARRIVE-5-6
[  13.3410]ARRIVE-8-3
[  13.7430]ARRIVE-6-5
[  13.7430]ARRIVE-6-6
[  13.7430]ARRIVE-9-3
[  14.1440]ARRIVE-7-6
[  14.1440]OPEN-7-6
[  14.1440]ARRIVE-10-3
[  14.1440]ARRIVE-7-5
[  14.5450]ARRIVE-11-3
[  14.5450]OUT-111-7-6
[  14.5450]CLOSE-7-6
[  14.5450]ARRIVE-8-5
[  14.5450]OPEN-11-3
[  14.9460]ARRIVE-8-6
[  14.9460]OUT-116-11-3
[  14.9460]OUT-114-11-3
[  14.9460]CLOSE-11-3
[  14.9460]ARRIVE-9-5
[  14.9460]OPEN-9-5
[  15.3460]ARRIVE-9-6
[  15.3460]ARRIVE-10-3
[  15.3460]OPEN-10-3
[  15.3460]IN-115-9-5
[  15.3460]CLOSE-9-5
[  15.7470]ARRIVE-10-5
[  15.7470]IN-120-10-3
[  15.7470]CLOSE-10-3
[  15.7470]ARRIVE-10-6
[  16.1470]ARRIVE-11-6
[  16.1470]OPEN-11-6
[  16.1470]ARRIVE-11-5
[  16.1470]OPEN-11-5
[  16.1470]ARRIVE-11-3
[  16.1470]OPEN-11-3
[  16.5490]OUT-120-11-3
[  16.5490]OUT-115-11-5
[  16.5490]CLOSE-11-5
[  16.5490]OUT-113-11-6
[  16.5490]CLOSE-11-6
[  16.5490]CLOSE-11-3
[  16.9490]ARRIVE-10-6
[  16.9490]ARRIVE-10-5
[  16.9490]ARRIVE-10-3
[  17.3500]ARRIVE-9-3
[  17.3500]ARRIVE-9-6
[  17.3500]ARRIVE-9-5
[  17.7510]ARRIVE-8-3
[  17.7510]ARRIVE-8-5
[  17.7510]ARRIVE-8-6
[  18.1520]ARRIVE-7-3
[  18.1520]ARRIVE-7-5
[  18.1520]OPEN-7-5
[  18.1520]ARRIVE-7-6
[  18.5520]ARRIVE-6-3
[  18.5520]IN-125-7-5
[  18.5520]IN-128-7-5
[  18.5520]IN-129-7-5
[  18.5520]CLOSE-7-5
[  18.5520]ARRIVE-6-6
[  18.5520]OPEN-6-6
[  18.9530]IN-118-6-6
[  18.9530]ARRIVE-8-5
[  18.9530]ARRIVE-5-3
[  18.9530]IN-131-6-6
[  18.9530]CLOSE-6-6
[  19.3530]ARRIVE-7-6
[  19.3530]OPEN-7-6
[  19.3530]ARRIVE-9-5
[  19.3530]ARRIVE-4-3
[  19.3530]OPEN-4-3
[  19.7540]ARRIVE-10-5
[  19.7540]OPEN-10-5
[  19.7540]IN-122-4-3
[  19.7540]CLOSE-4-3
[  19.7540]OUT-118-7-6
[  19.7540]CLOSE-7-6
[  20.1550]ARRIVE-8-6
[  20.1550]OPEN-8-6
[  20.1550]OUT-125-10-5
[  20.1550]OUT-129-10-5
[  20.1550]ARRIVE-5-3
[  20.1550]CLOSE-10-5
[  20.1550]OPEN-5-3
[  20.5560]OUT-131-8-6
[  20.5560]IN-126-5-3
[  20.5560]IN-130-5-3
[  20.5560]IN-132-5-3
[  20.5560]CLOSE-5-3
[  20.5560]CLOSE-8-6
[  20.9570]ARRIVE-6-3
[  20.9570]OPEN-6-3
[  20.9570]ARRIVE-7-6
[  20.9570]ARRIVE-11-5
[  20.9570]OPEN-11-5
[  21.3580]ARRIVE-6-6
[  21.3580]OUT-132-6-3
[  21.3580]CLOSE-6-3
[  21.3580]OUT-128-11-5
[  21.3580]CLOSE-11-5
[  21.7590]ARRIVE-5-6
[  21.7590]ARRIVE-7-3
[  21.7590]ARRIVE-10-5
[  22.1590]ARRIVE-9-5
[  22.1590]ARRIVE-8-3
[  22.1590]ARRIVE-4-6
[  22.5600]ARRIVE-8-5
[  22.5600]ARRIVE-3-6
[  22.5600]OPEN-3-6
[  22.5600]ARRIVE-9-3
[  22.5600]OPEN-9-3
[  22.5980]ARRIVE-9-12
[  22.7980]ARRIVE-8-12
[  22.9610]IN-119-3-6
[  22.9610]ARRIVE-7-5
[  22.9610]OUT-130-9-3
[  22.9610]IN-123-3-6
[  22.9610]IN-127-3-6
[  22.9610]IN-133-3-6
[  22.9610]IN-134-3-6
[  22.9610]CLOSE-3-6
[  22.9610]CLOSE-9-3
[  22.9980]ARRIVE-7-12
[  23.1980]ARRIVE-6-12
[  23.3610]ARRIVE-6-5
[  23.3610]ARRIVE-10-3
[  23.3610]OPEN-10-3
[  23.3610]ARRIVE-4-6
[  23.3610]OPEN-4-6
[  23.3990]ARRIVE-5-12
[  23.5990]ARRIVE-4-12
[  23.5990]OPEN-4-12
[  23.7620]ARRIVE-5-5
[  23.7620]OUT-133-4-6
[  23.7620]OUT-126-10-3
[  23.7620]CLOSE-4-6
[  23.7620]CLOSE-10-3
[  24.0000]IN-135-4-12
[  24.0000]CLOSE-4-12
[  24.1630]ARRIVE-11-3
[  24.1630]OPEN-11-3
[  24.1630]ARRIVE-4-5
[  24.1630]ARRIVE-5-6
[  24.1630]OPEN-5-6
[  24.2160]ARRIVE-5-12
[  24.4170]ARRIVE-6-12
[  24.5640]OUT-122-11-3
[  24.5640]ARRIVE-3-5
[  24.5640]OUT-127-5-6
[  24.5640]OPEN-3-5
[  24.5640]CLOSE-11-3
[  24.5640]CLOSE-5-6
[  24.6170]ARRIVE-7-12
[  24.8180]ARRIVE-8-12
[  24.8180]OPEN-8-12
[  24.9650]ARRIVE-10-3
[  24.9650]IN-121-3-5
[  24.9650]ARRIVE-6-6
[  24.9650]CLOSE-3-5
[  24.9650]OPEN-6-6
[  25.2180]OUT-135-8-12
[  25.2180]CLOSE-8-12
[  25.3030]OPEN-8-12
[  25.3650]OUT-123-6-6
[  25.3650]ARRIVE-9-3
[  25.3650]ARRIVE-4-5
[  25.3650]CLOSE-6-6
[  25.5130]ARRIVE-6-17
[  25.5130]OPEN-6-17
[  25.7030]IN-136-8-12
[  25.7030]CLOSE-8-12
[  25.7660]ARRIVE-7-6
[  25.7660]ARRIVE-8-3
[  25.7660]ARRIVE-5-5
[  25.7660]OPEN-5-5
[  25.9040]ARRIVE-9-12
[  25.9040]OPEN-9-12
[  25.9200]IN-138-6-17
[  25.9200]CLOSE-6-17
[  26.1200]ARRIVE-7-17
[  26.1670]ARRIVE-8-6
[  26.1670]OUT-121-5-5
[  26.1670]ARRIVE-7-3
[  26.1670]IN-137-5-5
[  26.1670]IN-141-5-5
[  26.1670]IN-142-5-5
[  26.1670]CLOSE-5-5
[  26.3050]OUT-136-9-12
[  26.3050]IN-140-9-12
[  26.3050]CLOSE-9-12
[  26.3210]ARRIVE-8-17
[  26.5060]ARRIVE-10-12
[  26.5060]MAINTAIN_ACCEPT-17
[  26.5210]ARRIVE-9-17
[  26.5210]OPEN-9-17
[  26.5680]ARRIVE-6-5
[  26.5680]ARRIVE-6-3
[  26.5680]ARRIVE-9-6
[  26.7060]ARRIVE-11-12
[  26.7060]OPEN-11-12
[  26.9220]OUT-138-9-17
[  26.9220]CLOSE-9-17
[  26.9220]MAINTAIN_ABLE-17
[  26.9680]ARRIVE-10-6
[  26.9680]OPEN-10-6
[  26.9680]ARRIVE-7-5
[  26.9680]ARRIVE-5-3
[  27.1130]OUT-140-11-12
[  27.1130]CLOSE-11-12
[  27.3220]ARRIVE-10-12
[  27.3690]ARRIVE-8-5
[  27.3690]OUT-119-10-6
[  27.3690]ARRIVE-4-3
[  27.3690]CLOSE-10-6
[  27.3690]OPEN-8-5
[  27.5230]ARRIVE-9-12
[  27.5230]OPEN-9-12
[  27.7700]ARRIVE-3-3
[  27.7700]ARRIVE-11-6
[  27.7700]OUT-141-8-5
[  27.7700]OPEN-11-6
[  27.7700]CLOSE-8-5
[  27.9240]IN-138-9-12
[  27.9240]CLOSE-9-12
[  28.1250]ARRIVE-10-12
[  28.1250]OPEN-10-12
[  28.1720]OUT-134-11-6
[  28.1720]ARRIVE-9-5
[  28.1720]ARRIVE-2-3
[  28.1720]OPEN-2-3
[  28.1720]CLOSE-11-6
[  28.5260]OUT-138-10-12
[  28.5260]CLOSE-10-12
[  28.5730]ARRIVE-10-6
[  28.5730]ARRIVE-10-5
[  28.5730]IN-124-2-3
[  28.5730]OPEN-10-5
[  28.5730]IN-139-2-3
[  28.5730]CLOSE-2-3
[  28.7380]ARRIVE-9-12
[  28.9430]ARRIVE-8-12
[  28.9740]ARRIVE-3-3
[  28.9740]ARRIVE-9-6
[  28.9740]OPEN-3-3
[  28.9740]OUT-142-10-5
[  29.1440]ARRIVE-7-12
[  29.3440]ARRIVE-6-12
[  29.3750]ARRIVE-8-6
[  29.3750]IN-146-3-3
[  29.3750]CLOSE-3-3
[  29.3750]CLOSE-10-5
[  29.5440]ARRIVE-5-12
[  29.7450]ARRIVE-4-12
[  29.7760]ARRIVE-11-5
[  29.7760]ARRIVE-7-6
[  29.7760]ARRIVE-4-3
[  29.7760]OPEN-11-5
[  29.9450]ARRIVE-3-12
[  29.9450]OPEN-3-12
[  30.1770]OUT-137-11-5
[  30.1770]CLOSE-11-5
[  30.1770]ARRIVE-5-3
[  30.1770]ARRIVE-6-6
[  30.1770]OPEN-5-3
[  30.3480]IN-145-3-12
[  30.3480]CLOSE-3-12
[  30.5620]ARRIVE-4-12
[  30.5780]ARRIVE-10-5
[  30.5780]OUT-139-5-3
[  30.5780]ARRIVE-5-6
[  30.5780]CLOSE-5-3
[  30.7660]ARRIVE-5-12
[  30.8160]MAINTAIN_ACCEPT-3
[  30.9790]ARRIVE-6-12
[  30.9790]ARRIVE-6-3
[  30.9790]ARRIVE-4-6
[  30.9790]ARRIVE-9-5
[  30.9790]OPEN-4-6
[  30.9790]OPEN-6-3
[  31.1790]ARRIVE-7-12
[  31.2170]ARRIVE-6-9
[  31.3800]ARRIVE-8-12
[  31.3800]OUT-124-6-3
[  31.3800]ARRIVE-8-5
[  31.3800]IN-144-4-6
[  31.3800]OUT-146-6-3
[  31.3800]CLOSE-6-3
[  31.3800]MAINTAIN_ABLE-3
[  31.3800]CLOSE-4-6
[  31.5950]ARRIVE-9-12
[  31.6170]ARRIVE-5-9
[  31.7800]ARRIVE-7-5
[  31.7800]ARRIVE-5-6
[  31.7960]ARRIVE-10-12
[  31.7960]OPEN-10-12
[  32.0170]ARRIVE-4-9
[  32.1800]ARRIVE-6-6
[  32.1800]ARRIVE-6-5
[  32.1800]OPEN-6-6
[  32.1960]OUT-145-10-12
[  32.4180]ARRIVE-3-9
[  32.5810]IN-124-6-6
[  32.5810]ARRIVE-5-5
[  32.5810]IN-146-6-6
[  32.5810]CLOSE-6-6
[  32.5810]CLOSE-10-12
[  32.7960]ARRIVE-9-12
[  32.8180]ARRIVE-2-9
[  32.9810]ARRIVE-7-6
[  32.9810]ARRIVE-4-5
[  32.9810]OPEN-7-6
[  32.9970]ARRIVE-8-12
[  33.1970]ARRIVE-7-12
[  33.2190]ARRIVE-1-9
[  33.2190]OPEN-1-9
[  33.3820]ARRIVE-3-5
[  33.3820]OUT-124-7-6
[  33.3820]IN-152-7-6
[  33.3820]CLOSE-7-6
[  33.3970]ARRIVE-6-12
[  33.5980]ARRIVE-5-12
[  33.6200]IN-143-1-9
[  33.6200]IN-154-1-9
[  33.6200]CLOSE-1-9
[  33.7820]ARRIVE-8-6
[  33.7820]ARRIVE-2-5
[  33.7820]OPEN-2-5
[  33.7820]OPEN-8-6
[  33.7980]ARRIVE-4-12
[  33.9990]ARRIVE-3-12
[  34.0200]ARRIVE-2-9
[  34.0200]OPEN-2-9
[  34.1830]OUT-146-8-6
[  34.1830]OUT-152-8-6
[  34.2210]ARRIVE-2-12
[  34.4210]ARRIVE-1-12
[  34.4210]IN-160-2-9
[  34.4210]OPEN-1-12
[  34.4210]IN-153-8-6
[  34.4210]CLOSE-2-9
[  34.4210]CLOSE-8-6
[  34.4210]IN-148-2-5
[  34.4210]CLOSE-2-5
[  34.8220]ARRIVE-3-9
[  34.8220]MAINTAIN_ACCEPT-6
[  34.8220]ARRIVE-3-5
[  34.8220]OPEN-3-5
[  34.8220]IN-147-1-12
[  34.8220]ARRIVE-9-6
[  34.8220]OPEN-9-6
[  34.8220]IN-165-1-12
[  34.8220]CLOSE-1-12
[  34.8220]OPEN-3-9
[  35.0230]ARRIVE-2-12
[  35.2240]ARRIVE-3-12
[  35.2240]OUT-144-9-6
[  35.2240]OUT-153-9-6
[  35.2240]CLOSE-9-6
[  35.2240]MAINTAIN_ABLE-6
[  35.2240]OUT-160-3-9
[  35.2240]OUT-148-3-5
[  35.2240]OPEN-3-12
[  35.6250]IN-155-3-12
[  35.6250]IN-158-3-12
[  35.6250]CLOSE-3-12
[  35.6250]IN-159-3-5
[  35.6250]IN-164-3-9
[  35.6250]CLOSE-3-9
[  35.6250]CLOSE-3-5
[  35.8250]ARRIVE-4-12
[  36.0250]ARRIVE-4-9
[  36.0250]ARRIVE-4-5
[  36.0250]ARRIVE-5-12
[  36.0250]OPEN-4-5
[  36.0250]OPEN-4-9
[  36.4260]OUT-164-4-9
[  36.4260]IN-157-4-5
[  36.4260]IN-162-4-5
[  36.4260]CLOSE-4-5
[  36.4260]CLOSE-4-9
[  36.6270]ARRIVE-6-12
[  36.6270]OPEN-6-12
[  36.8270]ARRIVE-5-9
[  36.8270]OPEN-5-9
[  36.8270]ARRIVE-5-5
[  36.8270]OPEN-5-5
[  37.0270]OUT-147-6-12
[  37.2280]OUT-143-5-9
[  37.2280]IN-150-5-5
[  37.2280]CLOSE-5-5
[  37.2280]CLOSE-6-12
[  37.2280]CLOSE-5-9
[  37.4280]ARRIVE-7-12
[  37.4280]OPEN-7-12
[  37.6280]ARRIVE-6-9
[  37.6280]ARRIVE-6-5
[  37.6280]OPEN-6-5
[  37.8290]IN-163-7-12
[  37.8290]CLOSE-7-12
[  38.0440]ARRIVE-8-12
[  38.0440]OUT-162-6-5
[  38.0440]CLOSE-6-5
[  38.0440]OPEN-8-12
[  38.2290]ARRIVE-7-9
[  38.4450]ARRIVE-7-5
[  38.4450]OUT-163-8-12
[  38.4450]CLOSE-8-12
[  38.6290]ARRIVE-8-9
[  38.6290]OPEN-8-9
[  38.6450]ARRIVE-9-12
[  38.6450]OPEN-9-12
[  38.8450]ARRIVE-8-5
[  38.8450]OPEN-8-5
[  39.0290]OUT-154-8-9
[  39.0610]IN-149-9-12
[  39.0610]CLOSE-9-12
[  39.0610]CLOSE-8-9
[  39.2450]OUT-159-8-5
[  39.2450]OUT-150-8-5
[  39.2450]CLOSE-8-5
[  39.2610]ARRIVE-10-12
[  39.2610]OPEN-10-12
[  39.4610]ARRIVE-9-9
[  39.4610]OPEN-9-9
[  39.6460]ARRIVE-9-5
[  39.6460]OPEN-9-5
[  39.6620]OUT-165-10-12
[  40.0470]IN-161-9-5
[  40.0470]IN-166-9-5
[  40.0470]IN-144-9-5
[  40.0470]IN-169-9-5
[  40.0470]CLOSE-9-5
[  40.0470]IN-151-9-9
[  40.0470]IN-156-10-12
[  40.0470]CLOSE-10-12
[  40.0470]CLOSE-9-9
[  40.2470]ARRIVE-11-12
[  40.2470]OPEN-11-12
[  40.4470]ARRIVE-10-9
[  40.4470]OPEN-10-9
[  40.4470]ARRIVE-10-5
[  40.4470]OPEN-10-5
[  40.6480]OUT-155-11-12
[  40.6480]OUT-158-11-12
[  40.6480]OUT-149-11-12
[  40.6480]OUT-156-11-12
[  40.6480]CLOSE-11-12
[  40.8480]ARRIVE-10-12
[  40.8480]OPEN-10-12
[  40.8480]OUT-151-10-9
[  40.8480]OUT-161-10-5
[  40.8480]OUT-166-10-5
[  40.8480]OUT-144-10-5
[  40.8480]OUT-169-10-5
[  40.8480]CLOSE-10-5
[  40.8480]CLOSE-10-9
[  41.2480]ARRIVE-11-5
[  41.2480]OPEN-11-5
[  41.2480]IN-167-10-12
[  41.2480]ARRIVE-9-9
[  41.2480]CLOSE-10-12
[  41.4640]ARRIVE-11-12
[  41.4640]OPEN-11-12
[  41.6490]ARRIVE-8-9
[  41.6490]OUT-157-11-5
[  41.6490]CLOSE-11-5
[  41.8650]OUT-167-11-12
[  41.8650]CLOSE-11-12
[  42.0500]ARRIVE-7-9
[  42.0500]ARRIVE-10-5
[  42.0650]ARRIVE-10-12
[  42.2660]ARRIVE-9-12
[  42.4510]ARRIVE-6-9
[  42.4510]ARRIVE-9-5
[  42.4660]ARRIVE-8-12
[  42.6660]ARRIVE-7-12
[  42.8510]ARRIVE-8-5
[  42.8510]ARRIVE-5-9
[  42.8510]OPEN-5-9
[  42.8670]ARRIVE-6-12
[  43.0670]ARRIVE-5-12
[  43.2520]ARRIVE-7-5
[  43.2520]IN-171-5-9
[  43.2520]CLOSE-5-9
[  43.2680]ARRIVE-4-12
[  43.4680]ARRIVE-3-12
[  43.4680]OPEN-3-12
[  43.6530]ARRIVE-6-9
[  43.6530]OPEN-6-9
[  43.6530]ARRIVE-6-5
[  43.8690]IN-168-3-12
[  43.8690]CLOSE-3-12
[  44.0530]ARRIVE-5-5
[  44.0530]OUT-171-6-9
[  44.0530]CLOSE-6-9
[  44.0690]ARRIVE-4-12
[  44.2690]ARRIVE-5-12
[  44.4540]ARRIVE-4-5
[  44.4540]OPEN-4-5
[  44.4700]ARRIVE-6-12
[  44.4700]OPEN-6-12
[  44.8550]IN-170-4-5
[  44.8550]CLOSE-4-5
[  44.8700]OUT-168-6-12
[  44.8700]CLOSE-6-12
[  45.2550]ARRIVE-5-5
[  45.6560]ARRIVE-6-5
[  46.0560]ARRIVE-7-5
[  46.0560]OPEN-7-5
[  46.4570]OUT-170-7-5
[  46.4570]CLOSE-7-5
