[   1.3020]ARRIVE-2-3
[   1.7030]ARRIVE-3-3
[   1.7030]OPEN-3-3
[   2.1040]IN-100-3-3
[   2.1040]CLOSE-3-3
[   2.5050]ARRIVE-2-3
[   2.9060]ARRIVE-1-3
[   2.9060]OPEN-1-3
[   2.9060]MAINTAIN_ACCEPT-1
[   2.9060]MAINTAIN_ABLE-1
[   3.3060]ARRIVE-2-2
[   3.3060]ARRIVE-2-4
[   3.3060]OUT-100-1-3
[   3.3060]ARRIVE-2-6
[   3.3060]CLOSE-1-3
[   3.4220]ARRIVE-2-5
[   3.7070]ARRIVE-2-3
[   3.7070]ARRIVE-3-6
[   3.7070]ARRIVE-3-2
[   3.7070]ARRIVE-3-4
[   3.7070]OPEN-3-2
[   3.8230]ARRIVE-3-5
[   4.1080]ARRIVE-3-3
[   4.1080]IN-102-3-2
[   4.1080]ARRIVE-4-4
[   4.1080]ARRIVE-4-6
[   4.1080]CLOSE-3-2
[   4.2240]ARRIVE-4-5
[   4.5080]ARRIVE-5-4
[   4.5080]ARRIVE-4-3
[   4.5080]OPEN-4-3
[   4.5080]ARRIVE-5-6
[   4.5080]ARRIVE-2-2
[   4.6240]ARRIVE-5-5
[   4.9090]ARRIVE-1-2
[   4.9090]OPEN-1-2
[   4.9090]ARRIVE-6-4
[   4.9090]IN-105-4-3
[   4.9090]ARRIVE-6-6
[   4.9090]IN-107-4-3
[   4.9090]CLOSE-4-3
[   5.0250]ARRIVE-6-5
[   5.1400]MAINTAIN_ACCEPT-2
[   5.3090]ARRIVE-7-6
[   5.3090]OUT-102-1-2
[   5.3090]ARRIVE-3-3
[   5.3090]OPEN-3-3
[   5.3090]ARRIVE-7-4
[   5.3090]CLOSE-1-2
[   5.3090]MAINTAIN_ABLE-2
[   5.3090]OPEN-7-6
[   5.4250]ARRIVE-7-5
[   5.7100]ARRIVE-8-4
[   5.7100]IN-103-7-6
[   5.7100]OUT-105-3-3
[   5.7100]CLOSE-7-6
[   5.7100]CLOSE-3-3
[   5.8260]ARRIVE-8-5
[   6.1110]ARRIVE-6-6
[   6.1110]ARRIVE-2-3
[   6.1110]ARRIVE-9-4
[   6.1110]OPEN-2-3
[   6.2270]ARRIVE-9-5
[   6.2270]OPEN-9-5
[   6.5120]ARRIVE-10-4
[   6.5120]OUT-107-2-3
[   6.5120]ARRIVE-5-6
[   6.5120]CLOSE-2-3
[   6.5120]OPEN-5-6
[   6.9130]ARRIVE-11-4
[   6.9130]OPEN-11-4
[   6.9130]IN-106-5-6
[   6.9130]CLOSE-5-6
[   6.9130]IN-104-9-5
[   6.9130]IN-110-9-5
[   6.9130]CLOSE-9-5
[   7.3140]ARRIVE-4-6
[   7.3140]OPEN-4-6
[   7.3140]IN-101-11-4
[   7.3140]ARRIVE-8-5
[   7.3140]ARRIVE-3-3
[   7.3140]IN-108-11-4
[   7.3140]CLOSE-11-4
[   7.3140]OPEN-8-5
[   7.7150]ARRIVE-4-3
[   7.7150]OPEN-4-3
[   7.7150]OUT-106-4-6
[   7.7150]IN-112-8-5
[   7.7150]CLOSE-8-5
[   7.7150]CLOSE-4-6
[   8.1150]ARRIVE-10-4
[   8.1150]IN-111-4-3
[   8.1150]CLOSE-4-3
[   8.1150]ARRIVE-3-6
[   8.1150]ARRIVE-7-5
[   8.1150]OPEN-3-6
[   8.1150]OPEN-10-4
[   8.5160]ARRIVE-6-5
[   8.5160]OPEN-6-5
[   8.5160]OUT-103-3-6
[   8.5160]OUT-101-10-4
[   8.5160]OUT-108-10-4
[   8.5160]ARRIVE-3-3
[   8.5160]IN-109-10-4
[   8.5160]CLOSE-10-4
[   8.5160]CLOSE-3-6
[   8.9170]ARRIVE-9-4
[   8.9170]OUT-112-6-5
[   8.9170]CLOSE-6-5
[   8.9170]ARRIVE-2-3
[   8.9170]OPEN-2-3
[   9.3170]OUT-111-2-3
[   9.3170]ARRIVE-5-5
[   9.3170]ARRIVE-8-4
[   9.3170]OPEN-5-5
[   9.3170]CLOSE-2-3
[   9.3170]OPEN-8-4
[   9.3490]ARRIVE-4-6
[   9.3490]ARRIVE-9-15
[   9.7180]IN-120-5-5
[   9.7180]CLOSE-5-5
[   9.7180]OUT-109-8-4
[   9.7180]CLOSE-8-4
[   9.7500]ARRIVE-5-6
[   9.7500]ARRIVE-10-15
[  10.1190]ARRIVE-3-3
[  10.1190]ARRIVE-7-4
[  10.1190]ARRIVE-4-5
[  10.1190]OPEN-3-3
[  10.1190]OPEN-4-5
[  10.1500]ARRIVE-11-15
[  10.1500]OPEN-11-15
[  10.1500]ARRIVE-6-6
[  10.5200]ARRIVE-6-4
[  10.5200]OPEN-6-4
[  10.5200]IN-123-4-5
[  10.5200]CLOSE-4-5
[  10.5200]IN-115-3-3
[  10.5200]IN-122-3-3
[  10.5200]CLOSE-3-3
[  10.5510]ARRIVE-7-6
[  10.5510]IN-114-11-15
[  10.5510]IN-117-11-15
[  10.5510]IN-118-11-15
[  10.5510]CLOSE-11-15
[  10.9210]IN-116-6-4
[  10.9210]ARRIVE-3-5
[  10.9210]ARRIVE-2-3
[  10.9210]OPEN-3-5
[  10.9210]CLOSE-6-4
[  10.9210]OPEN-2-3
[  10.9520]ARRIVE-8-6
[  10.9520]OPEN-8-6
[  10.9520]ARRIVE-10-15
[  10.9520]OPEN-10-15
[  11.3210]ARRIVE-5-4
[  11.3210]OUT-115-2-3
[  11.3210]OUT-120-3-5
[  11.3210]CLOSE-3-5
[  11.3210]CLOSE-2-3
[  11.3520]IN-113-8-6
[  11.3520]CLOSE-8-6
[  11.3520]OUT-117-10-15
[  11.3520]IN-119-10-15
[  11.3520]IN-121-10-15
[  11.3520]CLOSE-10-15
[  11.7220]ARRIVE-1-3
[  11.7220]OPEN-1-3
[  11.7220]ARRIVE-4-4
[  11.7220]ARRIVE-2-5
[  11.7220]OPEN-2-5
[  11.7540]ARRIVE-9-15
[  11.7540]ARRIVE-7-6
[  12.1230]ARRIVE-3-4
[  12.1230]OUT-104-2-5
[  12.1230]OUT-123-2-5
[  12.1230]CLOSE-2-5
[  12.1230]OUT-122-1-3
[  12.1230]CLOSE-1-3
[  12.1550]ARRIVE-6-6
[  12.1550]ARRIVE-8-15
[  12.1550]OPEN-8-15
[  12.5240]ARRIVE-2-4
[  12.5240]ARRIVE-1-5
[  12.5240]OPEN-1-5
[  12.5550]ARRIVE-5-6
[  12.5550]OUT-121-8-15
[  12.5550]CLOSE-8-15
[  12.9250]OUT-110-1-5
[  12.9250]ARRIVE-1-4
[  12.9250]CLOSE-1-5
[  12.9250]OPEN-1-4
[  12.9560]ARRIVE-4-6
[  12.9560]ARRIVE-7-15
[  13.3250]OUT-116-1-4
[  13.3250]CLOSE-1-4
[  13.3570]ARRIVE-3-6
[  13.3570]ARRIVE-6-15
[  13.3570]OPEN-6-15
[  13.7580]ARRIVE-2-6
[  13.7580]OPEN-2-6
[  13.7580]OUT-119-6-15
[  13.7580]CLOSE-6-15
[  14.1590]OUT-113-2-6
[  14.1590]CLOSE-2-6
[  14.1590]ARRIVE-5-15
[  14.1590]OPEN-5-15
[  14.5610]OUT-114-5-15
[  14.5610]OUT-118-5-15
[  14.5610]CLOSE-5-15
[  14.6610]ARRIVE-2-3
[  14.6610]ARRIVE-2-4
[  14.6610]ARRIVE-3-6
[  14.8840]ARRIVE-6-17
[  15.0620]ARRIVE-4-6
[  15.0620]ARRIVE-3-3
[  15.0620]ARRIVE-3-4
[  15.3840]ARRIVE-7-17
[  15.4620]ARRIVE-5-6
[  15.4620]OPEN-5-6
[  15.4620]ARRIVE-4-3
[  15.4620]ARRIVE-4-4
[  15.8630]ARRIVE-5-3
[  15.8630]IN-124-5-6
[  15.8630]ARRIVE-5-4
[  15.8630]CLOSE-5-6
[  15.9040]ARRIVE-8-17
[  16.2640]ARRIVE-6-4
[  16.2640]ARRIVE-6-3
[  16.2640]ARRIVE-4-6
[  16.4180]ARRIVE-9-17
[  16.4180]OPEN-9-17
[  16.6660]ARRIVE-7-3
[  16.6660]ARRIVE-3-6
[  16.6660]ARRIVE-7-4
[  16.8190]IN-127-9-17
[  16.8190]CLOSE-9-17
[  17.0660]ARRIVE-8-3
[  17.0660]ARRIVE-2-6
[  17.0660]ARRIVE-8-4
[  17.0660]OPEN-8-4
[  17.3200]ARRIVE-8-17
[  17.4670]IN-126-8-4
[  17.4670]CLOSE-8-4
[  17.4670]ARRIVE-9-3
[  17.4670]OPEN-9-3
[  17.4670]ARRIVE-1-6
[  17.4670]OPEN-1-6
[  17.8200]ARRIVE-7-17
[  17.8670]ARRIVE-7-4
[  17.8670]OPEN-7-4
[  17.8670]IN-125-9-3
[  17.8670]OUT-124-1-6
[  17.8670]CLOSE-9-3
[  17.8670]CLOSE-1-6
[  18.2670]OUT-126-7-4
[  18.2670]ARRIVE-8-3
[  18.2670]CLOSE-7-4
[  18.2670]OPEN-8-3
[  18.3200]ARRIVE-6-17
[  18.6680]OUT-125-8-3
[  18.6680]CLOSE-8-3
[  18.8210]ARRIVE-5-17
[  19.3220]ARRIVE-4-17
[  19.3220]OPEN-4-17
[  19.7230]OUT-127-4-17
[  19.7230]CLOSE-4-17
[  20.4940]MAINTAIN_ACCEPT-3
[  20.4940]MAINTAIN_ABLE-3
[  20.9960]ARRIVE-6-15
[  20.9960]ARRIVE-7-16
[  20.9960]OPEN-7-16
[  20.9960]ARRIVE-5-17
[  20.9960]ARRIVE-2-5
[  21.0960]ARRIVE-8-4
[  21.3960]ARRIVE-3-5
[  21.3960]IN-129-7-16
[  21.3960]ARRIVE-7-15
[  21.3960]CLOSE-7-16
[  21.4960]ARRIVE-9-4
[  21.4960]ARRIVE-6-17
[  21.4960]OPEN-6-17
[  21.7970]ARRIVE-8-15
[  21.7970]ARRIVE-4-5
[  21.8970]ARRIVE-10-4
[  21.8970]IN-128-6-17
[  21.8970]ARRIVE-6-16
[  21.8970]CLOSE-6-17
[  22.1980]ARRIVE-5-5
[  22.1980]ARRIVE-9-15
[  22.2980]ARRIVE-11-4
[  22.2980]OPEN-11-4
[  22.3980]ARRIVE-5-16
[  22.3980]ARRIVE-5-17
[  22.5980]ARRIVE-6-5
[  22.5980]ARRIVE-10-15
[  22.5980]OPEN-10-15
[  22.6980]IN-132-11-4
[  22.6980]MAINTAIN_ACCEPT-17
[  22.6980]CLOSE-11-4
[  22.8990]ARRIVE-4-16
[  22.8990]OPEN-4-16
[  22.8990]ARRIVE-4-17
[  22.8990]OPEN-4-17
[  22.9990]ARRIVE-7-5
[  22.9990]OPEN-7-5
[  22.9990]IN-131-10-15
[  22.9990]CLOSE-10-15
[  23.0990]ARRIVE-10-4
[  23.0990]ARRIVE-2-6
[  23.3000]OUT-129-4-16
[  23.3000]OUT-128-4-17
[  23.3000]CLOSE-4-17
[  23.3000]MAINTAIN_ABLE-17
[  23.3000]IN-128-4-16
[  23.3000]CLOSE-4-16
[  23.4000]ARRIVE-9-15
[  23.4000]IN-130-7-5
[  23.4000]IN-134-7-5
[  23.4000]CLOSE-7-5
[  23.5000]ARRIVE-9-4
[  23.5000]ARRIVE-3-6
[  23.8000]ARRIVE-3-16
[  23.8000]ARRIVE-8-15
[  23.8000]ARRIVE-6-5
[  23.9000]ARRIVE-8-4
[  23.9000]OPEN-8-4
[  23.9000]ARRIVE-4-6
[  24.2000]ARRIVE-7-15
[  24.2000]ARRIVE-5-5
[  24.3010]OUT-132-8-4
[  24.3010]ARRIVE-2-16
[  24.3010]ARRIVE-5-6
[  24.3010]OPEN-2-16
[  24.3010]CLOSE-8-4
[  24.6000]ARRIVE-4-5
[  24.6000]ARRIVE-6-15
[  24.6000]OPEN-6-15
[  24.7010]ARRIVE-6-6
[  24.7010]OUT-128-2-16
[  24.7010]CLOSE-2-16
[  25.0010]ARRIVE-3-5
[  25.0010]OUT-131-6-15
[  25.0010]CLOSE-6-15
[  25.1010]ARRIVE-7-6
[  25.1010]OPEN-7-6
[  25.4020]ARRIVE-2-5
[  25.4020]OPEN-2-5
[  25.5020]IN-133-7-6
[  25.5020]CLOSE-7-6
[  25.8020]OUT-130-2-5
[  25.8020]OUT-134-2-5
[  25.8020]CLOSE-2-5
[  25.9030]ARRIVE-6-6
[  26.3030]ARRIVE-5-6
[  26.7040]ARRIVE-4-6
[  26.7040]OPEN-4-6
[  27.1040]OUT-133-4-6
[  27.1040]CLOSE-4-6
[  27.1200]ARRIVE-3-5
[  27.1200]ARRIVE-7-15
[  27.3360]ARRIVE-8-18
[  27.5210]ARRIVE-4-5
[  27.5210]ARRIVE-8-15
[  27.8370]ARRIVE-7-18
[  27.9220]ARRIVE-5-5
[  27.9220]OPEN-5-5
[  27.9220]ARRIVE-9-15
[  28.3220]ARRIVE-10-15
[  28.3220]OPEN-10-15
[  28.3220]IN-135-5-5
[  28.3220]CLOSE-5-5
[  28.3380]ARRIVE-6-18
[  28.7230]ARRIVE-4-5
[  28.7230]IN-136-10-15
[  28.7230]CLOSE-10-15
[  28.8390]ARRIVE-5-18
[  28.8390]OPEN-5-18
[  29.1230]ARRIVE-9-15
[  29.1230]OPEN-9-15
[  29.1230]ARRIVE-3-5
[  29.1230]OPEN-3-5
[  29.2400]IN-137-5-18
[  29.2400]CLOSE-5-18
[  29.5240]OUT-135-3-5
[  29.5240]OUT-136-9-15
[  29.5240]CLOSE-9-15
[  29.5240]CLOSE-3-5
[  29.7400]ARRIVE-4-18
[  30.1410]OPEN-3-5
[  30.2410]ARRIVE-3-18
[  30.3410]OPEN-2-16
[  30.5420]ARRIVE-10-15
[  30.5420]IN-138-3-5
[  30.5420]IN-146-3-5
[  30.5420]IN-149-3-5
[  30.5420]CLOSE-3-5
[  30.6420]ARRIVE-3-6
[  30.6420]ARRIVE-5-7
[  30.7420]ARRIVE-7-4
[  30.7420]IN-143-2-16
[  30.7420]ARRIVE-2-18
[  30.7420]OPEN-2-18
[  30.7420]CLOSE-2-16
[  30.9420]ARRIVE-2-5
[  30.9420]OPEN-2-5
[  30.9420]ARRIVE-11-15
[  30.9420]OPEN-11-15
[  31.0430]ARRIVE-2-6
[  31.0430]OPEN-2-6
[  31.0430]ARRIVE-4-7
[  31.0430]OPEN-4-7
[  31.1430]ARRIVE-6-4
[  31.1430]OUT-137-2-18
[  31.1430]CLOSE-2-18
[  31.2430]ARRIVE-1-16
[  31.2430]OPEN-1-16
[  31.3430]OUT-138-2-5
[  31.3430]OUT-149-2-5
[  31.3430]CLOSE-2-5
[  31.3430]IN-139-11-15
[  31.3430]IN-147-11-15
[  31.3430]CLOSE-11-15
[  31.4430]IN-140-4-7
[  31.4430]CLOSE-4-7
[  31.4430]IN-141-2-6
[  31.4430]CLOSE-2-6
[  31.5430]ARRIVE-5-4
[  31.5430]OPEN-5-4
[  31.6430]ARRIVE-3-18
[  31.6430]OUT-143-1-16
[  31.6430]CLOSE-1-16
[  31.7430]ARRIVE-1-5
[  31.7430]OPEN-1-5
[  31.7430]ARRIVE-10-15
[  31.7430]OPEN-10-15
[  31.8440]ARRIVE-3-7
[  31.8440]ARRIVE-1-6
[  31.8440]OPEN-1-6
[  31.9440]IN-142-5-4
[  31.9440]CLOSE-5-4
[  32.1440]OUT-146-1-5
[  32.1440]ARRIVE-2-16
[  32.1440]ARRIVE-4-18
[  32.1440]OUT-139-10-15
[  32.1440]CLOSE-1-5
[  32.1440]CLOSE-10-15
[  32.2440]ARRIVE-2-7
[  32.2440]OPEN-2-7
[  32.2440]OUT-141-1-6
[  32.2440]CLOSE-1-6
[  32.3440]ARRIVE-4-4
[  32.5450]ARRIVE-9-15
[  32.5450]ARRIVE-2-5
[  32.5450]MAINTAIN_ACCEPT-15
[  32.6450]ARRIVE-5-18
[  32.6450]OPEN-5-18
[  32.6450]OUT-140-2-7
[  32.6450]ARRIVE-3-16
[  32.6450]CLOSE-2-7
[  32.7450]ARRIVE-3-4
[  32.9460]ARRIVE-8-15
[  32.9460]ARRIVE-3-5
[  32.9460]ARRIVE-2-6
[  32.9460]OPEN-8-15
[  33.0460]IN-144-5-18
[  33.0460]CLOSE-5-18
[  33.0610]ARRIVE-3-7
[  33.1460]ARRIVE-2-4
[  33.1460]OPEN-2-4
[  33.1460]ARRIVE-4-16
[  33.1610]ARRIVE-9-8
[  33.1610]OPEN-9-8
[  33.3460]ARRIVE-4-5
[  33.3460]OUT-147-8-15
[  33.3460]ARRIVE-3-6
[  33.3460]CLOSE-8-15
[  33.3460]MAINTAIN_ABLE-15
[  33.4620]ARRIVE-4-7
[  33.5470]ARRIVE-4-18
[  33.5470]OUT-142-2-4
[  33.5470]OPEN-4-18
[  33.6470]ARRIVE-5-16
[  33.7480]ARRIVE-4-6
[  33.7480]ARRIVE-5-5
[  33.8640]ARRIVE-5-7
[  33.9480]IN-158-4-18
[  33.9480]CLOSE-4-18
[  33.9480]CLOSE-2-4
[  33.9480]IN-153-9-8
[  33.9480]CLOSE-9-8
[  34.1480]ARRIVE-6-16
[  34.1480]ARRIVE-6-5
[  34.1480]ARRIVE-5-6
[  34.2490]ARRIVE-8-8
[  34.2490]OPEN-8-8
[  34.2660]ARRIVE-6-7
[  34.3490]ARRIVE-3-4
[  34.3490]OPEN-3-4
[  34.4490]ARRIVE-3-18
[  34.4490]OPEN-3-18
[  34.5490]ARRIVE-7-5
[  34.5490]ARRIVE-6-6
[  34.6490]ARRIVE-7-16
[  34.6490]OUT-153-8-8
[  34.6800]ARRIVE-7-7
[  34.8500]IN-160-3-18
[  34.8500]CLOSE-3-18
[  34.8500]IN-156-8-8
[  34.8500]IN-157-3-4
[  34.8500]IN-159-8-8
[  34.8500]IN-147-8-8
[  34.8500]CLOSE-8-8
[  34.8500]CLOSE-3-4
[  34.9500]ARRIVE-7-6
[  34.9500]ARRIVE-8-5
[  34.9500]OPEN-8-5
[  35.0820]ARRIVE-8-7
[  35.1510]ARRIVE-7-8
[  35.1510]ARRIVE-8-16
[  35.1510]OPEN-8-16
[  35.2510]ARRIVE-2-4
[  35.2510]OPEN-2-4
[  35.3200]MAINTAIN_ACCEPT-18
[  35.3510]ARRIVE-8-6
[  35.3510]IN-148-8-5
[  35.3510]ARRIVE-2-18
[  35.3510]OPEN-2-18
[  35.3510]IN-164-8-5
[  35.3510]CLOSE-8-5
[  35.4510]ARRIVE-6-8
[  35.4510]OPEN-6-8
[  35.4820]ARRIVE-9-7
[  35.4820]OPEN-9-7
[  35.5510]IN-145-8-16
[  35.5510]CLOSE-8-16
[  35.6510]OUT-157-2-4
[  35.6510]IN-167-2-4
[  35.6510]CLOSE-2-4
[  35.7510]ARRIVE-9-6
[  35.7510]OUT-144-2-18
[  35.7510]OUT-158-2-18
[  35.7510]OUT-160-2-18
[  35.7510]CLOSE-2-18
[  35.7510]MAINTAIN_ABLE-18
[  35.7510]ARRIVE-7-5
[  35.7510]OPEN-7-5
[  35.8520]OUT-147-6-8
[  36.0520]ARRIVE-1-4
[  36.0520]OPEN-1-4
[  36.0520]ARRIVE-7-16
[  36.0520]OPEN-7-16
[  36.1520]ARRIVE-10-6
[  36.1520]IN-162-7-5
[  36.1520]CLOSE-7-5
[  36.1520]IN-152-6-8
[  36.1520]CLOSE-6-8
[  36.1520]IN-151-9-7
[  36.1520]IN-165-9-7
[  36.1520]CLOSE-9-7
[  36.4530]OUT-167-1-4
[  36.4530]OUT-145-7-16
[  36.4530]ARRIVE-5-8
[  36.4530]OPEN-5-8
[  36.4530]CLOSE-7-16
[  36.4530]CLOSE-1-4
[  36.5530]ARRIVE-6-5
[  36.5530]ARRIVE-8-7
[  36.5530]ARRIVE-11-6
[  36.5530]OPEN-11-6
[  36.8540]ARRIVE-2-4
[  36.8540]OUT-156-5-8
[  36.8540]OPEN-2-4
[  36.8540]CLOSE-5-8
[  36.9540]ARRIVE-6-16
[  36.9540]OPEN-6-16
[  36.9540]IN-150-11-6
[  36.9540]ARRIVE-7-7
[  36.9540]ARRIVE-5-5
[  36.9540]IN-155-11-6
[  36.9540]CLOSE-11-6
[  37.1390]ARRIVE-10-13
[  37.1390]OPEN-10-13
[  37.1540]ARRIVE-4-8
[  37.1540]OPEN-4-8
[  37.2550]IN-144-2-4
[  37.2550]IN-160-2-4
[  37.2550]CLOSE-2-4
[  37.3550]ARRIVE-4-5
[  37.3550]IN-154-6-16
[  37.3550]CLOSE-6-16
[  37.3550]ARRIVE-6-7
[  37.3550]ARRIVE-10-6
[  37.3550]OPEN-10-6
[  37.5550]OUT-159-4-8
[  37.6550]ARRIVE-1-4
[  37.6550]OPEN-1-4
[  37.7560]ARRIVE-5-7
[  37.7560]IN-163-10-6
[  37.7560]ARRIVE-3-5
[  37.7560]IN-166-10-6
[  37.7560]OPEN-3-5
[  37.7560]IN-161-10-13
[  37.7560]CLOSE-10-13
[  37.7560]CLOSE-4-8
[  37.7560]CLOSE-10-6
[  37.8560]ARRIVE-5-16
[  38.0560]ARRIVE-3-8
[  38.0560]OUT-144-1-4
[  38.0560]OUT-160-1-4
[  38.0560]CLOSE-1-4
[  38.0560]ARRIVE-9-13
[  38.1560]ARRIVE-4-7
[  38.1560]OPEN-4-7
[  38.1560]OUT-162-3-5
[  38.1560]CLOSE-3-5
[  38.1560]ARRIVE-9-6
[  38.1560]OPEN-9-6
[  38.3570]ARRIVE-2-8
[  38.3570]OPEN-2-8
[  38.3570]ARRIVE-4-16
[  38.3570]ARRIVE-8-13
[  38.5570]ARRIVE-2-5
[  38.5570]OPEN-2-5
[  38.5570]OUT-163-9-6
[  38.5570]OUT-151-4-7
[  38.5570]CLOSE-4-7
[  38.5570]CLOSE-9-6
[  38.6570]ARRIVE-7-13
[  38.6570]OPEN-7-13
[  38.7570]OUT-152-2-8
[  38.7570]CLOSE-2-8
[  38.8570]ARRIVE-3-16
[  38.9580]ARRIVE-8-6
[  38.9580]OUT-148-2-5
[  38.9580]ARRIVE-3-7
[  38.9580]CLOSE-2-5
[  39.0590]OUT-161-7-13
[  39.0590]CLOSE-7-13
[  39.3590]ARRIVE-1-5
[  39.3590]OPEN-1-5
[  39.3590]ARRIVE-2-16
[  39.3590]ARRIVE-7-6
[  39.3590]ARRIVE-2-7
[  39.7600]ARRIVE-6-6
[  39.7600]ARRIVE-1-7
[  39.7600]OPEN-1-7
[  39.7600]OUT-164-1-5
[  39.7600]CLOSE-1-5
[  39.7600]OPEN-6-6
[  39.8600]ARRIVE-1-16
[  39.8600]OPEN-1-16
[  40.1600]OUT-150-6-6
[  40.1600]CLOSE-6-6
[  40.1600]OUT-165-1-7
[  40.1600]CLOSE-1-7
[  40.2600]OUT-154-1-16
[  40.2600]CLOSE-1-16
[  40.5610]ARRIVE-5-6
[  40.9610]ARRIVE-4-6
[  41.3620]ARRIVE-3-6
[  41.7630]ARRIVE-2-6
[  41.7630]OPEN-2-6
[  42.1640]OUT-155-2-6
[  42.1640]OUT-166-2-6
[  42.1640]CLOSE-2-6
