[   1.3040]ARRIVE-2-6
[   1.5140]ARRIVE-2-3
[   1.5140]ARRIVE-2-1
[   1.7040]ARRIVE-3-6
[   1.7040]ARRIVE-2-4
[   1.7040]ARRIVE-2-2
[   1.7040]ARRIVE-2-5
[   1.9200]ARRIVE-3-3
[   1.9200]ARRIVE-3-1
[   1.9200]OPEN-3-1
[   2.1050]ARRIVE-3-2
[   2.1050]ARRIVE-3-4
[   2.1050]OPEN-3-4
[   2.1050]ARRIVE-4-6
[   2.1050]OPEN-4-6
[   2.1050]ARRIVE-3-5
[   2.1050]OPEN-3-2
[   2.3210]ARRIVE-4-3
[   2.3210]OPEN-4-3
[   2.3210]IN-101-3-1
[   2.3210]IN-112-3-1
[   2.3210]CLOSE-3-1
[   2.5060]IN-100-4-6
[   2.5060]IN-104-3-2
[   2.5060]ARRIVE-4-5
[   2.5060]IN-105-3-4
[   2.5060]IN-115-4-6
[   2.5060]CLOSE-4-6
[   2.5060]CLOSE-3-2
[   2.5060]CLOSE-3-4
[   2.7220]ARRIVE-4-1
[   2.7220]IN-102-4-3
[   2.7220]CLOSE-4-3
[   2.9060]ARRIVE-4-4
[   2.9060]ARRIVE-5-6
[   2.9060]ARRIVE-5-5
[   2.9060]ARRIVE-4-2
[   3.1280]ARRIVE-5-1
[   3.1280]ARRIVE-5-3
[   3.3070]ARRIVE-5-2
[   3.3070]ARRIVE-5-4
[   3.3070]ARRIVE-6-6
[   3.3070]ARRIVE-6-5
[   3.5380]ARRIVE-6-3
[   3.5380]ARRIVE-6-1
[   3.7070]ARRIVE-7-6
[   3.7070]ARRIVE-6-2
[   3.7070]ARRIVE-7-5
[   3.7070]ARRIVE-6-4
[   3.9390]ARRIVE-7-1
[   3.9390]ARRIVE-7-3
[   4.1080]ARRIVE-7-4
[   4.1080]ARRIVE-8-5
[   4.1080]OPEN-8-5
[   4.1080]ARRIVE-7-2
[   4.1080]ARRIVE-8-6
[   4.3400]ARRIVE-8-1
[   4.3400]ARRIVE-8-3
[   4.5090]ARRIVE-9-6
[   4.5090]ARRIVE-8-4
[   4.5090]IN-103-8-5
[   4.5090]ARRIVE-8-2
[   4.5090]CLOSE-8-5
[   4.7500]ARRIVE-9-1
[   4.7500]ARRIVE-9-3
[   4.7500]OPEN-9-1
[   4.9100]ARRIVE-9-4
[   4.9100]ARRIVE-10-6
[   4.9100]OPEN-10-6
[   4.9100]ARRIVE-9-2
[   4.9100]ARRIVE-7-5
[   4.9100]OPEN-9-4
[   5.1640]ARRIVE-10-3
[   5.1640]OUT-112-9-1
[   5.1640]CLOSE-9-1
[   5.3110]OUT-115-10-6
[   5.3110]CLOSE-10-6
[   5.3110]OUT-105-9-4
[   5.3110]ARRIVE-10-2
[   5.3110]OPEN-10-2
[   5.3110]ARRIVE-6-5
[   5.3110]IN-107-9-4
[   5.3110]CLOSE-9-4
[   5.3420]OPEN-8-16
[   5.5650]ARRIVE-11-3
[   5.5650]OPEN-11-3
[   5.5650]ARRIVE-10-1
[   5.7120]OUT-104-10-2
[   5.7120]ARRIVE-11-6
[   5.7120]OPEN-11-6
[   5.7120]ARRIVE-8-4
[   5.7120]ARRIVE-5-5
[   5.7120]OPEN-8-4
[   5.7120]IN-106-10-2
[   5.9660]OUT-102-11-3
[   5.9660]ARRIVE-11-1
[   5.9660]OPEN-11-1
[   6.1130]OUT-100-11-6
[   6.1130]IN-126-8-4
[   6.1130]CLOSE-8-4
[   6.1130]IN-113-11-3
[   6.1130]IN-124-11-6
[   6.1130]IN-109-10-2
[   6.1130]IN-116-10-2
[   6.1130]IN-117-8-16
[   6.1130]IN-108-11-6
[   6.1130]CLOSE-10-2
[   6.1130]IN-110-11-6
[   6.1130]CLOSE-11-6
[   6.1130]CLOSE-8-16
[   6.1130]CLOSE-11-3
[   6.3780]OUT-101-11-1
[   6.3780]CLOSE-11-1
[   6.4250]ARRIVE-7-16
[   6.5130]ARRIVE-7-4
[   6.5130]ARRIVE-10-3
[   6.5130]ARRIVE-10-6
[   6.5130]ARRIVE-9-2
[   6.5130]ARRIVE-4-5
[   6.5130]OPEN-10-3
[   6.7290]ARRIVE-6-16
[   6.7830]ARRIVE-10-1
[   6.7830]OPEN-10-1
[   6.9140]ARRIVE-6-4
[   6.9140]IN-134-10-3
[   6.9140]CLOSE-10-3
[   7.1830]IN-131-10-1
[   7.1830]CLOSE-10-1
[   7.2150]ARRIVE-5-16
[   7.3150]ARRIVE-3-5
[   7.3150]ARRIVE-5-4
[   7.3150]ARRIVE-9-6
[   7.3150]ARRIVE-9-3
[   7.3150]ARRIVE-8-2
[   7.3150]OPEN-8-2
[   7.5150]ARRIVE-4-16
[   7.5150]OPEN-4-16
[   7.5840]ARRIVE-9-1
[   7.7150]ARRIVE-2-5
[   7.7150]OPEN-2-5
[   7.7150]ARRIVE-8-6
[   7.7150]IN-137-8-2
[   7.7150]ARRIVE-4-4
[   7.7150]OPEN-4-4
[   7.7150]ARRIVE-8-3
[   7.7150]IN-140-8-2
[   7.7150]CLOSE-8-2
[   7.9230]OUT-117-4-16
[   7.9230]IN-123-4-16
[   7.9230]IN-122-4-16
[   7.9230]IN-132-4-16
[   7.9230]IN-138-4-16
[   7.9230]IN-148-4-16
[   7.9230]CLOSE-4-16
[   8.1160]ARRIVE-7-3
[   8.1160]OUT-103-2-5
[   8.1160]ARRIVE-8-1
[   8.1160]OPEN-8-1
[   8.1160]ARRIVE-7-6
[   8.1160]OUT-107-4-4
[   8.1160]ARRIVE-7-2
[   8.1160]IN-114-2-5
[   8.2320]ARRIVE-5-16
[   8.5170]ARRIVE-6-3
[   8.5170]IN-151-8-1
[   8.5170]CLOSE-8-1
[   8.5170]IN-111-2-5
[   8.5170]IN-119-2-5
[   8.5170]IN-120-2-5
[   8.5170]IN-121-2-5
[   8.5170]IN-129-2-5
[   8.5170]CLOSE-2-5
[   8.5170]CLOSE-4-4
[   8.8180]ARRIVE-6-16
[   8.9180]ARRIVE-6-2
[   8.9180]ARRIVE-3-5
[   8.9180]ARRIVE-6-6
[   8.9180]ARRIVE-5-3
[   8.9180]ARRIVE-7-1
[   8.9180]ARRIVE-3-4
[   9.1240]ARRIVE-7-16
[   9.3190]ARRIVE-5-6
[   9.3190]ARRIVE-2-4
[   9.3190]OPEN-2-4
[   9.3190]ARRIVE-6-1
[   9.3190]ARRIVE-4-3
[   9.3190]OPEN-4-3
[   9.3190]ARRIVE-5-2
[   9.3190]ARRIVE-4-5
[   9.4340]ARRIVE-8-16
[   9.7190]ARRIVE-5-1
[   9.7190]ARRIVE-5-5
[   9.7190]OUT-134-4-3
[   9.7190]OUT-126-2-4
[   9.7190]ARRIVE-4-2
[   9.7190]OPEN-4-2
[   9.7190]ARRIVE-4-6
[   9.7190]OPEN-4-6
[   9.7190]IN-145-2-4
[   9.7190]IN-141-2-4
[   9.7190]IN-152-2-4
[   9.7190]IN-155-2-4
[   9.7190]IN-157-2-4
[   9.7190]CLOSE-2-4
[   9.7190]CLOSE-4-3
[   9.7350]ARRIVE-9-16
[   9.7350]OPEN-9-16
[  10.1200]ARRIVE-3-4
[  10.1200]ARRIVE-3-3
[  10.1200]OPEN-3-3
[  10.1200]ARRIVE-4-1
[  10.1200]OUT-137-4-2
[  10.1200]OUT-140-4-2
[  10.1200]OUT-124-4-6
[  10.1200]ARRIVE-6-5
[  10.1200]OPEN-3-4
[  10.1360]OUT-123-9-16
[  10.5210]OUT-113-3-3
[  10.5210]IN-118-3-4
[  10.5210]CLOSE-3-4
[  10.5210]IN-135-3-3
[  10.5210]CLOSE-4-2
[  10.5210]CLOSE-4-6
[  10.5210]CLOSE-9-16
[  10.5210]IN-127-3-3
[  10.5210]IN-128-3-3
[  10.5210]IN-133-3-3
[  10.5210]IN-139-3-3
[  10.5210]IN-142-3-3
[  10.5210]CLOSE-3-3
[  10.8220]ARRIVE-10-16
[  10.8220]OPEN-10-16
[  10.9220]ARRIVE-3-1
[  10.9220]ARRIVE-4-4
[  10.9220]ARRIVE-7-5
[  10.9220]ARRIVE-3-2
[  10.9220]ARRIVE-4-3
[  10.9220]ARRIVE-3-6
[  10.9220]OPEN-3-2
[  11.2230]OUT-132-10-16
[  11.2230]OUT-148-10-16
[  11.2230]CLOSE-10-16
[  11.3230]ARRIVE-8-5
[  11.3230]ARRIVE-2-6
[  11.3230]ARRIVE-5-3
[  11.3230]ARRIVE-2-1
[  11.3230]OPEN-2-1
[  11.3230]ARRIVE-5-4
[  11.3230]OUT-106-3-2
[  11.3230]OUT-116-3-2
[  11.3230]CLOSE-3-2
[  11.3230]OPEN-2-6
[  11.3230]OPEN-8-5
[  11.5390]ARRIVE-11-16
[  11.5390]OPEN-11-16
[  11.7230]ARRIVE-6-4
[  11.7230]ARRIVE-2-2
[  11.7230]OPEN-2-2
[  11.7230]OUT-110-2-6
[  11.7230]CLOSE-2-6
[  11.7230]ARRIVE-6-3
[  11.7230]OUT-131-2-1
[  11.7230]CLOSE-2-1
[  11.7230]OUT-114-8-5
[  11.7230]OUT-119-8-5
[  11.7230]OUT-120-8-5
[  11.7230]OUT-121-8-5
[  11.7230]CLOSE-8-5
[  11.9400]OUT-122-11-16
[  11.9400]OUT-138-11-16
[  11.9400]IN-136-11-16
[  11.9400]IN-163-11-16
[  11.9400]IN-167-11-16
[  11.9400]CLOSE-11-16
[  12.1250]ARRIVE-1-6
[  12.1250]ARRIVE-7-3
[  12.1250]OUT-109-2-2
[  12.1250]CLOSE-2-2
[  12.1250]ARRIVE-7-4
[  12.1250]ARRIVE-1-1
[  12.1250]OPEN-1-1
[  12.1250]ARRIVE-9-5
[  12.1250]OPEN-1-6
[  12.2410]ARRIVE-10-16
[  12.2410]OPEN-10-16
[  12.5260]ARRIVE-8-3
[  12.5260]OPEN-8-3
[  12.5260]ARRIVE-1-2
[  12.5260]OPEN-1-2
[  12.5260]OUT-108-1-6
[  12.5260]OUT-151-1-1
[  12.5260]ARRIVE-8-4
[  12.5260]OPEN-8-4
[  12.5260]ARRIVE-10-5
[  12.5260]OPEN-10-5
[  12.6420]IN-149-10-16
[  12.6420]IN-150-10-16
[  12.6420]IN-159-10-16
[  12.6420]CLOSE-10-16
[  12.6420]IN-146-1-6
[  12.6420]IN-130-1-6
[  12.6420]IN-144-1-6
[  12.6420]IN-164-1-6
[  12.6420]CLOSE-1-6
[  12.6420]IN-166-1-1
[  12.6420]CLOSE-1-1
[  12.9270]OUT-145-8-4
[  12.9270]OUT-135-8-3
[  12.9270]OUT-129-10-5
[  12.9270]CLOSE-10-5
[  12.9270]IN-125-1-2
[  12.9270]CLOSE-8-3
[  12.9270]CLOSE-8-4
[  12.9270]CLOSE-1-2
[  12.9430]ARRIVE-9-16
[  12.9430]OPEN-9-16
[  13.0430]ARRIVE-2-1
[  13.0430]ARRIVE-2-6
[  13.3290]ARRIVE-2-2
[  13.3290]ARRIVE-9-3
[  13.3290]ARRIVE-11-5
[  13.3290]OPEN-11-5
[  13.3290]ARRIVE-9-4
[  13.3290]OPEN-9-3
[  13.3440]IN-154-9-16
[  13.3440]IN-156-9-16
[  13.3440]CLOSE-9-16
[  13.6450]ARRIVE-8-16
[  13.7290]OUT-111-11-5
[  13.7290]OUT-133-9-3
[  13.7290]CLOSE-9-3
[  13.7290]CLOSE-11-5
[  13.7450]ARRIVE-3-1
[  13.7450]ARRIVE-3-6
[  13.7450]ARRIVE-10-4
[  13.7450]OPEN-10-4
[  13.7450]ARRIVE-3-2
[  13.7450]OPEN-3-1
[  13.9450]ARRIVE-7-16
[  14.1300]ARRIVE-10-3
[  14.1300]OPEN-10-3
[  14.1300]ARRIVE-10-5
[  14.1460]OUT-152-10-4
[  14.1460]IN-143-3-1
[  14.1460]OUT-157-10-4
[  14.1460]IN-147-3-1
[  14.1460]CLOSE-3-1
[  14.1460]CLOSE-10-4
[  14.4590]ARRIVE-6-16
[  14.5310]ARRIVE-9-5
[  14.5310]OPEN-9-5
[  14.5310]OUT-139-10-3
[  14.5310]CLOSE-10-3
[  14.5470]ARRIVE-4-6
[  14.5470]ARRIVE-11-4
[  14.5470]OPEN-11-4
[  14.5470]ARRIVE-4-2
[  14.5470]ARRIVE-4-1
[  14.5470]OPEN-4-6
[  14.7670]ARRIVE-5-16
[  14.9320]ARRIVE-11-3
[  14.9320]OPEN-11-3
[  14.9480]IN-158-4-6
[  14.9480]IN-160-4-6
[  14.9480]IN-161-9-5
[  14.9480]OPEN-4-1
[  14.9480]CLOSE-4-6
[  14.9480]OUT-141-11-4
[  14.9480]OUT-155-11-4
[  14.9480]OUT-118-11-4
[  15.2480]ARRIVE-4-16
[  15.2480]OPEN-4-16
[  15.3330]OUT-127-11-3
[  15.3330]OUT-128-11-3
[  15.3330]OUT-142-11-3
[  15.3490]ARRIVE-5-6
[  15.3490]IN-165-4-1
[  15.3490]CLOSE-4-1
[  15.3490]CLOSE-9-5
[  15.3490]CLOSE-11-4
[  15.3490]CLOSE-11-3
[  15.6490]OUT-136-4-16
[  15.6490]OUT-163-4-16
[  15.6490]OUT-150-4-16
[  15.6490]CLOSE-4-16
[  15.7490]ARRIVE-10-4
[  15.7490]ARRIVE-5-2
[  15.7490]ARRIVE-5-1
[  15.7490]ARRIVE-8-5
[  15.7490]ARRIVE-6-6
[  15.7490]ARRIVE-10-3
[  15.9490]ARRIVE-3-16
[  15.9490]OPEN-3-16
[  16.1490]ARRIVE-7-5
[  16.1490]ARRIVE-9-4
[  16.1490]ARRIVE-6-2
[  16.1490]ARRIVE-7-6
[  16.1490]ARRIVE-6-1
[  16.1490]ARRIVE-9-3
[  16.3490]OUT-167-3-16
[  16.3490]CLOSE-3-16
[  16.5500]ARRIVE-8-6
[  16.5500]ARRIVE-6-5
[  16.5500]ARRIVE-8-4
[  16.5500]OPEN-8-4
[  16.5500]ARRIVE-7-2
[  16.5500]ARRIVE-8-3
[  16.5500]OPEN-8-3
[  16.5500]ARRIVE-7-1
[  16.6500]ARRIVE-2-16
[  16.6500]OPEN-2-16
[  16.9500]ARRIVE-8-1
[  16.9500]ARRIVE-5-5
[  16.9500]IN-153-8-4
[  16.9500]CLOSE-8-4
[  16.9500]IN-162-8-3
[  16.9500]CLOSE-8-3
[  16.9500]ARRIVE-9-6
[  16.9500]ARRIVE-8-2
[  16.9500]OPEN-8-2
[  16.9500]OPEN-9-6
[  16.9500]OPEN-8-1
[  17.0500]OUT-159-2-16
[  17.0500]CLOSE-2-16
[  17.3510]ARRIVE-1-16
[  17.3510]OPEN-1-16
[  17.3510]OUT-166-8-1
[  17.3510]OUT-146-9-6
[  17.3510]OUT-160-9-6
[  17.3510]CLOSE-9-6
[  17.3510]OUT-125-8-2
[  17.3510]CLOSE-8-2
[  17.3510]ARRIVE-7-3
[  17.3510]ARRIVE-7-4
[  17.3510]ARRIVE-4-5
[  17.3510]CLOSE-8-1
[  17.7510]ARRIVE-9-1
[  17.7510]OUT-149-1-16
[  17.7510]ARRIVE-6-4
[  17.7510]ARRIVE-3-5
[  17.7510]ARRIVE-10-6
[  17.7510]OPEN-10-6
[  17.7510]ARRIVE-6-3
[  17.7510]OUT-154-1-16
[  17.7510]OUT-156-1-16
[  17.7510]CLOSE-1-16
[  17.7510]OPEN-9-1
[  18.1520]ARRIVE-5-3
[  18.1520]ARRIVE-5-4
[  18.1520]ARRIVE-2-5
[  18.1520]OUT-143-9-1
[  18.1520]OUT-130-10-6
[  18.1520]OUT-147-9-1
[  18.1520]OPEN-2-5
[  18.1520]CLOSE-9-1
[  18.1520]OUT-144-10-6
[  18.1520]OUT-164-10-6
[  18.1520]OUT-158-10-6
[  18.1520]CLOSE-10-6
[  18.5530]ARRIVE-4-3
[  18.5530]ARRIVE-10-1
[  18.5530]OUT-161-2-5
[  18.5530]ARRIVE-4-4
[  18.5530]CLOSE-2-5
[  18.5530]OPEN-10-1
[  18.9540]ARRIVE-3-4
[  18.9540]ARRIVE-3-3
[  18.9540]OUT-165-10-1
[  18.9540]CLOSE-10-1
[  19.3560]ARRIVE-2-3
[  19.3560]OPEN-2-3
[  19.3560]ARRIVE-2-4
[  19.7570]ARRIVE-1-4
[  19.7570]OUT-162-2-3
[  19.7570]OPEN-1-4
[  19.7570]CLOSE-2-3
[  20.1570]OUT-153-1-4
[  20.1570]CLOSE-1-4
