[   0.9110]MAINTAIN_ACCEPT-2
[   1.3120]ARRIVE-2-4
[   1.3120]ARRIVE-2-3
[   1.3120]ARRIVE-2-5
[   1.3120]ARRIVE-2-2
[   1.3120]ARRIVE-2-1
[   1.3120]MAINTAIN_ABLE-2
[   1.7120]ARRIVE-3-4
[   1.7120]ARRIVE-2-6
[   1.7120]ARRIVE-3-5
[   1.7120]ARRIVE-3-3
[   1.7120]ARRIVE-3-1
[   2.1130]ARRIVE-4-4
[   2.1130]ARRIVE-3-6
[   2.1130]ARRIVE-4-1
[   2.1130]ARRIVE-4-5
[   2.1130]ARRIVE-4-3
[   2.1130]OPEN-3-6
[   2.5140]ARRIVE-5-4
[   2.5140]IN-105-3-6
[   2.5140]ARRIVE-5-5
[   2.5140]ARRIVE-5-3
[   2.5140]ARRIVE-5-1
[   2.5140]IN-106-3-6
[   2.5140]IN-108-3-6
[   2.5140]CLOSE-3-6
[   2.8150]ARRIVE-6-19
[   2.8150]OPEN-6-19
[   2.9150]ARRIVE-6-3
[   2.9150]ARRIVE-4-6
[   2.9150]ARRIVE-6-1
[   2.9150]ARRIVE-6-4
[   2.9150]ARRIVE-6-5
[   3.2210]IN-109-6-19
[   3.2210]CLOSE-6-19
[   3.3160]ARRIVE-7-4
[   3.3160]ARRIVE-5-6
[   3.3160]OPEN-5-6
[   3.3160]ARRIVE-7-3
[   3.3160]ARRIVE-7-5
[   3.3160]ARRIVE-7-1
[   3.4160]MAINTAIN_ACCEPT-1
[   3.7170]ARRIVE-8-5
[   3.7170]OUT-105-5-6
[   3.7170]ARRIVE-8-4
[   3.7170]ARRIVE-8-3
[   3.7170]ARRIVE-8-1
[   3.7170]OUT-108-5-6
[   3.7170]MAINTAIN_ABLE-1
[   3.7170]IN-112-5-6
[   3.7170]CLOSE-5-6
[   3.7320]ARRIVE-7-19
[   3.7320]OPEN-7-19
[   4.1180]ARRIVE-6-6
[   4.1180]ARRIVE-9-4
[   4.1180]OPEN-9-4
[   4.1180]ARRIVE-9-3
[   4.1180]ARRIVE-9-5
[   4.1180]OPEN-6-6
[   4.1330]OUT-109-7-19
[   4.5180]ARRIVE-10-3
[   4.5180]IN-114-6-6
[   4.5180]ARRIVE-10-5
[   4.5180]IN-102-9-4
[   4.5180]CLOSE-9-4
[   4.5180]CLOSE-7-19
[   4.5180]CLOSE-6-6
[   4.5180]OPEN-10-5
[   4.9190]ARRIVE-10-4
[   4.9190]OPEN-10-4
[   4.9190]IN-104-10-5
[   4.9190]ARRIVE-7-6
[   4.9190]ARRIVE-11-3
[   4.9190]OPEN-11-3
[   4.9190]IN-111-10-5
[   4.9190]CLOSE-10-5
[   5.0190]ARRIVE-8-19
[   5.0190]OPEN-8-19
[   5.3200]OUT-102-10-4
[   5.3200]ARRIVE-8-6
[   5.3200]ARRIVE-9-5
[   5.3200]IN-101-11-3
[   5.3200]OPEN-9-5
[   5.3200]OPEN-8-6
[   5.3200]CLOSE-10-4
[   5.7200]OUT-106-8-6
[   5.7200]IN-107-9-5
[   5.7200]CLOSE-9-5
[   5.7200]IN-100-8-19
[   5.7200]CLOSE-8-6
[   5.7200]IN-110-11-3
[   5.7200]IN-115-11-3
[   5.7200]CLOSE-11-3
[   5.7200]CLOSE-8-19
[   6.1210]ARRIVE-11-4
[   6.1210]ARRIVE-10-3
[   6.1210]ARRIVE-9-6
[   6.1210]ARRIVE-8-5
[   6.1210]OPEN-9-6
[   6.1210]OPEN-11-4
[   6.1210]OPEN-8-5
[   6.2210]ARRIVE-9-19
[   6.2210]OPEN-9-19
[   6.5220]IN-103-11-4
[   6.5220]ARRIVE-9-3
[   6.5220]OUT-112-9-6
[   6.5220]OUT-114-9-6
[   6.5220]OUT-104-8-5
[   6.5220]IN-117-11-4
[   6.5220]CLOSE-11-4
[   6.5220]CLOSE-9-6
[   6.5220]CLOSE-8-5
[   6.6220]OUT-100-9-19
[   6.6220]CLOSE-9-19
[   6.9230]ARRIVE-10-4
[   6.9230]ARRIVE-7-5
[   6.9230]ARRIVE-8-6
[   6.9230]ARRIVE-8-3
[   6.9230]OPEN-8-6
[   6.9230]OPEN-7-5
[   7.1230]ARRIVE-8-19
[   7.3240]ARRIVE-9-4
[   7.3240]ARRIVE-7-3
[   7.3240]IN-120-8-6
[   7.3240]OUT-111-7-5
[   7.3240]CLOSE-8-6
[   7.3240]CLOSE-7-5
[   7.6240]ARRIVE-7-19
[   7.6240]OPEN-7-19
[   7.7240]ARRIVE-9-6
[   7.7240]ARRIVE-8-4
[   7.7240]ARRIVE-6-3
[   7.7240]ARRIVE-6-5
[   7.7240]OPEN-6-3
[   8.0350]IN-124-7-19
[   8.0350]IN-126-7-19
[   8.0350]CLOSE-7-19
[   8.1250]ARRIVE-7-4
[   8.1250]ARRIVE-10-6
[   8.1250]ARRIVE-5-5
[   8.1250]OUT-101-6-3
[   8.1250]OPEN-5-5
[   8.1250]OPEN-7-4
[   8.5260]OUT-103-7-4
[   8.5260]IN-122-5-5
[   8.5260]ARRIVE-11-6
[   8.5260]OPEN-11-6
[   8.5260]MAINTAIN_ACCEPT-19
[   8.5260]CLOSE-6-3
[   8.5260]CLOSE-7-4
[   8.5260]CLOSE-5-5
[   8.5420]ARRIVE-8-19
[   8.5420]OPEN-8-19
[   8.9270]ARRIVE-6-4
[   8.9270]OUT-120-11-6
[   8.9270]ARRIVE-5-3
[   8.9270]ARRIVE-4-5
[   8.9270]OPEN-4-5
[   8.9270]OPEN-5-3
[   8.9270]CLOSE-11-6
[   8.9430]OUT-124-8-19
[   8.9430]OUT-126-8-19
[   8.9430]CLOSE-8-19
[   8.9430]MAINTAIN_ABLE-19
[   9.3270]ARRIVE-5-4
[   9.3270]OUT-107-4-5
[   9.3270]CLOSE-4-5
[   9.3270]OUT-110-5-3
[   9.3270]ARRIVE-10-6
[   9.3270]CLOSE-5-3
[   9.7280]ARRIVE-4-4
[   9.7280]ARRIVE-9-6
[   9.7280]OPEN-9-6
[   9.7280]ARRIVE-4-3
[   9.7280]ARRIVE-3-5
[   9.7280]OPEN-4-4
[  10.1290]OUT-117-4-4
[  10.1290]ARRIVE-2-5
[  10.1290]IN-127-9-6
[  10.1290]ARRIVE-3-3
[  10.1290]CLOSE-9-6
[  10.1290]IN-125-4-4
[  10.1290]CLOSE-4-4
[  10.5310]ARRIVE-5-4
[  10.5310]ARRIVE-1-5
[  10.5310]ARRIVE-8-6
[  10.5310]ARRIVE-2-3
[  10.5310]OPEN-2-3
[  10.5310]OPEN-1-5
[  10.5310]OPEN-5-4
[  10.9320]OUT-115-2-3
[  10.9320]ARRIVE-7-6
[  10.9320]OUT-125-5-4
[  10.9320]OUT-122-1-5
[  10.9320]IN-116-5-4
[  10.9320]IN-121-2-3
[  10.9320]CLOSE-5-4
[  10.9320]IN-118-1-5
[  10.9320]IN-123-2-3
[  10.9320]CLOSE-2-3
[  10.9320]IN-113-1-5
[  10.9320]CLOSE-1-5
[  11.3330]ARRIVE-3-3
[  11.3330]ARRIVE-6-6
[  11.3330]OPEN-6-6
[  11.3330]ARRIVE-6-4
[  11.3330]OPEN-6-4
[  11.3330]ARRIVE-2-5
[  11.3330]OPEN-3-3
[  11.7340]ARRIVE-3-5
[  11.7340]OUT-127-6-6
[  11.7340]OUT-121-3-3
[  11.7340]OUT-116-6-4
[  11.7340]CLOSE-3-3
[  11.7340]IN-119-6-6
[  11.7340]CLOSE-6-6
[  11.7340]CLOSE-6-4
[  12.1350]ARRIVE-7-4
[  12.1350]ARRIVE-4-5
[  12.1350]ARRIVE-4-3
[  12.1350]ARRIVE-7-6
[  12.1350]OPEN-4-5
[  12.5360]ARRIVE-8-4
[  12.5360]IN-129-4-5
[  12.5360]OPEN-8-4
[  12.5360]CLOSE-4-5
[  12.9370]IN-124-8-4
[  12.9370]ARRIVE-5-5
[  12.9370]ARRIVE-8-6
[  12.9370]ARRIVE-5-3
[  12.9370]IN-126-8-4
[  12.9370]CLOSE-8-4
[  13.3380]ARRIVE-9-4
[  13.3380]ARRIVE-6-3
[  13.3380]ARRIVE-6-5
[  13.3380]OPEN-6-5
[  13.3380]ARRIVE-9-6
[  13.3380]OPEN-9-6
[  13.3380]OPEN-9-4
[  13.7390]ARRIVE-7-3
[  13.7390]OUT-119-9-6
[  13.7390]OUT-124-9-4
[  13.7390]CLOSE-9-4
[  13.7390]OUT-118-6-5
[  13.7390]IN-132-9-6
[  13.7390]CLOSE-6-5
[  13.7390]IN-133-9-6
[  13.7390]CLOSE-9-6
[  14.1390]ARRIVE-10-4
[  14.1390]ARRIVE-8-3
[  14.1390]ARRIVE-8-6
[  14.1390]ARRIVE-7-5
[  14.1390]OPEN-8-6
[  14.5390]IN-131-8-6
[  14.5390]ARRIVE-9-3
[  14.5390]ARRIVE-11-4
[  14.5390]OPEN-11-4
[  14.5390]CLOSE-8-6
[  14.9400]OUT-126-11-4
[  14.9400]ARRIVE-8-5
[  14.9400]ARRIVE-10-3
[  14.9400]ARRIVE-7-6
[  14.9400]CLOSE-11-4
[  14.9400]OPEN-7-6
[  15.3400]ARRIVE-10-4
[  15.3400]ARRIVE-9-5
[  15.3400]OPEN-9-5
[  15.3400]OUT-131-7-6
[  15.3400]CLOSE-7-6
[  15.3400]ARRIVE-11-3
[  15.3400]OPEN-11-3
[  15.7410]ARRIVE-9-4
[  15.7410]OUT-123-11-3
[  15.7410]ARRIVE-6-6
[  15.7410]OPEN-6-6
[  15.7410]OUT-113-9-5
[  15.7410]CLOSE-11-3
[  15.7410]OUT-129-9-5
[  15.7410]CLOSE-9-5
[  15.7410]OPEN-9-5
[  16.1410]ARRIVE-8-4
[  16.1410]OUT-132-6-6
[  16.1410]ARRIVE-10-3
[  16.1410]IN-140-9-5
[  16.1410]CLOSE-6-6
[  16.1410]CLOSE-9-5
[  16.3420]ARRIVE-9-12
[  16.3420]OPEN-9-12
[  16.5420]ARRIVE-8-5
[  16.5420]ARRIVE-9-3
[  16.5420]ARRIVE-7-4
[  16.5420]ARRIVE-5-6
[  16.7420]IN-135-9-12
[  16.7420]CLOSE-9-12
[  16.9430]ARRIVE-6-4
[  16.9430]ARRIVE-7-5
[  16.9430]ARRIVE-8-3
[  16.9430]ARRIVE-4-6
[  16.9430]OPEN-7-5
[  16.9430]OPEN-4-6
[  17.3440]ARRIVE-5-4
[  17.3440]OPEN-5-4
[  17.3440]ARRIVE-8-12
[  17.3440]OUT-133-4-6
[  17.3440]IN-138-7-5
[  17.3440]ARRIVE-7-3
[  17.3440]IN-144-4-6
[  17.3440]CLOSE-7-5
[  17.3440]CLOSE-4-6
[  17.7460]IN-134-5-4
[  17.7460]ARRIVE-6-3
[  17.7460]ARRIVE-3-6
[  17.7460]ARRIVE-6-5
[  17.7460]OPEN-6-5
[  17.7460]CLOSE-5-4
[  17.9460]ARRIVE-7-12
[  18.1470]ARRIVE-5-3
[  18.1470]OPEN-5-3
[  18.1470]IN-149-6-5
[  18.1470]IN-150-6-5
[  18.1470]CLOSE-6-5
[  18.1470]ARRIVE-2-6
[  18.1470]OPEN-2-6
[  18.5470]ARRIVE-4-4
[  18.5470]OUT-144-2-6
[  18.5470]IN-136-5-3
[  18.5470]ARRIVE-5-5
[  18.5470]IN-145-5-3
[  18.5470]IN-146-2-6
[  18.5470]IN-143-2-6
[  18.5470]CLOSE-2-6
[  18.5470]OPEN-4-4
[  18.5470]CLOSE-5-3
[  18.7480]ARRIVE-6-12
[  18.9480]OUT-134-4-4
[  18.9480]ARRIVE-3-6
[  18.9480]ARRIVE-4-5
[  18.9480]ARRIVE-6-3
[  18.9480]OPEN-3-6
[  18.9480]IN-148-4-4
[  19.3490]ARRIVE-5-12
[  19.3490]IN-137-3-6
[  19.3490]IN-151-3-6
[  19.3490]CLOSE-3-6
[  19.3490]CLOSE-4-4
[  19.3490]MAINTAIN_ACCEPT-8
[  19.6490]ARRIVE-4-8
[  19.6490]MAINTAIN_ABLE-8
[  19.7490]ARRIVE-3-5
[  19.7490]ARRIVE-5-4
[  19.7490]ARRIVE-4-6
[  19.7490]ARRIVE-7-3
[  19.7490]OPEN-7-3
[  19.7490]OPEN-3-5
[  19.9500]ARRIVE-4-12
[  19.9500]OPEN-4-12
[  20.1500]ARRIVE-6-4
[  20.1500]IN-153-7-3
[  20.1500]OUT-138-3-5
[  20.1500]ARRIVE-5-6
[  20.1500]CLOSE-7-3
[  20.1500]OPEN-6-4
[  20.3500]OUT-135-4-12
[  20.5660]ARRIVE-8-3
[  20.5660]OPEN-8-3
[  20.5660]IN-139-6-4
[  20.5660]CLOSE-6-4
[  20.5660]CLOSE-3-5
[  20.5660]CLOSE-4-12
[  20.9660]ARRIVE-7-4
[  20.9660]ARRIVE-2-5
[  20.9660]OPEN-2-5
[  20.9660]OUT-136-8-3
[  20.9660]OUT-153-8-3
[  20.9660]CLOSE-8-3
[  20.9660]ARRIVE-6-6
[  21.1670]ARRIVE-3-12
[  21.3670]ARRIVE-8-4
[  21.3670]ARRIVE-9-3
[  21.3670]OPEN-9-3
[  21.3670]OUT-140-2-5
[  21.3670]OUT-149-2-5
[  21.3670]OUT-150-2-5
[  21.3670]CLOSE-2-5
[  21.3670]ARRIVE-7-6
[  21.3670]OPEN-7-6
[  21.7670]ARRIVE-9-4
[  21.7670]OUT-146-7-6
[  21.7670]OUT-145-9-3
[  21.7670]IN-155-9-3
[  21.7670]CLOSE-9-3
[  21.7670]ARRIVE-2-12
[  21.7670]OPEN-2-12
[  21.7670]ARRIVE-1-5
[  21.7670]OPEN-1-5
[  21.7670]CLOSE-7-6
[  22.1680]ARRIVE-8-3
[  22.1680]ARRIVE-10-4
[  22.1680]ARRIVE-8-6
[  22.1680]OPEN-8-6
[  22.1680]IN-128-1-5
[  22.1680]IN-130-1-5
[  22.1680]CLOSE-1-5
[  22.1680]IN-154-2-12
[  22.1680]IN-159-2-12
[  22.1680]CLOSE-2-12
[  22.5680]ARRIVE-2-5
[  22.5680]ARRIVE-11-4
[  22.5680]OPEN-11-4
[  22.5680]OUT-143-8-6
[  22.5680]ARRIVE-7-3
[  22.5680]OUT-137-8-6
[  22.5680]CLOSE-8-6
[  22.7690]ARRIVE-3-12
[  22.9690]ARRIVE-6-3
[  22.9690]OUT-148-11-4
[  22.9690]OUT-139-11-4
[  22.9690]ARRIVE-3-5
[  22.9690]ARRIVE-9-6
[  22.9690]IN-142-11-4
[  22.9690]CLOSE-11-4
[  23.3700]ARRIVE-10-4
[  23.3700]OPEN-10-4
[  23.3700]ARRIVE-4-12
[  23.3700]ARRIVE-5-3
[  23.3700]OPEN-5-3
[  23.3700]ARRIVE-4-5
[  23.3700]ARRIVE-10-6
[  23.7700]ARRIVE-11-6
[  23.7700]OPEN-11-6
[  23.7700]OUT-155-5-3
[  23.7700]OUT-142-10-4
[  23.7700]ARRIVE-5-5
[  23.7700]IN-141-10-4
[  23.7700]IN-157-5-3
[  23.7700]IN-147-10-4
[  23.7700]IN-152-10-4
[  23.7700]CLOSE-10-4
[  23.7700]CLOSE-5-3
[  23.9700]ARRIVE-5-12
[  24.1710]ARRIVE-9-4
[  24.1710]ARRIVE-6-3
[  24.1710]OUT-151-11-6
[  24.1710]ARRIVE-6-5
[  24.1710]OPEN-9-4
[  24.5720]ARRIVE-6-12
[  24.5720]IN-156-9-4
[  24.5720]CLOSE-9-4
[  24.5720]CLOSE-11-6
[  24.9720]ARRIVE-7-3
[  24.9720]ARRIVE-7-5
[  24.9720]ARRIVE-10-6
[  24.9720]ARRIVE-8-4
[  24.9720]OPEN-7-5
[  25.1730]ARRIVE-7-12
[  25.1730]OPEN-7-12
[  25.3730]ARRIVE-9-6
[  25.3730]ARRIVE-8-3
[  25.3730]OUT-130-7-5
[  25.3730]CLOSE-7-5
[  25.3730]ARRIVE-7-4
[  25.5730]OUT-154-7-12
[  25.5730]OUT-159-7-12
[  25.5730]CLOSE-7-12
[  25.7740]ARRIVE-6-4
[  25.7740]ARRIVE-8-6
[  25.7740]ARRIVE-9-3
[  25.7740]OPEN-9-3
[  25.7740]ARRIVE-8-5
[  25.8580]ARRIVE-8-18
[  25.8580]OPEN-8-18
[  26.1740]ARRIVE-5-4
[  26.1740]OPEN-5-4
[  26.1740]ARRIVE-7-6
[  26.1740]ARRIVE-6-12
[  26.1740]ARRIVE-9-5
[  26.1740]OUT-157-9-3
[  26.1740]IN-165-9-3
[  26.1740]CLOSE-9-3
[  26.2590]IN-162-8-18
[  26.2590]CLOSE-8-18
[  26.5590]ARRIVE-7-18
[  26.5750]ARRIVE-8-3
[  26.5750]OUT-156-5-4
[  26.5750]CLOSE-5-4
[  26.5750]ARRIVE-6-6
[  26.5750]ARRIVE-10-5
[  26.7750]ARRIVE-5-12
[  26.7750]OPEN-5-12
[  26.8600]ARRIVE-6-18
[  26.9760]ARRIVE-7-3
[  26.9760]ARRIVE-11-5
[  26.9760]OPEN-11-5
[  26.9760]ARRIVE-4-4
[  26.9760]OPEN-4-4
[  26.9760]ARRIVE-5-6
[  27.1600]ARRIVE-5-18
[  27.1600]OPEN-5-18
[  27.3770]ARRIVE-4-6
[  27.3770]ARRIVE-6-3
[  27.3770]OUT-141-4-4
[  27.3770]OUT-152-4-4
[  27.3770]OUT-128-11-5
[  27.5610]IN-169-5-18
[  27.5610]CLOSE-5-18
[  27.5610]CLOSE-4-4
[  27.5610]IN-170-11-5
[  27.5610]IN-173-11-5
[  27.5610]CLOSE-11-5
[  27.5610]IN-161-5-12
[  27.5610]CLOSE-5-12
[  27.7770]ARRIVE-3-6
[  27.7770]OPEN-3-6
[  27.8620]ARRIVE-4-18
[  27.8620]MAINTAIN_ACCEPT-3
[  27.9620]ARRIVE-5-3
[  27.9620]ARRIVE-10-5
[  27.9620]ARRIVE-3-4
[  27.9620]OPEN-3-4
[  27.9620]OPEN-10-5
[  27.9620]OPEN-5-3
[  28.1620]ARRIVE-4-12
[  28.1620]OPEN-4-12
[  28.1620]ARRIVE-3-18
[  28.3630]IN-175-10-5
[  28.3630]OUT-147-3-4
[  28.3630]OUT-165-5-3
[  28.3630]CLOSE-10-5
[  28.3630]IN-160-3-4
[  28.3630]IN-158-3-6
[  28.3630]CLOSE-5-3
[  28.3630]MAINTAIN_ABLE-3
[  28.3630]IN-171-3-4
[  28.3630]CLOSE-3-4
[  28.3630]CLOSE-3-6
[  28.5630]OUT-161-4-12
[  28.5630]CLOSE-4-12
[  28.6630]ARRIVE-2-18
[  28.6630]OPEN-2-18
[  28.7630]ARRIVE-4-4
[  28.7630]ARRIVE-2-6
[  28.7630]ARRIVE-9-5
[  28.7630]OPEN-9-5
[  29.0640]OUT-162-2-18
[  29.1640]ARRIVE-5-4
[  29.1640]IN-172-9-5
[  29.1640]ARRIVE-5-12
[  29.1640]OPEN-5-12
[  29.1640]ARRIVE-1-6
[  29.1640]OPEN-1-6
[  29.1640]OPEN-5-4
[  29.1640]CLOSE-9-5
[  29.5640]OUT-158-1-6
[  29.5640]ARRIVE-8-5
[  29.5640]OPEN-8-5
[  29.5640]IN-166-5-4
[  29.5640]IN-167-5-4
[  29.5640]CLOSE-5-4
[  29.5640]IN-164-5-12
[  29.5640]CLOSE-5-12
[  29.5640]IN-163-1-6
[  29.5640]CLOSE-1-6
[  29.5640]CLOSE-2-18
[  29.8650]ARRIVE-1-18
[  29.8650]OPEN-1-18
[  29.9650]ARRIVE-6-4
[  29.9650]OPEN-6-4
[  29.9650]OUT-170-8-5
[  29.9650]OUT-173-8-5
[  29.9650]OUT-172-8-5
[  29.9650]ARRIVE-2-6
[  29.9650]OPEN-2-6
[  29.9650]IN-174-8-5
[  29.9650]CLOSE-8-5
[  30.1660]ARRIVE-6-12
[  30.2660]OUT-169-1-18
[  30.2660]CLOSE-1-18
[  30.3660]ARRIVE-7-5
[  30.3660]OUT-166-6-4
[  30.3660]OUT-163-2-6
[  30.3660]CLOSE-2-6
[  30.3660]CLOSE-6-4
[  30.5670]ARRIVE-2-18
[  30.5670]OPEN-2-18
[  30.7670]ARRIVE-7-4
[  30.7670]ARRIVE-7-12
[  30.7670]ARRIVE-3-6
[  30.7670]ARRIVE-6-5
[  30.7670]OPEN-7-4
[  30.9680]IN-168-2-18
[  30.9680]IN-177-2-18
[  30.9680]CLOSE-2-18
[  31.0710]MAINTAIN_ACCEPT-18
[  31.1680]ARRIVE-5-5
[  31.1680]OUT-167-7-4
[  31.1680]CLOSE-7-4
[  31.1680]ARRIVE-4-6
[  31.2680]ARRIVE-3-18
[  31.2680]OPEN-3-18
[  31.3690]ARRIVE-8-12
[  31.5690]ARRIVE-8-4
[  31.5690]ARRIVE-5-6
[  31.5690]OPEN-5-6
[  31.5690]ARRIVE-4-5
[  31.5690]OPEN-4-5
[  31.6690]OUT-168-3-18
[  31.6690]OUT-177-3-18
[  31.6690]CLOSE-3-18
[  31.6690]MAINTAIN_ABLE-18
[  31.9700]ARRIVE-9-4
[  31.9700]IN-165-5-6
[  31.9700]CLOSE-5-6
[  31.9700]OUT-175-4-5
[  31.9700]OUT-174-4-5
[  31.9700]CLOSE-4-5
[  31.9700]ARRIVE-9-12
[  32.3700]ARRIVE-10-4
[  32.3700]OPEN-10-4
[  32.3700]ARRIVE-4-6
[  32.3700]ARRIVE-3-5
[  32.3700]OPEN-3-5
[  32.5710]ARRIVE-10-12
[  32.5710]OPEN-10-12
[  32.7710]OUT-160-10-4
[  32.7710]OUT-171-10-4
[  32.7710]IN-176-3-5
[  32.7710]ARRIVE-3-6
[  32.7710]IN-168-3-5
[  32.7710]IN-177-3-5
[  32.7710]CLOSE-3-5
[  32.7710]CLOSE-10-4
[  32.9720]OUT-164-10-12
[  32.9720]CLOSE-10-12
[  33.1720]ARRIVE-4-5
[  33.1720]ARRIVE-9-4
[  33.1720]OPEN-9-4
[  33.1720]ARRIVE-2-6
[  33.1720]OPEN-2-6
[  33.5730]IN-178-9-4
[  33.5730]CLOSE-9-4
[  33.5730]ARRIVE-5-5
[  33.5730]OPEN-5-5
[  33.5730]OUT-165-2-6
[  33.5730]CLOSE-2-6
[  33.5730]ARRIVE-9-12
[  33.9740]ARRIVE-8-4
[  33.9740]OUT-176-5-5
[  33.9740]OUT-168-5-5
[  33.9740]OUT-177-5-5
[  33.9740]ARRIVE-3-6
[  33.9740]CLOSE-5-5
[  34.1740]ARRIVE-8-12
[  34.3740]ARRIVE-7-4
[  34.3740]ARRIVE-6-5
[  34.3740]ARRIVE-4-6
[  34.3740]OPEN-7-4
[  34.7750]ARRIVE-7-5
[  34.7750]ARRIVE-5-6
[  34.7750]ARRIVE-7-12
[  34.7750]OUT-178-7-4
[  34.7750]CLOSE-7-4
[  35.1760]ARRIVE-6-6
[  35.1760]ARRIVE-8-5
[  35.1760]ARRIVE-3-13
[  35.3760]ARRIVE-6-4
[  35.3760]ARRIVE-2-13
[  35.3760]OPEN-2-13
[  35.3760]ARRIVE-6-12
[  35.3760]OPEN-6-12
[  35.5770]ARRIVE-7-6
[  35.5770]OPEN-7-6
[  35.5770]ARRIVE-9-5
[  35.7770]ARRIVE-5-4
[  35.7770]IN-183-2-13
[  35.7770]CLOSE-2-13
[  35.7770]IN-179-6-12
[  35.7770]CLOSE-6-12
[  35.9780]ARRIVE-10-5
[  35.9780]OPEN-10-5
[  35.9780]IN-180-7-6
[  35.9780]ARRIVE-3-13
[  35.9780]CLOSE-7-6
[  36.1780]ARRIVE-4-4
[  36.1780]OPEN-4-4
[  36.1780]ARRIVE-4-13
[  36.3790]ARRIVE-6-6
[  36.3790]ARRIVE-5-13
[  36.3790]IN-181-10-5
[  36.3790]CLOSE-10-5
[  36.3790]ARRIVE-7-12
[  36.5790]ARRIVE-6-13
[  36.5790]IN-182-4-4
[  36.5790]CLOSE-4-4
[  36.7790]ARRIVE-9-5
[  36.7790]ARRIVE-5-6
[  36.7940]ARRIVE-7-13
[  36.9800]ARRIVE-5-4
[  36.9800]OPEN-5-4
[  36.9800]ARRIVE-8-12
[  36.9800]OPEN-8-12
[  36.9950]ARRIVE-8-13
[  37.1800]ARRIVE-8-5
[  37.1800]ARRIVE-4-6
[  37.1950]ARRIVE-9-13
[  37.3800]OUT-182-5-4
[  37.3800]OUT-179-8-12
[  37.3800]CLOSE-8-12
[  37.3800]CLOSE-5-4
[  37.3960]ARRIVE-10-13
[  37.3960]OPEN-10-13
[  37.5810]ARRIVE-7-5
[  37.5810]ARRIVE-3-6
[  37.5810]OPEN-3-6
[  37.7960]OUT-183-10-13
[  37.7960]CLOSE-10-13
[  37.9810]ARRIVE-6-5
[  37.9810]OUT-180-3-6
[  37.9810]CLOSE-3-6
[  38.3820]ARRIVE-5-5
[  38.7830]ARRIVE-4-5
[  39.1840]ARRIVE-3-5
[  39.5840]ARRIVE-2-5
[  39.5840]OPEN-2-5
[  39.6850]ARRIVE-4-6
[  39.9850]OUT-181-2-5
[  39.9850]CLOSE-2-5
[  40.0850]ARRIVE-5-6
[  40.4860]ARRIVE-6-6
[  40.8870]ARRIVE-7-6
[  41.2880]ARRIVE-8-6
[  41.6880]ARRIVE-9-6
[  42.0890]ARRIVE-10-6
[  42.4900]ARRIVE-11-6
[  42.4900]OPEN-11-6
[  42.8900]IN-184-11-6
[  42.8900]CLOSE-11-6
[  43.2910]ARRIVE-10-6
[  43.6910]ARRIVE-9-6
[  43.6910]OPEN-9-6
[  44.0910]OUT-184-9-6
[  44.0910]CLOSE-9-6
