[   1.3140]ARRIVE-2-3
[   1.7150]ARRIVE-3-3
[   2.1160]ARRIVE-4-3
[   2.5170]ARRIVE-5-3
[   2.9170]ARRIVE-6-3
[   3.0170]MAINTAIN_ACCEPT-6
[   3.0170]MAINTAIN_ABLE-6
[   3.3180]ARRIVE-7-3
[   3.7190]ARRIVE-8-3
[   4.1190]ARRIVE-9-3
[   4.1190]OPEN-9-3
[   4.5200]ARRIVE-2-1
[   4.5200]IN-100-9-3
[   4.5200]ARRIVE-2-5
[   4.5200]ARRIVE-2-4
[   4.5200]ARRIVE-2-2
[   4.5200]CLOSE-9-3
[   4.9210]ARRIVE-3-2
[   4.9210]ARRIVE-3-1
[   4.9210]ARRIVE-8-3
[   4.9210]ARRIVE-3-4
[   4.9210]ARRIVE-3-5
[   5.3220]ARRIVE-4-2
[   5.3220]ARRIVE-4-5
[   5.3220]ARRIVE-4-4
[   5.3220]ARRIVE-7-3
[   5.3220]ARRIVE-4-1
[   5.3220]OPEN-4-4
[   5.7230]ARRIVE-6-3
[   5.7230]ARRIVE-5-2
[   5.7230]OPEN-5-2
[   5.7230]IN-103-4-4
[   5.7230]ARRIVE-5-5
[   5.7230]ARRIVE-5-1
[   5.7230]CLOSE-4-4
[   6.1230]ARRIVE-5-4
[   6.1230]IN-102-5-2
[   6.1230]CLOSE-5-2
[   6.1230]ARRIVE-6-1
[   6.1230]ARRIVE-6-5
[   6.1230]ARRIVE-5-3
[   6.5240]ARRIVE-7-1
[   6.5240]ARRIVE-6-4
[   6.5240]ARRIVE-6-2
[   6.5240]ARRIVE-7-5
[   6.5240]ARRIVE-4-3
[   6.7240]MAINTAIN_ACCEPT-1
[   6.9250]ARRIVE-8-1
[   6.9250]ARRIVE-8-5
[   6.9250]ARRIVE-3-3
[   6.9250]ARRIVE-7-2
[   6.9250]ARRIVE-7-4
[   6.9250]OPEN-7-4
[   6.9250]MAINTAIN_ABLE-1
[   7.0250]ARRIVE-10-16
[   7.3260]ARRIVE-8-2
[   7.3260]OUT-103-7-4
[   7.3260]ARRIVE-9-5
[   7.3260]ARRIVE-11-16
[   7.3260]ARRIVE-2-3
[   7.3260]OPEN-11-16
[   7.3260]CLOSE-7-4
[   7.7260]ARRIVE-8-4
[   7.7260]ARRIVE-9-2
[   7.7260]ARRIVE-10-5
[   7.7260]IN-105-11-16
[   7.7260]ARRIVE-1-3
[   7.7260]OPEN-1-3
[   7.7260]IN-107-11-16
[   7.7260]IN-108-11-16
[   7.7260]CLOSE-11-16
[   7.7260]OPEN-9-2
[   8.0280]ARRIVE-10-16
[   8.0280]OPEN-10-16
[   8.1270]ARRIVE-9-4
[   8.1270]OUT-102-9-2
[   8.1270]ARRIVE-11-5
[   8.1270]OPEN-11-5
[   8.1270]OUT-100-1-3
[   8.1270]CLOSE-1-3
[   8.1270]IN-106-9-2
[   8.1270]CLOSE-9-2
[   8.1270]OPEN-9-4
[   8.4430]OUT-108-10-16
[   8.4430]CLOSE-10-16
[   8.5280]IN-104-11-5
[   8.5280]IN-101-9-4
[   8.5280]ARRIVE-8-2
[   8.5280]ARRIVE-2-3
[   8.5280]CLOSE-9-4
[   8.5280]CLOSE-11-5
[   8.7440]ARRIVE-9-16
[   8.9300]ARRIVE-10-5
[   8.9300]ARRIVE-7-2
[   8.9300]ARRIVE-3-3
[   8.9300]ARRIVE-8-4
[   8.9300]OPEN-10-5
[   9.0460]ARRIVE-8-16
[   9.0460]OPEN-8-16
[   9.3310]ARRIVE-7-4
[   9.3310]ARRIVE-4-3
[   9.3310]OUT-104-10-5
[   9.3310]ARRIVE-6-2
[   9.3310]CLOSE-10-5
[   9.3310]OPEN-7-4
[   9.4460]OUT-107-8-16
[   9.4460]CLOSE-8-16
[   9.7320]ARRIVE-5-3
[   9.7320]OUT-101-7-4
[   9.7320]ARRIVE-5-2
[   9.7320]CLOSE-7-4
[   9.7480]ARRIVE-7-16
[   9.8320]ARRIVE-9-5
[  10.0490]ARRIVE-6-16
[  10.1330]ARRIVE-6-3
[  10.1330]ARRIVE-6-4
[  10.1330]ARRIVE-4-2
[  10.1330]OPEN-6-3
[  10.2330]ARRIVE-8-5
[  10.3490]ARRIVE-5-16
[  10.5340]ARRIVE-3-2
[  10.5340]IN-109-6-3
[  10.5340]ARRIVE-5-4
[  10.5340]CLOSE-6-3
[  10.5340]OPEN-5-4
[  10.6340]ARRIVE-7-5
[  10.6490]ARRIVE-4-16
[  10.9350]IN-113-5-4
[  10.9350]CLOSE-5-4
[  10.9350]ARRIVE-2-2
[  10.9350]ARRIVE-5-3
[  10.9350]OPEN-2-2
[  10.9350]OPEN-5-3
[  10.9500]ARRIVE-3-16
[  11.0350]ARRIVE-6-5
[  11.2730]ARRIVE-2-16
[  11.2730]OPEN-2-16
[  11.3360]ARRIVE-6-4
[  11.3360]OUT-106-2-2
[  11.3360]OUT-109-5-3
[  11.3360]CLOSE-2-2
[  11.3360]OPEN-6-4
[  11.3360]CLOSE-5-3
[  11.4360]ARRIVE-5-5
[  11.6740]OUT-105-2-16
[  11.6740]CLOSE-2-16
[  11.7370]ARRIVE-6-3
[  11.7370]OUT-113-6-4
[  11.7370]ARRIVE-3-2
[  11.7370]CLOSE-6-4
[  11.8370]ARRIVE-4-5
[  11.8370]OPEN-4-5
[  11.9750]ARRIVE-3-16
[  12.1380]ARRIVE-7-3
[  12.1380]ARRIVE-4-2
[  12.1380]ARRIVE-7-4
[  12.2380]IN-110-4-5
[  12.2380]CLOSE-4-5
[  12.2750]ARRIVE-4-16
[  12.5380]ARRIVE-8-3
[  12.5380]ARRIVE-5-2
[  12.5380]ARRIVE-8-4
[  12.5750]ARRIVE-5-16
[  12.6380]ARRIVE-5-5
[  12.8760]ARRIVE-6-16
[  12.9380]ARRIVE-9-4
[  12.9380]OPEN-9-4
[  12.9380]ARRIVE-9-3
[  12.9380]ARRIVE-6-2
[  13.0380]ARRIVE-6-5
[  13.1760]ARRIVE-7-16
[  13.3390]ARRIVE-7-2
[  13.3390]IN-115-9-4
[  13.3390]ARRIVE-10-3
[  13.3390]CLOSE-9-4
[  13.4390]ARRIVE-7-5
[  13.4390]OPEN-7-5
[  13.4760]ARRIVE-8-16
[  13.4760]OPEN-8-16
[  13.7390]ARRIVE-8-4
[  13.7390]ARRIVE-8-2
[  13.7390]ARRIVE-11-3
[  13.7390]OPEN-11-3
[  13.8390]OUT-110-7-5
[  13.8390]CLOSE-7-5
[  13.8770]IN-116-8-16
[  13.8770]CLOSE-8-16
[  14.1400]ARRIVE-7-4
[  14.1400]ARRIVE-9-2
[  14.1400]OPEN-9-2
[  14.1400]IN-112-11-3
[  14.1400]CLOSE-11-3
[  14.1770]ARRIVE-7-16
[  14.1770]OPEN-7-16
[  14.2400]ARRIVE-8-5
[  14.5400]ARRIVE-10-3
[  14.5400]ARRIVE-6-4
[  14.5400]IN-111-9-2
[  14.5400]CLOSE-9-2
[  14.5780]OUT-116-7-16
[  14.5780]CLOSE-7-16
[  14.6410]ARRIVE-9-5
[  14.9410]ARRIVE-9-3
[  14.9410]ARRIVE-5-4
[  14.9410]ARRIVE-8-2
[  14.9410]OPEN-9-3
[  15.0410]ARRIVE-10-5
[  15.3420]ARRIVE-7-2
[  15.3420]ARRIVE-4-4
[  15.3420]OUT-112-9-3
[  15.3420]CLOSE-9-3
[  15.4430]ARRIVE-11-5
[  15.4430]OPEN-11-5
[  15.7430]ARRIVE-6-2
[  15.7430]ARRIVE-3-4
[  15.8440]IN-114-11-5
[  15.8440]CLOSE-11-5
[  16.1450]ARRIVE-5-2
[  16.1450]ARRIVE-2-4
[  16.1450]OPEN-2-4
[  16.2450]ARRIVE-10-5
[  16.5460]ARRIVE-4-2
[  16.5460]OUT-115-2-4
[  16.5460]CLOSE-2-4
[  16.6450]ARRIVE-9-5
[  16.9460]ARRIVE-3-2
[  16.9460]OPEN-3-2
[  17.0460]ARRIVE-8-5
[  17.3470]OUT-111-3-2
[  17.3470]CLOSE-3-2
[  17.4470]ARRIVE-7-5
[  17.8480]ARRIVE-6-5
[  17.9480]OPEN-4-14
[  17.9480]MAINTAIN_ACCEPT-3
[  18.2490]ARRIVE-6-16
[  18.2490]ARRIVE-5-5
[  18.2490]OPEN-5-5
[  18.3490]ARRIVE-10-3
[  18.3490]ARRIVE-2-2
[  18.3490]OPEN-2-2
[  18.3490]ARRIVE-3-4
[  18.5490]ARRIVE-5-16
[  18.6490]IN-125-5-5
[  18.6490]CLOSE-5-5
[  18.6490]MAINTAIN_ABLE-3
[  18.6490]IN-119-4-14
[  18.6490]IN-123-4-14
[  18.6490]IN-126-4-14
[  18.6490]CLOSE-4-14
[  18.7490]ARRIVE-4-4
[  18.7490]IN-118-2-2
[  18.7490]CLOSE-2-2
[  18.8650]ARRIVE-4-16
[  18.8650]OPEN-4-16
[  19.0490]ARRIVE-4-5
[  19.0490]OPEN-4-5
[  19.0490]ARRIVE-5-14
[  19.1490]ARRIVE-3-2
[  19.1490]ARRIVE-5-4
[  19.2650]IN-121-4-16
[  19.2650]CLOSE-4-16
[  19.4500]ARRIVE-6-14
[  19.4500]OUT-125-4-5
[  19.4500]CLOSE-4-5
[  19.5500]ARRIVE-6-4
[  19.5500]OPEN-6-4
[  19.5500]ARRIVE-4-2
[  19.5660]ARRIVE-5-16
[  19.5660]OPEN-5-16
[  19.8500]ARRIVE-3-5
[  19.8500]ARRIVE-7-14
[  19.8500]OPEN-7-14
[  19.9500]ARRIVE-5-2
[  19.9500]IN-120-6-4
[  19.9500]CLOSE-6-4
[  19.9660]OUT-121-5-16
[  19.9660]CLOSE-5-16
[  20.2500]ARRIVE-2-5
[  20.2500]OUT-119-7-14
[  20.2500]CLOSE-7-14
[  20.2660]ARRIVE-6-16
[  20.3510]ARRIVE-6-2
[  20.3510]ARRIVE-5-4
[  20.5670]ARRIVE-7-16
[  20.6510]ARRIVE-1-5
[  20.6510]OPEN-1-5
[  20.6510]ARRIVE-8-14
[  20.6510]OPEN-8-14
[  20.7520]ARRIVE-4-4
[  20.7520]ARRIVE-7-2
[  20.8670]ARRIVE-8-16
[  20.9520]OPEN-10-7
[  21.0520]OUT-114-1-5
[  21.0520]OUT-126-8-14
[  21.0520]CLOSE-8-14
[  21.0520]IN-124-1-5
[  21.0520]CLOSE-1-5
[  21.1520]ARRIVE-8-2
[  21.1520]ARRIVE-3-4
[  21.1520]OPEN-8-2
[  21.1680]ARRIVE-9-16
[  21.3520]IN-133-10-7
[  21.3520]CLOSE-10-7
[  21.4530]ARRIVE-2-5
[  21.4530]ARRIVE-9-14
[  21.4530]OPEN-2-5
[  21.4680]ARRIVE-10-16
[  21.4680]OPEN-10-16
[  21.5530]ARRIVE-2-4
[  21.5530]OUT-118-8-2
[  21.7530]ARRIVE-9-7
[  21.7530]OPEN-9-7
[  21.8530]IN-128-2-5
[  21.8530]IN-130-2-5
[  21.8530]IN-134-2-5
[  21.8530]CLOSE-2-5
[  21.8530]CLOSE-8-2
[  21.8690]IN-122-10-16
[  21.8690]CLOSE-10-16
[  22.1530]OUT-133-9-7
[  22.1530]IN-136-9-7
[  22.1530]CLOSE-9-7
[  22.1690]ARRIVE-11-16
[  22.1690]OPEN-11-16
[  22.2530]ARRIVE-3-5
[  22.2530]ARRIVE-10-14
[  22.2530]ARRIVE-7-2
[  22.2530]OPEN-7-2
[  22.2530]ARRIVE-1-4
[  22.2530]OPEN-1-4
[  22.2530]OPEN-3-5
[  22.5540]ARRIVE-8-7
[  22.5700]OUT-122-11-16
[  22.5700]IN-117-11-16
[  22.5700]IN-131-11-16
[  22.5700]IN-132-11-16
[  22.5700]CLOSE-11-16
[  22.6540]OUT-120-1-4
[  22.6540]CLOSE-1-4
[  22.6540]OUT-134-3-5
[  22.6540]CLOSE-3-5
[  22.6540]ARRIVE-11-14
[  22.6540]OPEN-11-14
[  22.6540]IN-127-7-2
[  22.6540]CLOSE-7-2
[  22.8700]ARRIVE-10-16
[  22.9550]ARRIVE-7-7
[  23.0550]ARRIVE-6-2
[  23.0550]ARRIVE-2-4
[  23.0550]ARRIVE-4-5
[  23.0550]OPEN-4-5
[  23.0550]OUT-123-11-14
[  23.0550]CLOSE-11-14
[  23.1710]ARRIVE-9-16
[  23.1710]OPEN-9-16
[  23.3560]ARRIVE-6-7
[  23.3560]OPEN-6-7
[  23.4560]ARRIVE-3-4
[  23.4560]ARRIVE-10-14
[  23.4560]OUT-124-4-5
[  23.4560]ARRIVE-5-2
[  23.5720]OUT-117-9-16
[  23.7560]IN-140-6-7
[  23.7560]CLOSE-6-7
[  23.7560]IN-137-4-5
[  23.7560]CLOSE-4-5
[  23.7560]CLOSE-9-16
[  23.8560]ARRIVE-4-4
[  23.8560]OPEN-4-4
[  23.8560]ARRIVE-9-14
[  23.8560]OPEN-9-14
[  24.0570]ARRIVE-8-16
[  24.1570]ARRIVE-5-5
[  24.1570]ARRIVE-4-2
[  24.1570]ARRIVE-5-7
[  24.2570]IN-129-4-4
[  24.2570]IN-139-9-14
[  24.2570]CLOSE-9-14
[  24.2570]CLOSE-4-4
[  24.3570]ARRIVE-7-16
[  24.3570]OPEN-7-16
[  24.5580]ARRIVE-4-7
[  24.5580]OPEN-4-7
[  24.5580]ARRIVE-6-5
[  24.5580]ARRIVE-3-2
[  24.6580]ARRIVE-5-4
[  24.6580]ARRIVE-8-14
[  24.7580]IN-141-7-16
[  24.7580]CLOSE-7-16
[  24.7580]OPEN-6-5
[  24.9580]OUT-136-4-7
[  25.0580]ARRIVE-6-16
[  25.1580]ARRIVE-6-4
[  25.1580]ARRIVE-7-14
[  25.1580]IN-135-6-5
[  25.1580]CLOSE-6-5
[  25.1580]ARRIVE-2-2
[  25.1580]IN-142-4-7
[  25.1580]CLOSE-4-7
[  25.4590]ARRIVE-5-16
[  25.4590]OPEN-5-16
[  25.5590]ARRIVE-7-4
[  25.5590]ARRIVE-6-14
[  25.5590]ARRIVE-1-2
[  25.5590]OPEN-1-2
[  25.5590]ARRIVE-3-7
[  25.5590]OPEN-3-7
[  25.5590]ARRIVE-7-5
[  25.5590]OPEN-7-5
[  25.8600]OUT-141-5-16
[  25.8600]CLOSE-5-16
[  25.9600]ARRIVE-5-14
[  25.9600]OPEN-5-14
[  25.9600]ARRIVE-8-4
[  25.9600]OUT-127-1-2
[  25.9600]OUT-140-3-7
[  25.9600]CLOSE-3-7
[  25.9600]OUT-128-7-5
[  25.9600]CLOSE-7-5
[  25.9600]IN-138-1-2
[  25.9600]CLOSE-1-2
[  26.1610]ARRIVE-4-16
[  26.1610]ARRIVE-6-18
[  26.3610]ARRIVE-7-18
[  26.3610]OUT-139-5-14
[  26.3610]ARRIVE-9-4
[  26.3610]ARRIVE-2-2
[  26.3610]ARRIVE-8-5
[  26.3610]OPEN-8-5
[  26.3610]ARRIVE-2-7
[  26.3610]OPEN-2-7
[  26.3610]OPEN-2-2
[  26.3610]OPEN-9-4
[  26.3610]CLOSE-5-14
[  26.4610]ARRIVE-3-16
[  26.4610]OPEN-3-16
[  26.5610]ARRIVE-8-18
[  26.5610]OPEN-8-18
[  26.7620]OUT-130-8-5
[  26.7620]OUT-137-8-5
[  26.7620]IN-144-2-2
[  26.7620]OUT-142-2-7
[  26.7620]OUT-129-9-4
[  26.7620]CLOSE-2-7
[  26.7620]CLOSE-8-5
[  26.7620]CLOSE-2-2
[  26.7620]CLOSE-9-4
[  26.8620]OUT-131-3-16
[  26.8620]CLOSE-3-16
[  26.9620]IN-147-8-18
[  26.9620]CLOSE-8-18
[  27.1620]ARRIVE-10-4
[  27.1620]ARRIVE-2-16
[  27.1620]ARRIVE-3-7
[  27.1620]ARRIVE-9-5
[  27.1620]OPEN-9-5
[  27.1620]ARRIVE-6-14
[  27.1620]OPEN-6-14
[  27.1620]ARRIVE-3-2
[  27.1620]ARRIVE-9-18
[  27.3620]ARRIVE-10-18
[  27.3620]OPEN-10-18
[  27.4630]ARRIVE-1-16
[  27.4630]OPEN-1-16
[  27.5630]ARRIVE-4-7
[  27.5630]OUT-135-9-5
[  27.5630]CLOSE-9-5
[  27.5630]IN-146-6-14
[  27.5630]CLOSE-6-14
[  27.5630]ARRIVE-11-4
[  27.5630]OPEN-11-4
[  27.5630]ARRIVE-4-2
[  27.5630]OPEN-4-2
[  27.7630]OUT-147-10-18
[  27.7630]CLOSE-10-18
[  27.8630]OUT-132-1-16
[  27.8630]CLOSE-1-16
[  27.9630]ARRIVE-5-7
[  27.9630]ARRIVE-5-14
[  27.9630]IN-143-11-4
[  27.9630]OUT-144-4-2
[  27.9630]CLOSE-4-2
[  27.9630]CLOSE-11-4
[  28.2640]ARRIVE-9-18
[  28.3640]ARRIVE-10-4
[  28.3640]ARRIVE-5-2
[  28.3640]ARRIVE-4-14
[  28.3640]ARRIVE-2-16
[  28.3640]ARRIVE-6-7
[  28.4640]ARRIVE-8-5
[  28.4640]OPEN-8-5
[  28.4640]ARRIVE-8-18
[  28.6650]ARRIVE-7-18
[  28.6650]ARRIVE-3-16
[  28.7650]ARRIVE-3-14
[  28.7650]ARRIVE-9-4
[  28.7650]OPEN-9-4
[  28.7650]ARRIVE-6-2
[  28.7650]ARRIVE-7-7
[  28.8650]ARRIVE-6-18
[  28.8650]IN-149-8-5
[  28.8650]CLOSE-8-5
[  28.9660]ARRIVE-4-16
[  29.0660]ARRIVE-5-18
[  29.1660]ARRIVE-8-7
[  29.1660]ARRIVE-2-14
[  29.1660]OUT-143-9-4
[  29.1660]ARRIVE-7-2
[  29.1660]CLOSE-9-4
[  29.2660]ARRIVE-5-16
[  29.2660]ARRIVE-9-5
[  29.2660]ARRIVE-4-18
[  29.4690]ARRIVE-3-18
[  29.5670]ARRIVE-8-2
[  29.5670]ARRIVE-9-7
[  29.5670]ARRIVE-6-16
[  29.5670]ARRIVE-1-14
[  29.5670]OPEN-1-14
[  29.6670]ARRIVE-10-5
[  29.6670]OPEN-10-5
[  29.6830]ARRIVE-2-18
[  29.7680]MAINTAIN_ACCEPT-2
[  29.8670]ARRIVE-7-16
[  29.8830]ARRIVE-1-18
[  29.8830]OPEN-1-18
[  29.9680]ARRIVE-10-7
[  29.9680]OPEN-10-7
[  29.9680]OUT-146-1-14
[  29.9680]ARRIVE-9-2
[  29.9680]OPEN-9-2
[  29.9680]CLOSE-1-14
[  30.0680]OUT-149-10-5
[  30.0680]CLOSE-10-5
[  30.1680]ARRIVE-8-4
[  30.1680]ARRIVE-8-16
[  30.2840]IN-150-1-18
[  30.2840]CLOSE-1-18
[  30.3690]OUT-138-9-2
[  30.3690]CLOSE-9-2
[  30.3690]MAINTAIN_ABLE-2
[  30.3690]IN-145-10-7
[  30.3690]CLOSE-10-7
[  30.4690]ARRIVE-9-16
[  30.4850]ARRIVE-2-18
[  30.5690]ARRIVE-7-4
[  30.6850]ARRIVE-3-18
[  30.7690]ARRIVE-10-16
[  30.7690]ARRIVE-9-5
[  30.7690]OPEN-9-5
[  30.7690]ARRIVE-9-7
[  30.9070]ARRIVE-4-18
[  30.9700]ARRIVE-6-4
[  31.0700]ARRIVE-11-16
[  31.0700]OPEN-11-16
[  31.1070]ARRIVE-5-18
[  31.1700]ARRIVE-8-7
[  31.1700]IN-138-9-5
[  31.1700]CLOSE-9-5
[  31.3080]ARRIVE-6-18
[  31.3710]ARRIVE-5-4
[  31.4710]IN-148-11-16
[  31.4710]CLOSE-11-16
[  31.5090]ARRIVE-7-18
[  31.5710]ARRIVE-7-7
[  31.5710]ARRIVE-10-5
[  31.7090]ARRIVE-8-18
[  31.7710]ARRIVE-10-16
[  31.7710]ARRIVE-4-4
[  31.7710]OPEN-4-4
[  31.9090]ARRIVE-9-18
[  31.9720]ARRIVE-11-5
[  31.9720]OPEN-11-5
[  31.9720]ARRIVE-6-7
[  31.9720]OPEN-6-7
[  32.0720]ARRIVE-9-16
[  32.1100]ARRIVE-10-18
[  32.1720]IN-151-4-4
[  32.1720]CLOSE-4-4
[  32.3100]ARRIVE-11-18
[  32.3100]OPEN-11-18
[  32.3730]ARRIVE-8-16
[  32.3730]OPEN-8-16
[  32.3730]OUT-138-11-5
[  32.3730]OUT-145-6-7
[  32.3730]CLOSE-6-7
[  32.3730]CLOSE-11-5
[  32.5730]ARRIVE-3-4
[  32.5730]OPEN-3-4
[  32.7110]OUT-150-11-18
[  32.7110]CLOSE-11-18
[  32.7730]OUT-148-8-16
[  32.7730]CLOSE-8-16
[  32.9740]ARRIVE-10-5
[  32.9740]OUT-151-3-4
[  32.9740]CLOSE-3-4
[  33.3750]ARRIVE-9-5
[  33.7750]ARRIVE-8-5
[  34.1760]ARRIVE-7-5
[  34.5770]ARRIVE-6-5
[  34.8780]ARRIVE-9-16
[  34.8780]OPEN-9-16
[  34.9780]ARRIVE-4-4
[  34.9780]ARRIVE-5-5
[  35.2920]IN-154-9-16
[  35.2920]CLOSE-9-16
[  35.3790]ARRIVE-4-5
[  35.3790]ARRIVE-5-4
[  35.5940]ARRIVE-8-16
[  35.7790]ARRIVE-3-5
[  35.7790]OPEN-3-5
[  35.7790]ARRIVE-6-4
[  35.8950]ARRIVE-7-16
[  36.1800]ARRIVE-7-4
[  36.1800]IN-152-3-5
[  36.1800]CLOSE-3-5
[  36.1950]ARRIVE-6-16
[  36.1950]OPEN-6-16
[  36.5810]ARRIVE-8-4
[  36.5810]ARRIVE-4-5
[  36.5960]OUT-154-6-16
[  36.5960]CLOSE-6-16
[  36.9810]ARRIVE-5-5
[  36.9810]ARRIVE-7-16
[  36.9810]ARRIVE-9-4
[  36.9810]OPEN-9-4
[  37.2820]ARRIVE-8-16
[  37.3820]ARRIVE-6-5
[  37.3820]IN-153-9-4
[  37.3820]CLOSE-9-4
[  37.5830]ARRIVE-9-16
[  37.7830]ARRIVE-8-4
[  37.7830]OPEN-8-4
[  37.7830]ARRIVE-7-5
[  37.8830]ARRIVE-10-16
[  37.8830]OPEN-10-16
[  38.1840]OUT-153-8-4
[  38.1840]ARRIVE-8-5
[  38.1840]CLOSE-8-4
[  38.2840]IN-155-10-16
[  38.2840]CLOSE-10-16
[  38.5840]ARRIVE-9-16
[  38.5840]ARRIVE-9-5
[  38.8850]ARRIVE-8-16
[  38.8850]ARRIVE-10-18
[  38.9850]ARRIVE-10-5
[  39.0860]ARRIVE-9-4
[  39.0860]ARRIVE-9-18
[  39.1860]ARRIVE-7-16
[  39.1860]OPEN-7-16
[  39.2860]ARRIVE-8-18
[  39.3860]ARRIVE-11-5
[  39.3860]OPEN-11-5
[  39.4870]ARRIVE-10-4
[  39.4870]OPEN-10-4
[  39.4870]ARRIVE-7-18
[  39.5870]OUT-155-7-16
[  39.5870]CLOSE-7-16
[  39.6870]ARRIVE-6-18
[  39.7870]OUT-152-11-5
[  39.7870]CLOSE-11-5
[  39.8870]IN-157-10-4
[  39.8870]CLOSE-10-4
[  39.9030]ARRIVE-5-18
[  40.1030]ARRIVE-4-18
[  40.2880]ARRIVE-9-4
[  40.3030]ARRIVE-3-18
[  40.5040]ARRIVE-2-18
[  40.5040]OPEN-2-18
[  40.6880]ARRIVE-8-4
[  40.9040]IN-156-2-18
[  40.9040]CLOSE-2-18
[  41.0890]ARRIVE-7-4
[  41.1040]ARRIVE-3-18
[  41.3050]ARRIVE-4-18
[  41.3050]OPEN-4-18
[  41.4890]ARRIVE-6-4
[  41.4890]OPEN-6-4
[  41.7050]OUT-156-4-18
[  41.7050]CLOSE-4-18
[  41.8900]OUT-157-6-4
[  41.8900]CLOSE-6-4
[  42.5900]ARRIVE-3-18
[  42.5900]ARRIVE-5-8
[  42.6910]ARRIVE-6-16
[  42.6910]OPEN-6-16
[  42.7910]ARRIVE-7-4
[  42.7910]ARRIVE-4-8
[  42.7910]ARRIVE-10-5
[  42.7910]ARRIVE-2-18
[  42.7910]OPEN-2-18
[  42.9910]ARRIVE-7-17
[  42.9910]ARRIVE-3-8
[  42.9910]OPEN-3-8
[  43.0910]IN-162-6-16
[  43.0910]CLOSE-6-16
[  43.1910]ARRIVE-9-5
[  43.1910]IN-159-2-18
[  43.1910]CLOSE-2-18
[  43.1910]ARRIVE-8-4
[  43.1910]OPEN-8-4
[  43.3920]ARRIVE-7-16
[  43.3920]IN-163-3-8
[  43.3920]CLOSE-3-8
[  43.3920]ARRIVE-3-18
[  43.5920]ARRIVE-8-5
[  43.5920]ARRIVE-6-17
[  43.5920]IN-158-8-4
[  43.5920]ARRIVE-4-18
[  43.5920]ARRIVE-4-8
[  43.5920]CLOSE-8-4
[  43.5920]OPEN-6-17
[  43.6920]ARRIVE-8-16
[  43.7930]ARRIVE-5-18
[  43.7930]ARRIVE-5-8
[  43.9930]ARRIVE-9-4
[  43.9930]ARRIVE-9-16
[  43.9930]OPEN-9-16
[  43.9930]IN-160-6-17
[  43.9930]CLOSE-6-17
[  43.9930]ARRIVE-6-8
[  43.9930]ARRIVE-7-5
[  43.9930]ARRIVE-6-18
[  44.1940]ARRIVE-7-8
[  44.1940]OPEN-7-8
[  44.1940]ARRIVE-7-18
[  44.3940]ARRIVE-8-18
[  44.3940]OUT-162-9-16
[  44.3940]CLOSE-9-16
[  44.3940]ARRIVE-6-5
[  44.3940]ARRIVE-10-4
[  44.3940]OPEN-10-4
[  44.5940]ARRIVE-5-17
[  44.5940]ARRIVE-9-18
[  44.5940]OUT-163-7-8
[  44.5940]CLOSE-7-8
[  44.7940]ARRIVE-5-5
[  44.7940]OUT-158-10-4
[  44.7940]ARRIVE-10-18
[  44.7940]CLOSE-10-4
[  44.7940]OPEN-5-5
[  44.9950]ARRIVE-11-18
[  44.9950]OPEN-11-18
[  45.1950]ARRIVE-4-17
[  45.1950]IN-161-5-5
[  45.1950]CLOSE-5-5
[  45.3950]OUT-159-11-18
[  45.3950]CLOSE-11-18
[  45.5950]ARRIVE-6-5
[  45.5950]OPEN-6-5
[  45.7960]ARRIVE-3-17
[  45.9960]OUT-161-6-5
[  45.9960]CLOSE-6-5
[  46.3970]ARRIVE-2-17
[  46.3970]OPEN-2-17
[  46.7970]OUT-160-2-17
[  46.7970]CLOSE-2-17
