[   1.3120]ARRIVE-2-3
[   1.4120]ARRIVE-2-5
[   1.4120]ARRIVE-2-2
[   1.5210]ARRIVE-2-1
[   1.7130]ARRIVE-3-3
[   1.8130]ARRIVE-3-2
[   1.8130]ARRIVE-3-5
[   1.9290]ARRIVE-3-1
[   1.9290]OPEN-3-1
[   2.1140]ARRIVE-4-3
[   2.2140]ARRIVE-4-2
[   2.2140]ARRIVE-4-5
[   2.3300]IN-103-3-1
[   2.3300]CLOSE-3-1
[   2.5140]ARRIVE-5-3
[   2.6140]ARRIVE-5-5
[   2.6140]ARRIVE-5-2
[   2.7300]ARRIVE-4-1
[   2.9150]ARRIVE-6-3
[   3.0150]ARRIVE-6-5
[   3.0150]ARRIVE-6-2
[   3.1380]ARRIVE-5-1
[   3.2180]MAINTAIN_ACCEPT-1
[   3.3160]ARRIVE-7-3
[   3.3160]OPEN-7-3
[   3.3320]OPEN-1-6
[   3.4160]ARRIVE-7-2
[   3.4160]ARRIVE-7-5
[   3.5540]ARRIVE-6-1
[   3.5540]OPEN-6-1
[   3.6320]ARRIVE-2-4
[   3.7170]IN-100-7-3
[   3.7170]CLOSE-7-3
[   3.7320]IN-105-1-6
[   3.7320]IN-108-1-6
[   3.7320]CLOSE-1-6
[   3.8170]ARRIVE-8-5
[   3.8170]OPEN-8-5
[   3.8170]ARRIVE-8-2
[   3.9550]OUT-103-6-1
[   3.9550]CLOSE-6-1
[   3.9550]MAINTAIN_ABLE-1
[   4.0330]ARRIVE-3-4
[   4.0330]OPEN-3-4
[   4.1180]ARRIVE-8-3
[   4.1330]ARRIVE-2-6
[   4.1330]OPEN-2-6
[   4.2180]ARRIVE-9-2
[   4.5180]ARRIVE-9-3
[   4.5180]OPEN-9-3
[   4.5340]IN-111-2-6
[   4.5340]IN-115-2-6
[   4.5340]CLOSE-2-6
[   4.5340]IN-102-8-5
[   4.5340]CLOSE-8-5
[   4.5340]OPEN-8-5
[   4.5340]IN-104-3-4
[   4.6180]ARRIVE-10-2
[   4.6180]OPEN-10-2
[   4.9190]OUT-100-9-3
[   4.9340]ARRIVE-3-6
[   4.9340]IN-122-8-5
[   4.9340]CLOSE-8-5
[   4.9340]OPEN-3-6
[   5.3360]ARRIVE-9-5
[   5.3360]IN-109-3-6
[   5.3360]OPEN-9-5
[   5.3360]IN-117-3-6
[   5.3360]CLOSE-3-6
[   5.3360]IN-120-3-4
[   5.3360]CLOSE-3-4
[   5.3360]IN-123-9-3
[   5.3360]IN-101-10-2
[   5.3360]IN-125-9-3
[   5.3360]CLOSE-9-3
[   5.3360]IN-121-10-2
[   5.3360]IN-128-10-2
[   5.3360]CLOSE-10-2
[   5.3360]OPEN-10-2
[   5.7370]ARRIVE-8-3
[   5.7370]OUT-122-9-5
[   5.7370]ARRIVE-4-6
[   5.7370]ARRIVE-4-4
[   5.7370]OPEN-4-4
[   5.7370]IN-129-10-2
[   5.7370]CLOSE-10-2
[   5.7370]CLOSE-9-5
[   6.1370]ARRIVE-5-6
[   6.1370]OUT-120-4-4
[   6.1370]IN-106-4-4
[   6.1370]ARRIVE-10-5
[   6.1370]ARRIVE-9-2
[   6.1370]OPEN-9-2
[   6.1370]ARRIVE-7-3
[   6.1370]IN-112-4-4
[   6.1370]IN-144-4-4
[   6.1370]IN-159-4-4
[   6.1370]CLOSE-4-4
[   6.5380]ARRIVE-6-3
[   6.5380]ARRIVE-6-6
[   6.5380]OPEN-6-6
[   6.5380]ARRIVE-5-4
[   6.5380]OUT-101-9-2
[   6.5380]OUT-121-9-2
[   6.5380]OUT-128-9-2
[   6.5380]OUT-129-9-2
[   6.5380]ARRIVE-11-5
[   6.5380]OPEN-11-5
[   6.5380]OPEN-6-3
[   6.9390]OUT-102-11-5
[   6.9390]OUT-115-6-6
[   6.9390]IN-126-6-3
[   6.9390]OUT-109-6-6
[   6.9390]OPEN-5-4
[   6.9390]IN-151-9-2
[   6.9390]IN-107-11-5
[   6.9390]CLOSE-6-3
[   7.3400]ARRIVE-5-3
[   7.3400]OPEN-5-3
[   7.3400]IN-149-5-4
[   7.3400]CLOSE-5-4
[   7.3400]IN-137-11-5
[   7.3400]IN-138-11-5
[   7.3400]IN-150-11-5
[   7.3400]IN-158-11-5
[   7.3400]IN-161-11-5
[   7.3400]CLOSE-11-5
[   7.3400]IN-160-9-2
[   7.3400]IN-163-9-2
[   7.3400]CLOSE-9-2
[   7.3400]IN-110-6-6
[   7.3400]IN-103-6-6
[   7.3400]CLOSE-6-6
[   7.7410]ARRIVE-6-4
[   7.7410]ARRIVE-10-5
[   7.7410]OPEN-10-5
[   7.7410]ARRIVE-7-6
[   7.7410]ARRIVE-8-2
[   7.7410]OPEN-8-2
[   7.7410]OUT-123-5-3
[   8.1430]ARRIVE-8-6
[   8.1430]OUT-107-10-5
[   8.1430]IN-152-8-2
[   8.1430]ARRIVE-7-4
[   8.1430]IN-139-10-5
[   8.1430]CLOSE-8-2
[   8.1430]IN-114-5-3
[   8.1430]CLOSE-10-5
[   8.1430]IN-154-5-3
[   8.1430]CLOSE-5-3
[   8.5440]ARRIVE-4-3
[   8.5440]OPEN-4-3
[   8.5440]ARRIVE-9-6
[   8.5440]OPEN-9-6
[   8.5440]ARRIVE-8-4
[   8.5440]ARRIVE-9-5
[   8.5440]OPEN-9-5
[   8.5440]ARRIVE-7-2
[   8.9450]ARRIVE-6-2
[   8.9450]OUT-137-9-5
[   8.9450]OUT-138-9-5
[   8.9450]OUT-158-9-5
[   8.9450]OUT-161-9-5
[   8.9450]CLOSE-9-5
[   8.9450]OUT-105-9-6
[   8.9450]OUT-108-9-6
[   8.9450]OUT-111-9-6
[   8.9450]OUT-117-9-6
[   8.9450]OUT-110-9-6
[   8.9450]OUT-103-9-6
[   8.9450]OUT-125-4-3
[   8.9450]CLOSE-4-3
[   8.9450]ARRIVE-9-4
[   8.9450]OPEN-9-4
[   8.9450]IN-132-9-6
[   8.9450]IN-142-9-6
[   8.9450]CLOSE-9-6
[   9.3450]ARRIVE-3-3
[   9.3450]OPEN-3-3
[   9.3450]ARRIVE-5-2
[   9.3450]OPEN-5-2
[   9.3450]ARRIVE-10-6
[   9.3450]OPEN-10-6
[   9.3450]ARRIVE-8-5
[   9.3450]OUT-104-9-4
[   9.3450]OUT-112-9-4
[   9.3450]OUT-144-9-4
[   9.3450]OUT-159-9-4
[   9.3450]OUT-149-9-4
[   9.3450]CLOSE-9-4
[   9.7460]ARRIVE-10-4
[   9.7460]OUT-154-3-3
[   9.7460]ARRIVE-7-5
[   9.7460]OUT-142-10-6
[   9.7460]OUT-152-5-2
[   9.7460]IN-169-10-6
[   9.7460]CLOSE-10-6
[   9.7460]CLOSE-3-3
[   9.7460]OPEN-10-4
[   9.7460]CLOSE-5-2
[  10.1470]ARRIVE-4-2
[  10.1470]OPEN-4-2
[  10.1470]ARRIVE-2-3
[  10.1470]OPEN-2-3
[  10.1470]ARRIVE-6-5
[  10.1470]OPEN-6-5
[  10.1470]ARRIVE-11-6
[  10.1470]OPEN-11-6
[  10.1470]OUT-106-10-4
[  10.1470]IN-164-10-4
[  10.1470]IN-162-10-4
[  10.1470]IN-171-10-4
[  10.1470]CLOSE-10-4
[  10.5480]OUT-126-2-3
[  10.5480]OUT-150-6-5
[  10.5480]CLOSE-6-5
[  10.5480]OUT-151-4-2
[  10.5480]CLOSE-4-2
[  10.5480]ARRIVE-9-4
[  10.5480]OPEN-9-4
[  10.5480]OUT-132-11-6
[  10.5480]OUT-169-11-6
[  10.5480]IN-167-11-6
[  10.5480]CLOSE-11-6
[  10.5480]CLOSE-2-3
[  10.9490]ARRIVE-1-3
[  10.9490]OPEN-1-3
[  10.9490]OUT-164-9-4
[  10.9490]CLOSE-9-4
[  10.9490]ARRIVE-5-5
[  10.9490]ARRIVE-10-6
[  10.9490]ARRIVE-3-2
[  10.9490]OPEN-3-2
[  11.3490]ARRIVE-8-4
[  11.3490]OUT-160-3-2
[  11.3490]ARRIVE-4-5
[  11.3490]OUT-114-1-3
[  11.3490]IN-119-1-3
[  11.3490]IN-118-1-3
[  11.3490]IN-134-1-3
[  11.3490]IN-148-1-3
[  11.3490]IN-157-1-3
[  11.3490]CLOSE-1-3
[  11.3490]ARRIVE-9-6
[  11.3490]OPEN-9-6
[  11.3490]CLOSE-3-2
[  11.7490]OUT-167-9-6
[  11.7490]ARRIVE-2-2
[  11.7490]ARRIVE-3-5
[  11.7490]ARRIVE-7-4
[  11.7490]ARRIVE-2-3
[  11.7490]OPEN-2-3
[  11.7490]CLOSE-9-6
[  12.1500]ARRIVE-6-4
[  12.1500]ARRIVE-1-2
[  12.1500]OPEN-1-2
[  12.1500]ARRIVE-2-5
[  12.1500]IN-116-2-3
[  12.1500]CLOSE-2-3
[  12.5500]ARRIVE-8-6
[  12.5500]OPEN-8-6
[  12.5500]ARRIVE-3-3
[  12.5500]OUT-163-1-2
[  12.5500]CLOSE-1-2
[  12.5500]ARRIVE-1-5
[  12.5500]OPEN-1-5
[  12.5500]ARRIVE-5-4
[  12.5500]OPEN-5-4
[  12.9510]ARRIVE-2-2
[  12.9510]OPEN-2-2
[  12.9510]IN-130-8-6
[  12.9510]OUT-139-1-5
[  12.9510]CLOSE-1-5
[  12.9510]OUT-162-5-4
[  12.9510]CLOSE-5-4
[  12.9510]ARRIVE-4-3
[  12.9510]CLOSE-8-6
[  13.3510]ARRIVE-4-4
[  13.3510]IN-124-2-2
[  13.3510]IN-136-2-2
[  13.3510]IN-140-2-2
[  13.3510]IN-141-2-2
[  13.3510]IN-145-2-2
[  13.3510]IN-155-2-2
[  13.3510]CLOSE-2-2
[  13.3510]ARRIVE-9-6
[  13.3510]OPEN-9-6
[  13.3510]ARRIVE-5-3
[  13.3510]ARRIVE-2-5
[  13.3510]OPEN-2-5
[  13.7530]ARRIVE-3-4
[  13.7530]IN-127-2-5
[  13.7530]IN-165-2-5
[  13.7530]CLOSE-2-5
[  13.7530]ARRIVE-3-2
[  13.7530]OUT-130-9-6
[  13.7530]CLOSE-9-6
[  13.7530]ARRIVE-6-3
[  14.1540]ARRIVE-8-6
[  14.1540]ARRIVE-3-5
[  14.1540]ARRIVE-2-4
[  14.1540]OPEN-2-4
[  14.1540]ARRIVE-7-3
[  14.1540]ARRIVE-4-2
[  14.1540]OPEN-4-2
[  14.1540]OPEN-3-5
[  14.5560]ARRIVE-7-6
[  14.5560]OPEN-7-6
[  14.5560]OUT-136-4-2
[  14.5560]IN-131-3-5
[  14.5560]IN-135-3-5
[  14.5560]IN-143-3-5
[  14.5560]IN-153-3-5
[  14.5560]CLOSE-3-5
[  14.5560]OUT-171-2-4
[  14.5560]IN-166-4-2
[  14.5560]CLOSE-4-2
[  14.5560]CLOSE-2-4
[  14.9560]ARRIVE-5-2
[  14.9560]IN-113-7-6
[  14.9560]ARRIVE-8-3
[  14.9560]ARRIVE-4-5
[  14.9560]ARRIVE-3-4
[  14.9560]IN-146-7-6
[  14.9560]IN-147-7-6
[  14.9560]IN-156-7-6
[  14.9560]CLOSE-7-6
[  14.9560]OPEN-3-4
[  15.3570]ARRIVE-9-3
[  15.3570]OPEN-9-3
[  15.3570]ARRIVE-6-2
[  15.3570]IN-170-3-4
[  15.3570]CLOSE-3-4
[  15.3570]ARRIVE-8-6
[  15.3570]OPEN-8-6
[  15.3570]ARRIVE-5-5
[  15.7580]ARRIVE-4-4
[  15.7580]OPEN-4-4
[  15.7580]ARRIVE-7-2
[  15.7580]OUT-119-9-3
[  15.7580]OUT-134-9-3
[  15.7580]OUT-148-9-3
[  15.7580]OUT-157-9-3
[  15.7580]OUT-116-9-3
[  15.7580]OUT-156-8-6
[  15.7580]ARRIVE-6-5
[  15.7580]OPEN-6-5
[  16.1580]IN-168-4-4
[  16.1580]CLOSE-4-4
[  16.1580]OUT-153-6-5
[  16.1580]CLOSE-9-3
[  16.1580]CLOSE-8-6
[  16.1580]IN-133-6-5
[  16.1580]CLOSE-6-5
[  16.5590]ARRIVE-9-6
[  16.5590]OPEN-9-6
[  16.5590]ARRIVE-8-2
[  16.5590]OPEN-8-2
[  16.5590]ARRIVE-7-5
[  16.5590]ARRIVE-5-4
[  16.5590]OPEN-5-4
[  16.5590]ARRIVE-10-3
[  16.5590]OPEN-10-3
[  16.9600]ARRIVE-8-5
[  16.9600]OUT-168-5-4
[  16.9600]CLOSE-5-4
[  16.9600]OUT-155-8-2
[  16.9600]CLOSE-8-2
[  16.9600]OUT-113-9-6
[  16.9600]OUT-147-9-6
[  16.9600]CLOSE-9-6
[  16.9600]OUT-118-10-3
[  16.9600]CLOSE-10-3
[  17.3820]ARRIVE-6-4
[  17.3820]ARRIVE-9-2
[  17.3820]OPEN-9-2
[  17.3820]ARRIVE-9-5
[  17.3820]ARRIVE-10-6
[  17.3820]OPEN-9-5
[  17.7820]ARRIVE-7-4
[  17.7820]OUT-127-9-5
[  17.7820]OUT-165-9-5
[  17.7820]OUT-131-9-5
[  17.7820]ARRIVE-11-6
[  17.7820]OPEN-11-6
[  17.7820]OUT-124-9-2
[  17.7820]OUT-140-9-2
[  17.7820]OUT-141-9-2
[  17.7820]OUT-145-9-2
[  17.7820]OUT-166-9-2
[  17.7820]CLOSE-9-2
[  17.7820]OUT-135-9-5
[  17.7820]OUT-143-9-5
[  17.7820]OUT-133-9-5
[  17.7820]CLOSE-9-5
[  18.1820]ARRIVE-8-4
[  18.1820]OUT-146-11-6
[  18.1820]CLOSE-11-6
[  18.5830]ARRIVE-9-4
[  18.5830]OPEN-9-4
[  18.9840]OUT-170-9-4
[  18.9840]CLOSE-9-4
