[   1.3060]ARRIVE-2-6
[   1.4220]ARRIVE-2-1
[   1.6250]ARRIVE-2-5
[   1.7070]ARRIVE-3-6
[   1.7230]ARRIVE-2-2
[   1.8230]ARRIVE-3-1
[   2.0450]ARRIVE-3-5
[   2.1080]ARRIVE-4-6
[   2.1230]ARRIVE-3-2
[   2.2240]ARRIVE-4-1
[   2.4460]ARRIVE-4-5
[   2.4460]OPEN-4-5
[   2.5090]ARRIVE-5-6
[   2.5240]ARRIVE-4-2
[   2.6250]ARRIVE-5-1
[   2.6250]OPEN-5-1
[   2.8470]IN-102-4-5
[   2.8470]CLOSE-4-5
[   2.9090]ARRIVE-6-6
[   2.9250]ARRIVE-5-2
[   2.9250]OPEN-5-2
[   3.0250]IN-101-5-1
[   3.0250]CLOSE-5-1
[   3.2470]ARRIVE-3-5
[   3.2470]OPEN-3-5
[   3.3100]ARRIVE-7-6
[   3.3250]IN-103-5-2
[   3.3250]CLOSE-5-2
[   3.4260]ARRIVE-6-1
[   3.4260]OPEN-6-1
[   3.6490]OUT-102-3-5
[   3.6490]CLOSE-3-5
[   3.7110]ARRIVE-8-6
[   3.7270]ARRIVE-4-2
[   3.8270]OUT-101-6-1
[   3.8270]CLOSE-6-1
[   4.1120]ARRIVE-9-6
[   4.1280]ARRIVE-3-2
[   4.5120]ARRIVE-10-6
[   4.5280]ARRIVE-2-2
[   4.9130]ARRIVE-11-6
[   4.9130]OPEN-11-6
[   4.9290]ARRIVE-1-2
[   4.9290]OPEN-1-2
[   5.3140]IN-100-11-6
[   5.3140]CLOSE-11-6
[   5.3300]OUT-103-1-2
[   5.3300]CLOSE-1-2
[   5.5300]MAINTAIN_ACCEPT-2
[   5.5300]MAINTAIN_ABLE-2
[   5.5300]OPEN-1-3
[   5.7160]ARRIVE-10-6
[   5.9320]ARRIVE-7-1
[   5.9320]IN-104-1-3
[   5.9320]CLOSE-1-3
[   5.9320]ARRIVE-2-4
[   6.1170]ARRIVE-9-6
[   6.3450]ARRIVE-2-3
[   6.3450]ARRIVE-8-1
[   6.3450]ARRIVE-3-4
[   6.3450]OPEN-8-1
[   6.5180]ARRIVE-8-6
[   6.5180]OPEN-8-6
[   6.7570]ARRIVE-3-3
[   6.7570]OPEN-3-3
[   6.7570]ARRIVE-4-4
[   6.7570]IN-105-8-1
[   6.7570]CLOSE-8-1
[   6.9190]OUT-100-8-6
[   6.9190]CLOSE-8-6
[   7.1570]ARRIVE-7-1
[   7.1570]OUT-104-3-3
[   7.1570]ARRIVE-5-4
[   7.1570]CLOSE-3-3
[   7.5580]ARRIVE-6-4
[   7.5580]OPEN-6-4
[   7.5580]ARRIVE-6-1
[   7.9590]ARRIVE-5-1
[   7.9590]OPEN-5-1
[   7.9590]IN-106-6-4
[   7.9590]CLOSE-6-4
[   8.1370]ARRIVE-6-16
[   8.2370]ARRIVE-7-6
[   8.2370]ARRIVE-4-3
[   8.3420]ARRIVE-2-11
[   8.3420]OPEN-2-11
[   8.3600]ARRIVE-7-4
[   8.3600]OUT-105-5-1
[   8.3600]IN-113-5-1
[   8.3600]CLOSE-5-1
[   8.4380]ARRIVE-7-16
[   8.4600]ARRIVE-2-5
[   8.6390]ARRIVE-6-6
[   8.6390]ARRIVE-5-3
[   8.7390]ARRIVE-8-16
[   8.7610]ARRIVE-4-1
[   8.7610]ARRIVE-8-4
[   8.7610]IN-109-2-11
[   8.7610]IN-112-2-11
[   8.7610]IN-114-2-11
[   8.7610]CLOSE-2-11
[   8.8610]ARRIVE-1-5
[   8.8610]OPEN-1-5
[   9.0390]ARRIVE-5-6
[   9.0390]ARRIVE-9-16
[   9.0390]ARRIVE-6-3
[   9.1610]ARRIVE-3-1
[   9.1610]OPEN-3-1
[   9.1610]ARRIVE-9-4
[   9.1610]OPEN-9-4
[   9.2610]ARRIVE-3-11
[   9.2610]IN-111-1-5
[   9.2610]OPEN-3-11
[   9.2610]IN-119-1-5
[   9.2610]CLOSE-1-5
[   9.3400]ARRIVE-10-16
[   9.4400]ARRIVE-7-3
[   9.4400]ARRIVE-4-6
[   9.5610]OUT-113-3-1
[   9.5610]OUT-106-9-4
[   9.5610]CLOSE-9-4
[   9.5610]CLOSE-3-1
[   9.6400]ARRIVE-11-16
[   9.6400]OPEN-11-16
[   9.6620]ARRIVE-2-5
[   9.6620]OPEN-2-5
[   9.6620]OUT-114-3-11
[   9.6620]CLOSE-3-11
[   9.8400]ARRIVE-8-3
[   9.8400]OPEN-8-3
[   9.8400]ARRIVE-3-6
[   9.8400]OPEN-3-6
[   9.9620]ARRIVE-2-1
[   9.9620]OPEN-2-1
[   9.9620]ARRIVE-10-4
[   9.9620]OPEN-10-4
[  10.0400]IN-110-11-16
[  10.0400]CLOSE-11-16
[  10.0620]OUT-111-2-5
[  10.0620]IN-123-2-5
[  10.0620]CLOSE-2-5
[  10.1620]ARRIVE-4-11
[  10.1620]OPEN-4-11
[  10.2400]IN-107-8-3
[  10.2400]IN-108-3-6
[  10.2400]CLOSE-8-3
[  10.2400]CLOSE-3-6
[  10.3400]ARRIVE-10-16
[  10.3400]OPEN-10-16
[  10.3620]IN-120-2-1
[  10.3620]CLOSE-2-1
[  10.3620]IN-116-10-4
[  10.3620]CLOSE-10-4
[  10.4620]ARRIVE-3-5
[  10.5630]OUT-109-4-11
[  10.5630]CLOSE-4-11
[  10.6410]ARRIVE-9-3
[  10.6410]ARRIVE-2-6
[  10.6410]OPEN-9-3
[  10.7410]OUT-110-10-16
[  10.7410]CLOSE-10-16
[  10.7630]ARRIVE-3-1
[  10.7630]ARRIVE-11-4
[  10.7630]OPEN-11-4
[  10.8630]ARRIVE-4-5
[  10.8630]OPEN-4-5
[  11.0410]OUT-107-9-3
[  11.0410]CLOSE-9-3
[  11.0410]ARRIVE-1-6
[  11.0410]OPEN-1-6
[  11.0410]ARRIVE-9-16
[  11.0640]ARRIVE-5-11
[  11.0640]OPEN-5-11
[  11.0790]MAINTAIN_ACCEPT-3
[  11.1640]OUT-116-11-4
[  11.1640]ARRIVE-4-1
[  11.1640]CLOSE-11-4
[  11.2640]OUT-123-4-5
[  11.2640]CLOSE-4-5
[  11.3420]ARRIVE-8-16
[  11.4420]ARRIVE-8-3
[  11.4420]MAINTAIN_ABLE-3
[  11.4420]OUT-108-1-6
[  11.4420]IN-131-1-6
[  11.4420]CLOSE-1-6
[  11.4640]OUT-112-5-11
[  11.4640]IN-117-5-11
[  11.4640]IN-132-5-11
[  11.4640]CLOSE-5-11
[  11.5640]ARRIVE-10-4
[  11.5640]OPEN-10-4
[  11.5640]ARRIVE-5-1
[  11.5640]OPEN-5-1
[  11.6430]ARRIVE-7-16
[  11.6650]ARRIVE-5-5
[  11.6650]OPEN-5-5
[  11.8430]ARRIVE-2-6
[  11.8960]OPEN-8-10
[  11.9430]ARRIVE-6-16
[  11.9650]ARRIVE-6-11
[  11.9650]IN-125-10-4
[  11.9650]OUT-120-5-1
[  11.9650]OPEN-6-11
[  12.0660]OUT-119-5-5
[  12.2440]ARRIVE-3-6
[  12.2440]ARRIVE-5-16
[  12.2440]OPEN-5-16
[  12.3660]IN-140-6-11
[  12.3660]CLOSE-6-11
[  12.3660]IN-128-10-4
[  12.3660]CLOSE-5-1
[  12.3660]CLOSE-5-5
[  12.3660]IN-136-8-10
[  12.3660]IN-129-10-4
[  12.3660]IN-141-10-4
[  12.3660]CLOSE-10-4
[  12.3660]CLOSE-8-10
[  12.6450]IN-115-5-16
[  12.6450]IN-142-5-16
[  12.6450]IN-143-5-16
[  12.6450]CLOSE-5-16
[  12.7680]ARRIVE-6-1
[  12.7680]ARRIVE-6-5
[  12.7680]ARRIVE-4-6
[  12.7680]OPEN-4-6
[  12.7680]ARRIVE-9-10
[  12.7680]ARRIVE-9-4
[  12.7680]OPEN-9-4
[  12.7680]OPEN-9-10
[  12.8690]ARRIVE-7-11
[  12.8690]OPEN-7-11
[  12.9470]ARRIVE-4-16
[  12.9470]OPEN-4-16
[  13.1690]ARRIVE-7-1
[  13.1690]OPEN-7-1
[  13.1690]IN-139-9-10
[  13.1690]CLOSE-9-10
[  13.1690]ARRIVE-7-5
[  13.1690]OPEN-7-5
[  13.1690]OUT-129-9-4
[  13.1690]IN-124-9-4
[  13.1690]OUT-131-4-6
[  13.1690]IN-130-9-4
[  13.1690]CLOSE-9-4
[  13.1690]IN-137-4-6
[  13.1690]CLOSE-4-6
[  13.2690]OUT-140-7-11
[  13.2690]IN-133-7-11
[  13.2690]CLOSE-7-11
[  13.3470]OUT-142-4-16
[  13.3470]IN-121-4-16
[  13.3470]IN-127-4-16
[  13.3470]CLOSE-4-16
[  13.5690]ARRIVE-8-4
[  13.5690]OPEN-8-4
[  13.5690]IN-118-7-5
[  13.5690]IN-122-7-1
[  13.5690]CLOSE-7-1
[  13.5690]ARRIVE-5-6
[  13.5690]ARRIVE-10-10
[  13.5690]OPEN-10-10
[  13.5690]CLOSE-7-5
[  13.6480]ARRIVE-3-16
[  13.6480]OPEN-3-16
[  13.7700]ARRIVE-8-11
[  13.7700]OPEN-8-11
[  13.9700]ARRIVE-8-1
[  13.9700]ARRIVE-8-5
[  13.9700]OUT-128-8-4
[  13.9700]OUT-130-8-4
[  13.9700]CLOSE-8-4
[  13.9700]OUT-136-10-10
[  13.9700]CLOSE-10-10
[  13.9700]ARRIVE-6-6
[  13.9700]OPEN-6-6
[  14.0480]OUT-143-3-16
[  14.0480]IN-135-3-16
[  14.0480]CLOSE-3-16
[  14.1710]OUT-132-8-11
[  14.1710]OUT-133-8-11
[  14.1710]CLOSE-8-11
[  14.3020]MAINTAIN_ACCEPT-5
[  14.3490]ARRIVE-2-16
[  14.3490]OPEN-2-16
[  14.3710]ARRIVE-9-1
[  14.3710]ARRIVE-7-4
[  14.3710]OPEN-7-4
[  14.3710]ARRIVE-11-10
[  14.3710]OPEN-11-10
[  14.3710]OUT-137-6-6
[  14.3710]CLOSE-6-6
[  14.3710]ARRIVE-9-5
[  14.3710]OPEN-9-5
[  14.6710]ARRIVE-9-11
[  14.6710]OPEN-9-11
[  14.7490]OUT-115-2-16
[  14.7490]CLOSE-2-16
[  14.7720]OUT-139-11-10
[  14.7720]ARRIVE-10-1
[  14.7720]OUT-118-9-5
[  14.7720]CLOSE-9-5
[  14.7720]MAINTAIN_ABLE-5
[  14.7720]ARRIVE-7-6
[  14.7720]OPEN-7-6
[  14.7720]OUT-125-7-4
[  14.7720]OUT-141-7-4
[  14.7720]CLOSE-7-4
[  14.7720]IN-138-11-10
[  14.7720]CLOSE-11-10
[  15.0500]ARRIVE-1-16
[  15.0500]OPEN-1-16
[  15.0720]OUT-117-9-11
[  15.0720]CLOSE-9-11
[  15.1720]ARRIVE-6-4
[  15.1720]OPEN-6-4
[  15.1720]IN-126-7-6
[  15.1720]CLOSE-7-6
[  15.1720]ARRIVE-11-1
[  15.1720]OPEN-11-1
[  15.1720]ARRIVE-10-10
[  15.1720]OPEN-10-10
[  15.4510]OUT-121-1-16
[  15.4510]OUT-127-1-16
[  15.4510]OUT-135-1-16
[  15.4510]IN-144-1-16
[  15.4510]CLOSE-1-16
[  15.5720]ARRIVE-8-11
[  15.5880]ARRIVE-6-6
[  15.5880]OPEN-6-6
[  15.5880]OUT-124-6-4
[  15.5880]CLOSE-6-4
[  15.5880]OUT-122-11-1
[  15.5880]CLOSE-11-1
[  15.5880]OUT-138-10-10
[  15.5880]CLOSE-10-10
[  15.7730]ARRIVE-2-16
[  15.9890]OUT-126-6-6
[  15.9890]CLOSE-6-6
[  16.0730]ARRIVE-7-11
[  16.0730]ARRIVE-3-16
[  16.0730]OPEN-3-16
[  16.4730]OUT-144-3-16
[  16.4730]CLOSE-3-16
[  16.5730]ARRIVE-6-11
[  17.0740]ARRIVE-5-11
[  17.5750]ARRIVE-4-11
[  18.0760]ARRIVE-3-11
[  18.5770]ARRIVE-2-11
[  19.0770]ARRIVE-1-11
[  19.0770]OPEN-1-11
[  19.1080]ARRIVE-2-16
[  19.1080]OPEN-2-16
[  19.4780]IN-134-1-11
[  19.4780]CLOSE-1-11
[  19.5090]ARRIVE-2-19
[  19.5090]OPEN-2-19
[  19.5090]IN-145-2-16
[  19.5090]CLOSE-2-16
[  19.8100]ARRIVE-1-16
[  19.8100]OPEN-1-16
[  19.9100]IN-146-2-19
[  19.9100]CLOSE-2-19
[  19.9790]ARRIVE-2-11
[  19.9790]OPEN-2-11
[  20.2100]OUT-145-1-16
[  20.2100]CLOSE-1-16
[  20.3800]OUT-134-2-11
[  20.3800]CLOSE-2-11
[  20.4110]ARRIVE-1-19
[  20.4110]OPEN-1-19
[  20.8120]OUT-146-1-19
[  20.8120]CLOSE-1-19
[  23.6320]OPEN-10-10
[  23.7160]ARRIVE-7-4
[  23.7160]ARRIVE-10-1
[  23.8170]ARRIVE-2-19
[  23.9320]ARRIVE-2-16
[  24.0170]ARRIVE-3-11
[  24.0170]ARRIVE-2-8
[  24.0320]ARRIVE-5-6
[  24.0320]IN-153-10-10
[  24.0320]CLOSE-10-10
[  24.1170]ARRIVE-9-1
[  24.1170]ARRIVE-8-4
[  24.1170]OPEN-9-1
[  24.2330]ARRIVE-3-16
[  24.3170]ARRIVE-3-19
[  24.4330]ARRIVE-9-10
[  24.4330]ARRIVE-4-6
[  24.4330]OPEN-4-6
[  24.5180]IN-149-9-1
[  24.5180]CLOSE-9-1
[  24.5180]ARRIVE-1-8
[  24.5180]OPEN-1-8
[  24.5180]ARRIVE-9-4
[  24.5180]ARRIVE-4-11
[  24.5330]ARRIVE-4-16
[  24.8180]ARRIVE-4-19
[  24.8340]ARRIVE-8-10
[  24.8340]ARRIVE-5-16
[  24.8340]IN-154-4-6
[  24.8340]IN-158-4-6
[  24.8340]CLOSE-4-6
[  24.9190]ARRIVE-10-1
[  24.9190]OPEN-10-1
[  24.9190]ARRIVE-10-4
[  24.9190]IN-150-1-8
[  24.9190]CLOSE-1-8
[  25.0190]ARRIVE-5-11
[  25.1340]ARRIVE-6-16
[  25.1340]OPEN-6-16
[  25.2350]ARRIVE-7-10
[  25.2350]ARRIVE-3-6
[  25.3190]ARRIVE-11-4
[  25.3190]ARRIVE-5-19
[  25.3190]OUT-149-10-1
[  25.3190]OPEN-11-4
[  25.3190]IN-156-10-1
[  25.3190]CLOSE-10-1
[  25.4190]ARRIVE-2-8
[  25.4190]OPEN-2-8
[  25.5200]ARRIVE-6-11
[  25.5350]IN-155-6-16
[  25.5350]IN-157-6-16
[  25.5350]CLOSE-6-16
[  25.6360]ARRIVE-2-6
[  25.6360]ARRIVE-6-10
[  25.6360]OPEN-6-10
[  25.7210]ARRIVE-11-1
[  25.7210]OPEN-11-1
[  25.7210]IN-148-11-4
[  25.7210]IN-159-11-4
[  25.7210]CLOSE-11-4
[  25.8210]ARRIVE-6-19
[  25.8210]OUT-150-2-8
[  25.8210]CLOSE-2-8
[  25.8370]ARRIVE-7-16
[  25.8370]OPEN-7-16
[  26.0210]ARRIVE-7-11
[  26.0370]OUT-153-6-10
[  26.0370]CLOSE-6-10
[  26.0370]ARRIVE-1-6
[  26.0370]OPEN-1-6
[  26.0370]MAINTAIN_ACCEPT-11
[  26.1210]ARRIVE-10-4
[  26.1210]OPEN-10-4
[  26.1210]OUT-156-11-1
[  26.1210]CLOSE-11-1
[  26.2390]OUT-157-7-16
[  26.2390]CLOSE-7-16
[  26.3220]ARRIVE-7-19
[  26.3220]ARRIVE-3-8
[  26.4380]ARRIVE-7-10
[  26.4380]OUT-154-1-6
[  26.4380]OUT-158-1-6
[  26.4380]IN-164-1-6
[  26.4380]CLOSE-1-6
[  26.5220]ARRIVE-8-11
[  26.5220]MAINTAIN_ABLE-11
[  26.5220]OUT-148-10-4
[  26.5220]ARRIVE-10-1
[  26.5220]CLOSE-10-4
[  26.5540]ARRIVE-8-16
[  26.5540]OPEN-8-16
[  26.8230]ARRIVE-4-8
[  26.8230]OPEN-4-8
[  26.8230]ARRIVE-8-19
[  26.8230]OPEN-8-19
[  26.8380]ARRIVE-2-6
[  26.8380]ARRIVE-8-10
[  26.8380]OPEN-8-10
[  26.8380]OPEN-2-6
[  26.9230]ARRIVE-9-1
[  26.9230]ARRIVE-9-4
[  26.9540]OUT-155-8-16
[  27.2390]IN-162-2-6
[  27.2390]IN-163-2-6
[  27.2390]IN-165-2-6
[  27.2390]IN-166-2-6
[  27.2390]CLOSE-2-6
[  27.2390]IN-160-4-8
[  27.2390]OPEN-9-4
[  27.2390]CLOSE-8-16
[  27.2390]IN-147-8-19
[  27.2390]IN-152-8-10
[  27.3240]ARRIVE-8-1
[  27.6400]ARRIVE-3-6
[  27.6400]OPEN-3-6
[  27.6400]IN-151-9-4
[  27.6400]CLOSE-9-4
[  27.6400]CLOSE-8-19
[  27.6400]CLOSE-8-10
[  27.6400]CLOSE-4-8
[  27.7240]ARRIVE-7-1
[  28.0400]ARRIVE-8-4
[  28.0400]OPEN-8-4
[  28.0400]OUT-164-3-6
[  28.0400]OUT-165-3-6
[  28.0400]CLOSE-3-6
[  28.0400]ARRIVE-9-10
[  28.1250]ARRIVE-6-1
[  28.1410]ARRIVE-5-8
[  28.1410]ARRIVE-7-19
[  28.3410]MAINTAIN_ACCEPT-8
[  28.4420]ARRIVE-4-6
[  28.4420]OPEN-4-6
[  28.4420]ARRIVE-10-10
[  28.4420]OUT-159-8-4
[  28.4420]OUT-151-8-4
[  28.4420]CLOSE-8-4
[  28.5260]ARRIVE-5-1
[  28.6420]ARRIVE-7-16
[  28.6420]ARRIVE-6-19
[  28.6420]ARRIVE-6-8
[  28.6420]OPEN-6-8
[  28.7420]OPEN-10-14
[  28.8420]ARRIVE-11-10
[  28.8420]OPEN-11-10
[  28.8420]ARRIVE-9-4
[  28.8420]OUT-162-4-6
[  28.8420]CLOSE-4-6
[  28.9270]ARRIVE-4-1
[  28.9270]OPEN-4-1
[  28.9430]ARRIVE-6-16
[  28.9430]OPEN-6-16
[  29.0430]OUT-160-6-8
[  29.0430]CLOSE-6-8
[  29.0430]MAINTAIN_ABLE-8
[  29.1430]ARRIVE-5-19
[  29.1430]OPEN-5-19
[  29.1430]IN-173-10-14
[  29.1430]CLOSE-10-14
[  29.2430]ARRIVE-5-6
[  29.2430]OPEN-5-6
[  29.2430]ARRIVE-10-4
[  29.2430]OPEN-10-4
[  29.2430]OUT-152-11-10
[  29.2430]CLOSE-11-10
[  29.3280]IN-161-4-1
[  29.3280]CLOSE-4-1
[  29.3430]IN-167-6-16
[  29.3430]IN-160-6-16
[  29.3430]CLOSE-6-16
[  29.5440]ARRIVE-11-14
[  29.5440]OPEN-11-14
[  29.5440]OUT-147-5-19
[  29.5440]IN-174-5-19
[  29.5440]CLOSE-5-19
[  29.6440]ARRIVE-7-16
[  29.6440]IN-170-10-4
[  29.6440]CLOSE-10-4
[  29.6440]OUT-163-5-6
[  29.6440]OUT-166-5-6
[  29.6440]CLOSE-5-6
[  29.6440]ARRIVE-10-10
[  29.7290]ARRIVE-3-1
[  29.9450]ARRIVE-8-16
[  29.9450]OPEN-8-16
[  29.9450]OUT-173-11-14
[  29.9450]CLOSE-11-14
[  30.0450]ARRIVE-9-4
[  30.0450]ARRIVE-4-6
[  30.0450]ARRIVE-6-19
[  30.0450]OPEN-6-19
[  30.0450]ARRIVE-9-10
[  30.0450]OPEN-9-10
[  30.1290]ARRIVE-2-1
[  30.3460]ARRIVE-10-14
[  30.3460]OUT-160-8-16
[  30.3460]CLOSE-8-16
[  30.4460]ARRIVE-8-4
[  30.4460]OPEN-8-4
[  30.4460]ARRIVE-3-6
[  30.4460]OPEN-3-6
[  30.4460]IN-171-9-10
[  30.4460]CLOSE-9-10
[  30.4460]OUT-174-6-19
[  30.4460]CLOSE-6-19
[  30.5300]ARRIVE-1-1
[  30.5300]OPEN-1-1
[  30.6460]ARRIVE-9-16
[  30.6460]OPEN-9-16
[  30.7460]ARRIVE-9-14
[  30.7460]MAINTAIN_ACCEPT-1
[  30.8460]ARRIVE-8-10
[  30.8460]OPEN-8-10
[  30.8460]IN-168-3-6
[  30.8460]CLOSE-3-6
[  30.8460]OUT-170-8-4
[  30.8460]CLOSE-8-4
[  30.9310]OUT-161-1-1
[  30.9310]CLOSE-1-1
[  30.9310]MAINTAIN_ABLE-1
[  30.9470]ARRIVE-5-19
[  31.0470]OUT-167-9-16
[  31.0470]CLOSE-9-16
[  31.1470]ARRIVE-8-14
[  31.2470]ARRIVE-4-6
[  31.2470]OPEN-4-6
[  31.2470]OUT-171-8-10
[  31.2470]CLOSE-8-10
[  31.2470]ARRIVE-9-4
[  31.3470]ARRIVE-8-16
[  31.4480]ARRIVE-4-19
[  31.5480]ARRIVE-7-14
[  31.6480]ARRIVE-7-10
[  31.6480]OUT-168-4-6
[  31.6480]ARRIVE-7-16
[  31.6480]ARRIVE-10-4
[  31.6480]OPEN-10-4
[  31.6480]IN-179-4-6
[  31.6480]CLOSE-4-6
[  31.9480]ARRIVE-3-19
[  31.9480]ARRIVE-6-14
[  31.9480]ARRIVE-6-16
[  31.9480]OPEN-6-16
[  32.0490]ARRIVE-3-6
[  32.0490]IN-175-10-4
[  32.0490]ARRIVE-6-10
[  32.0490]OPEN-6-10
[  32.0490]CLOSE-10-4
[  32.3490]ARRIVE-5-14
[  32.3490]IN-177-6-16
[  32.3490]CLOSE-6-16
[  32.4500]ARRIVE-9-4
[  32.4500]IN-180-6-10
[  32.4500]CLOSE-6-10
[  32.4500]ARRIVE-2-19
[  32.4500]OPEN-2-19
[  32.4500]ARRIVE-2-6
[  32.6500]ARRIVE-5-16
[  32.6500]OPEN-5-16
[  32.7500]ARRIVE-4-14
[  32.8500]ARRIVE-8-4
[  32.8500]OPEN-8-4
[  32.8500]ARRIVE-5-10
[  32.8500]OPEN-5-10
[  32.8500]ARRIVE-1-6
[  32.8500]OPEN-1-6
[  32.8500]IN-172-2-19
[  32.8500]CLOSE-2-19
[  33.0500]OUT-177-5-16
[  33.0500]CLOSE-5-16
[  33.1510]ARRIVE-3-14
[  33.1510]OPEN-3-14
[  33.2510]OUT-179-1-6
[  33.2510]OUT-180-5-10
[  33.2510]CLOSE-5-10
[  33.2510]OUT-175-8-4
[  33.2510]CLOSE-8-4
[  33.2510]IN-178-1-6
[  33.2510]CLOSE-1-6
[  33.3510]ARRIVE-3-19
[  33.3510]ARRIVE-4-16
[  33.5510]IN-169-3-14
[  33.5510]CLOSE-3-14
[  33.6510]ARRIVE-2-6
[  33.6510]OPEN-2-6
[  33.6510]ARRIVE-3-16
[  33.6510]OPEN-3-16
[  33.8520]ARRIVE-4-19
[  33.8520]OPEN-4-19
[  33.9520]ARRIVE-4-14
[  34.0520]OUT-178-2-6
[  34.0520]IN-176-3-16
[  34.0520]CLOSE-2-6
[  34.0520]CLOSE-3-16
[  34.2530]OUT-172-4-19
[  34.2530]CLOSE-4-19
[  34.3530]ARRIVE-4-16
[  34.3530]ARRIVE-5-14
[  34.3530]OPEN-4-16
[  34.7540]ARRIVE-6-14
[  34.7540]OUT-176-4-16
[  34.7540]CLOSE-4-16
[  35.1540]ARRIVE-7-14
[  35.1540]OPEN-7-14
[  35.5560]OUT-169-7-14
[  35.5560]CLOSE-7-14
