[   1.3000]ARRIVE-2-6
[   1.3000]ARRIVE-2-5
[   1.3380]MAINTAIN_ACCEPT-3
[   1.4160]ARRIVE-2-4
[   1.4160]ARRIVE-2-1
[   1.5270]ARRIVE-2-2
[   1.5270]ARRIVE-2-3
[   1.5270]MAINTAIN_ABLE-3
[   1.7010]ARRIVE-3-5
[   1.7010]ARRIVE-3-6
[   1.8170]ARRIVE-3-4
[   1.8170]ARRIVE-3-1
[   1.9390]ARRIVE-3-2
[   2.1020]ARRIVE-4-5
[   2.1020]ARRIVE-4-6
[   2.2180]ARRIVE-4-1
[   2.2180]ARRIVE-4-4
[   2.3400]ARRIVE-4-2
[   2.5030]ARRIVE-5-6
[   2.5030]ARRIVE-5-5
[   2.6190]ARRIVE-5-1
[   2.6190]ARRIVE-5-4
[   2.7410]ARRIVE-5-2
[   2.9030]ARRIVE-6-6
[   2.9030]ARRIVE-6-5
[   3.0480]ARRIVE-6-1
[   3.0480]ARRIVE-6-4
[   3.0480]OPEN-6-4
[   3.1420]ARRIVE-6-2
[   3.1420]OPEN-6-2
[   3.3040]ARRIVE-7-6
[   3.3040]ARRIVE-7-5
[   3.3040]OPEN-7-5
[   3.4580]ARRIVE-7-1
[   3.4580]OPEN-7-1
[   3.4580]IN-103-6-4
[   3.4580]CLOSE-6-4
[   3.5580]IN-104-6-2
[   3.5580]CLOSE-6-2
[   3.7050]ARRIVE-8-6
[   3.7050]IN-101-7-5
[   3.7050]IN-105-7-5
[   3.7050]IN-107-7-5
[   3.7050]CLOSE-7-5
[   3.8590]ARRIVE-7-4
[   3.8590]OPEN-7-4
[   3.8590]IN-102-7-1
[   3.8590]CLOSE-7-1
[   3.9590]ARRIVE-7-2
[   4.1070]ARRIVE-8-5
[   4.1070]ARRIVE-9-6
[   4.1070]OPEN-8-5
[   4.2600]ARRIVE-8-1
[   4.2600]OUT-103-7-4
[   4.3600]ARRIVE-8-2
[   4.5080]ARRIVE-10-6
[   4.5080]IN-108-8-5
[   4.5080]OPEN-10-6
[   4.5080]CLOSE-7-4
[   4.5080]CLOSE-8-5
[   4.9090]IN-100-10-6
[   4.9090]CLOSE-10-6
[   4.9090]ARRIVE-9-2
[   4.9090]ARRIVE-9-5
[   4.9090]ARRIVE-9-1
[   4.9090]ARRIVE-6-4
[   4.9090]OPEN-9-1
[   5.3100]ARRIVE-10-5
[   5.3100]ARRIVE-10-2
[   5.3100]OUT-102-9-1
[   5.3100]ARRIVE-5-4
[   5.3100]ARRIVE-11-6
[   5.3100]CLOSE-9-1
[   5.3100]OPEN-10-5
[   5.3100]OPEN-11-6
[   5.7110]OUT-100-11-6
[   5.7110]ARRIVE-11-2
[   5.7110]OUT-105-10-5
[   5.7110]ARRIVE-4-4
[   5.7110]OUT-107-10-5
[   5.7110]OPEN-11-2
[   5.7110]CLOSE-11-6
[   5.7110]CLOSE-10-5
[   6.1120]ARRIVE-11-5
[   6.1120]OUT-104-11-2
[   6.1120]CLOSE-11-2
[   6.1120]ARRIVE-3-4
[   6.1120]OPEN-11-5
[   6.1120]OPEN-3-4
[   6.5130]IN-106-3-4
[   6.5130]OUT-101-11-5
[   6.5130]CLOSE-3-4
[   6.5130]OUT-108-11-5
[   6.5130]CLOSE-11-5
[   6.9140]ARRIVE-4-4
[   7.3150]ARRIVE-5-4
[   7.7150]ARRIVE-6-4
[   8.1150]ARRIVE-7-4
[   8.5160]ARRIVE-8-4
[   8.5160]OPEN-8-4
[   8.7690]MAINTAIN_ACCEPT-2
[   8.7690]MAINTAIN_ABLE-2
[   8.9160]OUT-106-8-4
[   8.9160]CLOSE-8-4
[   9.0540]ARRIVE-10-5
[   9.4550]ARRIVE-9-5
[   9.8550]ARRIVE-8-5
[   9.8550]OPEN-8-5
[  10.2560]IN-109-8-5
[  10.2560]CLOSE-8-5
[  10.6570]ARRIVE-9-5
[  11.0590]ARRIVE-10-5
[  11.0590]OPEN-10-5
[  11.4600]OUT-109-10-5
[  11.4600]CLOSE-10-5
[  12.1760]MAINTAIN_ACCEPT-6
[  12.1760]MAINTAIN_ABLE-6
[  12.5770]ARRIVE-9-5
[  12.5770]OPEN-9-5
[  12.9780]IN-110-9-5
[  12.9780]CLOSE-9-5
[  13.3790]ARRIVE-10-5
[  13.3790]OPEN-10-5
[  13.7790]OUT-110-10-5
[  13.7790]CLOSE-10-5
[  15.4960]MAINTAIN_ACCEPT-1
[  15.5810]ARRIVE-9-5
[  15.5810]ARRIVE-8-1
[  15.5810]MAINTAIN_ABLE-1
[  15.6810]ARRIVE-6-14
[  15.6970]ARRIVE-7-4
[  15.9820]ARRIVE-8-5
[  16.0970]ARRIVE-6-4
[  16.1820]ARRIVE-5-14
[  16.3820]ARRIVE-7-5
[  16.4980]ARRIVE-5-4
[  16.4980]OPEN-5-4
[  16.6830]ARRIVE-4-14
[  16.6830]OPEN-4-14
[  16.7830]ARRIVE-6-5
[  16.8990]IN-114-5-4
[  16.8990]IN-118-5-4
[  16.8990]CLOSE-5-4
[  17.0830]IN-112-4-14
[  17.0830]CLOSE-4-14
[  17.1830]ARRIVE-5-5
[  17.2990]ARRIVE-6-4
[  17.5840]ARRIVE-4-5
[  17.5840]ARRIVE-5-14
[  17.7000]ARRIVE-7-4
[  17.7000]OPEN-7-4
[  17.9850]ARRIVE-3-5
[  17.9850]OPEN-3-5
[  18.0850]ARRIVE-6-14
[  18.1010]IN-116-7-4
[  18.1010]CLOSE-7-4
[  18.3860]IN-111-3-5
[  18.3860]IN-113-3-5
[  18.3860]CLOSE-3-5
[  18.5010]ARRIVE-8-4
[  18.5010]OPEN-8-4
[  18.6010]ARRIVE-7-14
[  18.7860]ARRIVE-4-5
[  18.9020]OUT-114-8-4
[  18.9020]CLOSE-8-4
[  19.1020]ARRIVE-8-14
[  19.1870]ARRIVE-5-5
[  19.3030]ARRIVE-9-4
[  19.3030]OPEN-9-4
[  19.5880]ARRIVE-6-5
[  19.6040]ARRIVE-9-14
[  19.7030]IN-117-9-4
[  19.7030]CLOSE-9-4
[  20.1040]ARRIVE-7-5
[  20.1040]ARRIVE-10-4
[  20.1040]OPEN-10-4
[  20.1040]OPEN-7-5
[  20.2040]ARRIVE-10-14
[  20.5050]OUT-118-10-4
[  20.5050]IN-127-7-5
[  20.5050]CLOSE-7-5
[  20.5050]OUT-116-10-4
[  20.5050]OUT-117-10-4
[  20.5050]OPEN-10-14
[  20.9060]ARRIVE-8-5
[  20.9060]IN-126-10-14
[  20.9060]CLOSE-10-14
[  20.9060]OPEN-8-5
[  20.9060]CLOSE-10-4
[  21.3060]ARRIVE-9-4
[  21.3060]OUT-127-8-5
[  21.3060]IN-131-8-5
[  21.3060]CLOSE-8-5
[  21.4070]ARRIVE-11-14
[  21.4070]OPEN-11-14
[  21.7070]ARRIVE-8-4
[  21.7070]OPEN-8-4
[  21.7070]ARRIVE-9-5
[  21.7070]OPEN-9-5
[  21.8070]OUT-112-11-14
[  21.8070]OUT-126-11-14
[  21.8070]CLOSE-11-14
[  22.1070]IN-122-8-4
[  22.1070]CLOSE-8-4
[  22.1070]OUT-131-9-5
[  22.1070]IN-137-9-5
[  22.1070]IN-138-9-5
[  22.1070]CLOSE-9-5
[  22.2760]MAINTAIN_ACCEPT-8
[  22.3080]ARRIVE-10-14
[  22.5080]ARRIVE-9-4
[  22.5080]OPEN-9-4
[  22.5080]ARRIVE-10-5
[  22.5080]OPEN-10-5
[  22.6770]ARRIVE-9-8
[  22.6770]MAINTAIN_ABLE-8
[  22.8090]ARRIVE-9-14
[  22.8090]OPEN-9-14
[  22.9090]OUT-111-10-5
[  22.9090]OUT-113-10-5
[  22.9090]OUT-138-10-5
[  22.9090]CLOSE-10-5
[  22.9090]OUT-122-9-4
[  22.9090]CLOSE-9-4
[  23.2090]IN-133-9-14
[  23.2090]CLOSE-9-14
[  23.3100]ARRIVE-11-5
[  23.3100]ARRIVE-8-4
[  23.3100]OPEN-11-5
[  23.7100]ARRIVE-7-4
[  23.7100]OPEN-7-4
[  23.7100]OUT-137-11-5
[  23.7100]ARRIVE-10-14
[  23.7100]CLOSE-11-5
[  23.7100]OPEN-10-14
[  24.1120]OUT-133-10-14
[  24.1120]IN-135-7-4
[  24.1120]IN-139-7-4
[  24.1120]IN-143-7-4
[  24.1120]CLOSE-7-4
[  24.1120]ARRIVE-10-5
[  24.1120]CLOSE-10-14
[  24.5120]ARRIVE-9-5
[  24.5120]ARRIVE-8-4
[  24.5120]OPEN-8-4
[  24.6130]ARRIVE-9-14
[  24.9130]ARRIVE-8-5
[  24.9130]OUT-135-8-4
[  24.9130]OUT-139-8-4
[  24.9130]OUT-143-8-4
[  24.9130]CLOSE-8-4
[  25.1140]ARRIVE-8-14
[  25.3140]ARRIVE-7-4
[  25.3140]ARRIVE-7-5
[  25.3140]OPEN-7-5
[  25.4990]OPEN-9-15
[  25.6150]ARRIVE-7-14
[  25.7150]ARRIVE-6-4
[  25.7150]OPEN-6-4
[  25.7150]IN-136-7-5
[  25.7150]IN-152-7-5
[  25.7150]IN-160-7-5
[  25.7150]CLOSE-7-5
[  25.8990]IN-149-9-15
[  25.8990]IN-156-9-15
[  25.8990]IN-162-9-15
[  25.8990]CLOSE-9-15
[  26.1000]ARRIVE-10-15
[  26.1000]OPEN-10-15
[  26.1150]ARRIVE-8-5
[  26.1150]IN-129-6-4
[  26.1150]ARRIVE-6-14
[  26.1150]OPEN-6-14
[  26.1150]OPEN-8-5
[  26.5010]OUT-149-10-15
[  26.5160]IN-164-8-5
[  26.5160]CLOSE-8-5
[  26.5160]IN-148-10-15
[  26.5160]CLOSE-10-15
[  26.5160]IN-128-6-14
[  26.5160]IN-140-6-4
[  26.5160]IN-141-6-4
[  26.5160]IN-146-6-4
[  26.5160]IN-158-6-4
[  26.5160]CLOSE-6-4
[  26.5160]CLOSE-6-14
[  26.7170]ARRIVE-11-15
[  26.7170]OPEN-11-15
[  26.8330]OPEN-2-9
[  26.9170]ARRIVE-9-5
[  26.9170]ARRIVE-7-4
[  26.9170]OPEN-7-4
[  26.9170]OPEN-9-5
[  27.0170]ARRIVE-7-14
[  27.1170]OUT-156-11-15
[  27.1170]OUT-162-11-15
[  27.1170]OUT-148-11-15
[  27.1170]CLOSE-11-15
[  27.2330]IN-115-2-9
[  27.2330]IN-121-2-9
[  27.2330]IN-124-2-9
[  27.2330]IN-150-2-9
[  27.2330]IN-153-2-9
[  27.2330]CLOSE-2-9
[  27.3180]OUT-140-7-4
[  27.3180]OUT-158-7-4
[  27.3180]ARRIVE-10-15
[  27.3180]OUT-164-9-5
[  27.3180]CLOSE-9-5
[  27.3180]CLOSE-7-4
[  27.5180]ARRIVE-9-15
[  27.5180]ARRIVE-8-14
[  27.5180]OPEN-8-14
[  27.7190]ARRIVE-10-5
[  27.7190]OPEN-10-5
[  27.7190]ARRIVE-8-15
[  27.7190]ARRIVE-8-4
[  27.7340]ARRIVE-3-9
[  27.7340]OPEN-3-9
[  27.9190]ARRIVE-7-15
[  27.9190]OUT-128-8-14
[  27.9190]CLOSE-8-14
[  28.1200]ARRIVE-9-4
[  28.1200]OUT-136-10-5
[  28.1200]OUT-152-10-5
[  28.1200]OUT-160-10-5
[  28.1200]ARRIVE-6-15
[  28.1200]CLOSE-10-5
[  28.1350]OUT-121-3-9
[  28.1350]IN-123-3-9
[  28.1350]IN-151-3-9
[  28.1350]IN-159-3-9
[  28.1350]CLOSE-3-9
[  28.3200]ARRIVE-5-15
[  28.3200]OPEN-5-15
[  28.4200]ARRIVE-7-14
[  28.5200]ARRIVE-10-4
[  28.5200]OPEN-10-4
[  28.5200]ARRIVE-9-5
[  28.6360]ARRIVE-4-9
[  28.6360]OPEN-4-9
[  28.7210]IN-120-5-15
[  28.7210]IN-134-5-15
[  28.7210]IN-144-5-15
[  28.7210]IN-145-5-15
[  28.7210]IN-155-5-15
[  28.7210]CLOSE-5-15
[  28.9210]ARRIVE-8-5
[  28.9210]OUT-129-10-4
[  28.9210]ARRIVE-6-14
[  28.9210]ARRIVE-6-15
[  28.9210]OPEN-6-15
[  28.9210]CLOSE-10-4
[  29.0370]OUT-124-4-9
[  29.0370]OUT-150-4-9
[  29.0370]IN-119-4-9
[  29.0370]IN-142-4-9
[  29.0370]CLOSE-4-9
[  29.3220]ARRIVE-11-4
[  29.3220]OPEN-11-4
[  29.3220]ARRIVE-7-5
[  29.3220]OUT-155-6-15
[  29.3220]CLOSE-6-15
[  29.4230]ARRIVE-5-14
[  29.4230]OPEN-5-14
[  29.5230]ARRIVE-7-15
[  29.5230]OPEN-7-15
[  29.5380]ARRIVE-5-9
[  29.5380]OPEN-5-9
[  29.7230]ARRIVE-6-5
[  29.7230]OUT-141-11-4
[  29.7230]OUT-146-11-4
[  29.7230]CLOSE-11-4
[  29.8230]IN-130-5-14
[  29.8230]CLOSE-5-14
[  29.8390]ARRIVE-3-16
[  29.9230]OUT-134-7-15
[  29.9230]CLOSE-7-15
[  29.9390]OUT-151-5-9
[  29.9390]OUT-159-5-9
[  29.9390]OUT-142-5-9
[  29.9390]CLOSE-5-9
[  30.0390]ARRIVE-4-16
[  30.0390]OPEN-4-16
[  30.1240]ARRIVE-10-4
[  30.1240]ARRIVE-5-5
[  30.1240]OPEN-5-5
[  30.1240]ARRIVE-8-15
[  30.1240]OPEN-8-15
[  30.2710]MAINTAIN_ACCEPT-4
[  30.3230]ARRIVE-6-14
[  30.4400]ARRIVE-6-9
[  30.4400]IN-157-4-16
[  30.4400]OPEN-6-9
[  30.4400]IN-165-4-16
[  30.4400]CLOSE-4-16
[  30.4690]ARRIVE-9-10
[  30.4690]OPEN-9-10
[  30.5240]ARRIVE-9-4
[  30.5240]MAINTAIN_ABLE-4
[  30.5240]IN-132-5-5
[  30.5240]IN-166-5-5
[  30.5240]CLOSE-5-5
[  30.5240]OUT-144-8-15
[  30.5240]OUT-145-8-15
[  30.5240]IN-169-8-15
[  30.5240]IN-170-8-15
[  30.5240]CLOSE-8-15
[  30.6400]ARRIVE-5-16
[  30.6400]OPEN-5-16
[  30.7250]ARRIVE-9-15
[  30.7250]OPEN-9-15
[  30.8250]ARRIVE-7-14
[  30.8410]OUT-153-6-9
[  30.8410]CLOSE-6-9
[  30.8720]IN-167-9-10
[  30.8720]CLOSE-9-10
[  30.9250]ARRIVE-6-5
[  31.0410]OUT-157-5-16
[  31.0410]OUT-165-5-16
[  31.0410]CLOSE-5-16
[  31.1250]OUT-169-9-15
[  31.1250]CLOSE-9-15
[  31.1720]ARRIVE-10-10
[  31.1720]OPEN-10-10
[  31.2410]ARRIVE-4-16
[  31.3250]ARRIVE-8-14
[  31.3250]ARRIVE-10-15
[  31.3250]OPEN-10-15
[  31.3250]ARRIVE-7-5
[  31.3410]ARRIVE-7-9
[  31.4410]ARRIVE-3-16
[  31.4410]OPEN-3-16
[  31.5730]OUT-167-10-10
[  31.5730]CLOSE-10-10
[  31.7260]ARRIVE-8-5
[  31.7260]OUT-170-10-15
[  31.7260]CLOSE-10-15
[  31.8260]ARRIVE-9-14
[  31.8420]ARRIVE-8-9
[  31.8420]IN-168-3-16
[  31.8420]OPEN-8-9
[  31.8730]ARRIVE-9-10
[  31.9260]ARRIVE-11-15
[  31.9260]OPEN-11-15
[  32.1270]ARRIVE-9-5
[  32.1270]OPEN-9-5
[  32.1740]ARRIVE-8-10
[  32.2430]IN-172-8-9
[  32.2430]IN-173-8-9
[  32.2430]CLOSE-8-9
[  32.2430]CLOSE-3-16
[  32.2430]MAINTAIN_ACCEPT-10
[  32.3270]OUT-120-11-15
[  32.3270]ARRIVE-10-14
[  32.3270]CLOSE-11-15
[  32.4430]ARRIVE-4-16
[  32.4430]OPEN-4-16
[  32.4740]ARRIVE-7-10
[  32.5280]ARRIVE-10-15
[  32.5280]OUT-132-9-5
[  32.5280]OUT-166-9-5
[  32.7280]ARRIVE-9-15
[  32.7440]ARRIVE-9-9
[  32.7440]OPEN-9-9
[  32.8290]ARRIVE-11-14
[  32.8290]OPEN-11-14
[  32.8440]IN-171-4-16
[  32.8440]IN-174-4-16
[  32.8440]CLOSE-4-16
[  32.8440]CLOSE-9-5
[  32.8440]MAINTAIN_ABLE-10
[  32.9280]ARRIVE-8-15
[  33.0600]ARRIVE-5-16
[  33.1290]ARRIVE-7-15
[  33.1450]OUT-123-9-9
[  33.1450]OUT-172-9-9
[  33.1450]CLOSE-9-9
[  33.2290]OUT-130-11-14
[  33.2290]CLOSE-11-14
[  33.2450]ARRIVE-8-5
[  33.2610]ARRIVE-6-16
[  33.2610]OPEN-6-16
[  33.3290]ARRIVE-6-15
[  33.3290]OPEN-6-15
[  33.6460]ARRIVE-10-9
[  33.6460]OPEN-10-9
[  33.6460]ARRIVE-7-5
[  33.6610]OUT-168-6-16
[  33.6610]OUT-171-6-16
[  33.6610]CLOSE-6-16
[  33.7300]ARRIVE-10-14
[  33.7300]IN-175-6-15
[  33.7300]CLOSE-6-15
[  33.8610]ARRIVE-7-16
[  33.9310]ARRIVE-7-15
[  34.0470]ARRIVE-6-5
[  34.0470]OUT-115-10-9
[  34.0470]CLOSE-10-9
[  34.0620]ARRIVE-8-16
[  34.1310]ARRIVE-8-15
[  34.2310]ARRIVE-9-14
[  34.2630]ARRIVE-9-16
[  34.3310]ARRIVE-9-15
[  34.4480]ARRIVE-5-5
[  34.4630]ARRIVE-10-16
[  34.4630]OPEN-10-16
[  34.5320]ARRIVE-10-15
[  34.5470]ARRIVE-11-9
[  34.5470]OPEN-11-9
[  34.7320]ARRIVE-11-15
[  34.7320]OPEN-11-15
[  34.7320]ARRIVE-8-14
[  34.8480]ARRIVE-4-5
[  34.8640]OUT-174-10-16
[  34.8640]CLOSE-10-16
[  34.9480]OUT-119-11-9
[  34.9480]OUT-173-11-9
[  34.9480]CLOSE-11-9
[  35.0800]ARRIVE-9-16
[  35.1330]OUT-175-11-15
[  35.1330]CLOSE-11-15
[  35.2330]ARRIVE-7-14
[  35.2490]ARRIVE-3-5
[  35.2800]ARRIVE-8-16
[  35.3330]ARRIVE-10-15
[  35.4490]ARRIVE-10-9
[  35.4800]ARRIVE-7-16
[  35.5340]ARRIVE-9-15
[  35.6490]ARRIVE-2-5
[  35.6810]ARRIVE-6-16
[  35.7340]ARRIVE-6-14
[  35.7340]ARRIVE-8-15
[  35.8810]ARRIVE-5-16
[  35.9340]ARRIVE-7-15
[  35.9500]ARRIVE-9-9
[  36.0500]ARRIVE-1-5
[  36.0500]OPEN-1-5
[  36.0810]ARRIVE-4-16
[  36.1340]ARRIVE-6-15
[  36.2350]ARRIVE-5-14
[  36.2810]ARRIVE-3-16
[  36.3340]ARRIVE-5-15
[  36.4500]ARRIVE-8-9
[  36.4500]IN-125-1-5
[  36.4500]CLOSE-1-5
[  36.4820]ARRIVE-2-16
[  36.5190]MAINTAIN_ACCEPT-5
[  36.5350]ARRIVE-4-15
[  36.6820]ARRIVE-1-16
[  36.6820]OPEN-1-16
[  36.7350]ARRIVE-4-14
[  36.7350]ARRIVE-3-15
[  36.8510]ARRIVE-2-5
[  36.8510]OPEN-2-5
[  36.9350]ARRIVE-2-15
[  36.9510]ARRIVE-7-9
[  37.0820]IN-154-1-16
[  37.0820]CLOSE-1-16
[  37.1350]ARRIVE-1-15
[  37.1350]OPEN-1-15
[  37.2360]ARRIVE-3-14
[  37.2510]OUT-125-2-5
[  37.2510]CLOSE-2-5
[  37.2510]MAINTAIN_ABLE-5
[  37.2820]ARRIVE-2-16
[  37.2820]OPEN-2-16
[  37.4510]ARRIVE-6-9
[  37.6830]IN-125-2-16
[  37.6830]CLOSE-2-16
[  37.6830]IN-163-1-15
[  37.6830]CLOSE-1-15
[  37.7360]ARRIVE-2-14
[  37.7360]MAINTAIN_ACCEPT-14
[  37.8830]ARRIVE-2-15
[  37.8830]ARRIVE-3-16
[  37.9520]ARRIVE-5-9
[  38.0830]ARRIVE-3-15
[  38.0830]ARRIVE-4-16
[  38.0830]OPEN-4-16
[  38.2370]ARRIVE-1-14
[  38.2840]ARRIVE-4-15
[  38.4530]ARRIVE-4-9
[  38.4840]IN-178-4-16
[  38.4840]IN-179-4-16
[  38.4840]CLOSE-4-16
[  38.4840]MAINTAIN_ABLE-14
[  38.6850]ARRIVE-5-15
[  38.6850]ARRIVE-5-16
[  38.8850]ARRIVE-6-15
[  38.8850]OPEN-6-15
[  38.8850]ARRIVE-6-16
[  38.8850]OPEN-6-16
[  38.9540]ARRIVE-3-9
[  39.2860]OUT-163-6-15
[  39.2860]CLOSE-6-15
[  39.2860]OUT-179-6-16
[  39.2860]CLOSE-6-16
[  39.4550]ARRIVE-2-9
[  39.4860]ARRIVE-7-16
[  39.4860]ARRIVE-7-15
[  39.6870]ARRIVE-8-16
[  39.6870]OPEN-8-16
[  39.6870]ARRIVE-8-15
[  39.6870]OPEN-8-15
[  39.9560]ARRIVE-1-9
[  39.9560]OPEN-1-9
[  40.0870]IN-177-8-15
[  40.0870]CLOSE-8-15
[  40.0870]OUT-154-8-16
[  40.0870]CLOSE-8-16
[  40.2870]ARRIVE-9-15
[  40.2870]OPEN-9-15
[  40.2870]ARRIVE-9-16
[  40.2870]OPEN-9-16
[  40.6880]OUT-177-9-15
[  40.6880]IN-176-9-16
[  40.6880]CLOSE-9-16
[  40.6880]IN-161-1-9
[  40.6880]CLOSE-9-15
[  40.6880]IN-147-1-9
[  40.6880]CLOSE-1-9
[  40.8880]ARRIVE-8-15
[  40.8880]ARRIVE-10-16
[  40.8880]OPEN-10-16
[  41.0890]ARRIVE-7-15
[  41.1890]ARRIVE-2-9
[  41.2890]ARRIVE-6-15
[  41.2890]OUT-125-10-16
[  41.2890]IN-184-10-16
[  41.2890]IN-185-10-16
[  41.2890]CLOSE-10-16
[  41.4950]ARRIVE-5-15
[  41.4950]ARRIVE-11-16
[  41.4950]OPEN-11-16
[  41.6900]ARRIVE-3-9
[  41.7120]ARRIVE-4-15
[  41.9120]ARRIVE-3-15
[  41.9120]OUT-178-11-16
[  41.9120]OUT-176-11-16
[  41.9120]OUT-184-11-16
[  41.9120]OUT-185-11-16
[  41.9120]CLOSE-11-16
[  42.1120]ARRIVE-10-16
[  42.1120]ARRIVE-2-15
[  42.1120]OPEN-2-15
[  42.1910]ARRIVE-4-9
[  42.3130]ARRIVE-9-16
[  42.3130]OPEN-9-16
[  42.5130]IN-180-2-15
[  42.5130]CLOSE-2-15
[  42.6920]ARRIVE-5-9
[  42.7140]ARRIVE-3-15
[  42.7140]IN-182-9-16
[  42.7140]CLOSE-9-16
[  42.9140]ARRIVE-10-16
[  42.9140]ARRIVE-4-15
[  43.1140]ARRIVE-5-15
[  43.1140]ARRIVE-11-16
[  43.1140]OPEN-11-16
[  43.1930]ARRIVE-6-9
[  43.3150]ARRIVE-6-15
[  43.5150]OUT-182-11-16
[  43.5150]CLOSE-11-16
[  43.5300]ARRIVE-7-15
[  43.5300]OPEN-7-15
[  43.6930]ARRIVE-7-9
[  43.6930]OPEN-7-9
[  43.7150]ARRIVE-10-16
[  43.9160]ARRIVE-9-16
[  43.9310]OUT-180-7-15
[  43.9310]IN-181-7-15
[  43.9310]CLOSE-7-15
[  44.0940]OUT-147-7-9
[  44.0940]CLOSE-7-9
[  44.1160]ARRIVE-8-16
[  44.1160]OPEN-8-16
[  44.1320]ARRIVE-8-15
[  44.3320]ARRIVE-9-15
[  44.4790]ARRIVE-10-18
[  44.5170]IN-183-8-16
[  44.5170]CLOSE-8-16
[  44.5320]ARRIVE-10-15
[  44.5950]ARRIVE-8-9
[  44.6790]ARRIVE-9-18
[  44.7170]ARRIVE-9-16
[  44.7330]ARRIVE-11-15
[  44.7330]OPEN-11-15
[  44.8800]ARRIVE-8-18
[  44.9180]ARRIVE-10-16
[  44.9180]OPEN-10-16
[  45.0800]ARRIVE-7-18
[  45.0960]ARRIVE-9-9
[  45.1340]OUT-181-11-15
[  45.1340]CLOSE-11-15
[  45.2810]ARRIVE-6-18
[  45.2810]OPEN-6-18
[  45.3180]OUT-183-10-16
[  45.3180]CLOSE-10-16
[  45.3340]ARRIVE-10-15
[  45.5190]ARRIVE-9-16
[  45.5340]ARRIVE-9-15
[  45.5970]ARRIVE-10-9
[  45.5970]OPEN-10-9
[  45.6810]IN-186-6-18
[  45.6810]CLOSE-6-18
[  45.7190]ARRIVE-8-16
[  45.7350]ARRIVE-8-15
[  45.8820]ARRIVE-7-18
[  45.9190]ARRIVE-7-16
[  45.9350]ARRIVE-7-15
[  45.9350]OPEN-7-15
[  45.9980]OUT-161-10-9
[  45.9980]CLOSE-10-9
[  46.0820]ARRIVE-8-18
[  46.1200]ARRIVE-6-16
[  46.2820]ARRIVE-9-18
[  46.2820]OPEN-9-18
[  46.3200]ARRIVE-5-16
[  46.3200]OPEN-5-16
[  46.3360]IN-187-7-15
[  46.3360]CLOSE-7-15
[  46.5360]ARRIVE-8-15
[  46.6830]OUT-186-9-18
[  46.6830]CLOSE-9-18
[  46.7210]IN-188-5-16
[  46.7210]CLOSE-5-16
[  46.7370]ARRIVE-9-15
[  46.9210]ARRIVE-6-16
[  46.9370]ARRIVE-10-15
[  46.9370]OPEN-10-15
[  47.1220]ARRIVE-7-16
[  47.3220]ARRIVE-8-16
[  47.3380]OUT-187-10-15
[  47.3380]CLOSE-10-15
[  47.5230]ARRIVE-9-16
[  47.7230]ARRIVE-10-16
[  47.7230]OPEN-10-16
[  48.1240]OUT-188-10-16
[  48.1240]CLOSE-10-16
