[   1.3080]ARRIVE-2-5
[   1.4530]ARRIVE-2-1
[   1.4530]ARRIVE-2-3
[   1.4530]ARRIVE-2-4
[   1.5310]ARRIVE-2-6
[   1.5310]ARRIVE-2-2
[   1.7090]ARRIVE-3-5
[   1.8630]ARRIVE-3-1
[   1.8630]ARRIVE-3-3
[   1.8630]ARRIVE-3-4
[   1.9470]ARRIVE-3-6
[   1.9470]ARRIVE-3-2
[   2.1100]ARRIVE-4-5
[   2.2640]ARRIVE-4-4
[   2.2640]ARRIVE-4-1
[   2.2640]ARRIVE-4-3
[   2.2640]OPEN-4-1
[   2.3480]ARRIVE-4-2
[   2.3480]ARRIVE-4-6
[   2.5120]ARRIVE-5-5
[   2.6650]ARRIVE-5-4
[   2.6650]IN-101-4-1
[   2.6650]ARRIVE-5-3
[   2.6650]CLOSE-4-1
[   2.7500]ARRIVE-5-6
[   2.7500]ARRIVE-5-2
[   2.9130]ARRIVE-6-5
[   3.0780]ARRIVE-6-4
[   3.0780]ARRIVE-3-1
[   3.0780]ARRIVE-6-3
[   3.0780]OPEN-3-1
[   3.1620]ARRIVE-6-2
[   3.1620]ARRIVE-6-6
[   3.2510]MAINTAIN_ACCEPT-6
[   3.3140]ARRIVE-7-5
[   3.4840]ARRIVE-7-3
[   3.4840]OPEN-7-3
[   3.4840]OUT-101-3-1
[   3.4840]ARRIVE-7-4
[   3.4840]CLOSE-3-1
[   3.5680]ARRIVE-7-6
[   3.5680]ARRIVE-7-2
[   3.5680]MAINTAIN_ABLE-6
[   3.7150]ARRIVE-8-5
[   3.8840]ARRIVE-2-1
[   3.8840]IN-102-7-3
[   3.8840]CLOSE-7-3
[   3.8840]ARRIVE-8-4
[   3.8840]OPEN-2-1
[   3.9690]ARRIVE-8-2
[   3.9690]OPEN-8-2
[   4.1160]ARRIVE-9-5
[   4.2850]ARRIVE-9-4
[   4.2850]OPEN-9-4
[   4.2850]ARRIVE-6-3
[   4.2850]IN-110-2-1
[   4.2850]OPEN-6-3
[   4.5170]ARRIVE-10-5
[   4.6880]IN-106-6-3
[   4.6880]IN-111-6-3
[   4.6880]IN-115-6-3
[   4.6880]IN-118-6-3
[   4.6880]IN-120-6-3
[   4.6880]CLOSE-6-3
[   4.6880]IN-117-2-1
[   4.6880]IN-103-9-4
[   4.6880]IN-104-8-2
[   4.6880]IN-121-2-1
[   4.6880]IN-123-2-1
[   4.6880]IN-125-2-1
[   4.6880]IN-126-2-1
[   4.6880]CLOSE-2-1
[   4.6880]IN-112-8-2
[   4.6880]CLOSE-8-2
[   4.6880]CLOSE-9-4
[   4.9180]ARRIVE-11-5
[   4.9180]OPEN-11-5
[   5.0910]ARRIVE-8-4
[   5.0910]ARRIVE-7-2
[   5.0910]ARRIVE-1-1
[   5.0910]OPEN-1-1
[   5.0910]ARRIVE-5-3
[   5.0910]OPEN-5-3
[   5.3190]IN-100-11-5
[   5.3190]IN-105-11-5
[   5.3190]IN-107-11-5
[   5.3190]IN-116-11-5
[   5.3190]IN-119-11-5
[   5.3190]CLOSE-11-5
[   5.5030]ARRIVE-6-2
[   5.5030]OUT-110-1-1
[   5.5030]OUT-117-1-1
[   5.5030]OUT-121-1-1
[   5.5030]OUT-123-1-1
[   5.5030]OUT-125-1-1
[   5.5030]OUT-126-1-1
[   5.5030]OUT-115-5-3
[   5.5030]ARRIVE-7-4
[   5.5030]OPEN-6-2
[   5.7200]ARRIVE-10-5
[   5.9040]IN-124-6-2
[   5.9040]CLOSE-6-2
[   5.9040]OPEN-10-5
[   6.1200]MAINTAIN_ACCEPT-2
[   6.3040]ARRIVE-5-2
[   6.3040]OPEN-5-2
[   6.3040]IN-109-10-5
[   6.3040]CLOSE-10-5
[   6.3040]IN-114-5-3
[   6.3040]CLOSE-5-3
[   6.3040]CLOSE-1-1
[   6.7050]ARRIVE-6-4
[   6.7050]ARRIVE-4-3
[   6.7050]ARRIVE-9-5
[   6.7050]OUT-104-5-2
[   6.7050]OUT-112-5-2
[   6.7050]ARRIVE-2-1
[   6.7050]OUT-124-5-2
[   6.7050]CLOSE-5-2
[   6.7050]MAINTAIN_ABLE-2
[   6.7050]OPEN-6-4
[   7.1050]ARRIVE-3-1
[   7.1050]IN-128-6-4
[   7.1050]CLOSE-6-4
[   7.1050]ARRIVE-3-3
[   7.1050]OPEN-3-3
[   7.1050]ARRIVE-8-5
[   7.5060]ARRIVE-4-1
[   7.5060]ARRIVE-7-5
[   7.5060]OPEN-7-5
[   7.5060]ARRIVE-5-4
[   7.5060]OPEN-5-4
[   7.5060]OUT-118-3-3
[   7.5060]CLOSE-3-3
[   7.5060]OPEN-4-1
[   7.9070]ARRIVE-2-3
[   7.9070]OPEN-2-3
[   7.9070]OUT-109-7-5
[   7.9070]IN-108-4-1
[   7.9070]OUT-128-5-4
[   7.9070]IN-136-7-5
[   7.9070]CLOSE-7-5
[   7.9070]IN-122-5-4
[   7.9070]IN-134-5-4
[   7.9070]IN-135-5-4
[   7.9070]IN-104-5-4
[   7.9070]IN-112-5-4
[   7.9070]CLOSE-5-4
[   7.9070]IN-113-4-1
[   7.9070]IN-133-4-1
[   7.9070]CLOSE-4-1
[   8.3070]ARRIVE-4-4
[   8.3070]OPEN-4-4
[   8.3070]OUT-102-2-3
[   8.3070]OUT-106-2-3
[   8.3070]OUT-120-2-3
[   8.3070]ARRIVE-3-1
[   8.3070]OPEN-3-1
[   8.3070]ARRIVE-6-5
[   8.3070]OPEN-6-5
[   8.3070]IN-132-2-3
[   8.3070]CLOSE-2-3
[   8.7080]ARRIVE-1-3
[   8.7080]OPEN-1-3
[   8.7080]OUT-108-3-1
[   8.7080]OUT-113-3-1
[   8.7080]CLOSE-3-1
[   8.7080]OUT-107-6-5
[   8.7080]CLOSE-6-5
[   8.7080]OUT-103-4-4
[   8.7080]OUT-135-4-4
[   8.7080]OUT-104-4-4
[   8.7080]CLOSE-4-4
[   9.1090]ARRIVE-5-5
[   9.1090]OPEN-5-5
[   9.1090]ARRIVE-2-1
[   9.1090]OUT-111-1-3
[   9.1090]OUT-114-1-3
[   9.1090]OUT-132-1-3
[   9.1090]CLOSE-1-3
[   9.1090]ARRIVE-3-4
[   9.1090]OPEN-3-4
[   9.5110]ARRIVE-1-1
[   9.5110]OPEN-1-1
[   9.5110]ARRIVE-2-3
[   9.5110]OUT-122-3-4
[   9.5110]OUT-112-3-4
[   9.5110]CLOSE-3-4
[   9.5110]OUT-116-5-5
[   9.5110]CLOSE-5-5
[   9.9120]ARRIVE-3-3
[   9.9120]ARRIVE-2-4
[   9.9120]OUT-133-1-1
[   9.9120]CLOSE-1-1
[   9.9120]ARRIVE-4-5
[   9.9120]OPEN-4-5
[  10.3120]ARRIVE-1-4
[  10.3120]OPEN-1-4
[  10.3120]ARRIVE-4-3
[  10.3120]OUT-105-4-5
[  10.3120]CLOSE-4-5
[  10.3120]ARRIVE-2-1
[  10.7130]ARRIVE-3-5
[  10.7130]OPEN-3-5
[  10.7130]ARRIVE-3-1
[  10.7130]OUT-134-1-4
[  10.7130]CLOSE-1-4
[  10.7130]ARRIVE-5-3
[  10.7130]OPEN-5-3
[  11.1140]ARRIVE-4-1
[  11.1140]IN-124-5-3
[  11.1140]CLOSE-5-3
[  11.1140]OUT-136-3-5
[  11.1140]CLOSE-3-5
[  11.1140]ARRIVE-2-4
[  11.2450]ARRIVE-5-8
[  11.2450]OPEN-5-8
[  11.5140]ARRIVE-5-1
[  11.5140]ARRIVE-2-5
[  11.5140]OPEN-2-5
[  11.5140]ARRIVE-4-3
[  11.5140]OPEN-4-3
[  11.5140]ARRIVE-3-4
[  11.6450]IN-137-5-8
[  11.6450]CLOSE-5-8
[  11.8460]ARRIVE-4-8
[  11.9150]OUT-124-4-3
[  11.9150]OUT-119-2-5
[  11.9150]ARRIVE-4-4
[  11.9150]ARRIVE-6-1
[  11.9150]IN-139-2-5
[  11.9150]CLOSE-2-5
[  11.9150]CLOSE-4-3
[  12.0470]ARRIVE-3-8
[  12.2470]ARRIVE-2-8
[  12.2470]OPEN-2-8
[  12.3160]ARRIVE-3-3
[  12.3160]OPEN-3-3
[  12.3160]ARRIVE-1-5
[  12.3160]OPEN-1-5
[  12.3160]ARRIVE-5-4
[  12.3160]ARRIVE-7-1
[  12.6470]OUT-137-2-8
[  12.6470]CLOSE-2-8
[  12.7160]ARRIVE-6-4
[  12.7160]ARRIVE-8-1
[  12.7160]OPEN-8-1
[  12.7160]IN-141-3-3
[  12.7160]CLOSE-3-3
[  12.7160]OUT-100-1-5
[  12.7160]OUT-139-1-5
[  12.7160]CLOSE-1-5
[  12.8470]ARRIVE-3-8
[  13.0480]ARRIVE-4-8
[  13.1160]ARRIVE-7-4
[  13.1160]ARRIVE-2-5
[  13.1160]ARRIVE-2-3
[  13.1160]OPEN-2-3
[  13.1160]IN-130-8-1
[  13.1160]CLOSE-8-1
[  13.2480]ARRIVE-5-8
[  13.4700]ARRIVE-6-8
[  13.5170]OUT-141-2-3
[  13.5170]CLOSE-2-3
[  13.5170]ARRIVE-3-5
[  13.5170]ARRIVE-7-1
[  13.5170]ARRIVE-8-4
[  13.5170]OPEN-8-4
[  13.6700]ARRIVE-7-8
[  13.8700]ARRIVE-8-8
[  13.8700]OPEN-8-8
[  13.9170]ARRIVE-6-1
[  13.9170]ARRIVE-4-5
[  13.9170]ARRIVE-3-3
[  13.9170]IN-131-8-4
[  13.9170]CLOSE-8-4
[  14.2710]IN-138-8-8
[  14.2710]CLOSE-8-8
[  14.3180]ARRIVE-7-4
[  14.3180]ARRIVE-5-5
[  14.3180]ARRIVE-4-3
[  14.3180]ARRIVE-5-1
[  14.4490]OPEN-10-10
[  14.4710]ARRIVE-7-8
[  14.6720]ARRIVE-6-8
[  14.6720]OPEN-6-8
[  14.7190]ARRIVE-6-5
[  14.7190]ARRIVE-4-1
[  14.7190]ARRIVE-5-3
[  14.7190]ARRIVE-6-4
[  15.0720]IN-146-6-8
[  15.0720]CLOSE-6-8
[  15.0720]IN-142-10-10
[  15.0720]CLOSE-10-10
[  15.1190]ARRIVE-7-5
[  15.1190]ARRIVE-6-3
[  15.2880]ARRIVE-5-8
[  15.2880]OPEN-5-8
[  15.4730]ARRIVE-3-1
[  15.4730]ARRIVE-5-4
[  15.4730]OPEN-3-1
[  15.5200]ARRIVE-7-3
[  15.5200]ARRIVE-8-5
[  15.5200]OPEN-8-5
[  15.5730]ARRIVE-9-10
[  15.6890]IN-145-5-8
[  15.6890]CLOSE-5-8
[  15.6890]OPEN-9-10
[  15.8730]OUT-130-3-1
[  15.8890]ARRIVE-4-8
[  15.9200]ARRIVE-8-3
[  16.0890]IN-148-9-10
[  16.0890]IN-150-9-10
[  16.0890]CLOSE-9-10
[  16.0890]IN-140-8-5
[  16.0890]IN-154-8-5
[  16.0890]CLOSE-8-5
[  16.0890]CLOSE-3-1
[  16.2900]ARRIVE-3-8
[  16.3210]ARRIVE-9-3
[  16.4900]ARRIVE-2-8
[  16.4900]OPEN-2-8
[  16.4900]ARRIVE-2-1
[  16.4900]OPEN-2-1
[  16.4900]ARRIVE-7-5
[  16.4900]OPEN-7-5
[  16.4900]ARRIVE-4-4
[  16.5900]ARRIVE-8-10
[  16.5900]OPEN-8-10
[  16.6910]ARRIVE-7-7
[  16.6910]OPEN-7-7
[  16.7220]ARRIVE-10-3
[  16.8910]ARRIVE-3-4
[  16.8910]OPEN-3-4
[  16.8910]OUT-146-2-8
[  16.8910]OUT-145-2-8
[  16.8910]IN-143-2-1
[  16.8910]OUT-140-7-5
[  16.8910]IN-144-2-8
[  16.8910]IN-152-2-8
[  16.8910]CLOSE-2-8
[  16.8910]IN-155-7-5
[  16.8910]CLOSE-7-5
[  16.8910]CLOSE-2-1
[  16.9910]OUT-148-8-10
[  16.9910]CLOSE-8-10
[  17.0910]ARRIVE-1-8
[  17.0910]OPEN-1-8
[  17.0910]IN-147-7-7
[  17.0910]CLOSE-7-7
[  17.1220]ARRIVE-11-3
[  17.1220]OPEN-11-3
[  17.2910]ARRIVE-6-5
[  17.2910]ARRIVE-1-1
[  17.2910]OPEN-1-1
[  17.2910]OUT-131-3-4
[  17.2910]CLOSE-3-4
[  17.4920]ARRIVE-7-10
[  17.4920]OUT-138-1-8
[  17.4920]OUT-144-1-8
[  17.4920]OUT-152-1-8
[  17.4920]CLOSE-1-8
[  17.5230]IN-127-11-3
[  17.5230]IN-129-11-3
[  17.5230]IN-149-11-3
[  17.5230]CLOSE-11-3
[  17.6920]OUT-143-1-1
[  17.6920]ARRIVE-6-7
[  17.6920]ARRIVE-5-5
[  17.6920]ARRIVE-4-4
[  17.6920]ARRIVE-2-8
[  17.6920]CLOSE-1-1
[  17.8920]ARRIVE-3-8
[  17.9240]ARRIVE-10-3
[  17.9930]ARRIVE-6-10
[  18.0770]MAINTAIN_ACCEPT-5
[  18.0930]ARRIVE-4-8
[  18.0930]ARRIVE-5-4
[  18.0930]ARRIVE-4-5
[  18.0930]OPEN-4-5
[  18.2930]ARRIVE-5-7
[  18.2930]ARRIVE-5-8
[  18.2930]OPEN-5-7
[  18.3240]ARRIVE-9-3
[  18.4780]ARRIVE-2-1
[  18.4930]ARRIVE-5-10
[  18.4930]OPEN-5-10
[  18.4930]ARRIVE-6-4
[  18.4930]ARRIVE-6-8
[  18.6940]ARRIVE-7-8
[  18.6940]IN-159-5-7
[  18.6940]CLOSE-5-7
[  18.6940]OUT-154-4-5
[  18.6940]OUT-155-4-5
[  18.6940]CLOSE-4-5
[  18.6940]MAINTAIN_ABLE-5
[  18.6940]OPEN-9-3
[  18.8780]ARRIVE-3-1
[  18.8940]ARRIVE-7-4
[  18.8940]OUT-142-5-10
[  18.8940]ARRIVE-8-8
[  19.0950]ARRIVE-9-8
[  19.0950]IN-158-9-3
[  19.0950]CLOSE-9-3
[  19.0950]CLOSE-5-10
[  19.2790]ARRIVE-4-1
[  19.2950]ARRIVE-4-7
[  19.2950]ARRIVE-8-4
[  19.2950]ARRIVE-10-8
[  19.2950]OPEN-10-8
[  19.2950]OPEN-4-7
[  19.4950]ARRIVE-8-3
[  19.5950]ARRIVE-4-10
[  19.6800]ARRIVE-5-1
[  19.6960]ARRIVE-9-4
[  19.6960]IN-154-4-7
[  19.6960]IN-155-4-7
[  19.6960]CLOSE-4-7
[  19.6960]IN-153-10-8
[  19.6960]OPEN-8-3
[  20.0810]ARRIVE-6-1
[  20.0960]ARRIVE-10-4
[  20.0960]OPEN-10-4
[  20.0960]IN-157-8-3
[  20.0960]CLOSE-8-3
[  20.0960]CLOSE-10-8
[  20.1960]ARRIVE-3-10
[  20.2960]ARRIVE-3-7
[  20.2960]OPEN-3-7
[  20.2960]ARRIVE-9-8
[  20.3960]ARRIVE-7-16
[  20.4810]ARRIVE-7-1
[  20.4970]ARRIVE-8-8
[  20.4970]OPEN-8-8
[  20.4970]IN-151-10-4
[  20.4970]ARRIVE-7-3
[  20.4970]OPEN-7-3
[  20.6970]ARRIVE-2-10
[  20.6970]OPEN-2-10
[  20.6970]OUT-147-3-7
[  20.6970]ARRIVE-6-16
[  20.8820]ARRIVE-8-1
[  20.8980]IN-161-8-8
[  20.8980]CLOSE-8-8
[  20.8980]OUT-157-7-3
[  20.8980]CLOSE-7-3
[  20.8980]CLOSE-10-4
[  20.8980]CLOSE-3-7
[  20.9980]ARRIVE-5-16
[  21.0980]ARRIVE-7-8
[  21.0980]OPEN-7-8
[  21.0980]OUT-150-2-10
[  21.0980]CLOSE-2-10
[  21.2820]ARRIVE-9-1
[  21.2820]OPEN-9-1
[  21.2980]ARRIVE-4-16
[  21.2980]ARRIVE-9-4
[  21.2980]ARRIVE-6-3
[  21.4990]ARRIVE-2-7
[  21.4990]OPEN-2-7
[  21.4990]OUT-153-7-8
[  21.4990]CLOSE-7-8
[  21.5990]ARRIVE-3-16
[  21.6830]IN-156-9-1
[  21.6830]CLOSE-9-1
[  21.6990]ARRIVE-6-8
[  21.6990]ARRIVE-5-3
[  21.6990]ARRIVE-8-4
[  21.8990]ARRIVE-5-8
[  21.8990]OUT-154-2-7
[  21.8990]CLOSE-2-7
[  21.8990]ARRIVE-2-16
[  21.8990]OPEN-2-16
[  22.0840]ARRIVE-8-1
[  22.1000]ARRIVE-7-4
[  22.1000]ARRIVE-4-8
[  22.1000]MAINTAIN_ACCEPT-3
[  22.1000]ARRIVE-4-3
[  22.1000]OPEN-4-3
[  22.3000]ARRIVE-3-8
[  22.3000]IN-160-2-16
[  22.3000]OPEN-3-8
[  22.3000]CLOSE-2-16
[  22.4860]ARRIVE-7-1
[  22.4860]OPEN-7-1
[  22.5010]ARRIVE-1-7
[  22.5010]OPEN-1-7
[  22.5010]ARRIVE-6-4
[  22.6010]ARRIVE-1-16
[  22.6010]OPEN-1-16
[  22.6010]ARRIVE-3-10
[  22.7010]OUT-161-3-8
[  22.8860]IN-165-7-1
[  22.8860]CLOSE-7-1
[  22.8860]OUT-127-4-3
[  22.8860]CLOSE-3-8
[  22.8860]OUT-129-4-3
[  22.8860]OUT-149-4-3
[  22.8860]OUT-158-4-3
[  22.8860]CLOSE-4-3
[  22.8860]MAINTAIN_ABLE-3
[  22.9020]OUT-159-1-7
[  22.9020]OUT-155-1-7
[  22.9020]CLOSE-1-7
[  23.0020]OUT-160-1-16
[  23.0020]CLOSE-1-16
[  23.0870]ARRIVE-4-8
[  23.0870]OPEN-4-8
[  23.1020]ARRIVE-4-10
[  23.2870]ARRIVE-5-4
[  23.2870]ARRIVE-6-1
[  23.2870]OPEN-6-1
[  23.3030]ARRIVE-2-16
[  23.4870]IN-167-4-8
[  23.4870]IN-158-4-8
[  23.4870]CLOSE-4-8
[  23.5030]ARRIVE-2-7
[  23.6030]ARRIVE-5-10
[  23.6030]ARRIVE-3-16
[  23.6880]ARRIVE-3-8
[  23.6880]OUT-165-6-1
[  23.6880]ARRIVE-4-4
[  23.6880]CLOSE-6-1
[  23.6880]OPEN-3-8
[  23.9040]ARRIVE-4-16
[  23.9040]OPEN-4-16
[  24.0890]ARRIVE-3-4
[  24.0890]OUT-158-3-8
[  24.0890]CLOSE-3-8
[  24.0890]ARRIVE-5-1
[  24.1040]ARRIVE-6-10
[  24.1040]ARRIVE-3-7
[  24.2890]ARRIVE-2-8
[  24.2890]OPEN-2-8
[  24.3040]IN-149-4-16
[  24.3040]CLOSE-4-16
[  24.4890]ARRIVE-4-1
[  24.4890]ARRIVE-2-4
[  24.4890]OPEN-2-4
[  24.6050]ARRIVE-3-16
[  24.6050]ARRIVE-7-10
[  24.6890]OUT-167-2-8
[  24.6890]CLOSE-2-8
[  24.7050]ARRIVE-4-7
[  24.7050]OPEN-4-7
[  24.8900]ARRIVE-3-1
[  24.8900]ARRIVE-3-8
[  24.8900]OUT-151-2-4
[  24.8900]CLOSE-2-4
[  24.9060]ARRIVE-2-16
[  25.0910]ARRIVE-4-8
[  25.1060]ARRIVE-8-10
[  25.1060]IN-127-4-7
[  25.1060]CLOSE-4-7
[  25.2060]ARRIVE-1-16
[  25.2060]OPEN-1-16
[  25.2910]ARRIVE-3-4
[  25.2910]ARRIVE-5-8
[  25.2910]ARRIVE-2-1
[  25.2910]OPEN-2-1
[  25.4910]ARRIVE-6-8
[  25.6070]ARRIVE-9-10
[  25.6070]OUT-149-1-16
[  25.6070]CLOSE-1-16
[  25.6920]ARRIVE-4-4
[  25.6920]ARRIVE-7-8
[  25.6920]OUT-156-2-1
[  25.6920]CLOSE-2-1
[  25.7070]ARRIVE-3-7
[  25.8920]ARRIVE-8-8
[  25.9080]ARRIVE-2-16
[  26.0930]ARRIVE-5-4
[  26.0930]ARRIVE-9-8
[  26.1080]ARRIVE-10-10
[  26.1080]OPEN-10-10
[  26.2080]ARRIVE-3-16
[  26.2930]ARRIVE-10-8
[  26.2930]OPEN-10-8
[  26.3090]ARRIVE-2-7
[  26.3090]OPEN-2-7
[  26.4930]ARRIVE-6-4
[  26.5090]ARRIVE-4-16
[  26.5090]IN-162-10-10
[  26.5090]CLOSE-10-10
[  26.6940]IN-164-10-8
[  26.6940]CLOSE-10-8
[  26.7100]OUT-127-2-7
[  26.7100]CLOSE-2-7
[  26.8100]ARRIVE-5-16
[  26.8940]ARRIVE-7-4
[  26.8940]ARRIVE-9-8
[  27.0100]ARRIVE-9-10
[  27.0950]ARRIVE-8-8
[  27.1100]ARRIVE-6-16
[  27.2950]ARRIVE-8-4
[  27.2950]ARRIVE-7-8
[  27.2950]OPEN-7-8
[  27.4110]ARRIVE-7-16
[  27.5110]ARRIVE-8-10
[  27.6950]ARRIVE-9-4
[  27.6950]OUT-164-7-8
[  27.6950]CLOSE-7-8
[  27.7110]ARRIVE-8-16
[  28.0120]ARRIVE-9-16
[  28.0120]ARRIVE-7-10
[  28.0970]ARRIVE-10-4
[  28.3130]ARRIVE-10-16
[  28.4970]ARRIVE-11-4
[  28.4970]OPEN-11-4
[  28.5130]ARRIVE-6-10
[  28.5130]OPEN-6-10
[  28.6130]ARRIVE-11-16
[  28.6130]OPEN-11-16
[  28.8980]IN-163-11-4
[  28.8980]CLOSE-11-4
[  28.9140]OUT-162-6-10
[  28.9140]CLOSE-6-10
[  29.0140]IN-166-11-16
[  29.0140]CLOSE-11-16
[  29.2990]ARRIVE-10-4
[  29.2990]OPEN-10-4
[  29.3150]ARRIVE-10-16
[  29.3150]OPEN-10-16
[  29.6990]OUT-163-10-4
[  29.6990]CLOSE-10-4
[  29.7150]OUT-166-10-16
[  29.7150]CLOSE-10-16
