[   1.3030]ARRIVE-2-6
[   1.4190]ARRIVE-2-1
[   1.7040]ARRIVE-3-6
[   1.8200]ARRIVE-3-1
[   2.1060]ARRIVE-4-6
[   2.2210]ARRIVE-4-1
[   2.5060]ARRIVE-5-6
[   2.6220]ARRIVE-5-1
[   2.9070]ARRIVE-6-6
[   3.0230]ARRIVE-6-1
[   3.3080]ARRIVE-7-6
[   3.3240]ARRIVE-2-5
[   3.3240]OPEN-2-5
[   3.4240]ARRIVE-7-1
[   3.4240]OPEN-7-1
[   3.4390]ARRIVE-2-4
[   3.4390]ARRIVE-2-3
[   3.4390]ARRIVE-2-2
[   3.6400]ARRIVE-6-13
[   3.7090]ARRIVE-8-6
[   3.7250]IN-102-2-5
[   3.7250]CLOSE-2-5
[   3.8250]IN-101-7-1
[   3.8250]CLOSE-7-1
[   3.8410]ARRIVE-3-4
[   3.8410]ARRIVE-3-3
[   3.8410]ARRIVE-3-2
[   4.1100]ARRIVE-9-6
[   4.1260]ARRIVE-1-5
[   4.1260]OPEN-1-5
[   4.2260]ARRIVE-6-1
[   4.2410]ARRIVE-4-2
[   4.2410]OPEN-4-2
[   4.2410]ARRIVE-4-3
[   4.2410]ARRIVE-7-13
[   4.2410]ARRIVE-4-4
[   4.5100]ARRIVE-10-6
[   4.5260]OUT-102-1-5
[   4.5260]CLOSE-1-5
[   4.6260]ARRIVE-5-1
[   4.6420]ARRIVE-5-3
[   4.6420]ARRIVE-5-4
[   4.6420]IN-104-4-2
[   4.6420]CLOSE-4-2
[   4.6420]OPEN-5-4
[   4.8420]ARRIVE-8-13
[   4.9110]ARRIVE-11-6
[   4.9110]OPEN-11-6
[   5.0260]ARRIVE-4-1
[   5.0420]ARRIVE-3-2
[   5.0420]ARRIVE-6-3
[   5.0420]IN-106-5-4
[   5.0420]CLOSE-5-4
[   5.0420]MAINTAIN_ACCEPT-13
[   5.3110]IN-100-11-6
[   5.3110]IN-108-11-6
[   5.3110]CLOSE-11-6
[   5.4270]ARRIVE-3-1
[   5.4270]OPEN-3-1
[   5.4420]ARRIVE-2-2
[   5.4420]ARRIVE-7-3
[   5.4420]ARRIVE-2-5
[   5.4420]ARRIVE-4-4
[   5.4420]ARRIVE-9-13
[   5.4420]OPEN-2-2
[   5.7110]ARRIVE-10-6
[   5.7110]OPEN-10-6
[   5.8270]OUT-101-3-1
[   5.8430]ARRIVE-8-3
[   5.8430]ARRIVE-3-5
[   5.8430]IN-109-2-2
[   5.8430]IN-110-2-2
[   5.8430]IN-111-2-2
[   5.8430]CLOSE-2-2
[   5.8430]MAINTAIN_ABLE-13
[   5.8430]CLOSE-3-1
[   6.1120]OUT-108-10-6
[   6.1120]CLOSE-10-6
[   6.2430]ARRIVE-4-5
[   6.2430]ARRIVE-9-3
[   6.2430]ARRIVE-3-4
[   6.2430]ARRIVE-1-2
[   6.2430]OPEN-1-2
[   6.2430]ARRIVE-4-1
[   6.5130]ARRIVE-9-6
[   6.6440]ARRIVE-2-4
[   6.6440]OPEN-2-4
[   6.6440]ARRIVE-10-3
[   6.6440]OPEN-10-3
[   6.6440]OUT-104-1-2
[   6.6440]OUT-109-1-2
[   6.6440]OUT-110-1-2
[   6.6440]OUT-111-1-2
[   6.6440]CLOSE-1-2
[   6.6440]ARRIVE-5-1
[   6.6440]ARRIVE-5-5
[   6.9130]ARRIVE-8-6
[   7.0450]OUT-106-2-4
[   7.0450]ARRIVE-6-5
[   7.0450]ARRIVE-6-1
[   7.0450]IN-103-10-3
[   7.0450]CLOSE-10-3
[   7.0450]CLOSE-2-4
[   7.3140]ARRIVE-7-6
[   7.4460]ARRIVE-9-3
[   7.4460]ARRIVE-7-1
[   7.4460]ARRIVE-7-5
[   7.4840]MAINTAIN_ACCEPT-6
[   7.7160]ARRIVE-6-6
[   7.7160]OPEN-6-6
[   7.8470]ARRIVE-8-1
[   7.8470]ARRIVE-8-3
[   7.8470]ARRIVE-8-5
[   7.8850]ARRIVE-2-2
[   8.1170]OUT-100-6-6
[   8.1170]CLOSE-6-6
[   8.1170]MAINTAIN_ABLE-6
[   8.2490]ARRIVE-7-3
[   8.2490]ARRIVE-9-1
[   8.2490]ARRIVE-9-5
[   8.2490]OPEN-7-3
[   8.2860]ARRIVE-3-2
[   8.5180]ARRIVE-3-4
[   8.6490]ARRIVE-10-5
[   8.6490]OPEN-10-5
[   8.6490]ARRIVE-10-1
[   8.6490]OUT-103-7-3
[   8.6490]CLOSE-7-3
[   8.6870]ARRIVE-4-2
[   8.9180]ARRIVE-4-4
[   9.0500]ARRIVE-11-1
[   9.0500]OPEN-11-1
[   9.0500]IN-107-10-5
[   9.0500]CLOSE-10-5
[   9.0880]ARRIVE-5-2
[   9.3190]ARRIVE-5-4
[   9.4510]ARRIVE-9-5
[   9.4510]IN-105-11-1
[   9.4510]CLOSE-11-1
[   9.4880]ARRIVE-6-2
[   9.5890]MAINTAIN_ACCEPT-1
[   9.7200]ARRIVE-6-4
[   9.7200]OPEN-6-4
[   9.8510]ARRIVE-8-5
[   9.8510]ARRIVE-10-1
[   9.8510]OPEN-10-1
[   9.8890]ARRIVE-7-2
[   9.9890]ARRIVE-6-3
[  10.1210]IN-100-6-4
[  10.1210]CLOSE-6-4
[  10.2520]ARRIVE-7-5
[  10.2520]OPEN-7-5
[  10.2520]OUT-105-10-1
[  10.2520]CLOSE-10-1
[  10.2520]MAINTAIN_ABLE-1
[  10.2900]ARRIVE-8-2
[  10.2900]OPEN-8-2
[  10.3900]ARRIVE-5-3
[  10.5220]ARRIVE-5-4
[  10.5220]OPEN-5-4
[  10.6530]OUT-107-7-5
[  10.7900]ARRIVE-4-3
[  10.9220]IN-118-5-4
[  10.9220]CLOSE-5-4
[  10.9220]IN-116-7-5
[  10.9220]IN-112-8-2
[  10.9220]CLOSE-8-2
[  10.9220]CLOSE-7-5
[  11.1910]ARRIVE-3-3
[  11.1910]OPEN-3-3
[  11.3220]ARRIVE-7-2
[  11.3220]ARRIVE-4-4
[  11.3220]OPEN-4-4
[  11.3220]ARRIVE-6-5
[  11.5910]IN-113-3-3
[  11.5910]CLOSE-3-3
[  11.7220]ARRIVE-6-2
[  11.7220]OPEN-6-2
[  11.7220]ARRIVE-5-5
[  11.7220]OUT-118-4-4
[  11.7220]IN-115-4-4
[  11.7220]IN-117-4-4
[  11.7220]CLOSE-4-4
[  11.9910]ARRIVE-2-3
[  12.1230]ARRIVE-3-4
[  12.1230]ARRIVE-4-5
[  12.1230]OUT-112-6-2
[  12.1230]OPEN-3-4
[  12.3070]ARRIVE-7-10
[  12.3920]ARRIVE-1-3
[  12.3920]OPEN-1-3
[  12.5230]IN-122-3-4
[  12.5230]CLOSE-3-4
[  12.5230]CLOSE-6-2
[  12.7930]OUT-113-1-3
[  12.7930]CLOSE-1-3
[  12.9080]ARRIVE-6-10
[  12.9080]OPEN-6-10
[  12.9240]ARRIVE-3-5
[  12.9240]OPEN-3-5
[  12.9240]ARRIVE-7-2
[  12.9240]OPEN-7-2
[  12.9240]ARRIVE-2-4
[  12.9240]OPEN-2-4
[  13.0240]OPEN-8-8
[  13.1930]ARRIVE-2-3
[  13.3090]IN-120-6-10
[  13.3090]CLOSE-6-10
[  13.3250]IN-121-7-2
[  13.3250]CLOSE-7-2
[  13.3250]OUT-100-2-4
[  13.3250]OUT-115-2-4
[  13.3250]OUT-122-2-4
[  13.3250]OUT-116-3-5
[  13.3250]CLOSE-3-5
[  13.3250]CLOSE-2-4
[  13.4250]IN-123-8-8
[  13.4250]IN-124-8-8
[  13.4250]CLOSE-8-8
[  13.5940]ARRIVE-3-3
[  13.7250]ARRIVE-4-5
[  13.7250]OPEN-4-5
[  13.7250]ARRIVE-6-2
[  13.7250]ARRIVE-1-4
[  13.7250]OPEN-1-4
[  13.8250]ARRIVE-7-8
[  13.9100]ARRIVE-5-10
[  13.9100]OPEN-5-10
[  13.9940]ARRIVE-4-3
[  14.1260]ARRIVE-5-2
[  14.1260]OUT-117-1-4
[  14.2260]ARRIVE-6-8
[  14.3100]IN-125-5-10
[  14.3100]CLOSE-5-10
[  14.3100]IN-126-4-5
[  14.3100]CLOSE-4-5
[  14.3100]CLOSE-1-4
[  14.3950]ARRIVE-5-3
[  14.7110]ARRIVE-4-2
[  14.7110]ARRIVE-5-8
[  14.7110]ARRIVE-3-5
[  14.7110]ARRIVE-2-4
[  14.7960]ARRIVE-6-3
[  14.8430]ARRIVE-3-14
[  14.9120]ARRIVE-4-10
[  15.0430]ARRIVE-4-14
[  15.1120]ARRIVE-4-8
[  15.1120]OPEN-4-8
[  15.1120]ARRIVE-3-4
[  15.1120]ARRIVE-2-5
[  15.1120]OPEN-2-5
[  15.1120]ARRIVE-3-2
[  15.1120]OPEN-3-2
[  15.1970]ARRIVE-7-3
[  15.2440]ARRIVE-5-14
[  15.4440]ARRIVE-6-14
[  15.4440]OPEN-6-14
[  15.5130]ARRIVE-3-10
[  15.5130]OUT-121-3-2
[  15.5130]OUT-126-2-5
[  15.5130]OUT-123-4-8
[  15.5130]ARRIVE-4-4
[  15.5130]OPEN-3-10
[  15.5970]ARRIVE-8-3
[  15.7440]ARRIVE-4-7
[  15.9130]ARRIVE-5-4
[  15.9130]IN-131-3-10
[  15.9130]CLOSE-3-10
[  15.9130]IN-134-4-8
[  15.9130]CLOSE-4-8
[  15.9130]CLOSE-3-2
[  15.9130]IN-127-6-14
[  15.9130]CLOSE-6-14
[  15.9130]CLOSE-2-5
[  15.9980]ARRIVE-9-3
[  16.1140]ARRIVE-5-14
[  16.3140]ARRIVE-6-4
[  16.3140]ARRIVE-3-5
[  16.3140]ARRIVE-4-14
[  16.3140]ARRIVE-4-2
[  16.3140]ARRIVE-3-8
[  16.3450]ARRIVE-5-7
[  16.3990]ARRIVE-10-3
[  16.3990]OPEN-10-3
[  16.5140]ARRIVE-2-10
[  16.5140]OPEN-2-10
[  16.5140]ARRIVE-3-14
[  16.7150]ARRIVE-4-5
[  16.7150]ARRIVE-7-4
[  16.7150]ARRIVE-2-8
[  16.7150]OPEN-2-8
[  16.7150]ARRIVE-5-2
[  16.7150]OPEN-5-2
[  16.7150]ARRIVE-2-14
[  16.7150]OPEN-2-14
[  16.7990]IN-105-10-3
[  16.7990]IN-128-10-3
[  16.7990]CLOSE-10-3
[  16.9150]OUT-120-2-10
[  16.9150]OUT-125-2-10
[  16.9150]OUT-131-2-10
[  16.9150]CLOSE-2-10
[  16.9460]ARRIVE-6-7
[  16.9460]OPEN-6-7
[  17.1150]IN-133-5-2
[  17.1150]CLOSE-5-2
[  17.1150]ARRIVE-5-5
[  17.1150]OUT-124-2-8
[  17.1150]CLOSE-2-8
[  17.1150]ARRIVE-8-4
[  17.1150]OUT-127-2-14
[  17.1150]CLOSE-2-14
[  17.2000]ARRIVE-9-3
[  17.3160]ARRIVE-3-14
[  17.3470]IN-130-6-7
[  17.3470]CLOSE-6-7
[  17.5160]ARRIVE-3-10
[  17.5160]ARRIVE-4-14
[  17.5160]ARRIVE-4-2
[  17.5160]ARRIVE-9-4
[  17.5160]ARRIVE-1-8
[  17.5160]OPEN-1-8
[  17.5160]ARRIVE-6-5
[  17.5630]MAINTAIN_ACCEPT-8
[  17.6010]ARRIVE-8-3
[  17.7170]ARRIVE-5-14
[  17.9170]ARRIVE-6-14
[  17.9170]ARRIVE-10-4
[  17.9170]ARRIVE-3-2
[  17.9170]OUT-134-1-8
[  17.9170]ARRIVE-7-5
[  17.9170]CLOSE-1-8
[  17.9170]MAINTAIN_ABLE-8
[  17.9170]OPEN-7-5
[  17.9480]ARRIVE-5-7
[  18.0010]ARRIVE-7-3
[  18.0010]OPEN-7-3
[  18.1170]ARRIVE-4-10
[  18.1170]ARRIVE-7-14
[  18.3180]ARRIVE-11-4
[  18.3180]OPEN-11-4
[  18.3180]ARRIVE-8-14
[  18.3180]ARRIVE-2-2
[  18.4020]IN-137-7-3
[  18.4020]CLOSE-7-3
[  18.4020]IN-129-7-5
[  18.4020]CLOSE-7-5
[  18.5180]ARRIVE-9-14
[  18.5180]OPEN-9-14
[  18.5490]ARRIVE-4-7
[  18.5490]OPEN-4-7
[  18.7180]ARRIVE-5-10
[  18.8020]ARRIVE-6-5
[  18.8020]ARRIVE-6-3
[  18.8020]ARRIVE-1-2
[  18.8020]OPEN-1-2
[  18.9500]IN-140-4-7
[  18.9500]IN-141-4-7
[  18.9500]CLOSE-4-7
[  18.9500]OPEN-6-3
[  18.9500]IN-136-9-14
[  19.2030]OUT-133-1-2
[  19.3190]ARRIVE-6-10
[  19.3500]IN-138-6-3
[  19.3500]IN-139-6-3
[  19.3500]IN-144-6-3
[  19.3500]CLOSE-6-3
[  19.3500]IN-114-11-4
[  19.3500]IN-145-9-14
[  19.3500]OPEN-9-11
[  19.3500]CLOSE-1-2
[  19.3500]IN-119-11-4
[  19.3500]IN-132-11-4
[  19.3500]CLOSE-11-4
[  19.3500]CLOSE-9-14
[  19.5510]ARRIVE-8-14
[  19.5510]ARRIVE-3-7
[  19.5510]OPEN-3-7
[  19.7510]ARRIVE-2-2
[  19.7510]OPEN-2-2
[  19.7510]ARRIVE-5-3
[  19.7510]OPEN-5-3
[  19.7510]ARRIVE-10-4
[  19.7510]OPEN-10-4
[  19.7510]IN-142-9-11
[  19.7510]ARRIVE-7-14
[  19.7510]ARRIVE-5-5
[  19.7510]OPEN-5-5
[  19.7510]CLOSE-9-11
[  19.9200]ARRIVE-7-10
[  19.9510]ARRIVE-6-14
[  19.9510]OUT-130-3-7
[  19.9510]OUT-141-3-7
[  20.1520]OUT-139-5-3
[  20.1520]IN-143-5-5
[  20.1520]IN-147-5-5
[  20.1520]CLOSE-5-5
[  20.1520]OUT-114-10-4
[  20.1520]IN-148-10-4
[  20.1520]IN-149-10-4
[  20.1520]CLOSE-10-4
[  20.1520]CLOSE-3-7
[  20.1520]IN-146-2-2
[  20.1520]CLOSE-2-2
[  20.1520]CLOSE-5-3
[  20.3520]ARRIVE-5-14
[  20.3520]OPEN-5-14
[  20.5210]ARRIVE-8-10
[  20.5530]ARRIVE-4-3
[  20.5530]ARRIVE-1-2
[  20.5530]OPEN-1-2
[  20.5530]ARRIVE-4-5
[  20.5530]OPEN-4-5
[  20.5530]ARRIVE-8-11
[  20.5530]ARRIVE-9-4
[  20.5530]OPEN-4-3
[  20.7530]ARRIVE-2-7
[  20.7530]OUT-136-5-14
[  20.7530]CLOSE-5-14
[  20.9540]ARRIVE-8-4
[  20.9540]OUT-137-4-3
[  20.9540]OUT-138-4-3
[  20.9540]CLOSE-4-3
[  20.9540]OUT-147-4-5
[  20.9540]CLOSE-4-5
[  20.9540]OUT-146-1-2
[  20.9540]CLOSE-1-2
[  20.9540]ARRIVE-7-11
[  20.9540]ARRIVE-4-14
[  21.1230]ARRIVE-9-10
[  21.1230]OPEN-9-10
[  21.1540]ARRIVE-3-14
[  21.1540]OPEN-3-14
[  21.3390]MAINTAIN_ACCEPT-5
[  21.3550]ARRIVE-6-11
[  21.3550]OPEN-6-11
[  21.3550]ARRIVE-3-3
[  21.3550]OPEN-3-3
[  21.3550]ARRIVE-7-4
[  21.3550]ARRIVE-1-7
[  21.3550]OPEN-1-7
[  21.3550]ARRIVE-3-5
[  21.3550]OPEN-3-5
[  21.5240]IN-135-9-10
[  21.5240]CLOSE-9-10
[  21.5550]OUT-145-3-14
[  21.5550]CLOSE-3-14
[  21.7400]ARRIVE-2-2
[  21.7560]ARRIVE-6-4
[  21.7560]OPEN-6-4
[  21.7560]OUT-129-3-5
[  21.7560]OUT-143-3-5
[  21.7560]CLOSE-3-5
[  21.7560]MAINTAIN_ABLE-5
[  21.7560]OUT-142-6-11
[  21.7560]CLOSE-6-11
[  21.7560]OUT-128-3-3
[  21.7560]OUT-140-1-7
[  21.7560]CLOSE-1-7
[  21.7560]CLOSE-3-3
[  21.7560]OPEN-3-14
[  22.1250]ARRIVE-8-10
[  22.1410]ARRIVE-3-2
[  22.1410]OPEN-3-2
[  22.1560]ARRIVE-2-3
[  22.1560]OPEN-2-3
[  22.1560]IN-143-3-14
[  22.1560]OUT-149-6-4
[  22.1560]CLOSE-3-14
[  22.1560]CLOSE-6-4
[  22.3570]ARRIVE-2-14
[  22.3570]OPEN-2-14
[  22.5420]IN-150-3-2
[  22.5420]CLOSE-3-2
[  22.5570]ARRIVE-5-4
[  22.5570]OPEN-5-4
[  22.5570]OUT-105-2-3
[  22.5570]OUT-144-2-3
[  22.5570]CLOSE-2-3
[  22.7260]ARRIVE-7-10
[  22.7570]OUT-143-2-14
[  22.7570]CLOSE-2-14
[  22.9420]ARRIVE-2-2
[  22.9580]OUT-148-5-4
[  22.9580]CLOSE-5-4
[  23.1420]ARRIVE-3-14
[  23.3270]ARRIVE-6-10
[  23.3430]ARRIVE-3-3
[  23.3430]ARRIVE-1-2
[  23.3430]ARRIVE-4-14
[  23.3430]OPEN-1-2
[  23.3590]ARRIVE-4-4
[  23.4430]ARRIVE-6-16
[  23.5430]ARRIVE-5-14
[  23.7440]ARRIVE-4-3
[  23.7440]OUT-150-1-2
[  23.7440]CLOSE-1-2
[  23.7440]ARRIVE-6-14
[  23.7440]OPEN-6-14
[  23.7590]ARRIVE-3-4
[  23.7590]OPEN-3-4
[  23.8440]ARRIVE-5-16
[  23.9280]ARRIVE-5-10
[  24.1450]ARRIVE-5-3
[  24.1450]IN-151-6-14
[  24.1450]CLOSE-6-14
[  24.1600]OUT-119-3-4
[  24.1600]OUT-132-3-4
[  24.1600]CLOSE-3-4
[  24.2450]ARRIVE-4-16
[  24.3450]ARRIVE-5-14
[  24.3450]OPEN-5-14
[  24.5300]ARRIVE-4-10
[  24.5300]OPEN-4-10
[  24.5450]ARRIVE-6-3
[  24.6460]ARRIVE-3-16
[  24.7460]OUT-151-5-14
[  24.7460]CLOSE-5-14
[  24.9310]OUT-135-4-10
[  24.9310]CLOSE-4-10
[  24.9460]ARRIVE-7-3
[  24.9460]OPEN-7-3
[  25.0460]ARRIVE-2-16
[  25.0460]OPEN-2-16
[  25.3470]IN-152-7-3
[  25.3470]CLOSE-7-3
[  25.4470]IN-153-2-16
[  25.4470]CLOSE-2-16
[  25.7480]ARRIVE-6-3
[  25.8480]ARRIVE-1-16
[  25.8480]OPEN-1-16
[  26.1490]ARRIVE-5-3
[  26.2490]OUT-153-1-16
[  26.2490]CLOSE-1-16
[  26.5490]ARRIVE-4-3
[  26.9500]ARRIVE-3-3
[  27.3510]ARRIVE-2-3
[  27.7520]ARRIVE-1-3
[  27.7520]OPEN-1-3
[  27.7520]ARRIVE-2-16
[  27.8670]ARRIVE-7-11
[  27.9520]ARRIVE-5-10
[  28.1520]ARRIVE-3-16
[  28.1520]OUT-152-1-3
[  28.1520]CLOSE-1-3
[  28.2680]ARRIVE-8-11
[  28.2680]OPEN-8-11
[  28.5530]ARRIVE-6-10
[  28.5530]ARRIVE-4-16
[  28.6690]IN-156-8-11
[  28.6690]CLOSE-8-11
[  28.9540]ARRIVE-5-16
[  28.9540]OPEN-5-16
[  29.0690]ARRIVE-7-11
[  29.1540]ARRIVE-7-10
[  29.1540]OPEN-7-10
[  29.3540]IN-155-5-16
[  29.3540]CLOSE-5-16
[  29.4700]ARRIVE-6-11
[  29.5550]IN-154-7-10
[  29.5550]CLOSE-7-10
[  29.7550]ARRIVE-4-16
[  29.8710]ARRIVE-5-11
[  30.1560]ARRIVE-3-16
[  30.1560]ARRIVE-6-10
[  30.2720]ARRIVE-4-11
[  30.5570]ARRIVE-2-16
[  30.5570]OPEN-2-16
[  30.6720]ARRIVE-3-11
[  30.7580]ARRIVE-5-10
[  30.9580]OUT-155-2-16
[  30.9580]CLOSE-2-16
[  31.0740]ARRIVE-2-11
[  31.0740]OPEN-2-11
[  31.3580]ARRIVE-4-10
[  31.4750]OUT-156-2-11
[  31.4750]CLOSE-2-11
[  31.7750]ARRIVE-3-16
[  31.9590]ARRIVE-3-10
[  31.9750]ARRIVE-2-3
[  31.9750]OPEN-2-3
[  32.0750]ARRIVE-2-7
[  32.0910]ARRIVE-3-11
[  32.0910]OPEN-3-11
[  32.1750]ARRIVE-4-16
[  32.2290]ARRIVE-6-14
[  32.3130]ARRIVE-2-2
[  32.3130]ARRIVE-4-4
[  32.3130]OPEN-4-4
[  32.3130]ARRIVE-8-17
[  32.3760]IN-159-2-3
[  32.3760]IN-167-2-3
[  32.3760]IN-170-2-3
[  32.3760]CLOSE-2-3
[  32.4290]ARRIVE-7-14
[  32.4920]IN-160-3-11
[  32.4920]IN-172-3-11
[  32.4920]CLOSE-3-11
[  32.5140]ARRIVE-7-12
[  32.5600]ARRIVE-2-10
[  32.5600]OPEN-2-10
[  32.5760]ARRIVE-5-16
[  32.6290]ARRIVE-8-14
[  32.6760]ARRIVE-3-7
[  32.7140]ARRIVE-3-2
[  32.7140]IN-164-4-4
[  32.7140]CLOSE-4-4
[  32.7770]ARRIVE-1-3
[  32.7770]OPEN-1-3
[  32.8140]ARRIVE-9-17
[  32.8300]ARRIVE-9-14
[  32.8920]ARRIVE-2-11
[  32.9610]OUT-154-2-10
[  32.9610]CLOSE-2-10
[  32.9770]ARRIVE-6-16
[  33.0300]ARRIVE-10-14
[  33.0300]OPEN-10-14
[  33.1140]ARRIVE-3-4
[  33.1140]ARRIVE-4-2
[  33.1140]ARRIVE-8-12
[  33.1770]OUT-159-1-3
[  33.1770]OUT-167-1-3
[  33.1770]OUT-170-1-3
[  33.1770]CLOSE-1-3
[  33.2770]ARRIVE-4-7
[  33.2930]ARRIVE-1-11
[  33.2930]OPEN-1-11
[  33.3150]ARRIVE-10-17
[  33.3770]ARRIVE-7-16
[  33.4300]IN-165-10-14
[  33.4300]IN-166-10-14
[  33.4300]CLOSE-10-14
[  33.5150]ARRIVE-2-4
[  33.5150]ARRIVE-5-2
[  33.5620]ARRIVE-3-10
[  33.5770]ARRIVE-2-3
[  33.6310]ARRIVE-9-14
[  33.6310]OPEN-9-14
[  33.6930]OUT-160-1-11
[  33.6930]OUT-172-1-11
[  33.7150]ARRIVE-9-12
[  33.7780]ARRIVE-8-16
[  33.8150]ARRIVE-11-17
[  33.8150]OPEN-11-17
[  33.8780]ARRIVE-5-7
[  33.9150]ARRIVE-6-2
[  33.9150]ARRIVE-1-4
[  33.9150]OPEN-1-4
[  33.9780]ARRIVE-3-3
[  34.0310]IN-169-9-14
[  34.0310]CLOSE-9-14
[  34.0310]CLOSE-1-11
[  34.1620]ARRIVE-4-10
[  34.1780]ARRIVE-9-16
[  34.1780]OPEN-9-16
[  34.2160]IN-161-11-17
[  34.2160]CLOSE-11-17
[  34.2310]ARRIVE-8-14
[  34.2310]OPEN-8-14
[  34.3160]ARRIVE-7-2
[  34.3160]OUT-164-1-4
[  34.3160]ARRIVE-10-12
[  34.3160]CLOSE-1-4
[  34.3630]MAINTAIN_ACCEPT-12
[  34.3780]ARRIVE-4-3
[  34.4780]ARRIVE-6-7
[  34.5780]IN-157-9-16
[  34.5780]CLOSE-9-16
[  34.6320]OUT-169-8-14
[  34.6320]CLOSE-8-14
[  34.7160]ARRIVE-8-2
[  34.7160]ARRIVE-10-17
[  34.7630]ARRIVE-5-10
[  34.7630]ARRIVE-2-11
[  34.7630]OPEN-5-10
[  34.7790]ARRIVE-5-3
[  34.8470]ARRIVE-7-14
[  34.8470]OPEN-7-14
[  34.8790]ARRIVE-2-4
[  34.9170]ARRIVE-11-12
[  34.9790]ARRIVE-8-16
[  35.0790]ARRIVE-7-7
[  35.1170]ARRIVE-9-2
[  35.1170]OPEN-9-2
[  35.1640]ARRIVE-3-11
[  35.1640]OPEN-3-11
[  35.1790]ARRIVE-6-3
[  35.2170]ARRIVE-9-17
[  35.2480]IN-175-7-14
[  35.2480]CLOSE-7-14
[  35.2480]IN-168-5-10
[  35.2480]MAINTAIN_ABLE-12
[  35.2480]CLOSE-5-10
[  35.2800]ARRIVE-3-4
[  35.4490]ARRIVE-6-14
[  35.5180]IN-163-9-2
[  35.5180]CLOSE-9-2
[  35.5640]IN-173-3-11
[  35.5640]CLOSE-3-11
[  35.5800]ARRIVE-7-3
[  35.5800]OPEN-7-3
[  35.6490]ARRIVE-7-16
[  35.6490]ARRIVE-5-14
[  35.6490]OPEN-7-16
[  35.6490]OPEN-5-14
[  35.6800]ARRIVE-8-7
[  35.6800]ARRIVE-4-4
[  35.7490]ARRIVE-8-17
[  35.8500]ARRIVE-4-10
[  35.8500]OPEN-4-10
[  35.9190]ARRIVE-8-2
[  35.9660]ARRIVE-2-11
[  36.0500]IN-176-7-16
[  36.0500]CLOSE-7-16
[  36.0500]OUT-166-5-14
[  36.0500]CLOSE-5-14
[  36.0500]IN-171-7-3
[  36.0500]CLOSE-7-3
[  36.0810]ARRIVE-5-4
[  36.2500]ARRIVE-4-14
[  36.2500]OUT-168-4-10
[  36.2500]CLOSE-4-10
[  36.2810]ARRIVE-9-7
[  36.4510]ARRIVE-1-11
[  36.4510]OPEN-1-11
[  36.4510]ARRIVE-7-2
[  36.4510]ARRIVE-3-14
[  36.4510]OPEN-3-14
[  36.4510]ARRIVE-6-3
[  36.4510]OPEN-6-3
[  36.4510]ARRIVE-6-16
[  36.4820]ARRIVE-6-4
[  36.5510]ARRIVE-7-17
[  36.8510]ARRIVE-5-16
[  36.8510]OPEN-5-16
[  36.8510]OUT-175-3-14
[  36.8510]CLOSE-3-14
[  36.8510]ARRIVE-6-2
[  36.8510]ARRIVE-5-10
[  36.8510]OUT-171-6-3
[  36.8510]CLOSE-6-3
[  36.8510]OUT-173-1-11
[  36.8510]CLOSE-1-11
[  36.8830]ARRIVE-7-4
[  36.8830]ARRIVE-10-7
[  36.8830]OPEN-10-7
[  37.0520]ARRIVE-6-17
[  37.0520]ARRIVE-2-14
[  37.0520]OPEN-2-14
[  37.2520]ARRIVE-5-2
[  37.2520]OUT-176-5-16
[  37.2520]CLOSE-5-16
[  37.2830]ARRIVE-8-4
[  37.2830]IN-158-10-7
[  37.2830]CLOSE-10-7
[  37.4520]OUT-165-2-14
[  37.4520]ARRIVE-6-10
[  37.4520]CLOSE-2-14
[  37.5520]ARRIVE-5-17
[  37.6520]ARRIVE-4-2
[  37.6520]ARRIVE-4-16
[  37.6830]ARRIVE-9-4
[  37.6830]OPEN-9-4
[  37.8840]ARRIVE-9-7
[  37.8840]OPEN-9-7
[  38.0530]ARRIVE-4-17
[  38.0530]ARRIVE-3-2
[  38.0530]ARRIVE-7-10
[  38.0530]ARRIVE-3-16
[  38.0840]IN-174-9-4
[  38.0840]CLOSE-9-4
[  38.2900]OUT-158-9-7
[  38.2900]CLOSE-9-7
[  38.4540]ARRIVE-2-2
[  38.4540]OPEN-2-2
[  38.4540]ARRIVE-2-16
[  38.4540]OPEN-2-16
[  38.4850]ARRIVE-8-4
[  38.5540]ARRIVE-3-17
[  38.6540]ARRIVE-8-10
[  38.8540]OUT-157-2-16
[  38.8540]CLOSE-2-16
[  38.8540]OUT-163-2-2
[  38.8540]CLOSE-2-2
[  38.8860]ARRIVE-7-4
[  39.0550]ARRIVE-2-17
[  39.2550]ARRIVE-9-10
[  39.2860]ARRIVE-6-4
[  39.5560]ARRIVE-1-17
[  39.5560]OPEN-1-17
[  39.6870]ARRIVE-5-4
[  39.8560]ARRIVE-10-10
[  39.9570]OUT-161-1-17
[  39.9570]CLOSE-1-17
[  40.0880]ARRIVE-4-4
[  40.0880]OPEN-4-4
[  40.4570]ARRIVE-11-10
[  40.4570]OPEN-11-10
[  40.4890]OUT-174-4-4
[  40.4890]CLOSE-4-4
[  40.8580]IN-162-11-10
[  40.8580]CLOSE-11-10
[  41.4590]ARRIVE-10-10
[  42.0600]ARRIVE-9-10
[  42.6610]ARRIVE-8-10
[  43.2630]ARRIVE-7-10
[  43.8640]ARRIVE-6-10
[  44.4650]ARRIVE-5-10
[  45.0660]ARRIVE-4-10
[  45.6670]ARRIVE-3-10
[  45.6670]OPEN-3-10
[  46.0680]OUT-162-3-10
[  46.0680]CLOSE-3-10
