[   0.8910]MAINTAIN_ACCEPT-4
[   1.2920]ARRIVE-2-5
[   1.2920]ARRIVE-2-2
[   1.2920]ARRIVE-2-6
[   1.2920]ARRIVE-2-3
[   1.2920]ARRIVE-2-4
[   1.2920]ARRIVE-2-1
[   1.2920]MAINTAIN_ABLE-4
[   1.2920]OPEN-2-3
[   1.6930]ARRIVE-3-1
[   1.6930]ARRIVE-3-6
[   1.6930]ARRIVE-3-2
[   1.6930]ARRIVE-3-5
[   1.6930]IN-104-2-3
[   1.6930]CLOSE-2-3
[   2.0940]ARRIVE-3-3
[   2.0940]ARRIVE-4-6
[   2.0940]ARRIVE-4-2
[   2.0940]ARRIVE-4-1
[   2.0940]ARRIVE-4-5
[   2.0940]OPEN-3-3
[   2.4950]ARRIVE-5-1
[   2.4950]IN-106-3-3
[   2.4950]ARRIVE-5-5
[   2.4950]ARRIVE-5-2
[   2.4950]ARRIVE-5-6
[   2.4950]OPEN-5-6
[   2.4950]OPEN-5-5
[   2.4950]CLOSE-3-3
[   2.8950]ARRIVE-6-1
[   2.8950]ARRIVE-6-2
[   2.8950]IN-102-5-5
[   2.8950]IN-100-5-6
[   2.8950]CLOSE-5-6
[   2.8950]ARRIVE-4-3
[   2.8950]CLOSE-5-5
[   3.2950]ARRIVE-6-6
[   3.2950]ARRIVE-7-2
[   3.2950]ARRIVE-7-1
[   3.2950]ARRIVE-5-3
[   3.2950]ARRIVE-6-5
[   3.6960]ARRIVE-8-1
[   3.6960]ARRIVE-7-6
[   3.6960]ARRIVE-8-2
[   3.6960]ARRIVE-6-3
[   3.6960]ARRIVE-7-5
[   3.6960]OPEN-7-6
[   4.0960]ARRIVE-9-2
[   4.0960]ARRIVE-9-1
[   4.0960]IN-101-7-6
[   4.0960]CLOSE-7-6
[   4.4970]ARRIVE-10-1
[   4.4970]OPEN-10-1
[   4.4970]ARRIVE-8-6
[   4.4970]ARRIVE-7-3
[   4.4970]ARRIVE-8-5
[   4.4970]ARRIVE-10-2
[   4.4970]OPEN-8-6
[   4.4970]OPEN-10-2
[   4.8970]ARRIVE-9-5
[   4.8970]OPEN-9-5
[   4.8970]IN-103-10-1
[   4.8970]IN-105-10-2
[   4.8970]OUT-101-8-6
[   4.8970]ARRIVE-8-3
[   4.8970]IN-108-10-1
[   4.8970]IN-109-10-1
[   4.8970]IN-111-10-1
[   4.8970]CLOSE-10-1
[   4.8970]CLOSE-10-2
[   4.8970]CLOSE-8-6
[   5.2980]ARRIVE-9-1
[   5.2980]OUT-102-9-5
[   5.2980]ARRIVE-9-3
[   5.2980]ARRIVE-9-2
[   5.2980]ARRIVE-9-6
[   5.2980]OPEN-9-1
[   5.2980]OPEN-9-6
[   5.6990]IN-107-9-1
[   5.6990]OUT-100-9-6
[   5.6990]IN-112-9-1
[   5.6990]CLOSE-9-1
[   5.6990]CLOSE-9-6
[   5.6990]CLOSE-9-5
[   6.1000]ARRIVE-8-1
[   6.1000]OPEN-8-1
[   6.1000]ARRIVE-8-2
[   6.1000]ARRIVE-10-3
[   6.1000]OPEN-10-3
[   6.1000]ARRIVE-8-6
[   6.5020]OUT-103-8-1
[   6.5020]ARRIVE-7-2
[   6.5020]ARRIVE-7-6
[   6.5020]OUT-106-10-3
[   6.5020]OUT-108-8-1
[   6.5020]CLOSE-10-3
[   6.5020]CLOSE-8-1
[   6.6020]MAINTAIN_ACCEPT-3
[   6.9030]ARRIVE-6-2
[   6.9030]ARRIVE-6-6
[   6.9030]ARRIVE-11-3
[   6.9030]OPEN-11-3
[   6.9030]ARRIVE-7-1
[   6.9030]OPEN-7-1
[   6.9030]OPEN-6-2
[   7.0020]ARRIVE-8-5
[   7.0020]OPEN-8-5
[   7.3030]ARRIVE-5-6
[   7.3030]OUT-105-6-2
[   7.3030]OUT-109-7-1
[   7.3030]OUT-104-11-3
[   7.3030]CLOSE-11-3
[   7.3030]MAINTAIN_ABLE-3
[   7.3030]CLOSE-7-1
[   7.3030]IN-129-6-2
[   7.3030]CLOSE-6-2
[   7.4030]IN-113-8-5
[   7.4030]IN-133-8-5
[   7.4030]CLOSE-8-5
[   7.7040]ARRIVE-4-6
[   7.7040]ARRIVE-6-1
[   7.7040]ARRIVE-5-2
[   7.7040]OPEN-6-1
[   7.7040]OPEN-5-2
[   7.8040]ARRIVE-7-5
[   8.1050]ARRIVE-3-6
[   8.1050]OUT-107-6-1
[   8.1050]IN-115-5-2
[   8.1050]CLOSE-5-2
[   8.1050]CLOSE-6-1
[   8.5050]ARRIVE-6-5
[   8.5050]ARRIVE-4-2
[   8.5050]ARRIVE-2-6
[   8.5050]OPEN-2-6
[   8.5050]ARRIVE-5-1
[   8.5050]OPEN-5-1
[   8.5050]OPEN-4-2
[   8.9060]OUT-112-5-1
[   8.9060]ARRIVE-5-5
[   8.9060]OPEN-5-5
[   8.9060]IN-119-4-2
[   8.9060]IN-127-4-2
[   8.9060]CLOSE-4-2
[   8.9060]IN-110-2-6
[   8.9060]IN-130-2-6
[   8.9060]CLOSE-2-6
[   8.9060]CLOSE-5-1
[   9.3220]ARRIVE-3-2
[   9.3220]OUT-113-5-5
[   9.3220]ARRIVE-4-1
[   9.3220]ARRIVE-3-6
[   9.3220]OPEN-3-6
[   9.3220]CLOSE-5-5
[   9.7220]ARRIVE-3-1
[   9.7220]OPEN-3-1
[   9.7220]IN-114-3-6
[   9.7220]IN-121-3-6
[   9.7220]IN-131-3-6
[   9.7220]CLOSE-3-6
[   9.7220]ARRIVE-2-2
[   9.7220]OPEN-2-2
[  10.1230]ARRIVE-4-5
[  10.1230]OUT-129-2-2
[  10.1230]OUT-115-2-2
[  10.1230]CLOSE-2-2
[  10.1230]ARRIVE-4-6
[  10.1230]OPEN-4-6
[  10.1230]OUT-111-3-1
[  10.1230]CLOSE-3-1
[  10.5230]ARRIVE-4-1
[  10.5230]OPEN-4-1
[  10.5230]ARRIVE-1-2
[  10.5230]OPEN-1-2
[  10.5230]ARRIVE-3-5
[  10.5230]OUT-131-4-6
[  10.5230]IN-123-4-6
[  10.5230]CLOSE-4-6
[  10.9080]OPEN-8-17
[  10.9240]ARRIVE-5-6
[  10.9240]IN-117-4-1
[  10.9240]OUT-119-1-2
[  10.9240]OUT-127-1-2
[  10.9240]ARRIVE-2-5
[  10.9240]OPEN-2-5
[  10.9240]OPEN-5-6
[  11.3240]OUT-133-2-5
[  11.3240]IN-122-5-6
[  11.3240]CLOSE-5-6
[  11.3240]CLOSE-4-1
[  11.3240]IN-120-1-2
[  11.3240]IN-124-1-2
[  11.3240]CLOSE-1-2
[  11.3240]IN-116-8-17
[  11.3240]CLOSE-2-5
[  11.3240]IN-128-8-17
[  11.3240]CLOSE-8-17
[  11.7250]ARRIVE-3-5
[  11.7250]OPEN-3-5
[  11.7250]ARRIVE-6-6
[  11.7250]ARRIVE-2-2
[  11.7250]ARRIVE-5-1
[  11.7250]OPEN-5-1
[  11.8250]ARRIVE-9-17
[  12.1260]IN-126-5-1
[  12.1260]CLOSE-5-1
[  12.1260]ARRIVE-7-6
[  12.1260]OPEN-7-6
[  12.1260]ARRIVE-3-2
[  12.1260]OPEN-9-17
[  12.1260]IN-135-3-5
[  12.5260]ARRIVE-6-1
[  12.5260]IN-125-9-17
[  12.5260]OUT-121-7-6
[  12.5260]OUT-122-7-6
[  12.5260]CLOSE-3-5
[  12.5260]CLOSE-9-17
[  12.5260]OPEN-6-1
[  12.5260]IN-118-7-6
[  12.5260]IN-134-7-6
[  12.5260]CLOSE-7-6
[  12.9270]ARRIVE-4-5
[  12.9270]ARRIVE-4-2
[  12.9270]OPEN-4-2
[  12.9270]OUT-117-6-1
[  12.9270]CLOSE-6-1
[  12.9270]ARRIVE-8-6
[  12.9270]OPEN-8-6
[  13.0270]ARRIVE-10-17
[  13.0270]OPEN-10-17
[  13.3280]OUT-120-4-2
[  13.3280]CLOSE-4-2
[  13.3280]ARRIVE-5-5
[  13.3280]ARRIVE-7-1
[  13.3280]OPEN-7-1
[  13.3280]OUT-110-8-6
[  13.3280]OUT-123-8-6
[  13.4280]OUT-125-10-17
[  13.7280]ARRIVE-5-2
[  13.7280]ARRIVE-6-5
[  13.7280]IN-136-7-1
[  13.7280]CLOSE-7-1
[  13.7280]CLOSE-8-6
[  13.7280]CLOSE-10-17
[  14.1290]ARRIVE-7-5
[  14.1290]ARRIVE-6-2
[  14.1290]ARRIVE-9-6
[  14.1290]OPEN-9-6
[  14.1290]ARRIVE-8-1
[  14.2290]ARRIVE-11-17
[  14.2290]OPEN-11-17
[  14.5300]ARRIVE-7-2
[  14.5300]ARRIVE-8-5
[  14.5300]OUT-130-9-6
[  14.5300]ARRIVE-9-1
[  14.5300]OUT-118-9-6
[  14.5300]CLOSE-9-6
[  14.6300]OUT-116-11-17
[  14.6300]OUT-128-11-17
[  14.6300]IN-132-11-17
[  14.6300]CLOSE-11-17
[  14.9300]ARRIVE-8-2
[  14.9300]OPEN-8-2
[  14.9300]ARRIVE-10-6
[  14.9300]OPEN-10-6
[  14.9300]ARRIVE-10-1
[  14.9300]OPEN-10-1
[  14.9300]ARRIVE-9-5
[  14.9300]OPEN-9-5
[  15.1310]ARRIVE-10-17
[  15.1310]OPEN-10-17
[  15.3310]OUT-136-10-1
[  15.3310]OUT-135-9-5
[  15.3310]OUT-114-10-6
[  15.3310]OUT-134-10-6
[  15.3310]OUT-124-8-2
[  15.5310]IN-139-10-17
[  15.5310]IN-144-10-17
[  15.5310]CLOSE-10-17
[  15.5310]IN-142-9-5
[  15.5310]IN-138-9-5
[  15.5310]CLOSE-9-5
[  15.5310]CLOSE-10-6
[  15.5310]CLOSE-8-2
[  15.5310]CLOSE-10-1
[  15.9320]ARRIVE-8-5
[  15.9320]ARRIVE-7-2
[  15.9320]ARRIVE-11-1
[  15.9320]OPEN-11-1
[  15.9320]ARRIVE-9-6
[  16.0320]ARRIVE-9-17
[  16.0320]OPEN-9-17
[  16.3330]ARRIVE-8-6
[  16.3330]ARRIVE-7-5
[  16.3330]ARRIVE-6-2
[  16.3330]OUT-126-11-1
[  16.3330]IN-148-11-1
[  16.3330]CLOSE-11-1
[  16.4170]ARRIVE-10-14
[  16.4170]OPEN-10-14
[  16.4330]OUT-144-9-17
[  16.4330]CLOSE-9-17
[  16.7340]ARRIVE-6-5
[  16.7340]ARRIVE-7-6
[  16.7340]ARRIVE-10-1
[  16.7340]ARRIVE-5-2
[  16.7340]OPEN-10-1
[  16.9340]ARRIVE-8-17
[  17.1340]ARRIVE-5-5
[  17.1340]OPEN-5-5
[  17.1340]ARRIVE-4-2
[  17.1340]OPEN-4-2
[  17.1340]IN-147-10-1
[  17.1340]CLOSE-10-1
[  17.1340]ARRIVE-6-6
[  17.1340]OPEN-6-6
[  17.1340]IN-146-10-14
[  17.1340]CLOSE-10-14
[  17.5350]ARRIVE-9-1
[  17.5350]ARRIVE-9-14
[  17.5350]IN-143-4-2
[  17.5350]CLOSE-4-2
[  17.5350]OUT-142-5-5
[  17.5350]CLOSE-5-5
[  17.5350]IN-137-6-6
[  17.5350]CLOSE-6-6
[  17.6350]ARRIVE-7-17
[  17.9350]ARRIVE-8-1
[  17.9350]ARRIVE-5-6
[  17.9350]ARRIVE-8-14
[  17.9350]ARRIVE-3-2
[  17.9350]OPEN-3-2
[  17.9350]ARRIVE-4-5
[  18.1360]ARRIVE-6-17
[  18.3360]ARRIVE-4-6
[  18.3360]IN-141-3-2
[  18.3360]CLOSE-3-2
[  18.3360]ARRIVE-7-14
[  18.3360]ARRIVE-7-1
[  18.3360]OPEN-7-1
[  18.7370]ARRIVE-2-2
[  18.7370]ARRIVE-6-14
[  18.7370]OUT-147-7-1
[  18.7370]CLOSE-7-1
[  18.7370]ARRIVE-3-5
[  18.7370]ARRIVE-3-6
[  18.8370]ARRIVE-5-17
[  18.8370]OPEN-5-17
[  19.1380]ARRIVE-6-1
[  19.1380]ARRIVE-1-2
[  19.1380]OPEN-1-2
[  19.1380]ARRIVE-2-5
[  19.1380]ARRIVE-2-6
[  19.1380]ARRIVE-5-14
[  19.1380]OPEN-5-14
[  19.2380]OUT-132-5-17
[  19.2380]CLOSE-5-17
[  19.5230]OPEN-6-19
[  19.5390]OUT-143-1-2
[  19.5390]OUT-141-1-2
[  19.5390]ARRIVE-1-6
[  19.5390]OPEN-1-6
[  19.5390]ARRIVE-5-1
[  19.5390]ARRIVE-1-5
[  19.5390]OPEN-1-5
[  19.5390]OUT-146-5-14
[  19.5390]IN-140-1-2
[  19.5390]IN-145-1-2
[  19.5390]CLOSE-1-2
[  19.5390]IN-149-5-14
[  19.5390]CLOSE-5-14
[  19.7390]ARRIVE-4-17
[  19.7390]OPEN-4-17
[  19.9240]IN-152-6-19
[  19.9240]CLOSE-6-19
[  19.9400]ARRIVE-4-1
[  19.9400]OUT-138-1-5
[  19.9400]CLOSE-1-5
[  19.9400]OUT-137-1-6
[  19.9400]CLOSE-1-6
[  19.9400]ARRIVE-2-2
[  19.9400]ARRIVE-6-14
[  20.1400]OUT-139-4-17
[  20.1400]CLOSE-4-17
[  20.3400]ARRIVE-7-14
[  20.3400]ARRIVE-3-2
[  20.3400]ARRIVE-3-1
[  20.3400]ARRIVE-2-6
[  20.3400]ARRIVE-2-5
[  20.4250]ARRIVE-7-19
[  20.4250]OPEN-7-19
[  20.7410]ARRIVE-8-14
[  20.7410]ARRIVE-3-6
[  20.7410]ARRIVE-2-1
[  20.7410]ARRIVE-4-2
[  20.7410]ARRIVE-3-5
[  20.7410]OPEN-2-1
[  20.8260]OUT-152-7-19
[  20.8260]CLOSE-7-19
[  21.1420]ARRIVE-4-5
[  21.1420]OPEN-4-5
[  21.1420]ARRIVE-9-14
[  21.1420]ARRIVE-4-6
[  21.1420]OUT-148-2-1
[  21.1420]ARRIVE-5-2
[  21.1420]OPEN-5-2
[  21.1420]CLOSE-2-1
[  21.5420]ARRIVE-10-14
[  21.5420]OUT-140-5-2
[  21.5420]CLOSE-5-2
[  21.5420]IN-151-4-5
[  21.5420]CLOSE-4-5
[  21.5420]ARRIVE-5-6
[  21.9440]ARRIVE-6-6
[  21.9440]ARRIVE-11-14
[  21.9440]OPEN-11-14
[  21.9440]ARRIVE-6-2
[  21.9440]ARRIVE-5-5
[  22.0280]OPEN-7-19
[  22.3440]ARRIVE-7-6
[  22.3440]ARRIVE-7-2
[  22.3440]OPEN-7-2
[  22.3440]OUT-149-11-14
[  22.3440]ARRIVE-6-5
[  22.3440]IN-161-11-14
[  22.3440]CLOSE-11-14
[  22.4290]ARRIVE-3-1
[  22.4290]IN-155-7-19
[  22.4290]CLOSE-7-19
[  22.5290]ARRIVE-5-17
[  22.7450]ARRIVE-10-14
[  22.7450]OPEN-10-14
[  22.7450]ARRIVE-7-5
[  22.7450]OUT-145-7-2
[  22.7450]CLOSE-7-2
[  22.7450]ARRIVE-8-6
[  22.8300]ARRIVE-4-1
[  22.9300]ARRIVE-6-19
[  23.0300]ARRIVE-6-17
[  23.1460]ARRIVE-9-6
[  23.1460]OUT-161-10-14
[  23.1460]ARRIVE-8-5
[  23.1460]ARRIVE-6-2
[  23.1460]OPEN-6-2
[  23.1460]IN-157-10-14
[  23.1460]CLOSE-10-14
[  23.2310]ARRIVE-5-1
[  23.2310]OPEN-5-1
[  23.4310]ARRIVE-5-19
[  23.5310]ARRIVE-7-17
[  23.5470]ARRIVE-10-6
[  23.5470]OPEN-10-6
[  23.5470]IN-162-6-2
[  23.5470]CLOSE-6-2
[  23.5470]ARRIVE-9-5
[  23.5470]OPEN-9-5
[  23.5470]ARRIVE-9-14
[  23.6320]IN-153-5-1
[  23.6320]CLOSE-5-1
[  23.9320]ARRIVE-4-19
[  23.9480]ARRIVE-5-2
[  23.9480]IN-150-10-6
[  23.9480]CLOSE-10-6
[  23.9480]OUT-151-9-5
[  23.9480]CLOSE-9-5
[  23.9480]ARRIVE-8-14
[  24.0320]ARRIVE-6-1
[  24.0320]ARRIVE-8-17
[  24.0320]OPEN-8-17
[  24.3480]ARRIVE-4-2
[  24.3480]ARRIVE-7-14
[  24.3480]OPEN-7-14
[  24.3480]ARRIVE-8-5
[  24.3480]ARRIVE-9-6
[  24.4330]ARRIVE-7-1
[  24.4330]IN-154-8-17
[  24.4330]ARRIVE-3-19
[  24.4330]OPEN-3-19
[  24.4330]MAINTAIN_ACCEPT-1
[  24.4330]CLOSE-8-17
[  24.7500]ARRIVE-3-2
[  24.7500]OUT-157-7-14
[  24.7500]ARRIVE-7-5
[  24.7500]ARRIVE-8-6
[  24.7500]OPEN-3-2
[  24.8340]ARRIVE-8-1
[  24.8340]OPEN-8-1
[  24.8340]OUT-155-3-19
[  24.9340]ARRIVE-7-17
[  25.1500]ARRIVE-6-5
[  25.1500]IN-160-3-2
[  25.1500]CLOSE-3-2
[  25.1500]IN-156-3-19
[  25.1500]IN-159-3-19
[  25.1500]CLOSE-3-19
[  25.1500]CLOSE-7-14
[  25.2350]OUT-153-8-1
[  25.2350]CLOSE-8-1
[  25.2350]MAINTAIN_ABLE-1
[  25.5500]ARRIVE-5-5
[  25.5500]ARRIVE-2-2
[  25.5500]OPEN-2-2
[  25.5500]ARRIVE-7-6
[  25.5500]ARRIVE-8-14
[  25.6730]ARRIVE-4-19
[  25.6730]ARRIVE-6-17
[  25.9510]ARRIVE-9-14
[  25.9510]OPEN-9-14
[  25.9510]OUT-162-2-2
[  25.9510]ARRIVE-6-6
[  25.9510]ARRIVE-4-5
[  25.9510]OPEN-4-5
[  25.9510]CLOSE-2-2
[  26.1740]ARRIVE-5-19
[  26.1740]ARRIVE-5-17
[  26.3520]ARRIVE-5-6
[  26.3520]IN-158-4-5
[  26.3520]IN-163-9-14
[  26.3520]ARRIVE-1-2
[  26.3520]IN-165-9-14
[  26.3520]CLOSE-4-5
[  26.3520]CLOSE-9-14
[  26.3520]OPEN-1-2
[  26.6750]ARRIVE-6-19
[  26.6750]OPEN-6-19
[  26.6750]ARRIVE-4-17
[  26.6750]OPEN-4-17
[  26.7530]ARRIVE-4-6
[  26.7530]OUT-160-1-2
[  26.7530]CLOSE-1-2
[  26.7530]ARRIVE-5-5
[  26.7530]ARRIVE-8-14
[  27.0750]OUT-156-6-19
[  27.0750]OUT-159-6-19
[  27.0750]OUT-154-4-17
[  27.0750]CLOSE-4-17
[  27.0750]CLOSE-6-19
[  27.1530]ARRIVE-3-6
[  27.1530]ARRIVE-2-2
[  27.1530]ARRIVE-7-14
[  27.1530]ARRIVE-6-5
[  27.5540]ARRIVE-7-5
[  27.5540]ARRIVE-2-6
[  27.5540]ARRIVE-3-2
[  27.5540]ARRIVE-6-14
[  27.5760]ARRIVE-5-17
[  27.9550]ARRIVE-1-6
[  27.9550]OPEN-1-6
[  27.9550]ARRIVE-8-5
[  27.9550]OPEN-8-5
[  27.9550]ARRIVE-5-14
[  27.9550]ARRIVE-4-2
[  28.0770]ARRIVE-6-17
[  28.3560]ARRIVE-5-2
[  28.3560]OUT-150-1-6
[  28.3560]CLOSE-1-6
[  28.3560]OUT-158-8-5
[  28.3560]CLOSE-8-5
[  28.3560]ARRIVE-4-14
[  28.3560]OPEN-4-14
[  28.5410]MAINTAIN_ACCEPT-19
[  28.5410]MAINTAIN_ABLE-19
[  28.5780]ARRIVE-7-17
[  28.7570]ARRIVE-6-2
[  28.7570]OUT-163-4-14
[  28.7570]OUT-165-4-14
[  28.7570]CLOSE-4-14
[  28.9410]ARRIVE-2-6
[  28.9410]ARRIVE-9-5
[  29.0790]ARRIVE-8-17
[  29.1570]ARRIVE-7-2
[  29.3420]ARRIVE-10-5
[  29.3420]OPEN-10-5
[  29.3420]ARRIVE-3-6
[  29.5580]ARRIVE-8-2
[  29.5580]OPEN-8-2
[  29.5810]ARRIVE-9-17
[  29.7430]ARRIVE-4-6
[  29.7430]IN-167-10-5
[  29.7430]CLOSE-10-5
[  29.9590]IN-153-8-2
[  29.9590]CLOSE-8-2
[  30.0810]ARRIVE-10-17
[  30.1440]ARRIVE-5-6
[  30.1440]ARRIVE-9-5
[  30.3600]ARRIVE-9-2
[  30.5440]ARRIVE-8-5
[  30.5440]ARRIVE-6-6
[  30.5820]ARRIVE-11-17
[  30.5820]OPEN-11-17
[  30.6450]MAINTAIN_ACCEPT-2
[  30.7600]ARRIVE-10-2
[  30.7600]OPEN-10-2
[  30.9450]ARRIVE-7-6
[  30.9450]ARRIVE-7-5
[  30.9830]IN-164-11-17
[  30.9830]CLOSE-11-17
[  31.0450]ARRIVE-5-14
[  31.1610]OUT-153-10-2
[  31.1610]CLOSE-10-2
[  31.1610]MAINTAIN_ABLE-2
[  31.3460]ARRIVE-6-5
[  31.3460]ARRIVE-8-6
[  31.4460]ARRIVE-6-14
[  31.4460]OPEN-6-14
[  31.4830]ARRIVE-10-17
[  31.7460]ARRIVE-9-6
[  31.7460]ARRIVE-5-5
[  31.8460]IN-168-6-14
[  31.8460]CLOSE-6-14
[  31.9840]ARRIVE-9-17
[  32.1470]ARRIVE-4-5
[  32.1470]ARRIVE-10-6
[  32.2470]ARRIVE-5-14
[  32.4840]ARRIVE-8-17
[  32.5470]ARRIVE-3-5
[  32.5470]ARRIVE-11-6
[  32.5470]OPEN-11-6
[  32.6470]ARRIVE-4-14
[  32.9470]ARRIVE-2-5
[  32.9470]IN-166-11-6
[  32.9470]CLOSE-11-6
[  32.9850]ARRIVE-7-17
[  33.0480]ARRIVE-3-14
[  33.3480]ARRIVE-1-5
[  33.3480]OPEN-1-5
[  33.3480]ARRIVE-10-6
[  33.4480]ARRIVE-2-14
[  33.4480]OPEN-2-14
[  33.4860]ARRIVE-6-17
[  33.7490]OUT-167-1-5
[  33.7490]ARRIVE-9-6
[  33.7490]CLOSE-1-5
[  33.8490]OUT-168-2-14
[  33.8490]CLOSE-2-14
[  33.9870]ARRIVE-5-17
[  34.1500]ARRIVE-2-5
[  34.1500]ARRIVE-8-6
[  34.1500]OPEN-8-6
[  34.2500]ARRIVE-3-14
[  34.4880]ARRIVE-4-17
[  34.5510]ARRIVE-3-5
[  34.5510]OUT-166-8-6
[  34.5510]CLOSE-8-6
[  34.6500]ARRIVE-4-14
[  34.9510]ARRIVE-4-5
[  34.9510]OPEN-4-5
[  34.9880]ARRIVE-3-17
[  35.0510]ARRIVE-5-14
[  35.3520]IN-169-4-5
[  35.3520]CLOSE-4-5
[  35.4520]ARRIVE-6-14
[  35.4890]ARRIVE-2-17
[  35.4890]OPEN-2-17
[  35.7520]ARRIVE-5-5
[  35.8520]ARRIVE-7-14
[  35.8900]OUT-164-2-17
[  35.8900]CLOSE-2-17
[  36.1530]ARRIVE-6-5
[  36.2530]ARRIVE-8-14
[  36.5530]ARRIVE-7-5
[  36.6590]ARRIVE-9-14
[  36.9540]ARRIVE-8-5
[  36.9540]OPEN-8-5
[  36.9540]OPEN-11-16
[  37.0700]ARRIVE-10-14
[  37.0700]OPEN-10-14
[  37.3550]OUT-169-8-5
[  37.3550]IN-172-11-16
[  37.3550]ARRIVE-7-6
[  37.3550]CLOSE-11-16
[  37.3550]CLOSE-8-5
[  37.4550]ARRIVE-3-17
[  37.4710]IN-153-10-14
[  37.4710]CLOSE-10-14
[  37.6550]ARRIVE-10-16
[  37.7560]ARRIVE-6-6
[  37.7560]OPEN-6-6
[  37.8720]ARRIVE-11-14
[  37.8720]OPEN-11-14
[  37.9560]ARRIVE-9-16
[  37.9560]ARRIVE-4-17
[  38.1560]IN-171-6-6
[  38.1560]CLOSE-6-6
[  38.2570]ARRIVE-8-16
[  38.2570]OPEN-8-16
[  38.2720]OUT-153-11-14
[  38.2720]CLOSE-11-14
[  38.4570]ARRIVE-5-17
[  38.5570]ARRIVE-7-6
[  38.6570]OUT-172-8-16
[  38.6570]CLOSE-8-16
[  38.9580]ARRIVE-6-17
[  38.9580]ARRIVE-8-6
[  38.9580]OPEN-8-6
[  39.3580]OUT-171-8-6
[  39.3580]CLOSE-8-6
[  39.4590]ARRIVE-7-17
[  39.4590]MAINTAIN_ACCEPT-17
[  39.7590]ARRIVE-9-16
[  39.7590]OPEN-9-16
[  39.8590]ARRIVE-9-6
[  39.8590]ARRIVE-10-14
[  39.9590]ARRIVE-8-17
[  39.9590]MAINTAIN_ABLE-17
[  40.1600]IN-173-9-16
[  40.1600]CLOSE-9-16
[  40.2600]ARRIVE-10-6
[  40.2600]ARRIVE-9-14
[  40.2600]OPEN-10-6
[  40.3610]ARRIVE-9-5
[  40.4610]ARRIVE-8-16
[  40.4610]OPEN-8-16
[  40.6610]ARRIVE-8-14
[  40.6610]IN-174-10-6
[  40.6610]CLOSE-10-6
[  40.7610]ARRIVE-10-5
[  40.8610]OUT-173-8-16
[  40.8610]CLOSE-8-16
[  41.0620]ARRIVE-11-6
[  41.0620]ARRIVE-7-14
[  41.0620]OPEN-11-6
[  41.1620]ARRIVE-11-5
[  41.1620]OPEN-11-5
[  41.4620]OUT-174-11-6
[  41.4620]ARRIVE-6-14
[  41.4620]CLOSE-11-6
[  41.5630]IN-170-11-5
[  41.5630]CLOSE-11-5
[  41.8630]ARRIVE-5-14
[  41.9630]ARRIVE-10-5
[  41.9630]ARRIVE-10-6
[  41.9630]OPEN-10-6
[  42.2640]ARRIVE-4-14
[  42.3640]IN-176-10-6
[  42.3640]ARRIVE-9-5
[  42.3640]CLOSE-10-6
[  42.6650]ARRIVE-3-14
[  42.7650]ARRIVE-9-6
[  42.7650]ARRIVE-8-5
[  43.0660]ARRIVE-2-14
[  43.0660]OPEN-2-14
[  43.1660]ARRIVE-8-6
[  43.1660]ARRIVE-7-5
[  43.4670]IN-175-2-14
[  43.4670]CLOSE-2-14
[  43.5670]ARRIVE-6-5
[  43.5670]ARRIVE-7-6
[  43.5670]OPEN-7-6
[  43.8670]ARRIVE-1-14
[  43.8670]OPEN-1-14
[  43.9670]ARRIVE-5-5
[  43.9670]OUT-176-7-6
[  43.9670]CLOSE-7-6
[  43.9670]MAINTAIN_ACCEPT-16
[  43.9670]MAINTAIN_ABLE-16
[  44.2680]OUT-175-1-14
[  44.2680]CLOSE-1-14
[  44.3680]ARRIVE-4-5
[  44.7690]ARRIVE-3-5
[  45.1690]ARRIVE-2-5
[  45.1690]OPEN-2-5
[  45.5710]OUT-170-2-5
[  45.5710]CLOSE-2-5
[  46.3730]MAINTAIN_ACCEPT-11
[  46.3730]MAINTAIN_ABLE-11
[  46.7730]ARRIVE-8-6
[  46.7730]ARRIVE-2-14
[  46.7730]ARRIVE-3-5
[  46.7730]OPEN-3-5
[  47.1740]ARRIVE-3-14
[  47.1740]ARRIVE-9-6
[  47.1740]OPEN-9-6
[  47.1740]IN-177-3-5
[  47.1740]CLOSE-3-5
[  47.5750]IN-178-9-6
[  47.5750]CLOSE-9-6
[  47.5750]ARRIVE-4-14
[  47.5750]ARRIVE-4-5
[  47.9760]ARRIVE-5-5
[  47.9760]ARRIVE-8-6
[  47.9760]ARRIVE-5-14
[  47.9760]OPEN-5-14
[  48.3770]ARRIVE-6-5
[  48.3770]ARRIVE-7-6
[  48.3770]IN-179-5-14
[  48.3770]CLOSE-5-14
[  48.7780]ARRIVE-6-14
[  48.7780]ARRIVE-6-6
[  48.7780]ARRIVE-7-5
[  48.7780]OPEN-7-5
[  49.1780]ARRIVE-7-14
[  49.1780]OUT-177-7-5
[  49.1780]ARRIVE-5-6
[  49.1780]CLOSE-7-5
[  49.5790]ARRIVE-4-6
[  49.5790]OPEN-4-6
[  49.5790]ARRIVE-8-14
[  49.9790]OUT-178-4-6
[  49.9790]ARRIVE-9-14
[  49.9790]OPEN-9-14
[  49.9790]CLOSE-4-6
[  50.3800]OUT-179-9-14
[  50.3800]CLOSE-9-14
[  50.3800]MAINTAIN_ACCEPT-14
[  50.7800]ARRIVE-8-14
[  50.7800]MAINTAIN_ABLE-14
[  50.7800]OPEN-4-6
[  51.1810]IN-180-4-6
[  51.1810]CLOSE-4-6
[  51.5820]ARRIVE-5-6
[  51.5820]OPEN-5-6
[  51.9960]OUT-180-5-6
[  51.9960]CLOSE-5-6
[  53.0840]ARRIVE-4-6
[  53.0840]ARRIVE-6-5
[  53.4850]ARRIVE-3-6
[  53.4850]ARRIVE-5-5
[  53.8850]ARRIVE-4-5
[  53.8850]ARRIVE-2-6
[  54.2860]ARRIVE-3-5
[  54.2860]OPEN-3-5
[  54.2860]ARRIVE-1-6
[  54.2860]OPEN-1-6
[  54.6870]IN-183-3-5
[  54.6870]CLOSE-3-5
[  54.6870]IN-181-1-6
[  54.6870]CLOSE-1-6
[  55.0880]ARRIVE-4-5
[  55.0880]ARRIVE-2-6
[  55.0880]OPEN-4-5
[  55.4880]IN-184-4-5
[  55.4880]CLOSE-4-5
[  55.8890]ARRIVE-3-6
[  55.8890]ARRIVE-5-5
[  56.2900]ARRIVE-4-6
[  56.2900]ARRIVE-6-5
[  56.2900]OPEN-6-5
[  56.6910]OUT-183-6-5
[  56.6910]CLOSE-6-5
[  56.6910]ARRIVE-5-6
[  57.0910]ARRIVE-7-5
[  57.0910]ARRIVE-6-6
[  57.4920]ARRIVE-8-5
[  57.4920]ARRIVE-7-6
[  57.8930]ARRIVE-9-5
[  57.8930]OPEN-9-5
[  57.8930]ARRIVE-8-6
[  58.2930]ARRIVE-9-6
[  58.2930]OUT-184-9-5
[  58.2930]CLOSE-9-5
[  58.6940]ARRIVE-10-5
[  58.6940]OPEN-10-5
[  58.6940]ARRIVE-10-6
[  58.6940]OPEN-10-6
[  59.0940]OUT-181-10-6
[  59.0940]CLOSE-10-6
[  59.0940]IN-185-10-5
[  59.0940]CLOSE-10-5
[  59.4950]ARRIVE-9-5
[  59.4950]ARRIVE-11-6
[  59.4950]OPEN-11-6
[  59.8960]ARRIVE-8-5
[  59.8960]IN-182-11-6
[  59.8960]CLOSE-11-6
[  60.2970]ARRIVE-10-6
[  60.2970]ARRIVE-7-5
[  60.6970]ARRIVE-6-5
[  60.6970]ARRIVE-9-6
[  61.0980]ARRIVE-8-6
[  61.0980]ARRIVE-5-5
[  61.5000]ARRIVE-4-5
[  61.5000]OPEN-4-5
[  61.5000]ARRIVE-7-6
[  61.9000]ARRIVE-6-6
[  61.9000]OUT-185-4-5
[  61.9000]CLOSE-4-5
[  62.3010]ARRIVE-5-6
[  62.7020]ARRIVE-4-6
[  62.7020]OPEN-4-6
[  63.1030]OUT-182-4-6
[  63.1030]CLOSE-4-6
