[   0.9030]OPEN-1-3
[   0.9030]OPEN-1-6
[   1.3040]ARRIVE-2-5
[   1.3040]IN-102-1-6
[   1.3040]IN-101-1-3
[   1.3040]ARRIVE-2-1
[   1.3040]ARRIVE-2-4
[   1.3040]ARRIVE-2-2
[   1.3040]IN-106-1-6
[   1.3040]IN-107-1-6
[   1.3040]CLOSE-1-6
[   1.3040]CLOSE-1-3
[   1.7050]ARRIVE-3-1
[   1.7050]ARRIVE-3-5
[   1.7050]ARRIVE-3-4
[   1.7050]ARRIVE-2-6
[   1.7050]ARRIVE-2-3
[   1.7050]ARRIVE-3-2
[   2.1060]ARRIVE-4-1
[   2.1060]ARRIVE-4-4
[   2.1060]ARRIVE-3-6
[   2.1060]ARRIVE-4-5
[   2.1060]ARRIVE-4-2
[   2.1060]OPEN-4-2
[   2.1060]ARRIVE-3-3
[   2.5060]ARRIVE-5-1
[   2.5060]ARRIVE-5-5
[   2.5060]ARRIVE-5-4
[   2.5060]IN-100-4-2
[   2.5060]ARRIVE-4-6
[   2.5060]ARRIVE-4-3
[   2.5060]CLOSE-4-2
[   2.9070]ARRIVE-5-6
[   2.9070]ARRIVE-6-5
[   2.9070]ARRIVE-5-2
[   2.9070]ARRIVE-6-4
[   2.9070]ARRIVE-5-3
[   2.9070]ARRIVE-6-1
[   3.3070]ARRIVE-7-1
[   3.3070]ARRIVE-6-6
[   3.3070]OPEN-6-6
[   3.3070]ARRIVE-6-2
[   3.3070]ARRIVE-7-4
[   3.3070]OPEN-7-4
[   3.3070]ARRIVE-7-5
[   3.3070]ARRIVE-6-3
[   3.3070]OPEN-6-3
[   3.7080]ARRIVE-8-1
[   3.7080]IN-103-7-4
[   3.7080]OUT-101-6-3
[   3.7080]OUT-102-6-6
[   3.7080]ARRIVE-8-5
[   3.7080]ARRIVE-7-2
[   3.7080]CLOSE-6-6
[   3.7080]CLOSE-6-3
[   3.7080]CLOSE-7-4
[   4.1090]ARRIVE-7-6
[   4.1090]ARRIVE-9-5
[   4.1090]ARRIVE-9-1
[   4.1090]OPEN-9-1
[   4.1090]ARRIVE-8-4
[   4.1090]ARRIVE-8-2
[   4.1090]OPEN-8-2
[   4.1090]OPEN-7-6
[   4.5100]ARRIVE-10-5
[   4.5100]OPEN-10-5
[   4.5100]IN-104-9-1
[   4.5100]OUT-106-7-6
[   4.5100]OUT-100-8-2
[   4.5100]CLOSE-8-2
[   4.5100]ARRIVE-9-4
[   4.5100]OPEN-9-4
[   4.5100]CLOSE-7-6
[   4.5100]CLOSE-9-1
[   4.7130]ARRIVE-5-3
[   4.9110]ARRIVE-10-1
[   4.9110]IN-105-10-5
[   4.9110]CLOSE-10-5
[   4.9110]OUT-103-9-4
[   4.9110]ARRIVE-8-6
[   4.9110]CLOSE-9-4
[   4.9110]OPEN-10-1
[   5.1270]ARRIVE-4-3
[   5.3120]ARRIVE-9-6
[   5.3120]OPEN-9-6
[   5.3120]ARRIVE-11-5
[   5.3120]OPEN-11-5
[   5.3120]OUT-104-10-1
[   5.3120]CLOSE-10-1
[   5.5130]OPEN-6-14
[   5.5280]ARRIVE-3-3
[   5.7130]OUT-107-9-6
[   5.7130]OUT-105-11-5
[   5.7130]CLOSE-9-6
[   5.7130]CLOSE-11-5
[   5.9140]ARRIVE-9-1
[   5.9140]ARRIVE-8-4
[   5.9140]IN-111-6-14
[   5.9140]CLOSE-6-14
[   5.9290]ARRIVE-2-3
[   6.3150]ARRIVE-8-1
[   6.3150]ARRIVE-7-14
[   6.3150]ARRIVE-7-4
[   6.3150]OPEN-7-4
[   6.3310]ARRIVE-1-3
[   6.3310]OPEN-1-3
[   6.6150]MAINTAIN_ACCEPT-14
[   6.7150]ARRIVE-8-14
[   6.7150]ARRIVE-7-1
[   6.7150]IN-110-7-4
[   6.7150]CLOSE-7-4
[   6.7150]OPEN-8-14
[   6.7460]IN-108-1-3
[   6.7460]CLOSE-1-3
[   7.0160]ARRIVE-8-6
[   7.0160]ARRIVE-10-5
[   7.1160]ARRIVE-8-4
[   7.1160]OUT-111-8-14
[   7.1160]CLOSE-8-14
[   7.1160]MAINTAIN_ABLE-14
[   7.1160]ARRIVE-6-1
[   7.1160]OPEN-6-1
[   7.1160]OPEN-8-2
[   7.1470]ARRIVE-2-3
[   7.4170]ARRIVE-7-6
[   7.4170]ARRIVE-9-5
[   7.5170]ARRIVE-9-4
[   7.5170]IN-111-8-2
[   7.5170]CLOSE-8-2
[   7.5170]IN-109-6-1
[   7.5170]CLOSE-6-1
[   7.5480]ARRIVE-3-3
[   7.8180]ARRIVE-8-5
[   7.8180]ARRIVE-6-6
[   7.8180]OPEN-6-6
[   7.9210]ARRIVE-10-4
[   7.9210]OPEN-10-4
[   7.9210]ARRIVE-9-2
[   7.9210]ARRIVE-7-1
[   7.9520]ARRIVE-4-3
[   8.2190]ARRIVE-7-5
[   8.2190]IN-113-6-6
[   8.2190]CLOSE-6-6
[   8.3340]ARRIVE-10-2
[   8.3340]OPEN-10-2
[   8.3340]ARRIVE-8-1
[   8.3340]OUT-110-10-4
[   8.3340]CLOSE-10-4
[   8.3720]ARRIVE-5-3
[   8.6190]ARRIVE-7-6
[   8.6190]ARRIVE-6-5
[   8.6190]OPEN-6-5
[   8.7350]ARRIVE-9-1
[   8.7350]OUT-111-10-2
[   8.7350]CLOSE-10-2
[   8.7720]ARRIVE-6-3
[   9.0190]IN-112-6-5
[   9.0190]CLOSE-6-5
[   9.0190]ARRIVE-8-6
[   9.1350]ARRIVE-10-1
[   9.1730]ARRIVE-7-3
[   9.4200]ARRIVE-7-5
[   9.4200]OPEN-7-5
[   9.4200]ARRIVE-9-6
[   9.4200]OPEN-9-6
[   9.5400]ARRIVE-11-1
[   9.5400]OPEN-11-1
[   9.5740]ARRIVE-8-3
[   9.5740]OPEN-8-3
[   9.8210]OUT-112-7-5
[   9.8210]CLOSE-7-5
[   9.8210]OUT-113-9-6
[   9.8210]CLOSE-9-6
[   9.9530]OUT-109-11-1
[   9.9530]CLOSE-11-1
[   9.9750]OUT-108-8-3
[   9.9750]CLOSE-8-3
[  10.7230]ARRIVE-7-3
[  11.1300]ARRIVE-6-3
[  11.1300]OPEN-6-3
[  11.5240]MAINTAIN_ACCEPT-2
[  11.5240]MAINTAIN_ABLE-2
[  11.5400]IN-114-6-3
[  11.5400]CLOSE-6-3
[  11.9410]ARRIVE-7-3
[  12.3420]ARRIVE-8-3
[  12.7480]ARRIVE-9-3
[  12.7480]OPEN-9-3
[  13.1600]OUT-114-9-3
[  13.1600]CLOSE-9-3
[  13.2280]ARRIVE-10-1
[  13.2280]ARRIVE-6-5
[  13.2280]ARRIVE-8-6
[  13.2280]OPEN-8-6
[  13.2280]ARRIVE-9-4
[  13.5600]ARRIVE-8-3
[  13.6290]ARRIVE-5-5
[  13.6290]IN-118-8-6
[  13.6290]CLOSE-8-6
[  13.6290]ARRIVE-9-1
[  13.6290]ARRIVE-8-4
[  13.9610]ARRIVE-7-3
[  13.9610]OPEN-7-3
[  14.0300]ARRIVE-4-5
[  14.0300]OPEN-4-5
[  14.0300]ARRIVE-9-6
[  14.0300]ARRIVE-8-1
[  14.0300]OPEN-8-1
[  14.0300]ARRIVE-7-4
[  14.3680]IN-123-7-3
[  14.3680]CLOSE-7-3
[  14.4300]ARRIVE-10-6
[  14.4300]OPEN-10-6
[  14.4300]IN-117-4-5
[  14.4300]IN-120-4-5
[  14.4300]CLOSE-4-5
[  14.4300]ARRIVE-6-4
[  14.4300]IN-116-8-1
[  14.4300]CLOSE-8-1
[  14.7850]ARRIVE-8-3
[  14.8320]ARRIVE-5-4
[  14.8320]OUT-118-10-6
[  14.8320]ARRIVE-9-1
[  14.8320]ARRIVE-5-5
[  14.8320]IN-125-10-6
[  14.8320]CLOSE-10-6
[  15.1860]ARRIVE-9-3
[  15.1860]OPEN-9-3
[  15.2320]ARRIVE-6-5
[  15.2320]OPEN-6-5
[  15.2320]ARRIVE-4-4
[  15.2320]ARRIVE-11-6
[  15.2320]OPEN-11-6
[  15.2320]ARRIVE-10-1
[  15.2320]OPEN-10-1
[  15.5870]OUT-123-9-3
[  15.5870]IN-127-9-3
[  15.5870]CLOSE-9-3
[  15.6340]ARRIVE-3-4
[  15.6340]OUT-116-10-1
[  15.6340]CLOSE-10-1
[  15.6340]OUT-117-6-5
[  15.6340]CLOSE-6-5
[  15.6340]OUT-125-11-6
[  15.6340]CLOSE-11-6
[  15.9940]ARRIVE-10-3
[  16.0400]ARRIVE-9-1
[  16.0400]ARRIVE-2-4
[  16.0400]OPEN-2-4
[  16.0400]ARRIVE-7-5
[  16.0400]ARRIVE-10-6
[  16.0400]OPEN-7-5
[  16.4030]ARRIVE-11-3
[  16.4030]OPEN-11-3
[  16.4500]ARRIVE-8-1
[  16.4500]OUT-120-7-5
[  16.4500]CLOSE-7-5
[  16.4500]ARRIVE-9-6
[  16.4500]IN-115-2-4
[  16.4500]IN-124-2-4
[  16.4500]CLOSE-2-4
[  16.8050]OUT-127-11-3
[  16.8050]CLOSE-11-3
[  16.8510]ARRIVE-8-6
[  16.8510]ARRIVE-3-4
[  16.8510]OPEN-3-4
[  16.8510]ARRIVE-6-5
[  16.8510]ARRIVE-7-1
[  17.2050]ARRIVE-10-3
[  17.2520]ARRIVE-6-1
[  17.2520]ARRIVE-5-5
[  17.2520]ARRIVE-7-6
[  17.2520]OUT-124-3-4
[  17.2520]CLOSE-3-4
[  17.3360]OPEN-1-11
[  17.6100]ARRIVE-9-3
[  17.6570]ARRIVE-4-4
[  17.6570]ARRIVE-4-5
[  17.6570]ARRIVE-6-6
[  17.6570]ARRIVE-5-1
[  17.7370]IN-126-1-11
[  17.7370]CLOSE-1-11
[  18.0210]ARRIVE-8-3
[  18.0370]ARRIVE-2-11
[  18.0370]OPEN-2-11
[  18.0680]ARRIVE-5-4
[  18.0680]ARRIVE-4-1
[  18.0680]ARRIVE-5-6
[  18.0680]ARRIVE-3-5
[  18.4220]ARRIVE-7-3
[  18.4380]OUT-126-2-11
[  18.4380]MAINTAIN_ACCEPT-6
[  18.4380]CLOSE-2-11
[  18.4690]ARRIVE-3-1
[  18.4690]OPEN-3-1
[  18.4690]ARRIVE-2-5
[  18.4690]OPEN-2-5
[  18.4690]ARRIVE-6-4
[  18.4690]OPEN-6-4
[  18.4690]ARRIVE-4-6
[  18.7390]ARRIVE-3-11
[  18.7390]OPEN-3-11
[  18.8240]ARRIVE-6-3
[  18.8700]IN-129-6-4
[  18.8700]CLOSE-6-4
[  18.8700]MAINTAIN_ABLE-6
[  18.8700]IN-122-2-5
[  18.8700]IN-121-2-5
[  18.8700]CLOSE-2-5
[  18.8700]IN-128-3-1
[  18.8700]CLOSE-3-1
[  19.1470]IN-130-3-11
[  19.1470]CLOSE-3-11
[  19.2300]ARRIVE-5-3
[  19.2770]ARRIVE-4-1
[  19.2770]ARRIVE-7-4
[  19.2770]ARRIVE-3-5
[  19.2770]OPEN-3-5
[  19.4560]ARRIVE-4-11
[  19.6410]ARRIVE-4-3
[  19.6940]ARRIVE-5-1
[  19.6940]ARRIVE-8-4
[  19.6940]OUT-122-3-5
[  19.6940]CLOSE-3-5
[  19.7570]ARRIVE-5-11
[  20.0410]ARRIVE-3-3
[  20.0570]ARRIVE-6-11
[  20.0950]ARRIVE-9-4
[  20.0950]ARRIVE-4-5
[  20.0950]ARRIVE-6-1
[  20.0950]OPEN-4-5
[  20.3580]ARRIVE-7-11
[  20.4430]ARRIVE-2-3
[  20.4960]ARRIVE-7-1
[  20.4960]OUT-121-4-5
[  20.4960]ARRIVE-10-4
[  20.4960]CLOSE-4-5
[  20.6580]ARRIVE-8-11
[  20.8550]ARRIVE-1-3
[  20.8550]OPEN-1-3
[  20.8960]ARRIVE-8-1
[  20.8960]ARRIVE-11-4
[  20.8960]OPEN-11-4
[  20.8960]OPEN-8-1
[  20.9590]ARRIVE-9-11
[  21.2590]ARRIVE-10-11
[  21.2590]IN-119-1-3
[  21.2590]CLOSE-1-3
[  21.2970]OUT-115-11-4
[  21.2970]OUT-128-8-1
[  21.2970]OUT-129-11-4
[  21.2970]CLOSE-11-4
[  21.2970]CLOSE-8-1
[  21.5600]ARRIVE-11-11
[  21.5600]OPEN-11-11
[  21.6600]ARRIVE-2-3
[  21.9600]OUT-130-11-11
[  21.9600]CLOSE-11-11
[  22.0610]ARRIVE-3-3
[  22.3530]OPEN-8-1
[  22.3530]OPEN-4-5
[  22.4640]ARRIVE-4-3
[  22.6620]ARRIVE-10-11
[  22.7630]ARRIVE-10-4
[  22.7630]IN-134-4-5
[  22.7630]IN-133-8-1
[  22.7630]CLOSE-8-1
[  22.7630]CLOSE-4-5
[  22.8780]ARRIVE-5-3
[  22.9630]ARRIVE-9-11
[  23.1630]ARRIVE-9-1
[  23.1630]ARRIVE-5-5
[  23.1630]ARRIVE-9-4
[  23.2640]ARRIVE-8-11
[  23.2790]ARRIVE-6-3
[  23.5700]ARRIVE-6-5
[  23.5700]ARRIVE-8-4
[  23.5700]ARRIVE-7-11
[  23.5700]ARRIVE-10-1
[  23.5700]OPEN-10-1
[  23.6800]ARRIVE-7-3
[  23.6800]OPEN-7-3
[  23.8800]ARRIVE-6-11
[  23.9750]ARRIVE-7-4
[  23.9750]ARRIVE-7-5
[  23.9750]OUT-133-10-1
[  24.1020]IN-135-7-3
[  24.1020]CLOSE-7-3
[  24.1020]CLOSE-10-1
[  24.1800]ARRIVE-5-11
[  24.1800]OPEN-5-11
[  24.3810]ARRIVE-6-4
[  24.5040]ARRIVE-9-1
[  24.5040]ARRIVE-8-5
[  24.5040]ARRIVE-8-3
[  24.5040]OPEN-8-5
[  24.5820]IN-132-5-11
[  24.5820]CLOSE-5-11
[  24.7820]ARRIVE-5-4
[  24.8820]ARRIVE-6-11
[  24.9050]ARRIVE-8-1
[  24.9050]OUT-134-8-5
[  24.9050]ARRIVE-9-3
[  24.9050]CLOSE-8-5
[  24.9050]OPEN-9-3
[  25.1830]ARRIVE-7-11
[  25.1830]ARRIVE-4-4
[  25.3050]ARRIVE-7-1
[  25.3050]OUT-119-9-3
[  25.3050]CLOSE-9-3
[  25.5120]ARRIVE-8-11
[  25.5900]ARRIVE-3-4
[  25.7060]ARRIVE-6-1
[  25.7060]ARRIVE-10-3
[  25.8210]ARRIVE-9-11
[  25.8210]OPEN-9-11
[  26.0060]ARRIVE-2-4
[  26.0060]OPEN-2-4
[  26.1060]ARRIVE-5-1
[  26.1060]ARRIVE-11-3
[  26.1060]OPEN-11-3
[  26.2230]OUT-132-9-11
[  26.2230]CLOSE-9-11
[  26.4070]IN-131-2-4
[  26.4070]CLOSE-2-4
[  26.5080]ARRIVE-4-1
[  26.5080]OUT-135-11-3
[  26.5080]CLOSE-11-3
[  26.6550]ARRIVE-8-11
[  26.6550]OPEN-8-11
[  26.7550]ARRIVE-7-5
[  26.8090]ARRIVE-3-4
[  26.9090]ARRIVE-3-1
[  27.0560]IN-138-8-11
[  27.0560]CLOSE-8-11
[  27.1680]ARRIVE-6-5
[  27.2210]ARRIVE-4-4
[  27.3100]ARRIVE-2-1
[  27.3570]ARRIVE-9-11
[  27.3570]OPEN-9-11
[  27.5580]OPEN-6-15
[  27.5740]ARRIVE-5-5
[  27.6270]ARRIVE-5-4
[  27.6270]OPEN-5-4
[  27.7120]ARRIVE-1-1
[  27.7120]OPEN-1-1
[  27.7590]OUT-138-9-11
[  27.7590]IN-145-9-11
[  27.7590]CLOSE-9-11
[  27.9590]IN-140-6-15
[  27.9590]CLOSE-6-15
[  27.9590]ARRIVE-10-3
[  27.9590]OPEN-10-3
[  27.9750]ARRIVE-4-5
[  27.9750]OPEN-4-5
[  28.0280]OUT-131-5-4
[  28.0280]IN-143-5-4
[  28.0280]CLOSE-5-4
[  28.0590]ARRIVE-10-11
[  28.0590]OPEN-10-11
[  28.3600]ARRIVE-7-15
[  28.4290]ARRIVE-6-4
[  28.4600]IN-142-10-11
[  28.4600]CLOSE-10-11
[  28.4600]IN-137-4-5
[  28.4600]IN-136-1-1
[  28.4600]IN-141-1-1
[  28.4600]IN-146-1-1
[  28.4600]CLOSE-1-1
[  28.4600]IN-139-10-3
[  28.4600]CLOSE-10-3
[  28.4600]CLOSE-4-5
[  28.7630]ARRIVE-11-11
[  28.7630]OPEN-11-11
[  28.8730]ARRIVE-2-1
[  28.8730]ARRIVE-11-3
[  28.8730]OPEN-11-3
[  28.8730]ARRIVE-7-4
[  28.8730]ARRIVE-5-5
[  28.8730]ARRIVE-8-15
[  28.8730]OPEN-2-1
[  29.1650]OUT-145-11-11
[  29.1650]OUT-142-11-11
[  29.2770]OUT-139-11-3
[  29.2770]IN-144-2-1
[  29.2770]CLOSE-2-1
[  29.2770]OPEN-5-5
[  29.2770]CLOSE-11-11
[  29.2770]CLOSE-11-3
[  29.6780]IN-148-5-5
[  29.6780]ARRIVE-3-1
[  29.6780]OPEN-3-1
[  29.6780]ARRIVE-9-15
[  29.6780]CLOSE-5-5
[  30.0790]ARRIVE-8-4
[  30.0790]ARRIVE-10-15
[  30.0790]ARRIVE-10-3
[  30.0790]ARRIVE-6-5
[  30.0790]OPEN-6-5
[  30.0790]OUT-146-3-1
[  30.0790]CLOSE-3-1
[  30.4790]ARRIVE-9-4
[  30.4790]OUT-137-6-5
[  30.4790]ARRIVE-9-3
[  30.4790]ARRIVE-4-1
[  30.4790]ARRIVE-11-15
[  30.4790]OPEN-11-15
[  30.4790]CLOSE-6-5
[  30.8790]ARRIVE-5-1
[  30.8790]ARRIVE-8-3
[  30.8790]OUT-140-11-15
[  30.8790]CLOSE-11-15
[  30.8790]ARRIVE-7-5
[  30.8790]ARRIVE-10-4
[  31.2800]ARRIVE-6-1
[  31.2800]ARRIVE-7-3
[  31.2800]ARRIVE-11-4
[  31.2800]ARRIVE-8-5
[  31.2800]OPEN-11-4
[  31.6810]ARRIVE-7-1
[  31.6810]OUT-143-11-4
[  31.6810]ARRIVE-9-5
[  31.6810]ARRIVE-6-3
[  31.6810]CLOSE-11-4
[  32.0810]ARRIVE-10-5
[  32.0810]ARRIVE-5-3
[  32.0810]ARRIVE-8-1
[  32.0810]OPEN-8-1
[  32.4820]ARRIVE-11-5
[  32.4820]OPEN-11-5
[  32.4820]ARRIVE-4-3
[  32.4820]OUT-144-8-1
[  32.4820]CLOSE-8-1
[  32.8830]ARRIVE-9-1
[  32.8830]OUT-148-11-5
[  32.8830]CLOSE-11-5
[  32.8830]ARRIVE-3-3
[  33.2840]ARRIVE-10-1
[  33.2840]OPEN-10-1
[  33.2840]ARRIVE-2-3
[  33.6850]ARRIVE-1-3
[  33.6850]OPEN-1-3
[  33.6850]OUT-141-10-1
[  33.6850]CLOSE-10-1
[  34.0860]ARRIVE-11-1
[  34.0860]OPEN-11-1
[  34.0860]IN-147-1-3
[  34.0860]CLOSE-1-3
[  34.4870]OUT-136-11-1
[  34.4870]CLOSE-11-1
[  34.4870]ARRIVE-2-3
[  34.7720]MAINTAIN_ACCEPT-4
[  34.7720]MAINTAIN_ABLE-4
[  34.8880]ARRIVE-3-3
[  35.1730]ARRIVE-10-1
[  35.2880]ARRIVE-4-3
[  35.5730]ARRIVE-9-1
[  35.5730]OPEN-9-1
[  35.6890]ARRIVE-5-3
[  35.9740]IN-149-9-1
[  35.9740]CLOSE-9-1
[  36.0900]ARRIVE-6-3
[  36.0900]OPEN-6-3
[  36.3750]ARRIVE-10-1
[  36.3750]OPEN-10-1
[  36.4900]OUT-147-6-3
[  36.4900]CLOSE-6-3
[  36.7750]OUT-149-10-1
[  36.7750]CLOSE-10-1
[  38.6770]MAINTAIN_ACCEPT-19
[  38.6770]MAINTAIN_ABLE-19
[  39.0780]ARRIVE-9-1
[  39.0780]OPEN-9-1
[  39.4780]IN-150-9-1
[  39.4780]CLOSE-9-1
[  39.8790]ARRIVE-10-1
[  39.8790]OPEN-10-1
[  40.2800]OUT-150-10-1
[  40.2800]CLOSE-10-1
[  41.4820]OPEN-10-1
[  41.7830]ARRIVE-10-11
[  41.8830]ARRIVE-10-15
[  41.8830]IN-151-10-1
[  41.8830]CLOSE-10-1
[  41.8830]ARRIVE-10-5
[  42.0830]ARRIVE-9-11
[  42.2830]ARRIVE-11-1
[  42.2830]OPEN-11-1
[  42.2830]ARRIVE-9-15
[  42.2830]ARRIVE-9-5
[  42.3830]ARRIVE-8-11
[  42.5830]OPEN-6-3
[  42.6840]ARRIVE-7-11
[  42.6840]OUT-151-11-1
[  42.6840]ARRIVE-8-5
[  42.6840]ARRIVE-8-15
[  42.6840]CLOSE-11-1
[  42.9840]ARRIVE-6-11
[  42.9840]IN-155-6-3
[  42.9840]CLOSE-6-3
[  43.0850]ARRIVE-7-5
[  43.0850]ARRIVE-7-15
[  43.2850]ARRIVE-5-11
[  43.3850]ARRIVE-7-3
[  43.4850]ARRIVE-6-15
[  43.4850]ARRIVE-6-5
[  43.5860]ARRIVE-4-11
[  43.7860]ARRIVE-8-3
[  43.8860]ARRIVE-5-5
[  43.8860]OPEN-5-5
[  43.8860]ARRIVE-5-15
[  43.8860]OPEN-5-15
[  43.8860]ARRIVE-3-11
[  44.1870]ARRIVE-9-3
[  44.1870]OPEN-9-3
[  44.1870]ARRIVE-2-11
[  44.1870]ARRIVE-10-1
[  44.2860]IN-154-5-15
[  44.2860]IN-152-5-5
[  44.2860]CLOSE-5-15
[  44.2860]CLOSE-5-5
[  44.4870]ARRIVE-1-11
[  44.4870]OPEN-1-11
[  44.5870]ARRIVE-9-1
[  44.5870]OUT-155-9-3
[  44.5870]CLOSE-9-3
[  44.6870]ARRIVE-6-5
[  44.6870]ARRIVE-6-15
[  44.6870]OPEN-6-15
[  44.8870]IN-153-1-11
[  44.8870]CLOSE-1-11
[  44.9880]ARRIVE-8-1
[  44.9880]ARRIVE-8-3
[  45.0880]ARRIVE-7-5
[  45.0880]OPEN-7-5
[  45.0880]OUT-154-6-15
[  45.1880]ARRIVE-2-11
[  45.3880]ARRIVE-7-1
[  45.3880]ARRIVE-7-3
[  45.4880]IN-158-7-5
[  45.4880]CLOSE-7-5
[  45.4880]CLOSE-6-15
[  45.7890]ARRIVE-6-3
[  45.7890]ARRIVE-3-11
[  45.7890]ARRIVE-6-1
[  45.8890]ARRIVE-8-5
[  45.8890]ARRIVE-5-15
[  45.8890]OPEN-5-15
[  46.0900]ARRIVE-4-11
[  46.1900]ARRIVE-5-3
[  46.1900]ARRIVE-5-1
[  46.2900]ARRIVE-9-5
[  46.2900]OPEN-9-5
[  46.2900]IN-159-5-15
[  46.2900]CLOSE-5-15
[  46.3900]ARRIVE-5-11
[  46.5910]ARRIVE-4-3
[  46.5910]ARRIVE-4-1
[  46.5910]OPEN-4-1
[  46.6920]ARRIVE-6-15
[  46.6920]ARRIVE-6-11
[  46.6920]OUT-152-9-5
[  46.6920]CLOSE-9-5
[  46.9920]ARRIVE-7-11
[  46.9920]IN-156-4-1
[  46.9920]ARRIVE-3-3
[  46.9920]OPEN-3-3
[  46.9920]CLOSE-4-1
[  47.0940]ARRIVE-10-5
[  47.0940]ARRIVE-7-15
[  47.0940]OPEN-7-15
[  47.0940]OPEN-10-5
[  47.2930]ARRIVE-8-11
[  47.3930]ARRIVE-5-1
[  47.3930]IN-157-3-3
[  47.3930]CLOSE-3-3
[  47.5080]OUT-158-10-5
[  47.5080]OUT-159-7-15
[  47.5080]CLOSE-10-5
[  47.5080]CLOSE-7-15
[  47.5930]ARRIVE-9-11
[  47.7940]ARRIVE-4-3
[  47.7940]ARRIVE-6-1
[  47.8940]ARRIVE-10-11
[  47.9100]ARRIVE-9-5
[  48.1950]ARRIVE-5-3
[  48.1950]ARRIVE-7-1
[  48.1950]ARRIVE-11-11
[  48.1950]OPEN-11-11
[  48.3100]ARRIVE-8-5
[  48.5950]ARRIVE-8-1
[  48.5950]ARRIVE-6-3
[  48.5950]OUT-153-11-11
[  48.5950]CLOSE-11-11
[  48.7110]ARRIVE-7-5
[  48.9960]ARRIVE-9-1
[  48.9960]ARRIVE-7-3
[  49.1120]ARRIVE-6-5
[  49.3970]ARRIVE-10-1
[  49.3970]OPEN-10-1
[  49.3970]ARRIVE-8-3
[  49.5130]ARRIVE-5-5
[  49.7980]OUT-156-10-1
[  49.7980]ARRIVE-9-3
[  49.7980]CLOSE-10-1
[  49.9130]ARRIVE-4-5
[  50.1980]ARRIVE-10-3
[  50.1980]OPEN-10-3
[  50.3140]ARRIVE-3-5
[  50.5990]ARRIVE-10-11
[  50.5990]OUT-157-10-3
[  50.5990]CLOSE-10-3
[  50.6990]ARRIVE-6-15
[  50.6990]ARRIVE-9-1
[  50.7150]ARRIVE-2-5
[  50.7150]OPEN-2-5
[  50.9000]ARRIVE-9-11
[  51.1000]ARRIVE-8-1
[  51.1000]ARRIVE-5-15
[  51.1160]IN-160-2-5
[  51.1160]CLOSE-2-5
[  51.2010]ARRIVE-8-11
[  51.5010]ARRIVE-7-1
[  51.5010]ARRIVE-4-15
[  51.5010]ARRIVE-7-11
[  51.5160]ARRIVE-3-5
[  51.8020]ARRIVE-6-11
[  51.8020]ARRIVE-4-9
[  51.9020]ARRIVE-6-1
[  51.9020]ARRIVE-9-3
[  51.9020]OPEN-9-3
[  51.9020]ARRIVE-3-15
[  51.9020]OPEN-3-15
[  51.9180]ARRIVE-4-5
[  51.9180]OPEN-4-5
[  52.1020]ARRIVE-5-9
[  52.1020]ARRIVE-5-11
[  52.3030]ARRIVE-5-1
[  52.3180]IN-169-4-5
[  52.3180]CLOSE-4-5
[  52.3180]IN-164-9-3
[  52.3180]CLOSE-9-3
[  52.3180]IN-163-3-15
[  52.3180]CLOSE-3-15
[  52.4030]ARRIVE-6-9
[  52.4030]ARRIVE-4-11
[  52.4030]OPEN-4-11
[  52.7030]ARRIVE-7-9
[  52.7030]ARRIVE-4-1
[  52.7030]OPEN-4-1
[  52.7190]ARRIVE-4-15
[  52.7190]ARRIVE-10-3
[  52.7190]OPEN-10-3
[  52.7190]ARRIVE-5-5
[  52.7190]OPEN-5-5
[  52.8030]IN-162-4-11
[  52.8030]CLOSE-4-11
[  53.0040]ARRIVE-8-9
[  53.0040]OPEN-8-9
[  53.1040]ARRIVE-5-11
[  53.1040]IN-161-4-1
[  53.1040]OPEN-5-11
[  53.1200]ARRIVE-5-15
[  53.1200]OPEN-5-15
[  53.1200]OUT-169-5-5
[  53.1200]OUT-164-10-3
[  53.5050]IN-171-5-11
[  53.5050]CLOSE-5-11
[  53.5050]CLOSE-4-1
[  53.5050]CLOSE-5-5
[  53.5050]CLOSE-10-3
[  53.5050]IN-165-8-9
[  53.5050]CLOSE-8-9
[  53.5200]OUT-163-5-15
[  53.5200]CLOSE-5-15
[  53.8050]ARRIVE-9-9
[  53.8050]ARRIVE-6-11
[  53.9050]ARRIVE-9-3
[  53.9050]OPEN-9-3
[  53.9050]ARRIVE-6-5
[  53.9050]ARRIVE-5-1
[  53.9210]ARRIVE-6-15
[  53.9210]OPEN-6-15
[  54.1060]ARRIVE-10-9
[  54.1060]ARRIVE-7-11
[  54.1060]OPEN-7-11
[  54.3060]ARRIVE-6-1
[  54.3060]ARRIVE-7-5
[  54.4060]ARRIVE-11-9
[  54.4060]OPEN-11-9
[  54.5060]IN-166-7-11
[  54.5060]IN-167-7-11
[  54.5060]IN-170-7-11
[  54.5060]CLOSE-7-11
[  54.5060]IN-172-9-3
[  54.5060]CLOSE-9-3
[  54.5060]IN-168-6-15
[  54.5060]CLOSE-6-15
[  54.8070]ARRIVE-8-11
[  54.8070]OPEN-8-11
[  54.8070]OUT-165-11-9
[  54.8070]CLOSE-11-9
[  54.9070]ARRIVE-7-15
[  54.9070]ARRIVE-8-5
[  54.9070]ARRIVE-10-3
[  54.9070]ARRIVE-7-1
[  54.9070]OPEN-10-3
[  54.9070]OPEN-1-13
[  55.2080]OUT-166-8-11
[  55.2080]ARRIVE-10-9
[  55.2080]OUT-170-8-11
[  55.2080]CLOSE-8-11
[  55.3080]ARRIVE-8-1
[  55.3080]OUT-172-10-3
[  55.3080]ARRIVE-9-5
[  55.3080]OPEN-9-5
[  55.3080]ARRIVE-8-15
[  55.3080]IN-174-1-13
[  55.3080]CLOSE-10-3
[  55.3080]CLOSE-1-13
[  55.5080]ARRIVE-9-11
[  55.5080]ARRIVE-9-9
[  55.7090]ARRIVE-9-1
[  55.7090]ARRIVE-9-15
[  55.7090]OPEN-9-15
[  55.7090]OUT-160-9-5
[  55.7090]CLOSE-9-5
[  55.7090]ARRIVE-2-13
[  55.8090]ARRIVE-8-9
[  55.8090]ARRIVE-10-11
[  55.8090]OPEN-10-11
[  56.1100]ARRIVE-7-9
[  56.1100]OPEN-7-9
[  56.1100]MAINTAIN_ACCEPT-3
[  56.1100]OUT-168-9-15
[  56.1100]ARRIVE-10-1
[  56.1100]OPEN-10-1
[  56.1100]ARRIVE-3-13
[  56.1100]MAINTAIN_ABLE-3
[  56.1100]CLOSE-9-15
[  56.2100]OUT-162-10-11
[  56.2100]CLOSE-10-11
[  56.5110]ARRIVE-4-13
[  56.5110]ARRIVE-11-11
[  56.5110]OPEN-11-11
[  56.5110]OUT-161-10-1
[  56.5110]IN-173-7-9
[  56.5110]CLOSE-7-9
[  56.5110]CLOSE-10-1
[  56.8110]ARRIVE-8-9
[  56.9120]ARRIVE-5-13
[  56.9120]OUT-171-11-11
[  56.9120]OUT-167-11-11
[  56.9120]CLOSE-11-11
[  57.1120]ARRIVE-9-9
[  57.3120]ARRIVE-6-13
[  57.4120]ARRIVE-10-9
[  57.4120]OPEN-10-9
[  57.7130]ARRIVE-7-13
[  57.8130]OUT-173-10-9
[  57.8130]CLOSE-10-9
[  58.1130]ARRIVE-8-13
[  58.5140]ARRIVE-9-13
[  58.5140]OPEN-9-13
[  58.9140]OUT-174-9-13
[  58.9140]CLOSE-9-13
[  60.7160]ARRIVE-9-9
[  60.7160]ARRIVE-10-11
[  60.8170]ARRIVE-9-1
[  60.8170]ARRIVE-8-5
[  60.8170]ARRIVE-8-13
[  60.8170]ARRIVE-8-15
[  61.0170]ARRIVE-9-11
[  61.0170]OPEN-9-11
[  61.0170]ARRIVE-8-9
[  61.2170]ARRIVE-7-13
[  61.2170]ARRIVE-7-5
[  61.2170]ARRIVE-8-1
[  61.2170]ARRIVE-7-15
[  61.3180]ARRIVE-7-9
[  61.4180]IN-178-9-11
[  61.4180]CLOSE-9-11
[  61.5180]MAINTAIN_ACCEPT-1
[  61.6190]ARRIVE-6-15
[  61.6190]ARRIVE-6-9
[  61.6190]ARRIVE-6-5
[  61.6190]ARRIVE-6-13
[  61.6190]OPEN-6-13
[  61.6190]ARRIVE-7-1
[  61.6190]MAINTAIN_ABLE-1
[  61.7190]ARRIVE-10-11
[  61.7190]OPEN-10-11
[  61.9190]ARRIVE-5-9
[  62.0190]ARRIVE-5-15
[  62.0190]OPEN-5-15
[  62.0190]IN-175-6-13
[  62.0190]ARRIVE-5-5
[  62.0190]IN-180-6-13
[  62.0190]CLOSE-6-13
[  62.1190]OUT-178-10-11
[  62.1190]CLOSE-10-11
[  62.2190]ARRIVE-4-9
[  62.4200]ARRIVE-7-13
[  62.4200]OPEN-7-13
[  62.4200]IN-179-5-15
[  62.4200]CLOSE-5-15
[  62.4200]ARRIVE-4-5
[  62.5200]ARRIVE-3-9
[  62.5200]OPEN-3-9
[  62.8200]ARRIVE-3-5
[  62.8200]OUT-180-7-13
[  62.8200]CLOSE-7-13
[  62.8200]ARRIVE-6-15
[  62.9210]IN-176-3-9
[  62.9210]CLOSE-3-9
[  63.2210]ARRIVE-2-5
[  63.2210]ARRIVE-7-15
[  63.2210]ARRIVE-8-13
[  63.2210]ARRIVE-4-9
[  63.5210]ARRIVE-5-9
[  63.6210]ARRIVE-8-15
[  63.6210]ARRIVE-1-5
[  63.6210]OPEN-1-5
[  63.6210]ARRIVE-9-13
[  63.6210]OPEN-9-13
[  63.8220]ARRIVE-6-9
[  64.0220]ARRIVE-9-15
[  64.0220]OUT-175-9-13
[  64.0220]CLOSE-9-13
[  64.0220]IN-177-1-5
[  64.0220]CLOSE-1-5
[  64.1220]ARRIVE-7-9
[  64.4230]ARRIVE-8-9
[  64.4230]ARRIVE-2-5
[  64.4230]ARRIVE-10-15
[  64.4230]OPEN-10-15
[  64.7230]ARRIVE-9-9
[  64.8240]ARRIVE-3-5
[  64.8240]OUT-179-10-15
[  64.8240]CLOSE-10-15
[  65.0240]ARRIVE-10-9
[  65.0240]OPEN-10-9
[  65.2250]ARRIVE-4-5
[  65.4250]OUT-176-10-9
[  65.4250]CLOSE-10-9
[  65.6250]ARRIVE-5-5
[  66.0260]ARRIVE-6-5
[  66.4260]ARRIVE-7-5
[  66.8270]ARRIVE-8-5
[  66.8270]OPEN-8-5
[  67.2280]OUT-177-8-5
[  67.2280]CLOSE-8-5
