[   0.8960]MAINTAIN_ACCEPT-5
[   0.9020]MAINTAIN_ABLE-5
[   1.2970]ARRIVE-2-4
[   1.2970]ARRIVE-2-3
[   1.6970]ARRIVE-3-4
[   1.6970]ARRIVE-3-3
[   2.0970]ARRIVE-4-3
[   2.0970]ARRIVE-4-4
[   2.0970]OPEN-4-4
[   2.4980]ARRIVE-5-3
[   2.4980]IN-101-4-4
[   2.4980]CLOSE-4-4
[   2.8980]ARRIVE-5-4
[   2.8980]ARRIVE-6-3
[   2.8980]OPEN-6-3
[   3.2990]ARRIVE-6-4
[   3.2990]IN-100-6-3
[   3.2990]CLOSE-6-3
[   3.6990]ARRIVE-7-4
[   3.6990]ARRIVE-5-3
[   4.1010]ARRIVE-4-3
[   4.1010]ARRIVE-8-4
[   4.5020]ARRIVE-3-3
[   4.5020]ARRIVE-9-4
[   4.9040]ARRIVE-10-4
[   4.9040]OPEN-10-4
[   4.9040]ARRIVE-2-3
[   4.9040]OPEN-2-3
[   5.3040]OUT-101-10-4
[   5.3040]OUT-100-2-3
[   5.3040]CLOSE-10-4
[   5.3040]CLOSE-2-3
[   5.6050]OPEN-2-3
[   5.8050]MAINTAIN_ACCEPT-2
[   6.0050]IN-102-2-3
[   6.0050]CLOSE-2-3
[   6.1060]ARRIVE-11-4
[   6.1060]OPEN-11-4
[   6.1060]ARRIVE-2-1
[   6.1060]OPEN-2-1
[   6.2060]ARRIVE-2-2
[   6.2060]ARRIVE-2-6
[   6.2060]OPEN-2-6
[   6.2060]MAINTAIN_ABLE-2
[   6.4060]ARRIVE-3-3
[   6.5060]IN-104-11-4
[   6.5060]CLOSE-11-4
[   6.5060]IN-103-2-1
[   6.5060]CLOSE-2-1
[   6.6060]IN-106-2-6
[   6.6060]CLOSE-2-6
[   6.8060]ARRIVE-4-3
[   6.9070]ARRIVE-1-1
[   6.9070]OPEN-1-1
[   6.9070]ARRIVE-10-4
[   7.0070]ARRIVE-3-6
[   7.2080]ARRIVE-5-3
[   7.3080]ARRIVE-9-4
[   7.3080]OUT-103-1-1
[   7.3080]CLOSE-1-1
[   7.4080]ARRIVE-4-6
[   7.6080]ARRIVE-6-3
[   7.7300]ARRIVE-8-4
[   7.7300]ARRIVE-2-1
[   7.8080]ARRIVE-5-6
[   7.8080]OPEN-5-6
[   8.0080]ARRIVE-7-3
[   8.1300]ARRIVE-3-1
[   8.1300]ARRIVE-7-4
[   8.2090]OUT-106-5-6
[   8.2090]CLOSE-5-6
[   8.4090]ARRIVE-8-3
[   8.5300]ARRIVE-6-4
[   8.5300]ARRIVE-4-1
[   8.8090]ARRIVE-9-3
[   8.9310]ARRIVE-5-4
[   8.9310]ARRIVE-5-1
[   9.2100]ARRIVE-10-3
[   9.3320]ARRIVE-4-4
[   9.3320]ARRIVE-6-1
[   9.3320]OPEN-6-1
[   9.6100]ARRIVE-11-3
[   9.6100]OPEN-11-3
[   9.7320]ARRIVE-3-4
[   9.7320]IN-105-6-1
[   9.7320]CLOSE-6-1
[  10.0110]ARRIVE-6-6
[  10.0110]OUT-102-11-3
[  10.0110]CLOSE-11-3
[  10.1330]ARRIVE-2-4
[  10.1330]OPEN-2-4
[  10.1330]ARRIVE-7-1
[  10.4120]ARRIVE-7-6
[  10.4120]OPEN-7-6
[  10.4120]ARRIVE-10-3
[  10.4120]OPEN-10-3
[  10.5340]ARRIVE-8-1
[  10.5340]OUT-104-2-4
[  10.5340]CLOSE-2-4
[  10.6340]OPEN-8-10
[  10.8120]IN-107-7-6
[  10.8120]IN-114-10-3
[  10.8120]CLOSE-7-6
[  10.8120]IN-116-10-3
[  10.8120]CLOSE-10-3
[  10.9340]ARRIVE-3-4
[  10.9340]ARRIVE-9-1
[  10.9340]OPEN-3-4
[  11.0340]IN-108-8-10
[  11.0340]IN-115-8-10
[  11.0340]CLOSE-8-10
[  11.2120]ARRIVE-9-3
[  11.2120]OPEN-9-3
[  11.2120]ARRIVE-8-6
[  11.3350]ARRIVE-7-10
[  11.3350]ARRIVE-10-1
[  11.3350]IN-112-3-4
[  11.3350]CLOSE-3-4
[  11.6130]ARRIVE-9-6
[  11.6130]OUT-116-9-3
[  11.6130]IN-119-9-3
[  11.6130]IN-121-9-3
[  11.6130]CLOSE-9-3
[  11.6360]ARRIVE-6-10
[  11.6360]OPEN-6-10
[  11.7360]ARRIVE-11-1
[  11.7360]OPEN-11-1
[  11.7360]ARRIVE-4-4
[  12.0140]ARRIVE-8-3
[  12.0140]OPEN-8-3
[  12.0140]ARRIVE-10-6
[  12.0360]IN-110-6-10
[  12.0360]CLOSE-6-10
[  12.0360]OPEN-4-4
[  12.1360]OUT-105-11-1
[  12.3370]ARRIVE-5-10
[  12.3370]OPEN-5-10
[  12.4150]OUT-114-8-3
[  12.4370]ARRIVE-11-6
[  12.4370]OPEN-11-6
[  12.4370]IN-109-4-4
[  12.4370]CLOSE-4-4
[  12.4370]CLOSE-11-1
[  12.4370]CLOSE-8-3
[  12.6530]ARRIVE-6-19
[  12.6530]OPEN-6-19
[  12.7370]OUT-115-5-10
[  12.7370]OUT-110-5-10
[  12.7370]IN-113-5-10
[  12.7370]CLOSE-5-10
[  12.8380]ARRIVE-7-3
[  12.8380]OPEN-7-3
[  12.8380]OUT-107-11-6
[  12.8380]ARRIVE-10-1
[  12.8380]ARRIVE-5-4
[  12.8380]OPEN-5-4
[  12.8380]IN-125-11-6
[  12.8380]CLOSE-11-6
[  13.0380]ARRIVE-4-10
[  13.0380]OPEN-4-10
[  13.2380]OUT-112-5-4
[  13.2380]ARRIVE-9-1
[  13.2380]ARRIVE-10-6
[  13.2380]OUT-119-7-3
[  13.4390]IN-120-4-10
[  13.4390]CLOSE-4-10
[  13.4390]IN-126-7-3
[  13.4390]CLOSE-7-3
[  13.4390]OPEN-10-6
[  13.6390]ARRIVE-8-1
[  13.7390]ARRIVE-3-10
[  13.7390]OPEN-3-10
[  13.8390]IN-129-10-6
[  13.8390]IN-135-10-6
[  13.8390]IN-136-10-6
[  13.8390]CLOSE-10-6
[  13.8390]IN-123-5-4
[  13.8390]CLOSE-5-4
[  13.8390]IN-118-6-19
[  13.8390]CLOSE-6-19
[  14.0390]ARRIVE-7-1
[  14.0390]ARRIVE-5-19
[  14.1400]OUT-113-3-10
[  14.1400]IN-117-3-10
[  14.1400]CLOSE-3-10
[  14.2400]ARRIVE-6-3
[  14.2400]ARRIVE-9-6
[  14.2400]ARRIVE-6-4
[  14.2400]OPEN-6-4
[  14.2400]ARRIVE-4-19
[  14.2400]OPEN-4-19
[  14.4400]ARRIVE-2-10
[  14.4400]ARRIVE-6-1
[  14.4400]OPEN-6-1
[  14.4400]OPEN-2-10
[  14.6410]ARRIVE-8-6
[  14.6410]OUT-118-4-19
[  14.6410]OUT-123-6-4
[  14.6410]ARRIVE-5-3
[  14.6410]CLOSE-6-4
[  14.6410]IN-130-4-19
[  14.6410]CLOSE-4-19
[  14.8410]IN-111-6-1
[  14.8410]CLOSE-6-1
[  14.8410]ARRIVE-3-19
[  14.8410]OUT-108-2-10
[  14.8410]OUT-120-2-10
[  14.8410]OUT-117-2-10
[  14.8410]IN-122-2-10
[  14.8410]CLOSE-2-10
[  15.0410]ARRIVE-7-4
[  15.0410]OPEN-7-4
[  15.0410]ARRIVE-7-6
[  15.0410]OPEN-7-6
[  15.0410]ARRIVE-2-19
[  15.0410]ARRIVE-4-3
[  15.1420]ARRIVE-3-10
[  15.2420]ARRIVE-5-1
[  15.4420]IN-138-7-4
[  15.4420]OUT-135-7-6
[  15.4420]OPEN-3-10
[  15.4420]CLOSE-7-4
[  15.8420]ARRIVE-4-1
[  15.8420]IN-131-3-10
[  15.8420]ARRIVE-8-4
[  15.8420]OPEN-8-4
[  15.8420]CLOSE-7-6
[  15.8420]CLOSE-3-10
[  16.0430]ARRIVE-1-19
[  16.0430]OPEN-1-19
[  16.1430]ARRIVE-4-10
[  16.1430]OPEN-4-10
[  16.2430]ARRIVE-3-1
[  16.2430]ARRIVE-6-6
[  16.2430]OUT-109-8-4
[  16.2430]OUT-138-8-4
[  16.2430]IN-128-8-4
[  16.2430]CLOSE-8-4
[  16.2430]ARRIVE-3-3
[  16.4430]OUT-130-1-19
[  16.4430]IN-133-1-19
[  16.4430]IN-124-1-19
[  16.4430]IN-134-1-19
[  16.4430]IN-137-1-19
[  16.4430]CLOSE-1-19
[  16.5430]OUT-122-4-10
[  16.5430]IN-127-4-10
[  16.5430]IN-132-4-10
[  16.5430]CLOSE-4-10
[  16.6440]ARRIVE-9-4
[  16.6440]ARRIVE-2-1
[  16.6440]OPEN-2-1
[  16.6440]ARRIVE-2-19
[  16.6440]ARRIVE-2-3
[  16.6440]OPEN-2-3
[  16.6440]ARRIVE-5-6
[  16.6440]OPEN-5-6
[  16.6440]OPEN-9-4
[  16.8440]ARRIVE-3-19
[  16.8440]ARRIVE-5-10
[  17.0450]OUT-111-2-1
[  17.0450]OUT-121-2-3
[  17.0450]OUT-126-2-3
[  17.0450]CLOSE-2-3
[  17.0450]OUT-125-5-6
[  17.0450]OUT-129-5-6
[  17.0450]CLOSE-5-6
[  17.0450]OUT-128-9-4
[  17.0450]CLOSE-9-4
[  17.0450]ARRIVE-4-19
[  17.0450]OPEN-4-19
[  17.0450]IN-142-2-1
[  17.1450]ARRIVE-6-10
[  17.1450]OPEN-6-10
[  17.4460]ARRIVE-3-3
[  17.4460]OPEN-3-3
[  17.4460]IN-143-4-19
[  17.4460]ARRIVE-10-4
[  17.4460]OPEN-10-4
[  17.4460]ARRIVE-4-6
[  17.4460]CLOSE-2-1
[  17.4460]CLOSE-4-19
[  17.4460]OPEN-4-6
[  17.4770]ARRIVE-5-17
[  17.5460]OUT-132-6-10
[  17.6470]ARRIVE-5-19
[  17.6470]OPEN-5-19
[  17.8470]IN-144-4-6
[  17.8470]CLOSE-4-6
[  17.8470]IN-139-10-4
[  17.8470]IN-149-10-4
[  17.8470]CLOSE-10-4
[  17.8470]CLOSE-6-10
[  17.8470]IN-141-3-3
[  17.8470]CLOSE-3-3
[  18.0470]OUT-133-5-19
[  18.0470]IN-150-5-19
[  18.0470]CLOSE-5-19
[  18.0780]ARRIVE-4-17
[  18.0780]OPEN-4-17
[  18.1470]ARRIVE-7-10
[  18.2480]ARRIVE-6-19
[  18.2480]ARRIVE-2-3
[  18.2480]OPEN-2-3
[  18.2480]ARRIVE-3-1
[  18.2480]OPEN-3-1
[  18.2480]ARRIVE-9-4
[  18.2480]OPEN-9-4
[  18.2480]ARRIVE-3-6
[  18.2480]OPEN-3-6
[  18.2480]OPEN-6-19
[  18.4480]ARRIVE-8-10
[  18.6480]OUT-141-2-3
[  18.6480]OUT-134-6-19
[  18.6480]OUT-144-3-6
[  18.6480]IN-146-9-4
[  18.6480]CLOSE-9-4
[  18.6480]OUT-142-3-1
[  18.6480]CLOSE-3-1
[  18.6480]IN-140-4-17
[  18.6480]CLOSE-4-17
[  18.6480]CLOSE-2-3
[  18.6480]CLOSE-6-19
[  18.6480]CLOSE-3-6
[  18.8490]ARRIVE-7-19
[  18.8490]OPEN-7-19
[  18.9490]ARRIVE-9-10
[  18.9490]OPEN-9-10
[  19.0490]ARRIVE-4-1
[  19.0490]OPEN-4-1
[  19.0490]ARRIVE-8-4
[  19.0490]OPEN-8-4
[  19.0490]ARRIVE-1-3
[  19.0490]OPEN-1-3
[  19.0490]ARRIVE-2-6
[  19.0490]OPEN-2-6
[  19.2500]OUT-124-7-19
[  19.2500]OUT-137-7-19
[  19.2500]ARRIVE-5-17
[  19.3500]OUT-131-9-10
[  19.3500]OUT-127-9-10
[  19.4500]OUT-136-2-6
[  19.4500]IN-147-8-4
[  19.4500]CLOSE-8-4
[  19.4500]IN-148-4-1
[  19.4500]CLOSE-4-1
[  19.4500]IN-145-1-3
[  19.4500]CLOSE-1-3
[  19.4500]CLOSE-2-6
[  19.4500]CLOSE-9-10
[  19.4500]CLOSE-7-19
[  19.6500]ARRIVE-8-19
[  19.8500]ARRIVE-2-3
[  19.8500]ARRIVE-5-1
[  19.8500]ARRIVE-7-4
[  19.8500]OPEN-7-4
[  19.8500]ARRIVE-9-19
[  19.8500]OPEN-9-19
[  20.0510]ARRIVE-6-17
[  20.2520]ARRIVE-3-3
[  20.2520]OUT-149-7-4
[  20.2520]OUT-146-7-4
[  20.2520]OUT-143-9-19
[  20.2520]CLOSE-9-19
[  20.2520]ARRIVE-6-1
[  20.2520]CLOSE-7-4
[  20.4520]ARRIVE-10-19
[  20.6520]ARRIVE-7-1
[  20.6520]ARRIVE-11-19
[  20.6520]ARRIVE-4-3
[  20.6520]ARRIVE-7-17
[  20.6520]ARRIVE-6-4
[  20.6520]OPEN-4-3
[  20.6520]OPEN-11-19
[  21.0530]ARRIVE-8-1
[  21.0530]OUT-150-11-19
[  21.0530]CLOSE-11-19
[  21.0530]OUT-145-4-3
[  21.0530]CLOSE-4-3
[  21.0530]ARRIVE-5-4
[  21.0530]OPEN-5-4
[  21.2540]ARRIVE-8-17
[  21.4540]ARRIVE-9-1
[  21.4540]OUT-147-5-4
[  21.4540]CLOSE-5-4
[  21.8550]ARRIVE-10-1
[  21.8550]OPEN-10-1
[  21.8550]ARRIVE-9-17
[  21.8550]ARRIVE-4-4
[  22.2180]ARRIVE-3-3
[  22.2180]ARRIVE-10-10
[  22.2180]OPEN-10-10
[  22.2340]ARRIVE-10-19
[  22.2560]ARRIVE-3-4
[  22.2560]OPEN-3-4
[  22.2560]OUT-148-10-1
[  22.2560]CLOSE-10-1
[  22.3180]ARRIVE-3-6
[  22.4180]ARRIVE-2-12
[  22.4180]OPEN-2-12
[  22.4340]ARRIVE-9-19
[  22.4560]ARRIVE-10-17
[  22.6180]IN-154-10-10
[  22.6180]CLOSE-10-10
[  22.6180]ARRIVE-2-3
[  22.6340]ARRIVE-8-19
[  22.6340]OPEN-8-19
[  22.6560]ARRIVE-9-1
[  22.6560]OUT-139-3-4
[  22.6560]CLOSE-3-4
[  22.7190]ARRIVE-4-6
[  22.8190]IN-153-2-12
[  22.8190]CLOSE-2-12
[  22.9190]ARRIVE-9-10
[  23.0200]ARRIVE-1-3
[  23.0200]OPEN-1-3
[  23.0350]IN-155-8-19
[  23.0350]CLOSE-8-19
[  23.0570]ARRIVE-8-1
[  23.0570]ARRIVE-11-17
[  23.0570]OPEN-11-17
[  23.1200]ARRIVE-5-6
[  23.2200]ARRIVE-8-10
[  23.2200]OPEN-8-10
[  23.2360]ARRIVE-7-19
[  23.3200]ARRIVE-3-12
[  23.4200]IN-151-1-3
[  23.4200]CLOSE-1-3
[  23.4360]ARRIVE-6-19
[  23.4580]ARRIVE-7-1
[  23.4580]OUT-140-11-17
[  23.4580]CLOSE-11-17
[  23.5210]ARRIVE-6-6
[  23.6210]OUT-154-8-10
[  23.6210]CLOSE-8-10
[  23.6360]ARRIVE-5-19
[  23.6360]OPEN-5-19
[  23.8210]ARRIVE-2-3
[  23.8210]ARRIVE-4-12
[  23.8580]ARRIVE-6-1
[  23.9210]ARRIVE-7-6
[  24.0590]OUT-155-5-19
[  24.0590]CLOSE-5-19
[  24.2220]ARRIVE-3-3
[  24.2590]ARRIVE-5-1
[  24.3220]ARRIVE-5-12
[  24.3220]ARRIVE-8-6
[  24.6220]ARRIVE-4-3
[  24.6600]ARRIVE-4-1
[  24.7230]ARRIVE-9-6
[  24.8230]ARRIVE-6-12
[  25.0230]ARRIVE-5-3
[  25.0610]ARRIVE-3-1
[  25.0610]OPEN-3-1
[  25.1230]ARRIVE-10-6
[  25.1230]OPEN-10-6
[  25.3240]ARRIVE-7-12
[  25.4240]ARRIVE-6-3
[  25.4610]IN-156-3-1
[  25.4610]CLOSE-3-1
[  25.5240]IN-152-10-6
[  25.5240]CLOSE-10-6
[  25.5390]MAINTAIN_ACCEPT-19
[  25.7400]ARRIVE-4-19
[  25.7400]MAINTAIN_ABLE-19
[  25.8240]ARRIVE-7-3
[  25.8240]ARRIVE-8-12
[  25.8400]ARRIVE-7-10
[  25.8620]ARRIVE-2-1
[  25.8620]OPEN-2-1
[  25.9250]ARRIVE-11-6
[  25.9250]OPEN-11-6
[  26.1410]ARRIVE-6-10
[  26.2250]ARRIVE-8-3
[  26.2630]OUT-156-2-1
[  26.2630]CLOSE-2-1
[  26.3260]ARRIVE-9-12
[  26.3260]OUT-152-11-6
[  26.3260]CLOSE-11-6
[  26.3410]ARRIVE-10-17
[  26.4410]ARRIVE-5-10
[  26.6260]ARRIVE-9-3
[  26.7420]ARRIVE-4-10
[  26.8270]ARRIVE-10-12
[  26.9420]ARRIVE-9-17
[  27.0270]ARRIVE-10-3
[  27.0270]OPEN-10-3
[  27.0420]ARRIVE-3-10
[  27.3270]ARRIVE-11-12
[  27.3270]OPEN-11-12
[  27.3430]ARRIVE-2-10
[  27.4270]OUT-151-10-3
[  27.4270]CLOSE-10-3
[  27.5430]ARRIVE-8-17
[  27.6440]ARRIVE-1-10
[  27.6440]OPEN-1-10
[  27.7280]OUT-153-11-12
[  27.7280]CLOSE-11-12
[  28.0450]IN-158-1-10
[  28.0450]CLOSE-1-10
[  28.1450]ARRIVE-7-17
[  28.3450]ARRIVE-9-3
[  28.3450]ARRIVE-2-10
[  28.4450]ARRIVE-4-4
[  28.4450]OPEN-4-4
[  28.4450]ARRIVE-10-12
[  28.4450]ARRIVE-6-8
[  28.4450]OPEN-6-8
[  28.5680]ARRIVE-10-6
[  28.6460]ARRIVE-3-10
[  28.6460]OPEN-3-10
[  28.7460]ARRIVE-6-17
[  28.7460]ARRIVE-8-3
[  28.8460]IN-161-6-8
[  28.8460]IN-162-4-4
[  28.8460]CLOSE-6-8
[  28.8460]CLOSE-4-4
[  28.9460]ARRIVE-9-12
[  28.9460]OPEN-9-12
[  28.9680]ARRIVE-9-6
[  29.0460]OUT-158-3-10
[  29.0460]CLOSE-3-10
[  29.1460]ARRIVE-7-3
[  29.2470]ARRIVE-5-4
[  29.2470]ARRIVE-7-8
[  29.3470]ARRIVE-5-17
[  29.3470]IN-159-9-12
[  29.3470]CLOSE-9-12
[  29.3690]ARRIVE-8-6
[  29.3690]OPEN-8-6
[  29.5470]ARRIVE-6-3
[  29.6470]ARRIVE-6-4
[  29.6470]ARRIVE-8-8
[  29.7690]IN-163-8-6
[  29.7690]CLOSE-8-6
[  29.8470]ARRIVE-8-12
[  29.9470]ARRIVE-4-17
[  29.9470]ARRIVE-5-3
[  29.9470]OPEN-5-3
[  30.0480]ARRIVE-9-8
[  30.0480]ARRIVE-7-4
[  30.1700]ARRIVE-7-6
[  30.3480]ARRIVE-7-12
[  30.3480]OPEN-7-12
[  30.3480]IN-160-5-3
[  30.3480]CLOSE-5-3
[  30.4480]ARRIVE-10-8
[  30.4480]OPEN-10-8
[  30.4480]ARRIVE-8-4
[  30.5480]ARRIVE-3-17
[  30.5700]ARRIVE-6-6
[  30.7480]ARRIVE-4-3
[  30.7480]OUT-159-7-12
[  30.7480]CLOSE-7-12
[  30.8480]ARRIVE-9-4
[  30.8480]OUT-161-10-8
[  30.8480]CLOSE-10-8
[  30.9710]ARRIVE-5-6
[  31.1490]ARRIVE-2-17
[  31.1490]ARRIVE-3-3
[  31.2490]ARRIVE-10-4
[  31.2490]OPEN-10-4
[  31.3710]ARRIVE-4-6
[  31.3710]OPEN-4-6
[  31.5490]ARRIVE-2-3
[  31.6490]OUT-162-10-4
[  31.6490]CLOSE-10-4
[  31.7500]ARRIVE-1-17
[  31.7500]OPEN-1-17
[  31.7720]OUT-163-4-6
[  31.7720]CLOSE-4-6
[  31.9500]ARRIVE-1-3
[  31.9500]OPEN-1-3
[  32.1500]IN-157-1-17
[  32.1500]CLOSE-1-17
[  32.3510]OUT-160-1-3
[  32.3510]CLOSE-1-3
[  32.7520]ARRIVE-2-17
[  33.3520]ARRIVE-3-17
[  33.9540]ARRIVE-4-17
[  34.5540]ARRIVE-5-17
[  34.5540]OPEN-5-17
[  34.9550]OUT-157-5-17
[  34.9550]CLOSE-5-17
