[   1.3020]ARRIVE-2-6
[   1.3020]ARRIVE-2-1
[   1.3020]ARRIVE-2-2
[   1.3020]ARRIVE-2-5
[   1.3020]ARRIVE-2-3
[   1.3020]ARRIVE-2-4
[   1.3020]OPEN-2-4
[   1.3020]OPEN-2-1
[   1.7020]ARRIVE-3-3
[   1.7020]IN-104-2-1
[   1.7020]IN-102-2-4
[   1.7020]CLOSE-2-4
[   1.7020]ARRIVE-3-5
[   1.7020]ARRIVE-3-2
[   1.7020]ARRIVE-3-6
[   1.7020]CLOSE-2-1
[   2.1030]ARRIVE-4-2
[   2.1030]ARRIVE-1-1
[   2.1030]ARRIVE-4-6
[   2.1030]ARRIVE-4-3
[   2.1030]ARRIVE-1-4
[   2.1030]OPEN-1-4
[   2.1030]ARRIVE-4-5
[   2.1030]OPEN-4-5
[   2.1030]OPEN-1-1
[   2.5040]ARRIVE-5-3
[   2.5040]OPEN-5-3
[   2.5040]OUT-104-1-1
[   2.5040]OUT-102-1-4
[   2.5040]CLOSE-1-4
[   2.5040]IN-105-4-5
[   2.5040]CLOSE-4-5
[   2.5040]ARRIVE-5-2
[   2.5040]ARRIVE-5-6
[   2.5040]CLOSE-1-1
[   2.9050]ARRIVE-2-4
[   2.9050]ARRIVE-6-6
[   2.9050]ARRIVE-2-1
[   2.9050]ARRIVE-6-2
[   2.9050]ARRIVE-3-5
[   2.9050]OPEN-3-5
[   2.9050]IN-100-5-3
[   2.9050]CLOSE-5-3
[   3.3060]ARRIVE-4-3
[   3.3060]ARRIVE-7-6
[   3.3060]OUT-105-3-5
[   3.3060]CLOSE-3-5
[   3.3060]ARRIVE-7-2
[   3.3060]ARRIVE-3-4
[   3.3060]ARRIVE-3-1
[   3.3060]OPEN-4-3
[   3.7070]ARRIVE-4-1
[   3.7070]ARRIVE-8-2
[   3.7070]ARRIVE-4-5
[   3.7070]OUT-100-4-3
[   3.7070]ARRIVE-8-6
[   3.7070]OPEN-8-6
[   3.7070]ARRIVE-4-4
[   3.7070]CLOSE-4-3
[   4.1080]ARRIVE-5-1
[   4.1080]IN-101-8-6
[   4.1080]ARRIVE-9-2
[   4.1080]ARRIVE-5-5
[   4.1080]ARRIVE-5-3
[   4.1080]ARRIVE-5-4
[   4.1080]IN-109-8-6
[   4.1080]CLOSE-8-6
[   4.5090]ARRIVE-10-2
[   4.5090]OPEN-10-2
[   4.5090]ARRIVE-6-5
[   4.5090]OPEN-6-5
[   4.5090]ARRIVE-6-3
[   4.5090]ARRIVE-6-4
[   4.5090]OPEN-6-4
[   4.5090]ARRIVE-6-1
[   4.5090]OPEN-6-1
[   4.5090]ARRIVE-7-6
[   4.9100]ARRIVE-6-6
[   4.9100]IN-110-6-5
[   4.9100]CLOSE-6-5
[   4.9100]IN-103-10-2
[   4.9100]IN-107-6-1
[   4.9100]ARRIVE-7-3
[   4.9100]OPEN-7-3
[   4.9100]IN-106-6-4
[   4.9100]IN-108-10-2
[   4.9100]CLOSE-10-2
[   4.9100]CLOSE-6-1
[   4.9100]CLOSE-6-4
[   5.3110]ARRIVE-5-1
[   5.3110]IN-113-7-3
[   5.3110]CLOSE-7-3
[   5.3110]ARRIVE-5-5
[   5.3110]ARRIVE-5-4
[   5.3110]ARRIVE-9-2
[   5.3110]OPEN-9-2
[   5.3110]ARRIVE-5-6
[   5.3110]OPEN-5-6
[   5.7120]ARRIVE-6-3
[   5.7120]ARRIVE-4-5
[   5.7120]IN-111-9-2
[   5.7120]CLOSE-9-2
[   5.7120]OUT-109-5-6
[   5.7120]ARRIVE-4-4
[   5.7120]ARRIVE-4-1
[   5.7120]CLOSE-5-6
[   5.7120]OPEN-6-3
[   6.1120]ARRIVE-4-6
[   6.1120]ARRIVE-8-2
[   6.1120]ARRIVE-3-4
[   6.1120]OPEN-3-4
[   6.1120]ARRIVE-3-5
[   6.1120]ARRIVE-3-1
[   6.1120]OUT-113-6-3
[   6.1120]CLOSE-6-3
[   6.5130]ARRIVE-3-6
[   6.5130]ARRIVE-2-1
[   6.5130]ARRIVE-7-2
[   6.5130]ARRIVE-2-5
[   6.5130]OUT-106-3-4
[   6.5130]ARRIVE-7-3
[   6.5130]CLOSE-3-4
[   6.9140]ARRIVE-2-6
[   6.9140]OPEN-2-6
[   6.9140]ARRIVE-1-5
[   6.9140]OPEN-1-5
[   6.9140]ARRIVE-1-1
[   6.9140]OPEN-1-1
[   6.9140]ARRIVE-8-3
[   6.9140]ARRIVE-6-2
[   7.3140]OUT-107-1-1
[   7.3140]CLOSE-1-1
[   7.3140]OUT-110-1-5
[   7.3140]ARRIVE-5-2
[   7.3140]ARRIVE-9-3
[   7.3140]OUT-101-2-6
[   7.3140]CLOSE-1-5
[   7.3140]CLOSE-2-6
[   7.7150]ARRIVE-10-3
[   7.7150]ARRIVE-4-2
[   7.7150]OPEN-4-2
[   8.1010]MAINTAIN_ACCEPT-6
[   8.1010]MAINTAIN_ABLE-6
[   8.1010]OPEN-3-4
[   8.1170]ARRIVE-11-3
[   8.1170]OPEN-11-3
[   8.1170]OUT-103-4-2
[   8.1170]IN-119-4-2
[   8.1170]IN-122-4-2
[   8.1170]CLOSE-4-2
[   8.5020]ARRIVE-2-1
[   8.5020]IN-114-3-4
[   8.5020]CLOSE-3-4
[   8.5020]ARRIVE-2-5
[   8.5170]ARRIVE-3-2
[   8.5170]IN-112-11-3
[   8.5170]CLOSE-11-3
[   8.9030]ARRIVE-3-5
[   8.9030]ARRIVE-3-1
[   8.9030]ARRIVE-2-4
[   8.9030]OPEN-2-4
[   8.9180]ARRIVE-2-2
[   8.9180]ARRIVE-10-3
[   8.9180]OPEN-2-2
[   8.9180]OPEN-10-3
[   9.3030]ARRIVE-4-1
[   9.3030]OPEN-4-1
[   9.3030]ARRIVE-4-5
[   9.3030]OPEN-4-5
[   9.3030]OUT-114-2-4
[   9.3180]IN-117-10-3
[   9.3180]CLOSE-10-3
[   9.3180]OUT-111-2-2
[   9.3180]CLOSE-2-4
[   9.3180]CLOSE-2-2
[   9.7030]IN-116-4-1
[   9.7030]CLOSE-4-1
[   9.7030]IN-115-4-5
[   9.7030]CLOSE-4-5
[   9.7190]ARRIVE-3-4
[   9.7190]ARRIVE-9-3
[   9.7190]ARRIVE-1-2
[   9.7190]OPEN-9-3
[   9.7190]OPEN-1-2
[  10.1040]ARRIVE-3-5
[  10.1040]MAINTAIN_ACCEPT-5
[  10.1040]OPEN-3-5
[  10.1040]ARRIVE-3-1
[  10.1200]ARRIVE-4-4
[  10.1200]OUT-108-1-2
[  10.1200]IN-124-9-3
[  10.1200]OUT-119-1-2
[  10.1200]CLOSE-9-3
[  10.1200]OUT-122-1-2
[  10.1200]CLOSE-1-2
[  10.5060]OUT-115-3-5
[  10.5060]CLOSE-3-5
[  10.5060]MAINTAIN_ABLE-5
[  10.5210]ARRIVE-2-2
[  10.5210]ARRIVE-5-4
[  10.5210]ARRIVE-2-1
[  10.5210]ARRIVE-8-3
[  10.5210]OPEN-2-1
[  10.5210]OPEN-5-4
[  10.5210]OPEN-8-3
[  10.9220]OUT-124-8-3
[  10.9220]CLOSE-8-3
[  10.9220]ARRIVE-3-2
[  10.9220]OUT-116-2-1
[  10.9220]IN-120-5-4
[  10.9220]CLOSE-5-4
[  10.9220]CLOSE-2-1
[  11.3230]ARRIVE-7-3
[  11.3230]ARRIVE-3-1
[  11.3230]ARRIVE-4-4
[  11.3230]ARRIVE-4-2
[  11.3230]OPEN-7-3
[  11.7240]ARRIVE-3-4
[  11.7240]OPEN-3-4
[  11.7240]ARRIVE-5-2
[  11.7240]OUT-117-7-3
[  11.7240]ARRIVE-4-1
[  11.7240]IN-123-7-3
[  11.7240]IN-125-7-3
[  11.7240]CLOSE-7-3
[  12.1250]ARRIVE-5-1
[  12.1250]ARRIVE-6-2
[  12.1250]OPEN-6-2
[  12.1250]OUT-120-3-4
[  12.1250]ARRIVE-6-3
[  12.1250]CLOSE-3-4
[  12.5250]ARRIVE-6-1
[  12.5250]OPEN-6-1
[  12.5250]IN-118-6-2
[  12.5250]ARRIVE-4-4
[  12.5250]ARRIVE-5-3
[  12.5250]CLOSE-6-2
[  12.9260]ARRIVE-4-3
[  12.9260]ARRIVE-5-2
[  12.9260]ARRIVE-5-4
[  12.9260]IN-121-6-1
[  12.9260]OPEN-4-3
[  12.9260]CLOSE-6-1
[  13.3270]ARRIVE-4-2
[  13.3270]OPEN-4-2
[  13.3270]ARRIVE-6-4
[  13.3270]ARRIVE-5-1
[  13.3270]OUT-123-4-3
[  13.3270]CLOSE-4-3
[  13.7280]ARRIVE-3-3
[  13.7280]OUT-118-4-2
[  13.7280]ARRIVE-4-1
[  13.7280]ARRIVE-7-4
[  13.7280]CLOSE-4-2
[  13.7280]OPEN-3-3
[  14.1290]OUT-125-3-3
[  14.1290]CLOSE-3-3
[  14.1290]ARRIVE-8-4
[  14.1290]ARRIVE-3-1
[  14.5290]ARRIVE-9-4
[  14.5290]ARRIVE-2-1
[  14.5290]ARRIVE-2-3
[  14.5290]OPEN-9-4
[  14.9300]ARRIVE-1-3
[  14.9300]OPEN-1-3
[  14.9300]ARRIVE-1-1
[  14.9300]OPEN-1-1
[  14.9300]IN-126-9-4
[  14.9300]CLOSE-9-4
[  15.3310]ARRIVE-8-4
[  15.3310]OPEN-8-4
[  15.3310]OUT-121-1-1
[  15.3310]OUT-112-1-3
[  15.3310]CLOSE-1-1
[  15.3310]CLOSE-1-3
[  15.7160]ARRIVE-3-2
[  15.7310]ARRIVE-2-1
[  15.7310]OUT-126-8-4
[  15.7310]CLOSE-8-4
[  15.7310]ARRIVE-2-3
[  15.7310]OPEN-2-3
[  15.7310]OPEN-2-1
[  16.1160]ARRIVE-2-2
[  16.1160]OPEN-2-2
[  16.1320]IN-128-2-1
[  16.1320]IN-130-2-3
[  16.1320]ARRIVE-9-4
[  16.1320]CLOSE-2-3
[  16.1320]CLOSE-2-1
[  16.5170]IN-127-2-2
[  16.5170]CLOSE-2-2
[  16.5320]ARRIVE-1-1
[  16.5320]OPEN-1-1
[  16.5320]ARRIVE-10-4
[  16.5320]OPEN-10-4
[  16.5320]ARRIVE-1-3
[  16.5320]OPEN-1-3
[  16.9170]ARRIVE-1-2
[  16.9170]OPEN-1-2
[  16.9330]OUT-128-1-1
[  16.9330]IN-129-10-4
[  16.9330]OUT-130-1-3
[  16.9330]CLOSE-10-4
[  16.9330]CLOSE-1-1
[  16.9330]CLOSE-1-3
[  17.3190]OUT-127-1-2
[  17.3190]CLOSE-1-2
[  17.3340]ARRIVE-9-4
[  17.7350]ARRIVE-8-4
[  18.1360]ARRIVE-7-4
[  18.5370]ARRIVE-6-4
[  18.9380]ARRIVE-5-4
[  19.3380]ARRIVE-4-4
[  19.7390]ARRIVE-3-4
[  20.1400]ARRIVE-2-4
[  20.1400]OPEN-2-4
[  20.5250]ARRIVE-2-2
[  20.5250]ARRIVE-2-3
[  20.5400]OUT-129-2-4
[  20.5400]CLOSE-2-4
[  20.9260]ARRIVE-3-3
[  20.9260]ARRIVE-3-2
[  21.3260]ARRIVE-4-2
[  21.3260]ARRIVE-4-3
[  21.7270]ARRIVE-5-2
[  21.7270]ARRIVE-5-3
[  22.1280]ARRIVE-6-3
[  22.1280]ARRIVE-6-2
[  22.5290]ARRIVE-7-2
[  22.5290]ARRIVE-7-3
[  22.5290]OPEN-7-3
[  22.9300]ARRIVE-8-2
[  22.9300]IN-132-7-3
[  22.9300]CLOSE-7-3
[  23.3310]ARRIVE-9-2
[  23.3310]ARRIVE-6-3
[  23.7310]ARRIVE-10-2
[  23.7310]OPEN-10-2
[  23.7310]ARRIVE-5-3
[  24.1320]ARRIVE-4-3
[  24.1320]IN-131-10-2
[  24.1320]CLOSE-10-2
[  24.5330]ARRIVE-3-3
[  24.5330]ARRIVE-9-2
[  24.9340]ARRIVE-8-2
[  24.9340]ARRIVE-2-3
[  24.9340]OPEN-2-3
[  25.3350]ARRIVE-7-2
[  25.3350]OUT-132-2-3
[  25.3350]CLOSE-2-3
[  25.7370]ARRIVE-6-2
[  25.7370]ARRIVE-3-4
[  26.1380]ARRIVE-4-4
[  26.1380]ARRIVE-5-2
[  26.5390]ARRIVE-5-4
[  26.5390]ARRIVE-4-2
[  26.5390]OPEN-4-2
[  26.9400]OUT-131-4-2
[  26.9400]ARRIVE-6-4
[  26.9400]OPEN-6-4
[  26.9400]CLOSE-4-2
[  27.3400]IN-133-6-4
[  27.3400]CLOSE-6-4
[  27.7410]ARRIVE-5-4
[  28.1420]ARRIVE-4-4
[  28.5430]ARRIVE-3-4
[  28.9430]ARRIVE-2-4
[  28.9430]OPEN-2-4
[  29.3430]OUT-133-2-4
[  29.3430]CLOSE-2-4
[  30.3450]ARRIVE-3-4
[  30.3450]ARRIVE-5-2
[  30.3450]ARRIVE-2-1
[  30.3450]ARRIVE-3-3
[  30.4450]ARRIVE-4-9
[  30.5450]ARRIVE-10-8
[  30.7460]ARRIVE-3-1
[  30.7460]ARRIVE-4-4
[  30.7460]ARRIVE-6-2
[  30.7460]ARRIVE-4-3
[  30.9460]ARRIVE-5-9
[  31.1460]ARRIVE-4-1
[  31.1460]OPEN-4-1
[  31.1460]ARRIVE-9-8
[  31.1460]ARRIVE-7-2
[  31.1460]OPEN-7-2
[  31.1460]ARRIVE-5-3
[  31.1460]OPEN-5-3
[  31.1460]ARRIVE-5-4
[  31.4470]ARRIVE-6-9
[  31.5470]IN-139-4-1
[  31.5470]CLOSE-4-1
[  31.5470]IN-135-7-2
[  31.5470]CLOSE-7-2
[  31.5470]IN-136-5-3
[  31.5470]CLOSE-5-3
[  31.5470]ARRIVE-6-4
[  31.7480]ARRIVE-8-8
[  31.9490]ARRIVE-7-4
[  31.9490]ARRIVE-6-2
[  31.9490]MAINTAIN_ACCEPT-1
[  31.9490]ARRIVE-3-1
[  31.9490]ARRIVE-4-3
[  31.9490]ARRIVE-7-9
[  31.9490]OPEN-3-1
[  31.9490]OPEN-6-2
[  32.3500]ARRIVE-7-8
[  32.3500]IN-145-6-2
[  32.3500]CLOSE-6-2
[  32.3500]ARRIVE-8-4
[  32.3500]OUT-139-3-1
[  32.3500]CLOSE-3-1
[  32.3500]MAINTAIN_ABLE-1
[  32.4500]ARRIVE-8-9
[  32.4500]OPEN-8-9
[  32.6500]OPEN-10-18
[  32.7500]ARRIVE-3-3
[  32.7500]ARRIVE-5-2
[  32.7500]ARRIVE-9-4
[  32.7500]OPEN-3-3
[  32.9510]ARRIVE-6-8
[  33.1510]IN-141-3-3
[  33.1510]IN-143-3-3
[  33.1510]CLOSE-3-3
[  33.1510]ARRIVE-10-4
[  33.1510]IN-138-8-9
[  33.1510]IN-142-10-18
[  33.1510]IN-140-8-9
[  33.1510]IN-144-8-9
[  33.1510]IN-149-8-9
[  33.1510]CLOSE-8-9
[  33.1510]IN-150-10-18
[  33.1510]CLOSE-10-18
[  33.5520]ARRIVE-5-8
[  33.5520]ARRIVE-11-4
[  33.5520]OPEN-11-4
[  33.5520]ARRIVE-4-2
[  33.5520]OPEN-4-2
[  33.5520]ARRIVE-2-3
[  33.5520]OPEN-2-3
[  33.6520]ARRIVE-7-9
[  33.6520]OPEN-7-9
[  33.7520]ARRIVE-9-18
[  33.7520]OPEN-9-18
[  33.9530]OUT-136-2-3
[  33.9530]OUT-141-2-3
[  33.9530]OUT-143-2-3
[  33.9530]OUT-145-4-2
[  34.0530]OUT-138-7-9
[  34.1530]IN-146-9-18
[  34.1530]IN-148-9-18
[  34.1530]CLOSE-9-18
[  34.1530]ARRIVE-4-8
[  34.1530]IN-151-7-9
[  34.1530]CLOSE-7-9
[  34.1530]IN-147-2-3
[  34.1530]CLOSE-2-3
[  34.1530]IN-134-11-4
[  34.1530]CLOSE-11-4
[  34.1530]CLOSE-4-2
[  34.5540]ARRIVE-3-2
[  34.5540]ARRIVE-10-4
[  34.5540]ARRIVE-1-3
[  34.5540]OPEN-1-3
[  34.6540]ARRIVE-6-9
[  34.7540]ARRIVE-8-18
[  34.7540]ARRIVE-3-8
[  34.7540]OPEN-3-8
[  34.7540]OPEN-8-18
[  34.9700]ARRIVE-9-4
[  34.9700]ARRIVE-2-2
[  34.9700]OUT-147-1-3
[  34.9700]CLOSE-1-3
[  35.0540]OPEN-11-19
[  35.3010]ARRIVE-5-9
[  35.3010]IN-137-3-8
[  35.3010]OUT-142-8-18
[  35.3010]CLOSE-3-8
[  35.3010]OPEN-5-9
[  35.3010]CLOSE-8-18
[  35.3700]ARRIVE-8-4
[  35.3700]ARRIVE-1-2
[  35.3700]OPEN-1-2
[  35.4550]ARRIVE-2-3
[  35.4550]IN-152-11-19
[  35.4550]CLOSE-11-19
[  35.7020]OUT-149-5-9
[  35.7020]CLOSE-5-9
[  35.7700]ARRIVE-7-4
[  35.7700]OUT-135-1-2
[  35.7700]CLOSE-1-2
[  35.8700]ARRIVE-10-19
[  35.8700]ARRIVE-3-3
[  35.9020]ARRIVE-7-18
[  35.9020]OPEN-7-18
[  35.9020]ARRIVE-2-8
[  36.1710]ARRIVE-6-4
[  36.2020]ARRIVE-4-9
[  36.2020]OPEN-4-9
[  36.2710]ARRIVE-4-3
[  36.2710]OPEN-4-3
[  36.2710]ARRIVE-9-19
[  36.3020]OUT-148-7-18
[  36.3020]CLOSE-7-18
[  36.5030]ARRIVE-1-8
[  36.5030]OPEN-1-8
[  36.5710]ARRIVE-5-4
[  36.6030]OUT-140-4-9
[  36.6030]CLOSE-4-9
[  36.6710]ARRIVE-8-19
[  36.6710]IN-153-4-3
[  36.6710]CLOSE-4-3
[  36.9030]ARRIVE-6-18
[  36.9030]OUT-137-1-8
[  36.9030]CLOSE-1-8
[  36.9720]ARRIVE-4-4
[  37.0720]ARRIVE-7-19
[  37.0720]ARRIVE-3-3
[  37.1030]ARRIVE-3-9
[  37.1030]OPEN-3-9
[  37.3730]ARRIVE-3-4
[  37.4730]ARRIVE-6-19
[  37.4730]ARRIVE-2-3
[  37.5040]ARRIVE-5-18
[  37.5040]OUT-144-3-9
[  37.5040]OPEN-5-18
[  37.5040]CLOSE-3-9
[  37.7730]ARRIVE-2-4
[  37.8730]ARRIVE-1-3
[  37.8730]OPEN-1-3
[  37.8730]ARRIVE-5-19
[  37.9050]OUT-150-5-18
[  37.9050]CLOSE-5-18
[  38.0050]ARRIVE-2-9
[  38.1740]ARRIVE-1-4
[  38.1740]OPEN-1-4
[  38.2740]ARRIVE-4-19
[  38.2740]OUT-153-1-3
[  38.2740]CLOSE-1-3
[  38.5050]ARRIVE-4-18
[  38.5050]ARRIVE-1-9
[  38.5050]OPEN-1-9
[  38.5750]OUT-134-1-4
[  38.5750]CLOSE-1-4
[  38.6750]ARRIVE-3-19
[  38.9060]OUT-151-1-9
[  38.9060]CLOSE-1-9
[  39.0760]ARRIVE-2-19
[  39.1070]ARRIVE-3-18
[  39.4760]ARRIVE-1-19
[  39.4760]OPEN-1-19
[  39.7080]ARRIVE-2-18
[  39.7080]OPEN-2-18
[  39.8770]OUT-152-1-19
[  39.8770]CLOSE-1-19
[  40.1090]OUT-146-2-18
[  40.1090]CLOSE-2-18
[  40.2620]OPEN-2-18
[  40.6630]ARRIVE-2-4
[  40.6630]IN-154-2-18
[  40.6630]CLOSE-2-18
[  40.6630]ARRIVE-2-19
[  40.6630]OPEN-2-19
[  40.6630]ARRIVE-2-3
[  40.7630]ARRIVE-2-9
[  40.7630]OPEN-2-9
[  40.8630]ARRIVE-2-8
[  41.0630]ARRIVE-3-3
[  41.0630]ARRIVE-3-4
[  41.0630]IN-155-2-19
[  41.0630]CLOSE-2-19
[  41.1630]IN-156-2-9
[  41.1630]CLOSE-2-9
[  41.2640]ARRIVE-1-18
[  41.2640]OPEN-1-18
[  41.4640]ARRIVE-1-19
[  41.4640]OPEN-1-19
[  41.4640]ARRIVE-4-4
[  41.4640]OPEN-4-4
[  41.4640]ARRIVE-3-8
[  41.4640]ARRIVE-4-3
[  41.6640]ARRIVE-1-9
[  41.6640]OPEN-1-9
[  41.6640]OUT-154-1-18
[  41.6640]CLOSE-1-18
[  41.8650]ARRIVE-5-3
[  41.8650]IN-157-4-4
[  41.8650]CLOSE-4-4
[  41.8650]OUT-155-1-19
[  41.8650]CLOSE-1-19
[  42.0650]ARRIVE-4-8
[  42.0650]OUT-156-1-9
[  42.0650]CLOSE-1-9
[  42.2660]ARRIVE-3-4
[  42.2660]ARRIVE-6-3
[  42.4660]OPEN-11-15
[  42.6660]ARRIVE-2-4
[  42.6660]ARRIVE-7-3
[  42.6660]ARRIVE-5-8
[  42.6660]OPEN-5-8
[  42.8660]ARRIVE-2-2
[  42.8660]IN-162-11-15
[  42.8660]ARRIVE-2-19
[  42.8660]CLOSE-11-15
[  42.9660]ARRIVE-2-9
[  43.0670]ARRIVE-8-3
[  43.0670]OPEN-8-3
[  43.0670]IN-159-5-8
[  43.0670]CLOSE-5-8
[  43.0670]ARRIVE-1-4
[  43.0670]OPEN-1-4
[  43.0670]ARRIVE-2-18
[  43.2670]ARRIVE-3-2
[  43.2670]ARRIVE-3-19
[  43.4670]OUT-157-1-4
[  43.4670]IN-158-8-3
[  43.4670]ARRIVE-3-9
[  43.4670]OPEN-3-9
[  43.4670]ARRIVE-10-15
[  43.4670]CLOSE-8-3
[  43.4670]CLOSE-1-4
[  43.6680]ARRIVE-4-19
[  43.6680]OPEN-4-19
[  43.6680]ARRIVE-3-18
[  43.6680]ARRIVE-4-2
[  43.6680]ARRIVE-4-8
[  43.8680]ARRIVE-2-4
[  43.8680]IN-160-3-9
[  43.8680]CLOSE-3-9
[  43.8680]ARRIVE-7-3
[  44.0680]ARRIVE-5-2
[  44.0680]ARRIVE-9-15
[  44.0680]IN-163-4-19
[  44.0680]CLOSE-4-19
[  44.2690]ARRIVE-4-18
[  44.2690]ARRIVE-3-4
[  44.2690]ARRIVE-6-3
[  44.2690]ARRIVE-3-8
[  44.3690]ARRIVE-2-9
[  44.3690]OPEN-2-9
[  44.4690]ARRIVE-3-19
[  44.4690]ARRIVE-6-2
[  44.6690]ARRIVE-4-4
[  44.6690]ARRIVE-5-3
[  44.6690]ARRIVE-8-15
[  44.7700]OUT-160-2-9
[  44.7700]CLOSE-2-9
[  44.8700]ARRIVE-2-8
[  44.8700]OPEN-2-8
[  44.8700]ARRIVE-5-18
[  44.8700]OPEN-5-18
[  44.8700]ARRIVE-2-19
[  44.8700]OPEN-2-19
[  44.8700]ARRIVE-7-2
[  45.0710]ARRIVE-5-4
[  45.0710]ARRIVE-4-3
[  45.2710]OUT-163-2-19
[  45.2710]CLOSE-2-19
[  45.2710]ARRIVE-7-15
[  45.2710]OUT-159-2-8
[  45.2710]CLOSE-2-8
[  45.2710]ARRIVE-8-2
[  45.2710]OPEN-8-2
[  45.2710]IN-164-5-18
[  45.2710]CLOSE-5-18
[  45.4720]ARRIVE-6-4
[  45.4720]ARRIVE-3-3
[  45.6720]IN-165-8-2
[  45.6720]CLOSE-8-2
[  45.8720]ARRIVE-4-18
[  45.8720]ARRIVE-6-15
[  45.8720]ARRIVE-7-4
[  45.8720]ARRIVE-2-3
[  45.8720]OPEN-2-3
[  45.8720]OPEN-6-15
[  45.8720]OPEN-4-18
[  46.0730]ARRIVE-7-2
[  46.2730]ARRIVE-8-4
[  46.2730]OUT-162-6-15
[  46.2730]CLOSE-6-15
[  46.2730]OUT-164-4-18
[  46.2730]CLOSE-4-18
[  46.2730]OUT-158-2-3
[  46.2730]CLOSE-2-3
[  46.4740]ARRIVE-6-2
[  46.6740]ARRIVE-9-4
[  46.6740]OPEN-9-4
[  46.8740]ARRIVE-5-2
[  47.0750]IN-161-9-4
[  47.0750]CLOSE-9-4
[  47.2750]ARRIVE-4-2
[  47.4760]ARRIVE-8-4
[  47.6760]ARRIVE-3-2
[  47.6760]OPEN-3-2
[  47.6760]OPEN-6-15
[  47.8760]ARRIVE-7-4
[  47.8760]OPEN-7-4
[  48.0770]ARRIVE-3-3
[  48.0770]OUT-165-3-2
[  48.0770]IN-168-6-15
[  48.0770]CLOSE-6-15
[  48.0770]CLOSE-3-2
[  48.2770]OUT-161-7-4
[  48.2770]CLOSE-7-4
[  48.2770]ARRIVE-3-18
[  48.2770]OPEN-3-18
[  48.4780]ARRIVE-4-3
[  48.6780]ARRIVE-5-15
[  48.6780]IN-167-3-18
[  48.6780]CLOSE-3-18
[  48.8780]ARRIVE-5-3
[  49.2790]ARRIVE-2-18
[  49.2790]OPEN-2-18
[  49.2790]ARRIVE-6-3
[  49.2790]ARRIVE-4-15
[  49.6800]ARRIVE-7-3
[  49.6800]OUT-167-2-18
[  49.6800]MAINTAIN_ACCEPT-19
[  49.6800]CLOSE-2-18
[  49.6800]MAINTAIN_ABLE-19
[  49.8800]ARRIVE-3-15
[  50.0800]ARRIVE-4-2
[  50.0800]ARRIVE-8-3
[  50.0800]ARRIVE-8-4
[  50.1810]ARRIVE-3-9
[  50.2820]ARRIVE-3-8
[  50.2820]ARRIVE-3-18
[  50.4820]ARRIVE-9-4
[  50.4820]ARRIVE-5-2
[  50.4820]ARRIVE-9-3
[  50.4820]ARRIVE-2-15
[  50.4820]OPEN-2-15
[  50.6820]ARRIVE-4-9
[  50.8820]ARRIVE-4-18
[  50.8820]OPEN-4-18
[  50.8820]OUT-168-2-15
[  50.8820]ARRIVE-6-2
[  50.8820]ARRIVE-4-8
[  50.8820]ARRIVE-10-3
[  50.8820]OPEN-10-3
[  50.8820]ARRIVE-10-4
[  50.8820]IN-174-2-15
[  50.8820]CLOSE-2-15
[  51.1820]ARRIVE-5-9
[  51.2830]ARRIVE-11-4
[  51.2830]OPEN-11-4
[  51.2830]IN-166-10-3
[  51.2830]IN-169-4-18
[  51.2830]CLOSE-4-18
[  51.2830]ARRIVE-7-2
[  51.2830]CLOSE-10-3
[  51.4830]ARRIVE-1-15
[  51.4830]OPEN-1-15
[  51.4830]ARRIVE-5-8
[  51.6840]ARRIVE-8-2
[  51.6840]ARRIVE-6-9
[  51.6840]MAINTAIN_ACCEPT-18
[  51.6840]ARRIVE-9-3
[  51.6840]IN-173-11-4
[  51.6840]CLOSE-11-4
[  51.8840]ARRIVE-3-18
[  51.8840]OPEN-3-18
[  51.8840]OUT-174-1-15
[  51.8840]CLOSE-1-15
[  52.0840]ARRIVE-10-4
[  52.0840]OPEN-10-4
[  52.0840]ARRIVE-9-2
[  52.0840]ARRIVE-6-8
[  52.0840]ARRIVE-8-3
[  52.0840]OPEN-8-3
[  52.1840]ARRIVE-7-9
[  52.4850]ARRIVE-10-2
[  52.4850]IN-177-8-3
[  52.4850]IN-182-8-3
[  52.4850]CLOSE-8-3
[  52.4850]OUT-169-3-18
[  52.4850]OUT-173-10-4
[  52.4850]CLOSE-10-4
[  52.4850]ARRIVE-2-15
[  52.4850]OPEN-2-15
[  52.4850]CLOSE-3-18
[  52.4850]MAINTAIN_ABLE-18
[  52.6850]ARRIVE-8-9
[  52.6850]ARRIVE-7-8
[  52.8850]ARRIVE-9-4
[  52.8850]IN-178-2-15
[  52.8850]ARRIVE-11-2
[  52.8850]OPEN-11-2
[  52.8850]ARRIVE-7-3
[  52.8850]IN-179-2-15
[  52.8850]CLOSE-2-15
[  52.8850]OPEN-9-4
[  53.1860]ARRIVE-9-9
[  53.2860]ARRIVE-8-8
[  53.2860]IN-171-11-2
[  53.2860]CLOSE-11-2
[  53.2860]IN-181-9-4
[  53.2860]CLOSE-9-4
[  53.2860]ARRIVE-6-3
[  53.4870]ARRIVE-1-15
[  53.4870]OPEN-1-15
[  53.6880]ARRIVE-10-9
[  53.6880]OPEN-10-9
[  53.6880]ARRIVE-8-4
[  53.6880]ARRIVE-5-3
[  53.6880]ARRIVE-10-2
[  53.6880]OPEN-5-3
[  53.8870]ARRIVE-9-8
[  53.8870]OUT-178-1-15
[  53.8870]OUT-179-1-15
[  54.0880]ARRIVE-7-4
[  54.0880]IN-175-5-3
[  54.0880]IN-176-5-3
[  54.0880]CLOSE-5-3
[  54.0880]IN-170-10-9
[  54.0880]CLOSE-10-9
[  54.0880]CLOSE-1-15
[  54.4890]ARRIVE-6-4
[  54.4890]ARRIVE-9-2
[  54.4890]ARRIVE-4-3
[  54.4890]OPEN-4-3
[  54.4890]ARRIVE-10-8
[  54.5890]ARRIVE-9-9
[  54.6890]ARRIVE-2-15
[  54.8900]ARRIVE-5-4
[  54.8900]OUT-175-4-3
[  54.8900]CLOSE-4-3
[  54.8900]ARRIVE-8-2
[  55.0900]ARRIVE-8-9
[  55.0900]ARRIVE-11-8
[  55.0900]OPEN-11-8
[  55.2910]ARRIVE-3-3
[  55.2910]OPEN-3-3
[  55.2910]ARRIVE-4-4
[  55.2910]ARRIVE-7-2
[  55.2910]OPEN-7-2
[  55.2910]ARRIVE-3-15
[  55.2910]OPEN-3-15
[  55.4910]IN-172-11-8
[  55.4910]CLOSE-11-8
[  55.5910]ARRIVE-7-9
[  55.6920]ARRIVE-3-4
[  55.6920]OPEN-3-4
[  55.6920]IN-180-3-15
[  55.6920]OUT-171-7-2
[  55.6920]OUT-166-3-3
[  55.6920]OUT-182-3-3
[  56.0920]ARRIVE-6-9
[  56.0920]OPEN-6-9
[  56.0920]IN-169-3-4
[  56.0920]CLOSE-3-4
[  56.0920]ARRIVE-10-8
[  56.0920]CLOSE-3-3
[  56.0920]CLOSE-7-2
[  56.0920]CLOSE-3-15
[  56.3930]ARRIVE-7-14
[  56.4930]ARRIVE-2-4
[  56.4930]OPEN-2-4
[  56.4930]ARRIVE-2-3
[  56.4930]OPEN-2-3
[  56.4930]OUT-170-6-9
[  56.4930]CLOSE-6-9
[  56.6930]ARRIVE-6-14
[  56.6930]OPEN-6-14
[  56.6930]ARRIVE-2-15
[  56.6930]ARRIVE-9-8
[  56.8930]OUT-177-2-3
[  56.8930]CLOSE-2-3
[  56.8930]OUT-181-2-4
[  56.8930]OUT-169-2-4
[  56.8930]CLOSE-2-4
[  57.0940]IN-183-6-14
[  57.0940]CLOSE-6-14
[  57.2940]ARRIVE-1-3
[  57.2940]OPEN-1-3
[  57.2940]ARRIVE-8-8
[  57.2940]ARRIVE-1-15
[  57.2940]OPEN-1-15
[  57.3940]ARRIVE-5-14
[  57.3940]OPEN-5-14
[  57.6940]OUT-176-1-3
[  57.6940]CLOSE-1-3
[  57.6940]OUT-180-1-15
[  57.6940]CLOSE-1-15
[  57.7940]OUT-183-5-14
[  57.7940]CLOSE-5-14
[  57.8940]ARRIVE-7-8
[  58.4950]ARRIVE-6-8
[  59.0960]ARRIVE-5-8
[  59.6970]ARRIVE-4-8
[  60.2980]ARRIVE-3-8
[  60.2980]OPEN-3-8
[  60.6990]OUT-172-3-8
[  60.6990]CLOSE-3-8
[  61.0000]ARRIVE-4-14
[  61.3000]ARRIVE-3-14
[  61.3000]ARRIVE-4-8
[  61.6000]ARRIVE-2-14
[  61.6000]OPEN-2-14
[  61.9010]ARRIVE-5-8
[  62.0010]IN-185-2-14
[  62.0010]CLOSE-2-14
[  62.2010]ARRIVE-8-2
[  62.3010]ARRIVE-1-14
[  62.3010]OPEN-1-14
[  62.5020]ARRIVE-6-8
[  62.6020]ARRIVE-9-2
[  62.6020]OPEN-9-2
[  62.7020]OUT-185-1-14
[  62.7020]CLOSE-1-14
[  63.0020]IN-186-9-2
[  63.0020]CLOSE-9-2
[  63.1030]ARRIVE-7-8
[  63.4030]ARRIVE-8-2
[  63.4030]OPEN-8-2
[  63.7040]ARRIVE-8-8
[  63.8040]OUT-186-8-2
[  63.8040]CLOSE-8-2
[  64.3050]ARRIVE-9-8
[  64.3050]OPEN-9-8
[  64.4050]ARRIVE-2-14
[  64.5050]ARRIVE-7-2
[  64.7060]ARRIVE-3-14
[  64.7060]IN-184-9-8
[  64.7060]CLOSE-9-8
[  64.9060]ARRIVE-6-2
[  65.0060]ARRIVE-4-14
[  65.3070]ARRIVE-5-14
[  65.3070]ARRIVE-8-8
[  65.3070]OPEN-8-8
[  65.3070]ARRIVE-5-2
[  65.6070]ARRIVE-6-14
[  65.7070]OUT-184-8-8
[  65.7070]ARRIVE-4-2
[  65.7070]CLOSE-8-8
[  65.9080]ARRIVE-7-14
[  65.9080]OPEN-7-14
[  66.1080]ARRIVE-3-2
[  66.3090]IN-188-7-14
[  66.3090]CLOSE-7-14
[  66.5090]ARRIVE-2-2
[  66.5090]OPEN-2-2
[  66.6090]ARRIVE-6-14
[  66.9100]ARRIVE-5-14
[  66.9100]IN-187-2-2
[  66.9100]CLOSE-2-2
[  67.2100]ARRIVE-4-14
[  67.3110]ARRIVE-1-2
[  67.3110]OPEN-1-2
[  67.5110]ARRIVE-3-14
[  67.7110]OUT-187-1-2
[  67.7110]CLOSE-1-2
[  67.8120]ARRIVE-2-14
[  67.8120]OPEN-2-14
[  68.2120]OUT-188-2-14
[  68.2120]CLOSE-2-14
