[   1.3170]ARRIVE-2-6
[   1.3170]ARRIVE-2-5
[   1.4330]ARRIVE-2-1
[   1.6350]ARRIVE-2-4
[   1.6350]ARRIVE-2-2
[   1.6350]ARRIVE-2-3
[   1.7180]ARRIVE-3-6
[   1.7180]ARRIVE-3-5
[   1.7180]OPEN-3-6
[   1.8350]ARRIVE-3-1
[   2.0350]ARRIVE-3-2
[   2.0350]ARRIVE-3-3
[   2.0350]ARRIVE-3-4
[   2.1190]ARRIVE-4-5
[   2.1190]IN-101-3-6
[   2.1190]CLOSE-3-6
[   2.2350]ARRIVE-4-1
[   2.2350]OPEN-4-1
[   2.4360]ARRIVE-4-4
[   2.4360]ARRIVE-4-3
[   2.4360]ARRIVE-4-2
[   2.4360]OPEN-4-2
[   2.4360]OPEN-4-4
[   2.5210]ARRIVE-4-6
[   2.5210]ARRIVE-5-5
[   2.5210]OPEN-4-6
[   2.8370]ARRIVE-5-3
[   2.9220]ARRIVE-6-5
[   2.9220]IN-116-4-6
[   2.9220]CLOSE-4-6
[   2.9220]IN-102-4-1
[   2.9220]CLOSE-4-1
[   2.9220]IN-104-4-2
[   2.9220]CLOSE-4-2
[   2.9220]IN-103-4-4
[   2.9220]CLOSE-4-4
[   3.2370]ARRIVE-6-3
[   3.3220]ARRIVE-5-4
[   3.3220]ARRIVE-7-5
[   3.3220]ARRIVE-5-6
[   3.3220]ARRIVE-5-2
[   3.3220]ARRIVE-5-1
[   3.5770]OPEN-8-13
[   3.6390]ARRIVE-7-3
[   3.7230]ARRIVE-8-5
[   3.7230]ARRIVE-6-6
[   3.7230]ARRIVE-6-1
[   3.7230]ARRIVE-6-4
[   3.7230]ARRIVE-6-2
[   3.9770]IN-106-8-13
[   3.9770]IN-108-8-13
[   3.9770]IN-109-8-13
[   3.9770]CLOSE-8-13
[   4.0400]ARRIVE-8-3
[   4.1240]ARRIVE-7-2
[   4.1240]ARRIVE-7-4
[   4.1240]ARRIVE-9-5
[   4.1240]ARRIVE-7-1
[   4.1240]ARRIVE-7-6
[   4.4400]ARRIVE-9-3
[   4.5250]ARRIVE-8-6
[   4.5250]OPEN-8-6
[   4.5250]ARRIVE-8-2
[   4.5250]ARRIVE-8-4
[   4.5250]ARRIVE-10-5
[   4.5250]OPEN-10-5
[   4.5250]ARRIVE-8-1
[   4.5780]ARRIVE-7-13
[   4.8420]ARRIVE-10-3
[   4.8420]OPEN-10-3
[   4.9260]ARRIVE-9-4
[   4.9260]OUT-101-8-6
[   4.9260]IN-100-10-5
[   4.9260]ARRIVE-9-1
[   4.9260]ARRIVE-9-2
[   4.9260]OPEN-9-2
[   4.9260]IN-121-10-5
[   4.9260]IN-133-10-5
[   4.9260]IN-142-10-5
[   4.9260]CLOSE-10-5
[   4.9260]CLOSE-8-6
[   5.1790]ARRIVE-6-13
[   5.2640]IN-105-10-3
[   5.2640]CLOSE-10-3
[   5.2640]OPEN-10-3
[   5.3260]ARRIVE-10-4
[   5.3260]OPEN-10-4
[   5.3260]OUT-104-9-2
[   5.3260]ARRIVE-9-5
[   5.3260]ARRIVE-9-6
[   5.3260]ARRIVE-10-1
[   5.3260]OPEN-10-1
[   5.6640]IN-151-10-3
[   5.6640]CLOSE-10-3
[   5.6640]OPEN-9-5
[   5.7270]OUT-102-10-1
[   5.7270]OUT-103-10-4
[   5.7800]ARRIVE-5-13
[   6.0650]ARRIVE-9-3
[   6.0650]IN-123-9-5
[   6.0650]IN-124-9-5
[   6.0650]CLOSE-9-5
[   6.0650]ARRIVE-10-6
[   6.0650]OPEN-9-3
[   6.0650]IN-138-9-2
[   6.4670]ARRIVE-8-5
[   6.4670]IN-150-9-3
[   6.4670]CLOSE-9-3
[   6.4670]CLOSE-10-1
[   6.4670]IN-152-10-4
[   6.4670]CLOSE-10-4
[   6.4670]CLOSE-9-2
[   6.8670]ARRIVE-7-5
[   6.8670]ARRIVE-11-6
[   6.8670]ARRIVE-9-4
[   6.8670]ARRIVE-8-2
[   6.8670]ARRIVE-8-3
[   6.8670]ARRIVE-11-1
[   6.8670]OPEN-11-1
[   6.8670]OPEN-9-4
[   6.8670]OPEN-11-6
[   7.0680]ARRIVE-4-13
[   7.2680]ARRIVE-6-5
[   7.2680]OUT-116-11-6
[   7.2680]IN-163-9-4
[   7.2680]CLOSE-9-4
[   7.2680]OPEN-8-3
[   7.2680]IN-111-11-1
[   7.2680]IN-113-11-6
[   7.6690]ARRIVE-8-4
[   7.6690]IN-110-8-3
[   7.6690]IN-112-8-3
[   7.6690]ARRIVE-5-5
[   7.6690]IN-122-8-3
[   7.6690]CLOSE-8-3
[   7.6690]OPEN-8-2
[   7.8750]ARRIVE-3-13
[   7.8750]OPEN-3-13
[   8.0690]ARRIVE-7-3
[   8.0690]IN-125-8-2
[   8.0690]IN-128-8-2
[   8.0690]IN-129-8-2
[   8.0690]IN-131-8-2
[   8.0690]IN-132-8-2
[   8.0690]CLOSE-8-2
[   8.0690]OPEN-8-4
[   8.2850]OUT-108-3-13
[   8.2850]OUT-109-3-13
[   8.4700]ARRIVE-6-3
[   8.4700]IN-137-8-4
[   8.4700]ARRIVE-4-5
[   8.4700]OPEN-4-5
[   8.4700]ARRIVE-7-2
[   8.4700]IN-149-8-4
[   8.4700]IN-156-8-4
[   8.4700]CLOSE-8-4
[   8.4700]IN-115-11-6
[   8.4700]IN-117-11-6
[   8.4700]IN-126-11-6
[   8.4700]IN-141-11-6
[   8.4700]IN-144-11-6
[   8.4700]CLOSE-11-6
[   8.4700]IN-153-11-1
[   8.4700]IN-164-11-1
[   8.4700]CLOSE-11-1
[   8.4700]CLOSE-3-13
[   8.8710]ARRIVE-10-6
[   8.8710]ARRIVE-10-1
[   8.8710]OUT-123-4-5
[   8.8710]ARRIVE-6-2
[   8.8710]ARRIVE-5-3
[   8.8710]ARRIVE-7-4
[   8.8710]OPEN-10-1
[   9.0720]ARRIVE-2-13
[   9.0720]OPEN-2-13
[   9.2720]IN-167-10-1
[   9.2720]CLOSE-10-1
[   9.2720]ARRIVE-9-6
[   9.2720]CLOSE-4-5
[   9.4780]OUT-106-2-13
[   9.4780]IN-119-2-13
[   9.4780]IN-107-2-13
[   9.4780]IN-120-2-13
[   9.4780]CLOSE-2-13
[   9.6730]ARRIVE-4-3
[   9.6730]ARRIVE-9-1
[   9.6730]ARRIVE-6-4
[   9.6730]ARRIVE-3-5
[   9.6730]OPEN-3-5
[   9.6730]ARRIVE-8-6
[   9.6730]ARRIVE-5-2
[  10.0740]ARRIVE-7-6
[  10.0740]ARRIVE-3-3
[  10.0740]OPEN-3-3
[  10.0740]ARRIVE-4-2
[  10.0740]ARRIVE-8-1
[  10.0740]ARRIVE-5-4
[  10.0740]OUT-121-3-5
[  10.0740]OUT-133-3-5
[  10.0740]OUT-142-3-5
[  10.0740]CLOSE-3-5
[  10.0890]ARRIVE-3-13
[  10.4750]ARRIVE-6-6
[  10.4750]OUT-105-3-3
[  10.4750]OUT-122-3-3
[  10.4750]ARRIVE-3-2
[  10.4750]OPEN-3-2
[  10.4750]ARRIVE-7-1
[  10.4750]ARRIVE-2-5
[  10.4750]OPEN-2-5
[  10.4750]ARRIVE-4-4
[  10.4750]CLOSE-3-3
[  10.6900]ARRIVE-4-13
[  10.8750]ARRIVE-5-6
[  10.8750]OUT-128-3-2
[  10.8750]OUT-129-3-2
[  10.8750]CLOSE-3-2
[  10.8750]ARRIVE-6-1
[  10.8750]ARRIVE-2-3
[  10.8750]OPEN-2-3
[  10.8750]OUT-100-2-5
[  10.8750]CLOSE-2-5
[  10.8750]ARRIVE-3-4
[  10.8750]OPEN-3-4
[  11.2760]ARRIVE-5-1
[  11.2760]OUT-137-3-4
[  11.2760]CLOSE-3-4
[  11.2760]ARRIVE-1-5
[  11.2760]OPEN-1-5
[  11.2760]OUT-150-2-3
[  11.2760]OUT-110-2-3
[  11.2760]OUT-112-2-3
[  11.2760]ARRIVE-2-2
[  11.2760]OPEN-2-2
[  11.2760]ARRIVE-4-6
[  11.2760]OPEN-4-6
[  11.2760]CLOSE-2-3
[  11.2910]ARRIVE-5-13
[  11.6770]ARRIVE-1-3
[  11.6770]OPEN-1-3
[  11.6770]OUT-113-4-6
[  11.6770]OUT-117-4-6
[  11.6770]OUT-141-4-6
[  11.6770]CLOSE-4-6
[  11.6770]OUT-138-2-2
[  11.6770]OUT-125-2-2
[  11.6770]OUT-131-2-2
[  11.6770]OUT-124-1-5
[  11.6770]ARRIVE-4-1
[  11.6770]OPEN-4-1
[  11.6770]ARRIVE-2-4
[  11.6770]OPEN-2-4
[  11.6770]IN-147-1-5
[  11.6770]IN-114-1-5
[  11.6770]IN-118-1-5
[  11.6770]IN-134-1-5
[  11.6770]IN-136-1-5
[  11.6770]IN-148-1-5
[  11.6770]CLOSE-1-5
[  11.6770]CLOSE-2-2
[  11.8930]ARRIVE-6-13
[  12.0780]ARRIVE-3-6
[  12.0780]OUT-111-4-1
[  12.0780]OUT-153-4-1
[  12.0780]CLOSE-4-1
[  12.0780]OUT-151-1-3
[  12.0780]ARRIVE-2-5
[  12.0780]ARRIVE-1-2
[  12.0780]OPEN-1-2
[  12.0780]OUT-152-2-4
[  12.0780]OUT-156-2-4
[  12.0780]CLOSE-2-4
[  12.0780]IN-161-1-3
[  12.0780]IN-165-1-3
[  12.0780]CLOSE-1-3
[  12.4790]ARRIVE-2-6
[  12.4790]OPEN-2-6
[  12.4790]ARRIVE-2-3
[  12.4790]OPEN-2-3
[  12.4790]ARRIVE-3-1
[  12.4790]OPEN-3-1
[  12.4790]ARRIVE-1-4
[  12.4790]OPEN-1-4
[  12.4790]ARRIVE-3-5
[  12.4790]OUT-132-1-2
[  12.4950]ARRIVE-7-13
[  12.8790]OUT-164-3-1
[  12.8790]IN-127-2-3
[  12.8790]OUT-115-2-6
[  12.8790]OUT-144-2-6
[  12.8790]OUT-163-1-4
[  12.8790]IN-130-2-3
[  12.8790]IN-135-2-3
[  12.8790]IN-139-2-3
[  12.8790]CLOSE-2-3
[  12.8790]CLOSE-3-1
[  12.8790]OUT-149-1-4
[  12.8790]CLOSE-1-2
[  12.8790]CLOSE-2-6
[  12.8790]CLOSE-1-4
[  13.2800]ARRIVE-2-1
[  13.2800]ARRIVE-4-5
[  13.2800]ARRIVE-2-2
[  13.2800]OPEN-2-2
[  13.2800]ARRIVE-2-4
[  13.2800]OPEN-2-4
[  13.2800]ARRIVE-3-3
[  13.2800]ARRIVE-1-6
[  13.2800]OPEN-1-6
[  13.4810]ARRIVE-8-13
[  13.4810]OPEN-8-13
[  13.6810]ARRIVE-5-5
[  13.6810]ARRIVE-1-1
[  13.6810]OPEN-1-1
[  13.6810]OUT-126-1-6
[  13.6810]CLOSE-1-6
[  13.6810]ARRIVE-4-3
[  13.6810]IN-155-2-4
[  13.6810]IN-154-2-2
[  13.6810]IN-160-2-4
[  13.6810]IN-162-2-4
[  13.6810]CLOSE-2-4
[  13.6810]CLOSE-2-2
[  13.8810]OUT-119-8-13
[  13.8810]OUT-120-8-13
[  13.8810]CLOSE-8-13
[  14.0820]OUT-167-1-1
[  14.0820]CLOSE-1-1
[  14.0820]ARRIVE-6-5
[  14.0820]ARRIVE-3-2
[  14.0820]OPEN-3-2
[  14.0820]ARRIVE-3-4
[  14.0820]ARRIVE-2-6
[  14.0820]OPEN-2-6
[  14.0820]ARRIVE-5-3
[  14.4820]ARRIVE-9-13
[  14.4820]ARRIVE-2-1
[  14.4820]ARRIVE-7-5
[  14.4820]IN-145-3-2
[  14.4820]IN-146-3-2
[  14.4820]IN-157-3-2
[  14.4820]CLOSE-3-2
[  14.4820]IN-158-2-6
[  14.4820]CLOSE-2-6
[  14.8820]ARRIVE-3-1
[  14.8820]OPEN-3-1
[  14.8820]ARRIVE-4-2
[  14.8820]ARRIVE-4-4
[  14.8820]ARRIVE-8-5
[  14.8820]OPEN-8-5
[  14.8820]ARRIVE-6-3
[  14.8820]ARRIVE-3-6
[  14.8820]OPEN-4-2
[  15.0830]ARRIVE-10-13
[  15.2830]OUT-147-8-5
[  15.2830]IN-143-4-2
[  15.2830]IN-159-4-2
[  15.2830]CLOSE-4-2
[  15.2830]OPEN-4-4
[  15.2830]IN-140-3-1
[  15.2830]CLOSE-8-5
[  15.6840]ARRIVE-7-3
[  15.6840]ARRIVE-4-6
[  15.6840]ARRIVE-5-2
[  15.6840]IN-166-4-4
[  15.6840]CLOSE-4-4
[  15.6840]CLOSE-3-1
[  15.8920]ARRIVE-11-13
[  15.8920]OPEN-11-13
[  16.0850]ARRIVE-8-3
[  16.0850]ARRIVE-6-2
[  16.0850]ARRIVE-9-5
[  16.0850]OPEN-9-5
[  16.0850]ARRIVE-5-6
[  16.0850]ARRIVE-5-4
[  16.0850]ARRIVE-4-1
[  16.2970]OUT-107-11-13
[  16.2970]CLOSE-11-13
[  16.4860]ARRIVE-9-3
[  16.4860]ARRIVE-6-6
[  16.4860]ARRIVE-5-1
[  16.4860]OUT-114-9-5
[  16.4860]OUT-118-9-5
[  16.4860]ARRIVE-6-4
[  16.4860]ARRIVE-7-2
[  16.4860]CLOSE-9-5
[  16.4860]OPEN-9-3
[  16.8870]OUT-161-9-3
[  16.8870]OUT-165-9-3
[  16.8870]OUT-130-9-3
[  16.8870]ARRIVE-7-6
[  16.8870]ARRIVE-10-5
[  16.8870]ARRIVE-7-4
[  16.8870]ARRIVE-8-2
[  16.8870]OPEN-8-2
[  16.8870]ARRIVE-6-1
[  16.8870]OPEN-10-5
[  16.8870]CLOSE-9-3
[  17.2880]ARRIVE-7-1
[  17.2880]OUT-145-8-2
[  17.2880]OUT-143-8-2
[  17.2880]CLOSE-8-2
[  17.2880]OUT-134-10-5
[  17.2880]OUT-136-10-5
[  17.2880]CLOSE-10-5
[  17.2880]ARRIVE-8-6
[  17.2880]ARRIVE-8-4
[  17.2880]ARRIVE-10-3
[  17.2880]OPEN-10-3
[  17.6880]ARRIVE-8-1
[  17.6880]OPEN-8-1
[  17.6880]OUT-127-10-3
[  17.6880]ARRIVE-9-4
[  17.6880]ARRIVE-11-5
[  17.6880]OPEN-11-5
[  17.6880]ARRIVE-9-2
[  17.6880]OPEN-9-2
[  17.6880]ARRIVE-9-6
[  17.6880]OPEN-9-6
[  17.6880]OPEN-9-4
[  17.6880]OUT-135-10-3
[  17.6880]CLOSE-10-3
[  18.0890]OUT-148-11-5
[  18.0890]OUT-166-9-4
[  18.0890]CLOSE-9-4
[  18.0890]ARRIVE-11-3
[  18.0890]OPEN-11-3
[  18.0890]OUT-159-9-2
[  18.0890]CLOSE-9-2
[  18.0890]OUT-158-9-6
[  18.0890]CLOSE-9-6
[  18.0890]OUT-140-8-1
[  18.0890]CLOSE-8-1
[  18.0890]CLOSE-11-5
[  18.4900]ARRIVE-10-4
[  18.4900]OPEN-10-4
[  18.4900]OUT-139-11-3
[  18.4900]ARRIVE-10-2
[  18.4900]OPEN-10-2
[  18.4900]CLOSE-11-3
[  18.8910]OUT-155-10-4
[  18.8910]OUT-154-10-2
[  18.8910]OUT-146-10-2
[  18.8910]CLOSE-10-2
[  18.8910]CLOSE-10-4
[  19.2910]ARRIVE-11-2
[  19.2910]OPEN-11-2
[  19.2910]ARRIVE-11-4
[  19.2910]OPEN-11-4
[  19.6920]OUT-160-11-4
[  19.6920]OUT-157-11-2
[  19.6920]OUT-162-11-4
[  19.6920]CLOSE-11-2
[  19.6920]CLOSE-11-4
