[   0.9020]MAINTAIN_ACCEPT-6
[   0.9020]MAINTAIN_ABLE-6
[   1.3030]ARRIVE-2-4
[   1.7040]ARRIVE-3-4
[   2.1050]ARRIVE-4-4
[   2.5060]ARRIVE-5-4
[   2.9060]ARRIVE-6-4
[   3.3070]ARRIVE-7-4
[   3.7080]ARRIVE-8-4
[   4.1080]ARRIVE-9-4
[   4.5090]ARRIVE-10-4
[   4.9110]ARRIVE-11-4
[   4.9110]OPEN-11-4
[   5.3110]IN-100-11-4
[   5.3110]CLOSE-11-4
[   5.7120]ARRIVE-10-4
[   5.8120]ARRIVE-2-1
[   6.1120]ARRIVE-9-4
[   6.2130]ARRIVE-3-1
[   6.5130]ARRIVE-8-4
[   6.5130]OPEN-8-4
[   6.5130]MAINTAIN_ACCEPT-3
[   6.5130]MAINTAIN_ABLE-3
[   6.6130]ARRIVE-4-1
[   6.6130]OPEN-4-1
[   6.9140]ARRIVE-2-5
[   6.9140]OUT-100-8-4
[   6.9140]CLOSE-8-4
[   7.0140]IN-101-4-1
[   7.0140]CLOSE-4-1
[   7.3150]ARRIVE-3-5
[   7.4150]ARRIVE-3-1
[   7.7160]ARRIVE-4-5
[   7.8160]ARRIVE-2-1
[   7.8160]OPEN-2-1
[   8.1170]ARRIVE-5-5
[   8.2170]OUT-101-2-1
[   8.2170]CLOSE-2-1
[   8.5180]ARRIVE-6-5
[   8.9190]ARRIVE-7-5
[   9.3190]ARRIVE-8-5
[   9.3190]OPEN-8-5
[   9.7200]IN-102-8-5
[   9.7200]CLOSE-8-5
[  10.1210]ARRIVE-7-5
[  10.5220]ARRIVE-6-5
[  10.5220]MAINTAIN_ACCEPT-1
[  10.7220]ARRIVE-3-1
[  10.7220]MAINTAIN_ABLE-1
[  10.9230]ARRIVE-5-5
[  10.9230]ARRIVE-2-2
[  10.9230]ARRIVE-9-4
[  11.0230]ARRIVE-6-7
[  11.0230]OPEN-6-7
[  11.3230]ARRIVE-4-5
[  11.3230]OPEN-4-5
[  11.3230]ARRIVE-10-4
[  11.3230]ARRIVE-3-2
[  11.3230]OPEN-10-4
[  11.4230]IN-105-6-7
[  11.4230]CLOSE-6-7
[  11.7240]IN-106-10-4
[  11.7240]OUT-102-4-5
[  11.7240]ARRIVE-4-2
[  11.7240]IN-103-10-4
[  11.7240]CLOSE-10-4
[  11.7240]CLOSE-4-5
[  11.9250]ARRIVE-7-7
[  12.1250]ARRIVE-5-2
[  12.1250]ARRIVE-9-4
[  12.4250]ARRIVE-8-7
[  12.5250]ARRIVE-8-4
[  12.5250]ARRIVE-6-2
[  12.9260]ARRIVE-7-2
[  12.9260]ARRIVE-9-7
[  12.9260]ARRIVE-7-4
[  13.3260]ARRIVE-6-4
[  13.3260]ARRIVE-8-2
[  13.4260]ARRIVE-10-7
[  13.4260]OPEN-10-7
[  13.7270]ARRIVE-5-4
[  13.7270]OPEN-5-4
[  13.7270]ARRIVE-9-2
[  13.7270]OPEN-9-2
[  13.8270]OUT-105-10-7
[  13.8270]CLOSE-10-7
[  14.1280]OUT-106-5-4
[  14.1280]IN-104-9-2
[  14.1280]OUT-103-5-4
[  14.1280]CLOSE-9-2
[  14.1280]CLOSE-5-4
[  14.5290]ARRIVE-8-2
[  14.9300]ARRIVE-7-2
[  15.3310]ARRIVE-6-2
[  15.3310]MAINTAIN_ACCEPT-2
[  15.4310]ARRIVE-4-4
[  15.4310]OPEN-4-4
[  15.7320]ARRIVE-5-2
[  15.7320]OPEN-5-2
[  15.8320]IN-107-4-4
[  15.8320]CLOSE-4-4
[  16.1320]OUT-104-5-2
[  16.1320]CLOSE-5-2
[  16.1320]MAINTAIN_ABLE-2
[  16.2330]ARRIVE-3-4
[  16.6330]ARRIVE-9-7
[  16.6330]ARRIVE-2-4
[  16.6330]OPEN-2-4
[  17.0330]OUT-107-2-4
[  17.0330]CLOSE-2-4
[  17.1340]ARRIVE-8-7
[  17.6370]ARRIVE-7-7
[  18.1520]ARRIVE-6-7
[  18.6530]ARRIVE-5-7
[  18.6530]OPEN-5-7
[  19.0530]IN-104-5-7
[  19.0530]CLOSE-5-7
[  19.3380]MAINTAIN_ACCEPT-4
[  19.5390]ARRIVE-3-4
[  19.5390]MAINTAIN_ABLE-4
[  19.5390]OPEN-4-5
[  19.5540]ARRIVE-4-7
[  19.5540]OPEN-4-7
[  19.9400]IN-108-4-5
[  19.9400]CLOSE-4-5
[  19.9550]OUT-104-4-7
[  19.9550]CLOSE-4-7
[  20.3410]ARRIVE-5-5
[  20.3410]OPEN-5-5
[  20.7470]OUT-108-5-5
[  20.7470]CLOSE-5-5
[  21.3420]ARRIVE-6-5
[  21.4430]ARRIVE-3-7
[  21.7440]ARRIVE-7-5
[  21.7440]OPEN-7-5
[  21.9440]ARRIVE-2-7
[  21.9440]OPEN-2-7
[  22.1450]IN-110-7-5
[  22.1450]CLOSE-7-5
[  22.3570]IN-109-2-7
[  22.3570]IN-118-2-7
[  22.3570]CLOSE-2-7
[  22.5460]ARRIVE-6-5
[  22.5460]OPEN-6-5
[  22.8630]ARRIVE-3-7
[  22.8630]OPEN-3-7
[  22.9480]IN-114-6-5
[  22.9480]CLOSE-6-5
[  23.2640]OUT-109-3-7
[  23.2640]OUT-118-3-7
[  23.2640]CLOSE-3-7
[  23.3480]ARRIVE-5-5
[  23.7490]ARRIVE-4-5
[  23.7490]OPEN-4-5
[  23.7650]ARRIVE-4-7
[  23.7650]OPEN-4-7
[  24.1500]OUT-110-4-5
[  24.1500]OUT-114-4-5
[  24.1500]IN-115-4-5
[  24.1500]CLOSE-4-5
[  24.1660]IN-111-4-7
[  24.1660]CLOSE-4-7
[  24.5510]ARRIVE-5-5
[  24.6670]ARRIVE-5-7
[  24.9520]ARRIVE-6-5
[  24.9520]OPEN-6-5
[  25.1680]ARRIVE-6-7
[  25.3520]OUT-115-6-5
[  25.3520]IN-123-6-5
[  25.3520]CLOSE-6-5
[  25.6680]ARRIVE-7-7
[  25.7530]ARRIVE-5-5
[  26.1530]ARRIVE-4-5
[  26.1690]ARRIVE-8-7
[  26.1690]OPEN-8-7
[  26.5530]ARRIVE-3-5
[  26.5530]OPEN-3-5
[  26.5690]IN-112-8-7
[  26.5690]CLOSE-8-7
[  26.9540]OUT-123-3-5
[  26.9540]CLOSE-3-5
[  27.0700]ARRIVE-9-7
[  27.0700]OPEN-9-7
[  27.3550]ARRIVE-2-5
[  27.3550]OPEN-2-5
[  27.4710]OUT-112-9-7
[  27.4710]IN-124-9-7
[  27.4710]CLOSE-9-7
[  27.7550]IN-122-2-5
[  27.7550]CLOSE-2-5
[  27.9710]ARRIVE-4-19
[  27.9710]OPEN-4-19
[  27.9710]ARRIVE-10-7
[  27.9710]OPEN-10-7
[  28.0720]MAINTAIN_ACCEPT-5
[  28.1560]ARRIVE-1-5
[  28.1560]OPEN-1-5
[  28.3730]OUT-111-10-7
[  28.3730]IN-128-4-19
[  28.3730]IN-113-10-7
[  28.3730]CLOSE-10-7
[  28.3730]IN-131-4-19
[  28.3730]IN-132-4-19
[  28.3730]CLOSE-4-19
[  28.5580]OUT-122-1-5
[  28.5580]CLOSE-1-5
[  28.5580]MAINTAIN_ABLE-5
[  28.7740]ARRIVE-5-19
[  28.7740]OPEN-5-19
[  28.8740]ARRIVE-11-7
[  28.8740]OPEN-11-7
[  29.1750]OUT-128-5-19
[  29.1750]IN-130-5-19
[  29.1750]CLOSE-5-19
[  29.2750]OUT-124-11-7
[  29.2750]OUT-113-11-7
[  29.2750]IN-120-11-7
[  29.2750]IN-117-11-7
[  29.2750]IN-127-11-7
[  29.2750]IN-134-11-7
[  29.2750]CLOSE-11-7
[  29.5760]ARRIVE-6-19
[  29.5760]OPEN-6-19
[  29.7760]ARRIVE-10-7
[  29.7760]OPEN-10-7
[  29.9770]OUT-130-6-19
[  30.1770]IN-116-10-7
[  30.1770]CLOSE-10-7
[  30.1770]CLOSE-6-19
[  30.5780]ARRIVE-7-19
[  30.6780]ARRIVE-9-7
[  30.6780]OPEN-9-7
[  30.9780]ARRIVE-8-19
[  31.0790]IN-126-9-7
[  31.0790]CLOSE-9-7
[  31.4790]ARRIVE-9-19
[  31.5790]ARRIVE-8-7
[  31.8790]ARRIVE-10-19
[  32.0790]ARRIVE-7-7
[  32.2800]ARRIVE-11-19
[  32.2800]OPEN-11-19
[  32.5800]ARRIVE-6-7
[  32.6800]OUT-131-11-19
[  32.6800]OUT-132-11-19
[  32.6800]IN-142-11-19
[  32.6800]CLOSE-11-19
[  33.0800]ARRIVE-10-19
[  33.0800]ARRIVE-5-7
[  33.0800]OPEN-5-7
[  33.4810]OUT-120-5-7
[  33.4810]ARRIVE-9-19
[  33.4810]IN-135-5-7
[  33.4810]CLOSE-5-7
[  33.8820]ARRIVE-8-19
[  33.8820]OPEN-8-19
[  33.9820]ARRIVE-4-7
[  33.9820]OPEN-4-7
[  34.2830]IN-119-8-19
[  34.2830]CLOSE-8-19
[  34.3830]OUT-127-4-7
[  34.3830]OUT-116-4-7
[  34.3830]CLOSE-4-7
[  34.6830]ARRIVE-7-19
[  34.8830]ARRIVE-3-7
[  34.8830]OPEN-3-7
[  35.0830]ARRIVE-6-19
[  35.0830]OPEN-6-19
[  35.2840]OUT-126-3-7
[  35.2840]OUT-135-3-7
[  35.4840]IN-133-6-19
[  35.4840]IN-140-6-19
[  35.4840]CLOSE-6-19
[  35.4840]CLOSE-3-7
[  35.8850]ARRIVE-5-19
[  35.8850]OPEN-5-19
[  35.9010]OPEN-2-11
[  35.9850]ARRIVE-2-7
[  35.9850]OPEN-2-7
[  36.2860]OUT-140-5-19
[  36.2860]IN-143-5-19
[  36.2860]CLOSE-5-19
[  36.3010]IN-138-2-11
[  36.3010]IN-158-2-11
[  36.3010]CLOSE-2-11
[  36.3860]OUT-134-2-7
[  36.3860]CLOSE-2-7
[  36.6020]ARRIVE-3-11
[  36.6020]OPEN-3-11
[  36.6860]ARRIVE-4-19
[  36.6860]OPEN-4-19
[  36.8870]ARRIVE-1-7
[  36.8870]OPEN-1-7
[  37.0030]IN-139-3-11
[  37.0030]IN-154-3-11
[  37.0030]CLOSE-3-11
[  37.0030]MAINTAIN_ACCEPT-7
[  37.0870]OUT-133-4-19
[  37.0870]OUT-143-4-19
[  37.0870]CLOSE-4-19
[  37.2880]OUT-117-1-7
[  37.2880]IN-152-1-7
[  37.2880]IN-121-1-7
[  37.2880]IN-125-1-7
[  37.2880]IN-129-1-7
[  37.2880]IN-136-1-7
[  37.2880]IN-141-1-7
[  37.2880]CLOSE-1-7
[  37.2880]OPEN-1-7
[  37.3030]ARRIVE-4-11
[  37.3030]OPEN-4-11
[  37.4880]ARRIVE-3-19
[  37.4880]OPEN-3-19
[  37.6880]OUT-152-1-7
[  37.6880]OUT-121-1-7
[  37.6880]OUT-125-1-7
[  37.6880]OUT-129-1-7
[  37.6880]OUT-136-1-7
[  37.6880]OUT-141-1-7
[  37.6880]CLOSE-1-7
[  37.6880]MAINTAIN_ABLE-7
[  37.7040]OUT-154-4-11
[  37.7040]IN-137-4-11
[  37.7040]CLOSE-4-11
[  37.8880]OUT-119-3-19
[  37.8880]IN-159-3-19
[  37.8880]CLOSE-3-19
[  38.0040]ARRIVE-5-11
[  38.2890]ARRIVE-2-19
[  38.2890]OPEN-2-19
[  38.3050]ARRIVE-6-11
[  38.6060]ARRIVE-7-11
[  38.6900]OUT-142-2-19
[  38.6900]OUT-159-2-19
[  38.6900]CLOSE-2-19
[  38.9060]ARRIVE-8-11
[  39.0910]ARRIVE-1-19
[  39.0910]OPEN-1-19
[  39.2070]ARRIVE-9-11
[  39.2070]OPEN-9-11
[  39.4910]IN-147-1-19
[  39.4910]IN-153-1-19
[  39.4910]IN-161-1-19
[  39.4910]IN-162-1-19
[  39.4910]CLOSE-1-19
[  39.6070]OUT-138-9-11
[  39.6070]CLOSE-9-11
[  39.8920]ARRIVE-2-19
[  39.9070]ARRIVE-10-11
[  39.9070]OPEN-10-11
[  40.2930]ARRIVE-3-19
[  40.3080]OUT-139-10-11
[  40.3080]IN-150-10-11
[  40.3080]CLOSE-10-11
[  40.6090]ARRIVE-11-11
[  40.6090]OPEN-11-11
[  40.6930]ARRIVE-4-19
[  40.6930]OPEN-4-19
[  41.0090]OUT-158-11-11
[  41.0090]OUT-137-11-11
[  41.0090]OUT-150-11-11
[  41.0090]IN-148-11-11
[  41.0090]IN-151-11-11
[  41.0090]IN-157-11-11
[  41.0090]IN-165-11-11
[  41.0090]CLOSE-11-11
[  41.0940]OUT-161-4-19
[  41.0940]IN-146-4-19
[  41.0940]CLOSE-4-19
[  41.3100]ARRIVE-10-11
[  41.4950]ARRIVE-5-19
[  41.6110]ARRIVE-9-11
[  41.6110]OPEN-9-11
[  41.8960]ARRIVE-6-19
[  42.0120]OUT-148-9-11
[  42.0120]IN-169-9-11
[  42.0120]CLOSE-9-11
[  42.2990]ARRIVE-7-19
[  42.3000]OPEN-7-19
[  42.3160]ARRIVE-8-11
[  42.6350]ARRIVE-7-11
[  42.7130]OUT-153-7-19
[  42.7130]IN-173-7-19
[  42.7130]CLOSE-7-19
[  42.9360]ARRIVE-6-11
[  43.1140]ARRIVE-8-19
[  43.1520]ARRIVE-5-8
[  43.2370]ARRIVE-5-11
[  43.2370]OPEN-5-11
[  43.5150]ARRIVE-9-19
[  43.5150]OPEN-9-19
[  43.6370]OUT-169-5-11
[  43.6370]IN-155-5-11
[  43.6370]CLOSE-5-11
[  43.6520]ARRIVE-6-8
[  43.6520]OPEN-6-8
[  43.9150]OUT-146-9-19
[  43.9150]CLOSE-9-19
[  43.9370]ARRIVE-4-11
[  43.9370]OPEN-4-11
[  44.0530]IN-145-6-8
[  44.0530]IN-164-6-8
[  44.0530]IN-172-6-8
[  44.0530]CLOSE-6-8
[  44.3170]ARRIVE-10-19
[  44.3170]OPEN-10-19
[  44.3390]OUT-151-4-11
[  44.3390]OUT-157-4-11
[  44.3390]CLOSE-4-11
[  44.5550]ARRIVE-7-8
[  44.5550]OPEN-7-8
[  44.6390]ARRIVE-3-11
[  44.7170]OUT-162-10-19
[  44.7170]CLOSE-10-19
[  44.9400]ARRIVE-2-11
[  44.9400]OPEN-2-11
[  44.9550]OUT-172-7-8
[  44.9550]CLOSE-7-8
[  45.1180]ARRIVE-11-19
[  45.1180]OPEN-11-19
[  45.3410]OUT-165-2-11
[  45.3410]IN-171-2-11
[  45.3410]CLOSE-2-11
[  45.4560]ARRIVE-8-8
[  45.4560]OPEN-8-8
[  45.5190]OUT-147-11-19
[  45.5190]OUT-173-11-19
[  45.5190]CLOSE-11-19
[  45.6410]ARRIVE-1-11
[  45.6410]OPEN-1-11
[  45.8570]OUT-164-8-8
[  45.8570]CLOSE-8-8
[  45.9190]ARRIVE-10-19
[  45.9190]OPEN-10-19
[  46.0420]OUT-155-1-11
[  46.0420]OUT-171-1-11
[  46.0420]IN-152-1-11
[  46.0420]IN-163-1-11
[  46.0420]IN-121-1-11
[  46.0420]IN-125-1-11
[  46.0420]CLOSE-1-11
[  46.3210]IN-149-10-19
[  46.3210]IN-166-10-19
[  46.3210]IN-168-10-19
[  46.3210]CLOSE-10-19
[  46.3430]ARRIVE-2-11
[  46.3430]OPEN-2-11
[  46.3580]ARRIVE-9-8
[  46.3580]OPEN-9-8
[  46.7210]ARRIVE-9-19
[  46.7210]OPEN-9-19
[  46.7430]OUT-152-2-11
[  46.7590]OUT-145-9-8
[  47.1220]IN-170-9-19
[  47.1220]CLOSE-9-19
[  47.1220]CLOSE-2-11
[  47.1220]IN-175-9-8
[  47.1220]CLOSE-9-8
[  47.4230]ARRIVE-3-11
[  47.4230]OPEN-3-11
[  47.5230]ARRIVE-8-19
[  47.5230]OPEN-8-19
[  47.6230]ARRIVE-8-8
[  47.8230]IN-156-3-11
[  47.8230]CLOSE-3-11
[  47.8230]OPEN-8-8
[  47.9240]OUT-149-8-19
[  47.9240]OUT-166-8-19
[  47.9240]OUT-168-8-19
[  48.1460]ARRIVE-4-11
[  48.2240]IN-167-8-8
[  48.2240]CLOSE-8-8
[  48.2240]CLOSE-8-19
[  48.5250]ARRIVE-5-11
[  48.5250]OPEN-5-11
[  48.6250]ARRIVE-7-19
[  48.6250]OPEN-7-19
[  48.7250]ARRIVE-7-8
[  48.7250]OPEN-7-8
[  48.9250]OUT-156-5-11
[  49.0250]IN-176-7-19
[  49.0250]CLOSE-7-19
[  49.0250]CLOSE-5-11
[  49.1260]OUT-175-7-8
[  49.1260]CLOSE-7-8
[  49.3260]ARRIVE-6-11
[  49.3260]OPEN-6-11
[  49.4260]ARRIVE-6-19
[  49.4260]OPEN-6-19
[  49.6260]ARRIVE-6-8
[  49.6260]OPEN-6-8
[  49.7260]OUT-121-6-11
[  49.8270]OUT-170-6-19
[  50.0270]IN-144-6-8
[  50.0270]IN-160-6-8
[  50.0270]CLOSE-6-8
[  50.0270]CLOSE-6-11
[  50.0270]CLOSE-6-19
[  50.3280]ARRIVE-7-11
[  50.3280]OPEN-7-11
[  50.4280]ARRIVE-5-19
[  50.4280]OPEN-5-19
[  50.5280]ARRIVE-5-8
[  50.7280]OUT-163-7-11
[  50.7280]OUT-125-7-11
[  50.8290]IN-174-5-19
[  50.8290]CLOSE-5-19
[  50.8290]CLOSE-7-11
[  51.1290]ARRIVE-6-11
[  51.2300]ARRIVE-4-19
[  51.2300]OPEN-4-19
[  51.3300]ARRIVE-4-8
[  51.4300]ARRIVE-5-11
[  51.6300]OUT-176-4-19
[  51.6300]CLOSE-4-19
[  51.7310]ARRIVE-4-11
[  51.8310]ARRIVE-3-8
[  51.8310]OPEN-3-8
[  52.0310]ARRIVE-3-11
[  52.0310]ARRIVE-3-19
[  52.2320]OUT-160-3-8
[  52.2320]CLOSE-3-8
[  52.3320]ARRIVE-2-11
[  52.4320]ARRIVE-2-19
[  52.4320]OPEN-2-19
[  52.6330]ARRIVE-1-11
[  52.6330]OPEN-1-11
[  52.7330]ARRIVE-2-8
[  52.7330]OPEN-2-8
[  52.8330]OUT-174-2-19
[  52.8330]CLOSE-2-19
[  53.0330]IN-129-1-11
[  53.0330]IN-141-1-11
[  53.0330]CLOSE-1-11
[  53.1330]OUT-144-2-8
[  53.1330]CLOSE-2-8
[  53.2330]ARRIVE-1-19
[  53.2330]OPEN-1-19
[  53.3340]ARRIVE-2-11
[  53.6340]ARRIVE-1-8
[  53.6340]OPEN-1-8
[  53.6340]IN-136-1-19
[  53.6340]CLOSE-1-19
[  53.6340]ARRIVE-3-11
[  53.9340]ARRIVE-4-11
[  54.0340]ARRIVE-2-19
[  54.0340]OUT-167-1-8
[  54.0340]CLOSE-1-8
[  54.2350]ARRIVE-5-11
[  54.4350]ARRIVE-3-19
[  54.5350]ARRIVE-6-11
[  54.8350]ARRIVE-4-19
[  54.8350]ARRIVE-7-11
[  55.1360]ARRIVE-8-11
[  55.2360]ARRIVE-5-19
[  55.2360]OPEN-5-19
[  55.4360]ARRIVE-9-11
[  55.4360]OPEN-9-11
[  55.6360]OUT-136-5-19
[  55.6360]CLOSE-5-19
[  55.8370]OUT-129-9-11
[  55.8370]CLOSE-9-11
[  56.1370]ARRIVE-10-11
[  56.1370]OPEN-10-11
[  56.5380]OUT-141-10-11
[  56.5380]CLOSE-10-11
