[   1.3030]ARRIVE-2-2
[   1.4190]ARRIVE-2-1
[   1.4190]ARRIVE-2-4
[   1.4190]ARRIVE-2-5
[   1.4190]ARRIVE-2-6
[   1.5230]ARRIVE-2-3
[   1.7040]ARRIVE-3-2
[   1.8200]ARRIVE-3-6
[   1.8200]ARRIVE-3-5
[   1.8200]ARRIVE-3-4
[   1.8200]ARRIVE-3-1
[   1.9360]ARRIVE-3-3
[   2.1050]ARRIVE-4-2
[   2.1050]OPEN-4-2
[   2.2210]ARRIVE-4-6
[   2.2210]OPEN-4-6
[   2.2210]ARRIVE-4-1
[   2.2210]ARRIVE-4-5
[   2.2210]ARRIVE-4-4
[   2.2210]OPEN-4-4
[   2.3360]ARRIVE-4-3
[   2.5050]IN-100-4-2
[   2.5050]CLOSE-4-2
[   2.6210]ARRIVE-5-5
[   2.6210]IN-102-4-6
[   2.6210]CLOSE-4-6
[   2.6210]ARRIVE-5-1
[   2.6210]IN-104-4-4
[   2.6210]CLOSE-4-4
[   2.7370]ARRIVE-5-3
[   2.9060]ARRIVE-5-2
[   3.0220]ARRIVE-5-4
[   3.0220]ARRIVE-6-5
[   3.0220]ARRIVE-5-6
[   3.0220]ARRIVE-6-1
[   3.0220]OPEN-6-1
[   3.1420]ARRIVE-6-3
[   3.3080]ARRIVE-6-2
[   3.3230]MAINTAIN_ACCEPT-5
[   3.4230]ARRIVE-6-4
[   3.4230]IN-101-6-1
[   3.4230]CLOSE-6-1
[   3.4230]ARRIVE-7-5
[   3.4230]MAINTAIN_ABLE-5
[   3.4230]ARRIVE-6-6
[   3.5610]ARRIVE-7-3
[   3.7080]ARRIVE-7-2
[   3.7080]OPEN-7-2
[   3.8240]ARRIVE-7-4
[   3.8240]ARRIVE-7-6
[   3.8240]ARRIVE-7-1
[   3.9620]ARRIVE-8-3
[   4.1090]IN-103-7-2
[   4.1090]IN-110-7-2
[   4.1090]CLOSE-7-2
[   4.3620]ARRIVE-9-3
[   4.3620]OPEN-9-3
[   4.5090]ARRIVE-8-1
[   4.5090]ARRIVE-8-6
[   4.5090]ARRIVE-8-2
[   4.5090]ARRIVE-8-4
[   4.5090]OPEN-8-1
[   4.9100]IN-106-8-1
[   4.9100]CLOSE-8-1
[   4.9100]IN-105-9-3
[   4.9100]CLOSE-9-3
[   5.3110]ARRIVE-9-1
[   5.3110]ARRIVE-9-2
[   5.3110]ARRIVE-9-6
[   5.3110]ARRIVE-9-4
[   5.3110]ARRIVE-10-3
[   5.3110]OPEN-10-3
[   5.7120]ARRIVE-10-4
[   5.7120]IN-108-10-3
[   5.7120]ARRIVE-10-1
[   5.7120]ARRIVE-10-2
[   5.7120]ARRIVE-10-6
[   5.7120]CLOSE-10-3
[   6.1130]ARRIVE-11-6
[   6.1130]ARRIVE-11-3
[   6.1130]ARRIVE-11-2
[   6.1130]OPEN-11-2
[   6.1130]ARRIVE-11-1
[   6.1130]OPEN-11-1
[   6.1130]ARRIVE-11-4
[   6.1130]OPEN-11-4
[   6.1130]OPEN-11-3
[   6.1130]OPEN-11-6
[   6.5140]OUT-104-11-4
[   6.5140]OUT-100-11-2
[   6.5140]OUT-103-11-2
[   6.5140]OUT-110-11-2
[   6.5140]CLOSE-11-2
[   6.5140]OUT-102-11-6
[   6.5140]CLOSE-11-6
[   6.5140]OUT-105-11-3
[   6.5140]OUT-108-11-3
[   6.5140]CLOSE-11-3
[   6.5140]OUT-101-11-1
[   6.5140]OUT-106-11-1
[   6.5140]CLOSE-11-1
[   6.5140]IN-111-11-4
[   6.5140]CLOSE-11-4
[   6.8300]OPEN-9-13
[   6.9150]ARRIVE-10-4
[   6.9150]OPEN-10-4
[   6.9150]ARRIVE-10-6
[   6.9150]ARRIVE-10-2
[   7.2310]ARRIVE-10-3
[   7.2310]IN-113-9-13
[   7.2310]CLOSE-9-13
[   7.2310]ARRIVE-10-1
[   7.3160]ARRIVE-9-2
[   7.3160]ARRIVE-9-6
[   7.3160]OUT-111-10-4
[   7.3160]CLOSE-10-4
[   7.6320]ARRIVE-9-1
[   7.6320]OPEN-9-1
[   7.6320]ARRIVE-9-3
[   7.7160]ARRIVE-11-4
[   7.7160]OPEN-11-4
[   7.7160]ARRIVE-8-2
[   7.7160]ARRIVE-8-6
[   7.7160]OPEN-8-2
[   7.8320]ARRIVE-10-13
[   7.8320]OPEN-10-13
[   8.0320]ARRIVE-8-3
[   8.0320]OPEN-8-3
[   8.1170]ARRIVE-7-6
[   8.2330]IN-123-10-13
[   8.2330]IN-127-10-13
[   8.2330]CLOSE-10-13
[   8.2330]IN-112-9-1
[   8.2330]IN-107-8-2
[   8.2330]IN-120-11-4
[   8.2330]IN-124-9-1
[   8.2330]CLOSE-9-1
[   8.2330]CLOSE-8-2
[   8.2330]CLOSE-11-4
[   8.2330]OPEN-11-4
[   8.5180]ARRIVE-6-6
[   8.6340]ARRIVE-10-1
[   8.6340]IN-138-11-4
[   8.6340]ARRIVE-7-2
[   8.6340]OPEN-7-2
[   8.6340]OPEN-10-1
[   8.6340]CLOSE-11-4
[   8.8340]ARRIVE-11-13
[   8.8340]OPEN-11-13
[   8.9190]ARRIVE-5-6
[   8.9190]OPEN-5-6
[   9.0340]OUT-107-7-2
[   9.0340]IN-139-10-1
[   9.0340]ARRIVE-10-4
[   9.0340]IN-118-7-2
[   9.0340]CLOSE-7-2
[   9.0340]IN-114-8-3
[   9.0340]CLOSE-10-1
[   9.0340]IN-117-8-3
[   9.0340]IN-134-8-3
[   9.0340]IN-140-8-3
[   9.0340]CLOSE-8-3
[   9.2350]OUT-113-11-13
[   9.2350]OUT-123-11-13
[   9.2350]OUT-127-11-13
[   9.2350]IN-144-11-13
[   9.2350]CLOSE-11-13
[   9.3200]IN-109-5-6
[   9.3200]IN-149-5-6
[   9.3200]CLOSE-5-6
[   9.4350]ARRIVE-8-2
[   9.4350]ARRIVE-11-1
[   9.4350]OPEN-11-1
[   9.4350]ARRIVE-9-4
[   9.4350]OPEN-9-4
[   9.4350]ARRIVE-9-3
[   9.7200]ARRIVE-4-6
[   9.8360]ARRIVE-10-13
[   9.8360]OPEN-10-13
[   9.8360]IN-135-9-4
[   9.8360]IN-146-9-4
[   9.8360]OUT-112-11-1
[   9.8360]OUT-124-11-1
[   9.8360]OUT-139-11-1
[   9.8360]ARRIVE-9-2
[   9.8360]OPEN-9-3
[   9.8360]CLOSE-9-4
[  10.2370]ARRIVE-8-4
[  10.2370]IN-141-9-3
[  10.2370]IN-145-9-3
[  10.2370]OUT-144-10-13
[  10.2370]ARRIVE-3-6
[  10.2370]OPEN-3-6
[  10.2370]OPEN-8-4
[  10.2370]CLOSE-9-3
[  10.6380]ARRIVE-10-3
[  10.6380]OUT-149-3-6
[  10.6380]IN-152-8-4
[  10.6380]CLOSE-8-4
[  10.6380]CLOSE-3-6
[  10.6380]CLOSE-11-1
[  10.6380]IN-143-10-13
[  10.6380]CLOSE-10-13
[  10.7070]MAINTAIN_ACCEPT-6
[  11.0380]ARRIVE-10-1
[  11.0380]ARRIVE-11-3
[  11.0380]OPEN-11-3
[  11.0380]ARRIVE-2-6
[  11.0380]OPEN-2-6
[  11.0380]ARRIVE-10-2
[  11.0380]ARRIVE-7-4
[  11.0380]OPEN-7-4
[  11.2430]ARRIVE-11-13
[  11.2430]OPEN-11-13
[  11.4390]OUT-114-11-3
[  11.4390]OUT-117-11-3
[  11.4390]OUT-134-11-3
[  11.4390]OUT-140-11-3
[  11.4390]OUT-141-11-3
[  11.4390]OUT-145-11-3
[  11.4390]OUT-109-2-6
[  11.4390]ARRIVE-9-1
[  11.4390]ARRIVE-11-2
[  11.4390]OPEN-11-2
[  11.4390]OUT-135-7-4
[  11.4390]CLOSE-7-4
[  11.4390]CLOSE-11-3
[  11.4390]CLOSE-2-6
[  11.4390]MAINTAIN_ABLE-6
[  11.6540]OUT-143-11-13
[  11.6540]CLOSE-11-13
[  11.8390]ARRIVE-8-1
[  11.8390]OUT-118-11-2
[  11.8390]CLOSE-11-2
[  11.8390]ARRIVE-10-3
[  11.8390]ARRIVE-10-17
[  11.8390]ARRIVE-6-4
[  11.8390]OPEN-6-4
[  12.2400]ARRIVE-9-3
[  12.2400]OPEN-9-3
[  12.2400]OUT-120-6-4
[  12.2400]ARRIVE-10-2
[  12.2400]ARRIVE-7-1
[  12.2400]OPEN-7-1
[  12.2400]IN-129-6-4
[  12.2400]CLOSE-6-4
[  12.2550]ARRIVE-10-13
[  12.3400]ARRIVE-9-17
[  12.3400]OPEN-9-17
[  12.6410]IN-148-7-1
[  12.6410]IN-163-7-1
[  12.6410]IN-164-7-1
[  12.6410]IN-165-7-1
[  12.6410]CLOSE-7-1
[  12.6410]IN-156-9-3
[  12.6410]ARRIVE-9-2
[  12.6410]OPEN-9-2
[  12.6410]ARRIVE-5-4
[  12.6410]OPEN-5-4
[  12.6410]CLOSE-9-3
[  12.7490]IN-155-9-17
[  12.7490]CLOSE-9-17
[  12.8630]ARRIVE-9-13
[  12.8630]OPEN-9-13
[  13.0420]ARRIVE-8-1
[  13.0420]ARRIVE-10-3
[  13.0420]IN-166-9-2
[  13.0420]OUT-152-5-4
[  13.0420]OUT-129-5-4
[  13.0420]OPEN-8-1
[  13.2580]ARRIVE-10-17
[  13.4430]IN-158-8-1
[  13.4430]IN-160-8-1
[  13.4430]CLOSE-8-1
[  13.4430]IN-159-9-13
[  13.4430]CLOSE-9-13
[  13.4430]CLOSE-9-2
[  13.4430]CLOSE-5-4
[  13.6430]MAINTAIN_ACCEPT-4
[  13.8440]ARRIVE-4-4
[  13.8440]ARRIVE-11-3
[  13.8440]OPEN-11-3
[  13.8440]ARRIVE-8-2
[  13.8440]ARRIVE-9-1
[  13.8440]OPEN-4-4
[  13.9440]ARRIVE-11-17
[  13.9440]OPEN-11-17
[  14.0440]ARRIVE-10-13
[  14.0440]OPEN-10-13
[  14.2440]ARRIVE-10-1
[  14.2440]ARRIVE-7-2
[  14.2440]OUT-156-11-3
[  14.2440]OUT-138-4-4
[  14.2440]OUT-146-4-4
[  14.2440]CLOSE-4-4
[  14.2440]MAINTAIN_ABLE-4
[  14.2440]IN-172-11-3
[  14.2440]CLOSE-11-3
[  14.3530]OUT-155-11-17
[  14.3530]CLOSE-11-17
[  14.4570]OUT-159-10-13
[  14.4570]IN-170-10-13
[  14.4570]CLOSE-10-13
[  14.6450]ARRIVE-6-2
[  14.6450]ARRIVE-10-3
[  14.6450]ARRIVE-11-1
[  14.6450]OPEN-11-1
[  14.8610]ARRIVE-10-17
[  14.8610]OPEN-10-17
[  15.0460]ARRIVE-9-3
[  15.0460]ARRIVE-5-2
[  15.0460]OUT-148-11-1
[  15.0460]OUT-163-11-1
[  15.0460]OUT-164-11-1
[  15.0460]OUT-165-11-1
[  15.0460]OUT-158-11-1
[  15.0460]OUT-160-11-1
[  15.0460]CLOSE-11-1
[  15.0620]ARRIVE-11-13
[  15.0620]OPEN-11-13
[  15.2620]IN-168-10-17
[  15.2620]CLOSE-10-17
[  15.3460]ARRIVE-9-15
[  15.4460]ARRIVE-10-1
[  15.4460]ARRIVE-8-3
[  15.4460]ARRIVE-4-2
[  15.4460]OPEN-4-2
[  15.4620]OUT-170-11-13
[  15.5460]ARRIVE-8-15
[  15.7470]ARRIVE-7-15
[  15.7470]OPEN-7-15
[  15.7630]ARRIVE-11-17
[  15.7630]OPEN-11-17
[  15.8470]ARRIVE-9-1
[  15.8470]IN-146-4-2
[  15.8470]ARRIVE-7-3
[  15.8470]CLOSE-11-13
[  15.8470]CLOSE-4-2
[  16.1480]IN-174-7-15
[  16.1480]CLOSE-7-15
[  16.1640]OUT-168-11-17
[  16.1640]CLOSE-11-17
[  16.2480]ARRIVE-8-1
[  16.2480]ARRIVE-6-3
[  16.2480]ARRIVE-3-2
[  16.2480]OPEN-3-2
[  16.3490]ARRIVE-8-15
[  16.4480]ARRIVE-10-13
[  16.5490]ARRIVE-9-15
[  16.6490]ARRIVE-7-1
[  16.6490]OPEN-7-1
[  16.6490]OUT-146-3-2
[  16.6490]ARRIVE-5-3
[  16.6490]CLOSE-3-2
[  16.6650]ARRIVE-10-17
[  16.7490]ARRIVE-10-15
[  16.9500]ARRIVE-11-15
[  16.9500]OPEN-11-15
[  17.0500]IN-173-7-1
[  17.0500]ARRIVE-2-2
[  17.0500]ARRIVE-4-3
[  17.0500]OPEN-4-3
[  17.0500]ARRIVE-9-13
[  17.0500]OPEN-2-2
[  17.0500]CLOSE-7-1
[  17.1560]MAINTAIN_ACCEPT-15
[  17.1710]ARRIVE-9-17
[  17.3500]OUT-174-11-15
[  17.3500]CLOSE-11-15
[  17.3500]MAINTAIN_ABLE-15
[  17.4500]ARRIVE-8-1
[  17.4500]OUT-166-2-2
[  17.4500]OUT-172-4-3
[  17.4500]IN-109-2-2
[  17.4500]CLOSE-2-2
[  17.4500]IN-179-4-3
[  17.4500]CLOSE-4-3
[  17.6610]ARRIVE-8-13
[  17.6880]ARRIVE-8-17
[  17.8510]ARRIVE-9-1
[  17.8510]ARRIVE-3-3
[  17.8510]OPEN-3-3
[  17.8510]ARRIVE-1-2
[  17.8510]OPEN-1-2
[  18.1900]ARRIVE-7-17
[  18.2520]ARRIVE-10-1
[  18.2520]OUT-109-1-2
[  18.2520]OUT-179-3-3
[  18.2520]OPEN-10-1
[  18.2680]ARRIVE-7-13
[  18.6530]IN-180-10-1
[  18.6530]CLOSE-10-1
[  18.6530]IN-115-3-3
[  18.6530]IN-119-1-2
[  18.6530]IN-131-3-3
[  18.6530]IN-136-3-3
[  18.6530]IN-142-3-3
[  18.6530]IN-153-3-3
[  18.6530]CLOSE-3-3
[  18.6530]IN-147-1-2
[  18.6530]CLOSE-1-2
[  18.6910]ARRIVE-6-17
[  18.6910]OPEN-6-17
[  18.8690]ARRIVE-6-13
[  18.8690]OPEN-6-13
[  19.0540]ARRIVE-11-1
[  19.0540]OPEN-11-1
[  19.0540]ARRIVE-2-2
[  19.0540]OPEN-2-2
[  19.0540]ARRIVE-4-3
[  19.4540]OUT-173-11-1
[  19.4540]OUT-180-11-1
[  19.4540]IN-116-2-2
[  19.4540]IN-157-2-2
[  19.4540]IN-162-2-2
[  19.4540]CLOSE-2-2
[  19.4540]OPEN-4-3
[  19.4540]IN-133-6-17
[  19.4540]IN-122-6-13
[  19.4540]CLOSE-11-1
[  19.8560]ARRIVE-3-2
[  19.8560]IN-125-4-3
[  19.8560]CLOSE-4-3
[  19.8560]OPEN-5-9
[  19.8560]IN-137-6-13
[  19.8560]IN-167-6-13
[  19.8560]IN-171-6-13
[  19.8560]CLOSE-6-13
[  19.8560]CLOSE-6-17
[  20.2570]ARRIVE-10-1
[  20.2570]IN-121-5-9
[  20.2570]ARRIVE-4-2
[  20.2570]ARRIVE-5-3
[  20.2570]IN-130-5-9
[  20.2570]IN-132-5-9
[  20.2570]IN-151-5-9
[  20.2570]IN-154-5-9
[  20.2570]IN-161-5-9
[  20.2570]IN-169-5-9
[  20.2570]CLOSE-5-9
[  20.2570]OPEN-4-2
[  20.3570]ARRIVE-7-17
[  20.4570]ARRIVE-7-13
[  20.6580]ARRIVE-6-3
[  20.6580]ARRIVE-9-1
[  20.6580]OPEN-9-1
[  20.6580]IN-126-4-2
[  20.6580]CLOSE-4-2
[  21.0590]ARRIVE-5-2
[  21.0590]IN-176-9-1
[  21.0590]ARRIVE-7-3
[  21.0590]CLOSE-9-1
[  21.1600]ARRIVE-8-17
[  21.1600]ARRIVE-6-9
[  21.2600]ARRIVE-8-13
[  21.4600]ARRIVE-8-1
[  21.4600]ARRIVE-8-3
[  21.4600]ARRIVE-6-2
[  21.6610]ARRIVE-7-9
[  21.6610]OPEN-7-9
[  21.6610]ARRIVE-9-17
[  21.6610]OPEN-9-17
[  21.8610]ARRIVE-9-13
[  21.8610]ARRIVE-9-3
[  21.8610]OPEN-9-3
[  21.8610]ARRIVE-7-2
[  21.8610]ARRIVE-7-1
[  22.0620]IN-182-9-17
[  22.0620]CLOSE-9-17
[  22.0620]OUT-130-7-9
[  22.0620]OUT-132-7-9
[  22.0620]OUT-169-7-9
[  22.0620]CLOSE-7-9
[  22.2620]OUT-115-9-3
[  22.2620]CLOSE-9-3
[  22.4750]ARRIVE-8-2
[  22.4750]ARRIVE-6-1
[  22.5630]ARRIVE-8-9
[  22.5630]OPEN-8-9
[  22.5630]ARRIVE-10-17
[  22.6630]ARRIVE-10-3
[  22.6630]ARRIVE-10-13
[  22.8790]ARRIVE-5-1
[  22.8790]ARRIVE-9-2
[  22.8790]OPEN-9-2
[  22.9640]OUT-154-8-9
[  22.9640]CLOSE-8-9
[  23.0640]ARRIVE-11-17
[  23.0640]OPEN-11-17
[  23.0640]ARRIVE-11-3
[  23.0640]OPEN-11-3
[  23.2640]ARRIVE-11-13
[  23.2640]OPEN-11-13
[  23.2800]ARRIVE-4-1
[  23.2800]OUT-157-9-2
[  23.2800]CLOSE-9-2
[  23.4650]ARRIVE-9-9
[  23.4650]OPEN-9-9
[  23.4650]OUT-133-11-17
[  23.4650]OUT-131-11-3
[  23.4650]OUT-136-11-3
[  23.4650]OUT-142-11-3
[  23.4650]OUT-153-11-3
[  23.4650]OUT-125-11-3
[  23.4650]CLOSE-11-3
[  23.4650]OUT-182-11-17
[  23.4650]CLOSE-11-17
[  23.6650]OUT-122-11-13
[  23.6650]OUT-137-11-13
[  23.6650]OUT-167-11-13
[  23.6650]OUT-171-11-13
[  23.6650]CLOSE-11-13
[  23.6800]ARRIVE-10-2
[  23.6800]ARRIVE-3-1
[  23.6800]OPEN-3-1
[  23.8650]ARRIVE-10-3
[  23.8650]OUT-121-9-9
[  23.8650]CLOSE-9-9
[  23.9650]ARRIVE-10-17
[  24.0810]OUT-176-3-1
[  24.0810]ARRIVE-11-2
[  24.0810]CLOSE-3-1
[  24.0810]OPEN-11-2
[  24.2650]ARRIVE-10-13
[  24.2650]ARRIVE-9-3
[  24.3650]ARRIVE-10-9
[  24.4650]ARRIVE-9-17
[  24.4810]ARRIVE-2-1
[  24.4810]OPEN-2-1
[  24.4810]OUT-119-11-2
[  24.4810]OUT-147-11-2
[  24.4810]OUT-116-11-2
[  24.4810]OUT-162-11-2
[  24.4810]OUT-126-11-2
[  24.4810]CLOSE-11-2
[  24.6660]ARRIVE-8-3
[  24.8660]ARRIVE-11-9
[  24.8660]ARRIVE-9-13
[  24.8660]OPEN-11-9
[  24.8810]ARRIVE-10-2
[  24.8810]IN-181-2-1
[  24.8810]CLOSE-2-1
[  24.9660]ARRIVE-8-17
[  25.0660]ARRIVE-7-3
[  25.2670]OUT-151-11-9
[  25.2670]OUT-161-11-9
[  25.2670]CLOSE-11-9
[  25.2820]ARRIVE-3-1
[  25.2820]ARRIVE-9-2
[  25.4670]ARRIVE-6-3
[  25.4670]ARRIVE-8-13
[  25.4670]ARRIVE-7-17
[  25.6830]ARRIVE-4-1
[  25.6830]ARRIVE-8-2
[  25.6830]OPEN-4-1
[  25.7670]ARRIVE-10-9
[  25.8680]ARRIVE-5-3
[  25.8680]OPEN-5-3
[  25.9680]ARRIVE-6-17
[  26.0680]ARRIVE-7-13
[  26.0840]ARRIVE-7-2
[  26.0840]IN-183-4-1
[  26.0840]IN-184-4-1
[  26.0840]CLOSE-4-1
[  26.2680]IN-175-5-3
[  26.2680]CLOSE-5-3
[  26.2680]ARRIVE-9-9
[  26.4690]ARRIVE-5-17
[  26.4840]ARRIVE-5-1
[  26.4840]ARRIVE-6-2
[  26.6700]ARRIVE-6-13
[  26.6700]ARRIVE-6-3
[  26.7700]ARRIVE-8-9
[  26.8860]ARRIVE-6-1
[  26.8860]ARRIVE-5-2
[  26.9700]ARRIVE-4-17
[  26.9700]OPEN-4-17
[  27.0710]ARRIVE-7-3
[  27.2710]ARRIVE-5-13
[  27.2710]ARRIVE-7-9
[  27.2870]ARRIVE-7-1
[  27.2870]ARRIVE-4-2
[  27.2870]OPEN-4-2
[  27.3720]IN-128-4-17
[  27.3720]CLOSE-4-17
[  27.4720]ARRIVE-8-3
[  27.6880]ARRIVE-8-1
[  27.6880]IN-177-4-2
[  27.6880]CLOSE-4-2
[  27.7730]ARRIVE-6-9
[  27.8720]ARRIVE-5-17
[  27.8720]OPEN-5-17
[  27.8720]ARRIVE-4-13
[  27.8720]OPEN-4-13
[  27.8720]ARRIVE-9-3
[  28.0890]ARRIVE-9-1
[  28.0890]ARRIVE-5-2
[  28.2730]ARRIVE-10-3
[  28.2730]OUT-128-5-17
[  28.2730]IN-150-4-13
[  28.2730]CLOSE-4-13
[  28.2730]ARRIVE-5-9
[  28.2730]CLOSE-5-17
[  28.4890]ARRIVE-10-1
[  28.4890]ARRIVE-6-2
[  28.4890]OPEN-6-2
[  28.6740]ARRIVE-11-3
[  28.6740]OPEN-11-3
[  28.7740]ARRIVE-4-9
[  28.7740]OPEN-4-9
[  28.8740]ARRIVE-5-13
[  28.8900]OUT-177-6-2
[  28.8900]ARRIVE-11-1
[  28.8900]CLOSE-6-2
[  28.8900]OPEN-11-1
[  29.0750]OUT-175-11-3
[  29.0750]CLOSE-11-3
[  29.1750]IN-178-4-9
[  29.1750]CLOSE-4-9
[  29.2900]OUT-181-11-1
[  29.2900]OUT-183-11-1
[  29.2900]OUT-184-11-1
[  29.2900]CLOSE-11-1
[  29.4760]ARRIVE-6-13
[  29.6760]ARRIVE-5-9
[  30.0760]ARRIVE-7-13
[  30.1760]ARRIVE-6-9
[  30.6770]ARRIVE-8-13
[  30.6770]ARRIVE-7-9
[  31.1770]ARRIVE-8-9
[  31.2770]ARRIVE-9-13
[  31.6780]ARRIVE-9-9
[  31.8780]ARRIVE-10-13
[  32.1790]ARRIVE-10-9
[  32.4790]ARRIVE-11-13
[  32.4790]OPEN-11-13
[  32.6800]ARRIVE-11-9
[  32.6800]OPEN-11-9
[  32.8800]OUT-150-11-13
[  32.8800]CLOSE-11-13
[  33.0800]OUT-178-11-9
[  33.0800]CLOSE-11-9
