[   0.9000]OPEN-1-5
[   1.3010]IN-100-1-5
[   1.3010]CLOSE-1-5
[   1.4010]ARRIVE-2-6
[   1.4010]ARRIVE-2-1
[   1.5050]ARRIVE-2-2
[   1.6180]ARRIVE-2-4
[   1.6180]ARRIVE-2-3
[   1.7030]ARRIVE-2-5
[   1.7030]OPEN-2-5
[   1.8020]ARRIVE-3-1
[   1.8020]ARRIVE-3-6
[   1.9180]ARRIVE-3-2
[   2.0190]ARRIVE-3-4
[   2.0190]OPEN-3-4
[   2.0190]ARRIVE-3-3
[   2.1030]OUT-100-2-5
[   2.1030]CLOSE-2-5
[   2.2040]ARRIVE-4-1
[   2.2040]OPEN-4-1
[   2.2040]ARRIVE-4-6
[   2.3190]ARRIVE-4-2
[   2.4200]ARRIVE-4-3
[   2.4200]IN-105-3-4
[   2.4200]CLOSE-3-4
[   2.5040]ARRIVE-3-5
[   2.6040]ARRIVE-5-6
[   2.6040]IN-102-4-1
[   2.6040]CLOSE-4-1
[   2.7200]ARRIVE-5-2
[   2.7200]OPEN-5-2
[   2.8200]ARRIVE-4-4
[   2.8200]OPEN-4-4
[   2.8200]ARRIVE-5-3
[   2.9040]ARRIVE-4-5
[   3.0050]ARRIVE-6-6
[   3.0050]ARRIVE-3-1
[   3.1260]IN-103-5-2
[   3.1260]CLOSE-5-2
[   3.2240]ARRIVE-6-3
[   3.2240]OUT-105-4-4
[   3.2240]CLOSE-4-4
[   3.3050]ARRIVE-5-5
[   3.4050]ARRIVE-7-6
[   3.4050]ARRIVE-2-1
[   3.4050]OPEN-2-1
[   3.5360]ARRIVE-6-2
[   3.5360]OPEN-6-2
[   3.6360]ARRIVE-7-3
[   3.6360]OPEN-7-3
[   3.7060]ARRIVE-6-5
[   3.8060]ARRIVE-8-6
[   3.8060]OUT-102-2-1
[   3.8060]CLOSE-2-1
[   3.9380]OUT-103-6-2
[   3.9380]CLOSE-6-2
[   4.0380]IN-104-7-3
[   4.0380]CLOSE-7-3
[   4.1070]ARRIVE-7-5
[   4.2070]ARRIVE-9-6
[   4.4390]ARRIVE-8-3
[   4.5080]ARRIVE-8-5
[   4.6080]ARRIVE-10-6
[   4.8400]ARRIVE-9-3
[   4.9090]ARRIVE-9-5
[   5.0090]ARRIVE-11-6
[   5.0090]OPEN-11-6
[   5.2410]ARRIVE-10-3
[   5.2410]OPEN-10-3
[   5.3100]ARRIVE-10-5
[   5.4100]IN-101-11-6
[   5.4100]CLOSE-11-6
[   5.6420]OUT-104-10-3
[   5.6420]CLOSE-10-3
[   5.7110]ARRIVE-11-5
[   5.7110]OPEN-11-5
[   5.8110]ARRIVE-10-6
[   6.1110]IN-106-11-5
[   6.1110]CLOSE-11-5
[   6.2110]ARRIVE-9-6
[   6.5120]ARRIVE-10-5
[   6.5120]OPEN-10-5
[   6.6120]ARRIVE-8-6
[   6.6120]OPEN-8-6
[   6.9130]OUT-106-10-5
[   6.9130]CLOSE-10-5
[   7.0130]OUT-101-8-6
[   7.0130]CLOSE-8-6
[   8.0370]MAINTAIN_ACCEPT-6
[   8.0370]MAINTAIN_ABLE-6
[   8.4470]ARRIVE-9-5
[   8.4470]OPEN-9-5
[   8.4470]ARRIVE-5-4
[   8.4470]OPEN-5-4
[   8.6480]ARRIVE-10-17
[   8.6700]ARRIVE-5-2
[   8.6700]ARRIVE-1-1
[   8.6700]ARRIVE-9-3
[   8.6700]OPEN-1-1
[   8.8480]IN-108-9-5
[   8.8480]IN-107-5-4
[   8.8480]CLOSE-9-5
[   8.8480]CLOSE-5-4
[   9.0700]ARRIVE-8-3
[   9.0700]OPEN-8-3
[   9.0700]ARRIVE-4-2
[   9.0700]IN-111-1-1
[   9.0700]IN-119-1-1
[   9.0700]IN-122-1-1
[   9.0700]CLOSE-1-1
[   9.1480]ARRIVE-9-17
[   9.2490]ARRIVE-4-4
[   9.2490]ARRIVE-8-5
[   9.2490]OPEN-4-4
[   9.4760]ARRIVE-3-2
[   9.4760]ARRIVE-2-1
[   9.4760]OPEN-2-1
[   9.4760]OPEN-3-2
[   9.6540]ARRIVE-8-17
[   9.6540]IN-129-4-4
[   9.6540]CLOSE-4-4
[   9.6540]OPEN-8-5
[   9.6540]IN-110-8-3
[   9.8870]OUT-111-2-1
[   9.8870]OUT-122-2-1
[  10.0710]ARRIVE-3-4
[  10.0710]IN-114-8-5
[  10.0710]IN-125-8-5
[  10.0710]IN-131-8-5
[  10.0710]CLOSE-8-5
[  10.0710]IN-120-2-1
[  10.0710]CLOSE-2-1
[  10.0710]IN-112-3-2
[  10.0710]IN-127-8-3
[  10.0710]CLOSE-8-3
[  10.0710]IN-117-3-2
[  10.0710]IN-121-3-2
[  10.0710]CLOSE-3-2
[  10.1710]ARRIVE-7-17
[  10.4720]ARRIVE-2-4
[  10.4720]ARRIVE-3-1
[  10.4720]OPEN-3-1
[  10.4720]ARRIVE-4-2
[  10.4720]OPEN-4-2
[  10.4720]ARRIVE-7-5
[  10.4720]OPEN-7-5
[  10.4720]ARRIVE-9-3
[  10.4720]OPEN-2-4
[  10.6730]ARRIVE-6-17
[  10.8730]OUT-119-3-1
[  10.8730]OUT-120-3-1
[  10.8730]IN-147-2-4
[  10.8730]CLOSE-2-4
[  10.8730]OUT-108-7-5
[  10.8730]OUT-125-7-5
[  10.8730]OUT-112-4-2
[  10.8730]OUT-117-4-2
[  10.8730]OUT-121-4-2
[  10.8730]OPEN-9-3
[  10.8730]IN-144-3-1
[  11.1800]ARRIVE-5-17
[  11.1800]OPEN-5-17
[  11.2740]ARRIVE-1-4
[  11.2740]OPEN-1-4
[  11.2740]IN-145-9-3
[  11.2740]CLOSE-9-3
[  11.2740]IN-152-3-1
[  11.2740]CLOSE-3-1
[  11.2740]IN-118-7-5
[  11.2740]IN-126-4-2
[  11.2740]IN-151-4-2
[  11.2740]IN-159-4-2
[  11.2740]CLOSE-4-2
[  11.2740]CLOSE-7-5
[  11.2740]OPEN-7-5
[  11.6750]ARRIVE-4-1
[  11.6750]IN-162-7-5
[  11.6750]ARRIVE-10-3
[  11.6750]OPEN-10-3
[  11.6750]ARRIVE-5-2
[  11.6750]OPEN-5-2
[  11.6750]OUT-107-1-4
[  11.6750]IN-109-5-17
[  11.6750]CLOSE-7-5
[  11.6750]OPEN-4-1
[  11.6750]IN-134-5-17
[  11.6750]OUT-129-1-4
[  11.6750]OUT-147-1-4
[  11.6750]IN-143-5-17
[  11.6750]CLOSE-5-17
[  11.6750]IN-150-1-4
[  11.6750]IN-133-1-4
[  11.6750]IN-142-1-4
[  11.6750]IN-157-1-4
[  11.6750]IN-161-1-4
[  11.6750]CLOSE-1-4
[  12.0760]ARRIVE-2-4
[  12.0760]OPEN-2-4
[  12.0760]OUT-110-10-3
[  12.0760]OUT-126-5-2
[  12.0760]OUT-144-4-1
[  12.0760]ARRIVE-6-5
[  12.0760]OPEN-6-5
[  12.0760]IN-128-5-2
[  12.0760]IN-153-5-2
[  12.0760]IN-154-5-2
[  12.0760]IN-158-5-2
[  12.0760]CLOSE-5-2
[  12.0760]CLOSE-4-1
[  12.0760]OUT-145-10-3
[  12.0760]CLOSE-10-3
[  12.1760]ARRIVE-4-17
[  12.1760]OPEN-4-17
[  12.4770]ARRIVE-5-1
[  12.4770]ARRIVE-11-3
[  12.4770]OPEN-11-3
[  12.4770]OUT-150-2-4
[  12.4770]OUT-162-6-5
[  12.4770]ARRIVE-6-2
[  12.4770]OPEN-5-1
[  12.5770]OUT-134-4-17
[  12.8770]IN-163-5-1
[  12.8770]CLOSE-5-1
[  12.8770]OUT-127-11-3
[  12.8770]IN-140-4-17
[  12.8770]CLOSE-4-17
[  12.8770]IN-138-6-5
[  12.8770]CLOSE-6-5
[  12.8770]IN-137-2-4
[  12.8770]CLOSE-2-4
[  12.8770]IN-123-11-3
[  12.8770]IN-113-11-3
[  12.8770]IN-116-11-3
[  12.8770]IN-136-11-3
[  12.8770]IN-139-11-3
[  12.8770]CLOSE-11-3
[  13.2780]ARRIVE-3-4
[  13.2780]OPEN-3-4
[  13.2780]ARRIVE-10-3
[  13.2780]ARRIVE-5-5
[  13.2780]ARRIVE-6-1
[  13.2780]OPEN-6-1
[  13.2780]ARRIVE-7-2
[  13.2780]OPEN-7-2
[  13.2780]OPEN-10-3
[  13.3780]ARRIVE-3-17
[  13.6790]ARRIVE-4-5
[  13.6790]OPEN-4-5
[  13.6790]OUT-123-10-3
[  13.6790]OUT-151-7-2
[  13.6790]OUT-159-7-2
[  13.6790]OUT-128-7-2
[  13.6790]OUT-153-7-2
[  13.6790]OUT-152-6-1
[  13.6790]OUT-137-3-4
[  13.6790]IN-124-10-3
[  13.6790]IN-132-10-3
[  13.6790]CLOSE-10-3
[  13.6790]IN-141-6-1
[  13.6790]IN-148-6-1
[  13.6790]IN-155-6-1
[  13.6790]CLOSE-6-1
[  13.6790]CLOSE-3-4
[  13.6790]IN-115-7-2
[  13.6790]IN-130-7-2
[  13.6790]IN-156-7-2
[  13.6790]CLOSE-7-2
[  13.8790]ARRIVE-2-17
[  13.8790]OPEN-2-17
[  14.0800]ARRIVE-8-2
[  14.0800]OUT-114-4-5
[  14.0800]OUT-131-4-5
[  14.0800]OUT-118-4-5
[  14.0800]ARRIVE-9-3
[  14.0800]ARRIVE-7-1
[  14.0800]ARRIVE-4-4
[  14.0800]OPEN-4-4
[  14.0800]IN-146-4-5
[  14.0800]OPEN-8-2
[  14.0800]IN-160-4-5
[  14.0800]CLOSE-4-5
[  14.2870]OUT-109-2-17
[  14.2870]OUT-143-2-17
[  14.2870]CLOSE-2-17
[  14.4800]ARRIVE-8-1
[  14.4800]OPEN-8-1
[  14.4800]OUT-154-8-2
[  14.4800]OUT-115-8-2
[  14.4800]OUT-142-4-4
[  14.4800]OUT-157-4-4
[  14.4800]OUT-161-4-4
[  14.4800]CLOSE-4-4
[  14.4800]ARRIVE-3-5
[  14.4800]OPEN-3-5
[  14.4800]ARRIVE-8-3
[  14.4800]OPEN-8-3
[  14.4800]CLOSE-8-2
[  14.7970]ARRIVE-1-17
[  14.7970]OPEN-1-17
[  14.8810]ARRIVE-5-4
[  14.8810]OUT-163-8-1
[  14.8810]OUT-160-3-5
[  14.8810]ARRIVE-9-2
[  14.8810]OPEN-9-2
[  14.8810]OUT-113-8-3
[  14.8810]CLOSE-3-5
[  14.8810]OUT-141-8-1
[  14.8810]OPEN-5-4
[  14.8810]CLOSE-8-1
[  14.8810]OUT-132-8-3
[  14.8810]IN-135-8-3
[  14.8810]IN-149-8-3
[  14.8810]CLOSE-8-3
[  15.1980]OUT-140-1-17
[  15.1980]CLOSE-1-17
[  15.2820]ARRIVE-7-3
[  15.2820]OPEN-7-3
[  15.2820]OUT-158-9-2
[  15.2820]OUT-156-9-2
[  15.2820]ARRIVE-9-1
[  15.2820]OPEN-9-1
[  15.2820]ARRIVE-2-5
[  15.2820]OPEN-2-5
[  15.2820]OUT-133-5-4
[  15.2820]CLOSE-5-4
[  15.2820]CLOSE-9-2
[  15.6830]OUT-138-2-5
[  15.6830]OUT-116-7-3
[  15.6830]OUT-136-7-3
[  15.6830]OUT-139-7-3
[  15.6830]OUT-124-7-3
[  15.6830]OUT-149-7-3
[  15.6830]CLOSE-7-3
[  15.6830]ARRIVE-10-2
[  15.6830]OUT-155-9-1
[  15.6830]CLOSE-9-1
[  15.6830]CLOSE-2-5
[  16.0830]ARRIVE-6-3
[  16.0830]ARRIVE-1-5
[  16.0830]ARRIVE-10-1
[  16.0830]OPEN-10-1
[  16.0830]ARRIVE-11-2
[  16.0830]OPEN-11-2
[  16.0830]OPEN-1-5
[  16.4850]OUT-146-1-5
[  16.4850]ARRIVE-5-3
[  16.4850]OUT-148-10-1
[  16.4850]CLOSE-10-1
[  16.4850]OUT-130-11-2
[  16.4850]CLOSE-11-2
[  16.4850]OPEN-5-3
[  16.4850]CLOSE-1-5
[  16.8860]OUT-135-5-3
[  16.8860]CLOSE-5-3
