[   1.3020]ARRIVE-2-2
[   1.4180]ARRIVE-2-1
[   1.4180]ARRIVE-2-6
[   1.5240]ARRIVE-2-5
[   1.6370]ARRIVE-2-3
[   1.7030]ARRIVE-3-2
[   1.7030]OPEN-3-2
[   1.8180]ARRIVE-3-1
[   1.8180]ARRIVE-3-6
[   1.9340]ARRIVE-3-5
[   2.0570]ARRIVE-3-3
[   2.1040]IN-100-3-2
[   2.1040]CLOSE-3-2
[   2.2200]ARRIVE-4-6
[   2.2200]ARRIVE-4-1
[   2.3360]ARRIVE-4-5
[   2.4580]ARRIVE-4-3
[   2.5050]ARRIVE-4-2
[   2.6210]ARRIVE-5-6
[   2.6210]ARRIVE-5-1
[   2.7370]ARRIVE-5-5
[   2.8590]ARRIVE-5-3
[   2.9060]ARRIVE-5-2
[   3.0220]ARRIVE-6-6
[   3.0220]ARRIVE-6-1
[   3.1440]ARRIVE-6-5
[   3.1600]ARRIVE-3-19
[   3.1600]OPEN-3-19
[   3.2380]ARRIVE-2-4
[   3.2600]ARRIVE-6-3
[   3.3070]ARRIVE-6-2
[   3.3070]OPEN-6-2
[   3.4230]ARRIVE-7-6
[   3.4230]ARRIVE-7-1
[   3.5610]ARRIVE-7-5
[   3.5610]OPEN-7-5
[   3.5610]IN-106-3-19
[   3.5610]CLOSE-3-19
[   3.6390]ARRIVE-3-4
[   3.6610]ARRIVE-7-3
[   3.7080]OUT-100-6-2
[   3.7080]IN-107-6-2
[   3.7080]CLOSE-6-2
[   3.7610]ARRIVE-4-19
[   3.8240]ARRIVE-8-1
[   3.8240]ARRIVE-8-6
[   3.9620]ARRIVE-5-19
[   3.9620]OPEN-5-19
[   3.9620]IN-103-7-5
[   3.9620]CLOSE-7-5
[   4.0400]ARRIVE-4-4
[   4.0400]OPEN-4-4
[   4.0620]ARRIVE-8-3
[   4.0620]OPEN-8-3
[   4.1090]ARRIVE-5-2
[   4.1090]OPEN-5-2
[   4.2240]ARRIVE-9-1
[   4.2240]OPEN-9-1
[   4.2240]ARRIVE-9-6
[   4.2240]OPEN-9-6
[   4.3620]ARRIVE-6-5
[   4.3620]OUT-106-5-19
[   4.3620]CLOSE-5-19
[   4.4400]IN-105-4-4
[   4.4400]CLOSE-4-4
[   4.4620]IN-104-8-3
[   4.4620]CLOSE-8-3
[   4.5090]OUT-107-5-2
[   4.5090]CLOSE-5-2
[   4.6250]IN-102-9-6
[   4.6250]IN-101-9-1
[   4.6250]CLOSE-9-6
[   4.6250]CLOSE-9-1
[   4.7620]ARRIVE-5-5
[   4.7620]OPEN-5-5
[   4.8410]ARRIVE-3-4
[   4.8630]ARRIVE-7-3
[   4.8630]OPEN-7-3
[   5.0260]ARRIVE-8-6
[   5.0260]ARRIVE-10-1
[   5.1640]OUT-103-5-5
[   5.1640]CLOSE-5-5
[   5.2420]ARRIVE-2-4
[   5.2420]OPEN-2-4
[   5.2640]OUT-104-7-3
[   5.2640]CLOSE-7-3
[   5.4270]ARRIVE-7-6
[   5.4270]ARRIVE-11-1
[   5.4270]OPEN-11-1
[   5.6430]OUT-105-2-4
[   5.6430]CLOSE-2-4
[   5.8270]ARRIVE-6-6
[   5.8270]OUT-101-11-1
[   5.8270]CLOSE-11-1
[   5.8270]OPEN-6-6
[   6.2280]OUT-102-6-6
[   6.2280]CLOSE-6-6
[   7.1840]OPEN-5-5
[   7.3840]ARRIVE-6-19
[   7.4680]ARRIVE-5-6
[   7.5840]ARRIVE-3-4
[   7.5840]ARRIVE-5-13
[   7.5840]IN-111-5-5
[   7.5840]ARRIVE-7-19
[   7.5840]ARRIVE-10-1
[   7.5840]CLOSE-5-5
[   7.6840]ARRIVE-6-2
[   7.7840]ARRIVE-8-19
[   7.7840]ARRIVE-8-3
[   7.8740]ARRIVE-4-6
[   7.9890]ARRIVE-9-1
[   7.9890]OPEN-9-1
[   7.9890]ARRIVE-6-13
[   7.9890]ARRIVE-6-5
[   7.9890]ARRIVE-4-4
[   7.9890]ARRIVE-9-19
[   8.0840]ARRIVE-7-2
[   8.0840]OPEN-7-2
[   8.1850]ARRIVE-9-3
[   8.2000]ARRIVE-10-19
[   8.2000]OPEN-10-19
[   8.2850]ARRIVE-3-6
[   8.2850]OPEN-3-6
[   8.4000]ARRIVE-5-4
[   8.4000]IN-113-9-1
[   8.4000]ARRIVE-7-13
[   8.4000]ARRIVE-7-5
[   8.4000]OPEN-7-5
[   8.4000]IN-125-9-1
[   8.4000]CLOSE-9-1
[   8.4850]IN-114-7-2
[   8.4850]CLOSE-7-2
[   8.5850]ARRIVE-10-3
[   8.5850]OPEN-10-3
[   8.6010]IN-109-10-19
[   8.6010]IN-117-10-19
[   8.6010]IN-127-10-19
[   8.6010]CLOSE-10-19
[   8.6850]IN-108-3-6
[   8.6850]IN-121-3-6
[   8.6850]IN-130-3-6
[   8.6850]CLOSE-3-6
[   8.8010]ARRIVE-6-4
[   8.8010]OUT-111-7-5
[   8.8010]ARRIVE-8-1
[   8.8010]ARRIVE-8-13
[   8.8010]ARRIVE-9-19
[   8.8010]OPEN-8-1
[   8.8010]CLOSE-7-5
[   8.8860]ARRIVE-8-2
[   9.0860]ARRIVE-4-6
[   9.0860]OPEN-4-6
[   9.2030]ARRIVE-7-4
[   9.2030]ARRIVE-9-13
[   9.2030]IN-120-8-1
[   9.2030]IN-131-8-1
[   9.2030]CLOSE-8-1
[   9.2030]IN-115-10-3
[   9.2030]OPEN-8-2
[   9.4950]OUT-108-4-6
[   9.6090]ARRIVE-8-4
[   9.6090]IN-122-8-2
[   9.6090]CLOSE-8-2
[   9.6090]ARRIVE-10-13
[   9.6090]ARRIVE-7-1
[   9.6090]OPEN-7-1
[   9.6090]CLOSE-10-3
[   9.6090]CLOSE-4-6
[   9.8190]ARRIVE-8-19
[   9.8190]OPEN-8-19
[  10.0200]ARRIVE-5-6
[  10.0200]OUT-120-7-1
[  10.0200]OUT-131-7-1
[  10.0200]CLOSE-7-1
[  10.0200]ARRIVE-11-13
[  10.0200]OPEN-11-13
[  10.0200]ARRIVE-9-2
[  10.0200]OPEN-9-2
[  10.0200]ARRIVE-6-5
[  10.0200]OPEN-6-5
[  10.0200]ARRIVE-9-4
[  10.0200]OPEN-9-4
[  10.0200]ARRIVE-9-3
[  10.0200]OPEN-9-3
[  10.0200]OPEN-5-6
[  10.2200]OUT-127-8-19
[  10.4200]OUT-114-9-2
[  10.4200]ARRIVE-6-1
[  10.4200]OPEN-6-1
[  10.4200]OUT-121-5-6
[  10.4200]OUT-130-5-6
[  10.4200]IN-126-9-3
[  10.4200]IN-132-9-3
[  10.4200]IN-133-9-3
[  10.4200]CLOSE-9-3
[  10.4200]IN-112-9-4
[  10.4200]CLOSE-9-4
[  10.4200]IN-119-6-5
[  10.4200]CLOSE-6-5
[  10.4200]CLOSE-9-2
[  10.4200]IN-118-5-6
[  10.4200]CLOSE-5-6
[  10.4200]CLOSE-8-19
[  10.4200]IN-110-11-13
[  10.4200]IN-123-11-13
[  10.4200]IN-124-11-13
[  10.4200]CLOSE-11-13
[  10.6210]ARRIVE-7-19
[  10.6210]OPEN-7-19
[  10.8220]ARRIVE-5-5
[  10.8220]ARRIVE-10-2
[  10.8220]OPEN-10-2
[  10.8220]ARRIVE-10-4
[  10.8220]OPEN-10-4
[  10.8220]ARRIVE-8-3
[  10.8220]OUT-113-6-1
[  10.8220]OUT-125-6-1
[  10.8220]ARRIVE-10-13
[  10.8220]ARRIVE-6-6
[  10.8220]OPEN-5-5
[  10.9370]MAINTAIN_ACCEPT-5
[  11.0220]OUT-109-7-19
[  11.0220]OUT-117-7-19
[  11.2340]OUT-122-10-2
[  11.2340]IN-128-5-5
[  11.2340]CLOSE-5-5
[  11.2340]OUT-112-10-4
[  11.2340]OPEN-5-5
[  11.2340]CLOSE-6-1
[  11.2340]CLOSE-7-19
[  11.2340]CLOSE-10-2
[  11.2340]OPEN-7-19
[  11.2340]CLOSE-10-4
[  11.2340]OPEN-10-2
[  11.6380]ARRIVE-11-4
[  11.6380]OPEN-11-4
[  11.6380]OUT-119-5-5
[  11.6380]IN-138-10-2
[  11.6380]ARRIVE-7-6
[  11.6380]OPEN-7-6
[  11.6380]ARRIVE-7-3
[  11.6380]OPEN-7-3
[  11.6380]ARRIVE-5-1
[  11.6380]ARRIVE-9-13
[  11.6380]OUT-128-5-5
[  11.6380]CLOSE-5-5
[  11.6380]IN-139-7-19
[  11.6380]CLOSE-7-19
[  11.6380]CLOSE-10-2
[  11.6380]MAINTAIN_ABLE-5
[  11.8390]ARRIVE-6-19
[  11.8390]OPEN-6-19
[  12.0390]ARRIVE-4-1
[  12.0390]IN-137-11-4
[  12.0390]CLOSE-11-4
[  12.0390]ARRIVE-11-2
[  12.0390]OPEN-11-2
[  12.0390]ARRIVE-8-13
[  12.0390]OPEN-8-13
[  12.0390]OUT-115-7-3
[  12.0390]OUT-126-7-3
[  12.0390]OUT-118-7-6
[  12.0390]CLOSE-7-3
[  12.0390]IN-135-7-6
[  12.0390]CLOSE-7-6
[  12.2390]OUT-139-6-19
[  12.2390]CLOSE-6-19
[  12.4400]ARRIVE-5-19
[  12.4400]OPEN-5-19
[  12.4400]ARRIVE-6-3
[  12.4400]OUT-138-11-2
[  12.4400]CLOSE-11-2
[  12.4400]ARRIVE-8-6
[  12.4400]OUT-110-8-13
[  12.4400]OUT-124-8-13
[  12.4400]CLOSE-8-13
[  12.4400]ARRIVE-10-4
[  12.4400]ARRIVE-3-1
[  12.4400]OPEN-3-1
[  12.8430]ARRIVE-5-3
[  12.8430]OPEN-5-3
[  12.8430]IN-119-5-19
[  12.8430]IN-129-3-1
[  12.8430]ARRIVE-9-4
[  12.8430]OPEN-9-4
[  12.8430]ARRIVE-7-13
[  12.8430]ARRIVE-9-6
[  12.8430]ARRIVE-10-2
[  12.8430]OPEN-10-2
[  12.8430]OPEN-7-13
[  12.8430]IN-128-5-19
[  12.8430]CLOSE-5-19
[  12.8430]CLOSE-3-1
[  13.0570]ARRIVE-4-19
[  13.0570]OPEN-4-19
[  13.2570]OUT-132-5-3
[  13.2570]OUT-133-5-3
[  13.2570]CLOSE-5-3
[  13.2570]IN-142-10-2
[  13.2570]CLOSE-10-2
[  13.2570]OUT-123-7-13
[  13.2570]CLOSE-7-13
[  13.2570]ARRIVE-10-6
[  13.2570]OPEN-10-6
[  13.2570]ARRIVE-2-1
[  13.2570]OPEN-2-1
[  13.2570]OUT-137-9-4
[  13.2570]CLOSE-9-4
[  13.4580]OUT-128-4-19
[  13.4580]CLOSE-4-19
[  13.6580]OUT-129-2-1
[  13.6580]ARRIVE-9-2
[  13.6580]ARRIVE-6-13
[  13.6580]OUT-135-10-6
[  13.6580]CLOSE-10-6
[  13.6580]ARRIVE-4-3
[  13.6580]ARRIVE-3-19
[  13.6580]ARRIVE-8-4
[  13.6580]IN-140-2-1
[  13.6580]CLOSE-2-1
[  13.8590]ARRIVE-2-19
[  13.8590]OPEN-2-19
[  14.0590]ARRIVE-3-1
[  14.0590]ARRIVE-9-6
[  14.0590]ARRIVE-5-13
[  14.0590]ARRIVE-3-3
[  14.0590]ARRIVE-8-2
[  14.0590]ARRIVE-7-4
[  14.2590]OUT-119-2-19
[  14.2590]CLOSE-2-19
[  14.4810]ARRIVE-4-13
[  14.4810]ARRIVE-7-2
[  14.4810]ARRIVE-8-6
[  14.4810]ARRIVE-4-1
[  14.4810]ARRIVE-6-4
[  14.4810]ARRIVE-2-3
[  14.4810]OPEN-2-3
[  14.4810]OPEN-7-2
[  14.4810]OPEN-4-13
[  14.8830]ARRIVE-5-4
[  14.8830]ARRIVE-7-6
[  14.8830]IN-141-2-3
[  14.8830]IN-134-4-13
[  14.8830]CLOSE-4-13
[  14.8830]ARRIVE-5-1
[  14.8830]OUT-142-7-2
[  14.8830]CLOSE-7-2
[  14.8830]CLOSE-2-3
[  15.2840]ARRIVE-6-6
[  15.2840]ARRIVE-1-3
[  15.2840]ARRIVE-5-13
[  15.2840]ARRIVE-6-1
[  15.2840]OPEN-6-1
[  15.2840]ARRIVE-4-4
[  15.2840]OPEN-5-13
[  15.2840]OPEN-1-3
[  15.4620]ARRIVE-6-2
[  15.4620]ARRIVE-9-17
[  15.4620]ARRIVE-3-19
[  15.6620]ARRIVE-4-19
[  15.6620]OPEN-4-19
[  15.6840]ARRIVE-3-4
[  15.6840]OUT-141-1-3
[  15.6840]OUT-140-6-1
[  15.6840]OUT-134-5-13
[  15.6840]CLOSE-5-13
[  15.6840]ARRIVE-5-6
[  15.6840]CLOSE-6-1
[  15.6840]CLOSE-1-3
[  15.7620]ARRIVE-8-17
[  15.8910]ARRIVE-5-2
[  16.0640]ARRIVE-7-17
[  16.0640]IN-145-4-19
[  16.0640]CLOSE-4-19
[  16.0850]ARRIVE-2-4
[  16.0850]OPEN-2-4
[  16.0850]ARRIVE-4-6
[  16.0850]ARRIVE-4-13
[  16.2850]ARRIVE-5-19
[  16.3010]ARRIVE-4-2
[  16.3850]ARRIVE-6-17
[  16.4850]IN-116-2-4
[  16.4850]CLOSE-2-4
[  16.4850]ARRIVE-3-13
[  16.4850]OPEN-3-13
[  16.4850]ARRIVE-3-6
[  16.4850]ARRIVE-6-19
[  16.6860]ARRIVE-5-17
[  16.6860]ARRIVE-7-19
[  16.7020]ARRIVE-3-2
[  16.7020]OPEN-3-2
[  16.8870]ARRIVE-8-19
[  16.8870]OPEN-8-19
[  16.8870]ARRIVE-3-4
[  16.8870]IN-146-3-13
[  16.8870]ARRIVE-2-6
[  16.8870]CLOSE-3-13
[  16.9870]ARRIVE-4-17
[  16.9870]OPEN-4-17
[  17.1030]IN-143-3-2
[  17.1030]CLOSE-3-2
[  17.2880]ARRIVE-4-4
[  17.2880]OPEN-4-4
[  17.2880]OUT-145-8-19
[  17.2880]CLOSE-8-19
[  17.2880]ARRIVE-4-13
[  17.2880]OPEN-4-13
[  17.2880]ARRIVE-1-6
[  17.2880]OPEN-1-6
[  17.3660]MAINTAIN_ACCEPT-17
[  17.3880]IN-144-4-17
[  17.3880]CLOSE-4-17
[  17.3880]OPEN-4-17
[  17.4660]OPEN-8-19
[  17.5160]ARRIVE-4-2
[  17.5160]OPEN-4-2
[  17.6890]OUT-146-4-13
[  17.6890]OUT-116-4-4
[  17.6890]CLOSE-4-4
[  17.6890]IN-136-1-6
[  17.6890]CLOSE-1-6
[  17.6890]CLOSE-4-13
[  17.7680]ARRIVE-2-3
[  17.7900]OUT-144-4-17
[  17.7900]CLOSE-4-17
[  17.7900]MAINTAIN_ABLE-17
[  17.7900]OPEN-4-13
[  17.8680]IN-148-8-19
[  17.8680]CLOSE-8-19
[  17.8680]ARRIVE-7-1
[  17.9220]OUT-143-4-2
[  17.9220]CLOSE-4-2
[  18.0690]ARRIVE-9-19
[  18.0690]OPEN-9-19
[  18.0910]ARRIVE-2-6
[  18.1690]ARRIVE-3-3
[  18.1690]OPEN-4-2
[  18.1910]IN-144-4-13
[  18.1910]CLOSE-4-13
[  18.2690]ARRIVE-8-1
[  18.4690]OUT-148-9-19
[  18.4690]CLOSE-9-19
[  18.4910]ARRIVE-3-6
[  18.5700]ARRIVE-4-3
[  18.5700]IN-150-4-2
[  18.5700]CLOSE-4-2
[  18.5910]ARRIVE-3-13
[  18.6690]ARRIVE-9-1
[  18.6690]ARRIVE-5-4
[  18.6690]ARRIVE-9-12
[  18.6690]OPEN-9-12
[  18.8920]ARRIVE-4-6
[  18.8920]OPEN-4-6
[  18.9700]ARRIVE-5-3
[  18.9700]ARRIVE-5-2
[  18.9700]OPEN-5-2
[  18.9920]ARRIVE-2-13
[  19.0700]ARRIVE-10-1
[  19.0700]OPEN-10-1
[  19.0700]IN-151-9-12
[  19.0700]ARRIVE-6-4
[  19.0700]CLOSE-9-12
[  19.2930]OUT-136-4-6
[  19.2930]CLOSE-4-6
[  19.3710]OUT-150-5-2
[  19.3710]ARRIVE-6-3
[  19.3710]CLOSE-5-2
[  19.3930]ARRIVE-1-13
[  19.3930]OPEN-1-13
[  19.4710]ARRIVE-7-4
[  19.4710]ARRIVE-8-12
[  19.4710]IN-149-10-1
[  19.4710]CLOSE-10-1
[  19.7720]ARRIVE-7-3
[  19.7940]OUT-144-1-13
[  19.7940]CLOSE-1-13
[  19.8730]ARRIVE-8-4
[  19.8730]ARRIVE-9-1
[  19.8730]ARRIVE-7-12
[  19.8730]OPEN-7-12
[  20.1730]ARRIVE-8-3
[  20.2730]ARRIVE-9-4
[  20.2730]OPEN-9-4
[  20.2730]OUT-151-7-12
[  20.2730]MAINTAIN_ACCEPT-6
[  20.2730]ARRIVE-8-1
[  20.2730]OPEN-8-1
[  20.2730]CLOSE-7-12
[  20.2730]MAINTAIN_ABLE-6
[  20.4950]OPEN-9-19
[  20.5740]ARRIVE-9-3
[  20.6110]OPEN-7-12
[  20.6740]ARRIVE-6-2
[  20.6740]IN-152-9-4
[  20.6740]OUT-149-8-1
[  20.6740]CLOSE-9-4
[  20.6740]CLOSE-8-1
[  20.7950]ARRIVE-2-13
[  20.8960]IN-155-9-19
[  20.8960]CLOSE-9-19
[  20.9740]ARRIVE-10-3
[  21.0110]IN-157-7-12
[  21.0110]CLOSE-7-12
[  21.0740]ARRIVE-10-4
[  21.0740]ARRIVE-7-2
[  21.0740]ARRIVE-7-1
[  21.0960]ARRIVE-8-19
[  21.0960]OPEN-8-19
[  21.1960]ARRIVE-3-13
[  21.3740]ARRIVE-11-3
[  21.3740]OPEN-11-3
[  21.4120]ARRIVE-6-12
[  21.4740]ARRIVE-11-4
[  21.4740]OPEN-11-4
[  21.4740]ARRIVE-8-2
[  21.4740]ARRIVE-6-1
[  21.4740]OPEN-6-1
[  21.4740]OPEN-8-2
[  21.4960]OUT-155-8-19
[  21.4960]CLOSE-8-19
[  21.5960]ARRIVE-4-13
[  21.6960]ARRIVE-9-19
[  21.7750]IN-147-11-3
[  21.7750]CLOSE-11-3
[  21.8120]ARRIVE-5-12
[  21.8120]OPEN-5-12
[  21.8750]OUT-152-11-4
[  21.8750]IN-158-6-1
[  21.8750]IN-153-8-2
[  21.8750]CLOSE-8-2
[  21.8750]CLOSE-6-1
[  21.8750]CLOSE-11-4
[  21.8970]ARRIVE-10-19
[  21.8970]OPEN-10-19
[  21.9970]ARRIVE-5-13
[  22.1750]ARRIVE-10-3
[  22.1750]OPEN-10-3
[  22.2130]OUT-157-5-12
[  22.2130]CLOSE-5-12
[  22.2750]ARRIVE-7-2
[  22.2750]OPEN-7-2
[  22.2750]ARRIVE-5-1
[  22.2980]IN-156-10-19
[  22.2980]CLOSE-10-19
[  22.3980]ARRIVE-6-13
[  22.3980]OPEN-6-13
[  22.4980]ARRIVE-9-19
[  22.5760]OUT-147-10-3
[  22.5760]CLOSE-10-3
[  22.6760]ARRIVE-4-1
[  22.6760]OUT-153-7-2
[  22.6760]CLOSE-7-2
[  22.6980]ARRIVE-8-19
[  22.7140]MAINTAIN_ACCEPT-2
[  22.7140]MAINTAIN_ABLE-2
[  22.7980]IN-154-6-13
[  22.7980]CLOSE-6-13
[  22.8990]ARRIVE-7-19
[  23.0770]ARRIVE-3-1
[  23.0990]ARRIVE-6-19
[  23.0990]OPEN-6-19
[  23.1150]ARRIVE-10-4
[  23.1990]ARRIVE-7-13
[  23.1990]OPEN-7-13
[  23.2150]ARRIVE-4-12
[  23.2150]OPEN-4-12
[  23.2150]ARRIVE-9-3
[  23.4780]ARRIVE-2-1
[  23.4780]OPEN-2-1
[  23.5000]OUT-156-6-19
[  23.5000]CLOSE-6-19
[  23.5160]ARRIVE-9-4
[  23.6000]OUT-154-7-13
[  23.6000]IN-167-7-13
[  23.6000]CLOSE-7-13
[  23.6160]ARRIVE-8-3
[  23.6160]IN-161-4-12
[  23.6160]CLOSE-4-12
[  23.7010]ARRIVE-7-19
[  23.7010]OPEN-7-19
[  23.8790]OUT-158-2-1
[  23.8790]CLOSE-2-1
[  23.9170]ARRIVE-8-4
[  24.0020]ARRIVE-8-13
[  24.0170]ARRIVE-3-12
[  24.0170]OPEN-3-12
[  24.0170]ARRIVE-7-3
[  24.1030]IN-165-7-19
[  24.1030]CLOSE-7-19
[  24.2810]ARRIVE-1-1
[  24.2810]OPEN-1-1
[  24.3030]ARRIVE-8-19
[  24.3180]ARRIVE-7-4
[  24.4030]ARRIVE-9-13
[  24.4190]ARRIVE-6-3
[  24.4190]OPEN-6-3
[  24.4190]OUT-161-3-12
[  24.4190]CLOSE-3-12
[  24.5030]ARRIVE-9-19
[  24.6650]ARRIVE-11-10
[  24.6650]OPEN-11-10
[  24.6810]IN-163-1-1
[  24.6810]IN-166-1-1
[  24.6810]CLOSE-1-1
[  24.7030]ARRIVE-10-19
[  24.7190]ARRIVE-6-4
[  24.8030]ARRIVE-10-13
[  24.8190]ARRIVE-2-12
[  24.8190]OPEN-2-12
[  24.8190]IN-160-6-3
[  24.8190]CLOSE-6-3
[  24.9040]ARRIVE-11-19
[  24.9040]OPEN-11-19
[  24.9820]ARRIVE-6-7
[  25.0660]IN-164-11-10
[  25.0660]CLOSE-11-10
[  25.0820]ARRIVE-2-1
[  25.1200]ARRIVE-5-4
[  25.2040]ARRIVE-11-13
[  25.2040]OPEN-11-13
[  25.2200]ARRIVE-7-3
[  25.2200]IN-168-2-12
[  25.2200]CLOSE-2-12
[  25.3040]OUT-165-11-19
[  25.3040]CLOSE-11-19
[  25.3670]ARRIVE-10-10
[  25.4830]ARRIVE-7-7
[  25.4830]ARRIVE-3-1
[  25.4830]OPEN-3-1
[  25.5200]ARRIVE-4-4
[  25.5200]OPEN-4-4
[  25.6050]OUT-167-11-13
[  25.6050]CLOSE-11-13
[  25.6210]ARRIVE-8-3
[  25.6210]ARRIVE-3-12
[  25.6210]OPEN-3-12
[  25.6670]ARRIVE-9-10
[  25.8830]OUT-163-3-1
[  25.8830]CLOSE-3-1
[  25.9210]IN-159-4-4
[  25.9210]CLOSE-4-4
[  25.9680]ARRIVE-8-10
[  25.9680]OPEN-8-10
[  25.9830]ARRIVE-8-7
[  25.9830]OPEN-8-7
[  26.0210]ARRIVE-9-3
[  26.0210]OUT-168-3-12
[  26.0210]CLOSE-3-12
[  26.2840]ARRIVE-4-1
[  26.2840]OPEN-4-1
[  26.3220]ARRIVE-3-4
[  26.3690]OUT-164-8-10
[  26.3690]CLOSE-8-10
[  26.3840]IN-162-8-7
[  26.3840]CLOSE-8-7
[  26.4220]ARRIVE-10-3
[  26.4220]OPEN-10-3
[  26.4850]MAINTAIN_ACCEPT-10
[  26.4850]MAINTAIN_ABLE-10
[  26.6850]OUT-166-4-1
[  26.6850]ARRIVE-10-19
[  26.6850]CLOSE-4-1
[  26.7220]ARRIVE-2-4
[  26.8220]OUT-160-10-3
[  26.8220]CLOSE-10-3
[  26.8850]ARRIVE-7-7
[  26.9070]ARRIVE-9-19
[  27.0070]ARRIVE-4-12
[  27.1070]ARRIVE-5-1
[  27.1070]ARRIVE-8-19
[  27.1220]ARRIVE-1-4
[  27.1220]OPEN-1-4
[  27.3070]ARRIVE-7-19
[  27.3850]ARRIVE-6-7
[  27.3850]OPEN-6-7
[  27.4070]ARRIVE-5-12
[  27.5080]ARRIVE-6-19
[  27.5080]ARRIVE-6-1
[  27.5230]OUT-159-1-4
[  27.5230]CLOSE-1-4
[  27.7230]ARRIVE-5-19
[  27.7860]OUT-162-6-7
[  27.7860]CLOSE-6-7
[  27.8070]ARRIVE-6-12
[  27.9080]ARRIVE-7-1
[  27.9230]ARRIVE-4-19
[  28.1240]ARRIVE-3-19
[  28.2080]ARRIVE-7-12
[  28.3080]ARRIVE-8-1
[  28.3240]ARRIVE-2-19
[  28.3240]OPEN-2-19
[  28.6090]ARRIVE-8-12
[  28.7090]ARRIVE-9-1
[  28.7090]OPEN-9-1
[  28.7250]IN-169-2-19
[  28.7250]CLOSE-2-19
[  28.8090]MAINTAIN_ACCEPT-4
[  28.8090]MAINTAIN_ABLE-4
[  28.9090]OPEN-10-3
[  28.9250]ARRIVE-3-19
[  29.0090]ARRIVE-9-12
[  29.1100]IN-171-9-1
[  29.1100]CLOSE-9-1
[  29.1260]ARRIVE-4-19
[  29.3100]ARRIVE-7-7
[  29.3100]IN-173-10-3
[  29.3100]CLOSE-10-3
[  29.3410]ARRIVE-5-19
[  29.3410]OPEN-5-19
[  29.4100]ARRIVE-10-12
[  29.4100]OPEN-10-12
[  29.4260]ARRIVE-10-13
[  29.5100]ARRIVE-10-1
[  29.7100]ARRIVE-9-3
[  29.7100]OPEN-9-3
[  29.7420]OUT-169-5-19
[  29.7420]CLOSE-5-19
[  29.8110]ARRIVE-8-7
[  29.8110]IN-170-10-12
[  29.8110]CLOSE-10-12
[  29.8260]ARRIVE-9-13
[  29.9110]ARRIVE-11-1
[  29.9110]OPEN-11-1
[  30.1110]OUT-173-9-3
[  30.1110]CLOSE-9-3
[  30.2110]ARRIVE-9-12
[  30.2260]ARRIVE-8-13
[  30.3110]ARRIVE-9-7
[  30.3110]OPEN-9-7
[  30.3110]OUT-171-11-1
[  30.3110]CLOSE-11-1
[  30.6120]ARRIVE-8-12
[  30.6280]ARRIVE-7-13
[  30.7120]IN-172-9-7
[  30.7120]CLOSE-9-7
[  31.0130]ARRIVE-7-12
[  31.0280]ARRIVE-6-13
[  31.2130]ARRIVE-8-7
[  31.2130]OPEN-8-7
[  31.4130]ARRIVE-6-12
[  31.4130]OPEN-6-12
[  31.4290]ARRIVE-5-13
[  31.6140]OUT-172-8-7
[  31.6140]CLOSE-8-7
[  31.8140]OUT-170-6-12
[  31.8140]CLOSE-6-12
[  31.8290]ARRIVE-4-13
[  32.2300]ARRIVE-3-13
[  32.6310]ARRIVE-2-13
[  33.0320]ARRIVE-1-13
[  33.0320]OPEN-1-13
[  33.4320]IN-174-1-13
[  33.4320]CLOSE-1-13
[  33.8330]ARRIVE-2-13
[  34.2340]ARRIVE-3-13
[  34.4340]ARRIVE-7-12
[  34.4340]OPEN-7-12
[  34.6340]ARRIVE-4-13
[  34.6340]OPEN-4-13
[  34.8340]IN-175-7-12
[  34.8340]CLOSE-7-12
[  34.9350]ARRIVE-4-19
[  34.9350]OPEN-4-19
[  35.0350]OUT-174-4-13
[  35.0350]CLOSE-4-13
[  35.1350]ARRIVE-2-14
[  35.2350]ARRIVE-8-12
[  35.2350]OPEN-8-12
[  35.3360]IN-177-4-19
[  35.3360]CLOSE-4-19
[  35.5360]ARRIVE-3-14
[  35.5360]ARRIVE-3-19
[  35.5360]OPEN-3-19
[  35.6360]OUT-175-8-12
[  35.6360]CLOSE-8-12
[  35.9370]ARRIVE-4-14
[  35.9370]OUT-177-3-19
[  35.9370]CLOSE-3-19
[  36.3370]ARRIVE-5-14
[  36.3370]OPEN-5-14
[  36.7380]IN-176-5-14
[  36.7380]CLOSE-5-14
[  36.7380]MAINTAIN_ACCEPT-7
[  36.7380]OPEN-8-12
[  36.7380]MAINTAIN_ABLE-7
[  36.9390]ARRIVE-2-19
[  37.1390]ARRIVE-1-19
[  37.1390]OPEN-1-19
[  37.1390]IN-178-8-12
[  37.1390]ARRIVE-6-14
[  37.1390]ARRIVE-5-13
[  37.1390]OPEN-5-13
[  37.1390]CLOSE-8-12
[  37.5400]ARRIVE-7-12
[  37.5400]IN-179-5-13
[  37.5400]CLOSE-5-13
[  37.5400]IN-180-1-19
[  37.5400]CLOSE-1-19
[  37.5400]ARRIVE-7-14
[  37.7410]ARRIVE-2-19
[  37.7410]OPEN-2-19
[  37.9410]ARRIVE-8-14
[  37.9410]OPEN-8-14
[  37.9410]ARRIVE-6-13
[  37.9410]ARRIVE-6-12
[  37.9410]OPEN-6-13
[  38.1410]OUT-180-2-19
[  38.1410]CLOSE-2-19
[  38.3420]ARRIVE-5-12
[  38.3420]OUT-176-8-14
[  38.3420]CLOSE-8-14
[  38.3420]OUT-179-6-13
[  38.3420]CLOSE-6-13
[  38.7420]ARRIVE-4-12
[  38.7420]OPEN-4-12
[  39.1430]OUT-178-4-12
[  39.1430]CLOSE-4-12
