[   0.9150]MAINTAIN_ACCEPT-5
[   1.3160]ARRIVE-2-2
[   1.3160]ARRIVE-2-5
[   1.3160]OPEN-2-2
[   1.3160]MAINTAIN_ABLE-5
[   1.7170]ARRIVE-2-4
[   1.7170]IN-100-2-2
[   1.7170]CLOSE-2-2
[   2.1180]ARRIVE-3-4
[   2.1180]ARRIVE-3-2
[   2.5180]ARRIVE-4-4
[   2.5180]ARRIVE-4-2
[   2.9190]ARRIVE-5-4
[   2.9190]ARRIVE-5-2
[   3.3190]ARRIVE-6-4
[   3.3190]ARRIVE-6-2
[   3.7210]ARRIVE-7-2
[   3.7210]OPEN-7-2
[   3.7210]ARRIVE-7-4
[   4.1210]ARRIVE-8-4
[   4.1210]OUT-100-7-2
[   4.1210]CLOSE-7-2
[   4.5220]ARRIVE-9-4
[   4.5220]OPEN-9-4
[   4.7330]ARRIVE-2-6
[   4.7330]ARRIVE-8-2
[   4.7330]ARRIVE-2-3
[   4.9230]IN-101-9-4
[   4.9230]CLOSE-9-4
[   5.1390]ARRIVE-3-6
[   5.1390]ARRIVE-3-3
[   5.1390]ARRIVE-9-2
[   5.3240]ARRIVE-10-4
[   5.5400]ARRIVE-4-3
[   5.5400]OPEN-4-3
[   5.5400]ARRIVE-10-2
[   5.5400]OPEN-10-2
[   5.5400]ARRIVE-4-6
[   5.7240]ARRIVE-11-4
[   5.7240]OPEN-11-4
[   5.9400]ARRIVE-5-6
[   5.9400]IN-102-4-3
[   5.9400]CLOSE-4-3
[   5.9400]IN-103-10-2
[   5.9400]CLOSE-10-2
[   6.1250]OUT-101-11-4
[   6.1250]CLOSE-11-4
[   6.3460]ARRIVE-6-6
[   6.3460]ARRIVE-5-3
[   6.3460]ARRIVE-11-2
[   6.3470]OPEN-11-2
[   6.7630]ARRIVE-6-3
[   6.7630]ARRIVE-7-6
[   6.7630]OUT-103-11-2
[   6.7630]CLOSE-11-2
[   7.1640]ARRIVE-7-3
[   7.1640]ARRIVE-8-6
[   7.1640]OPEN-8-6
[   7.5650]ARRIVE-8-3
[   7.5650]IN-104-8-6
[   7.5650]CLOSE-8-6
[   7.9720]ARRIVE-9-6
[   7.9720]ARRIVE-9-3
[   8.2290]ARRIVE-2-1
[   8.2290]ARRIVE-10-2
[   8.3830]ARRIVE-10-3
[   8.3830]OPEN-10-3
[   8.3830]ARRIVE-10-6
[   8.3830]OPEN-10-6
[   8.6300]ARRIVE-3-1
[   8.6300]ARRIVE-9-2
[   8.7830]OUT-104-10-6
[   8.7830]OUT-102-10-3
[   8.7830]CLOSE-10-3
[   8.7830]CLOSE-10-6
[   9.0310]ARRIVE-8-2
[   9.0310]ARRIVE-4-1
[   9.4310]ARRIVE-7-2
[   9.4310]ARRIVE-5-1
[   9.4310]OPEN-5-1
[   9.8320]ARRIVE-6-2
[   9.8320]IN-106-5-1
[   9.8320]CLOSE-5-1
[  10.2330]ARRIVE-6-1
[  10.2330]ARRIVE-5-2
[  10.6330]ARRIVE-7-1
[  10.6330]ARRIVE-4-2
[  11.0340]ARRIVE-8-1
[  11.0340]ARRIVE-3-2
[  11.0340]OPEN-3-2
[  11.4350]ARRIVE-9-1
[  11.4350]IN-105-3-2
[  11.4350]CLOSE-3-2
[  11.8360]ARRIVE-4-2
[  11.8360]ARRIVE-10-1
[  12.2370]ARRIVE-11-1
[  12.2370]ARRIVE-5-2
[  12.2370]OPEN-11-1
[  12.6370]ARRIVE-6-2
[  12.6370]OUT-106-11-1
[  12.6370]CLOSE-11-1
[  13.0380]ARRIVE-7-2
[  13.4390]ARRIVE-8-2
[  13.4390]OPEN-8-2
[  13.8400]OUT-105-8-2
[  13.8400]CLOSE-8-2
[  18.3510]ARRIVE-7-2
[  18.7520]ARRIVE-6-2
[  19.1520]ARRIVE-5-2
[  19.5520]ARRIVE-4-2
[  19.9530]ARRIVE-3-2
[  20.3530]ARRIVE-2-2
[  20.7540]ARRIVE-1-2
[  20.7540]OPEN-1-2
[  21.1550]IN-107-1-2
[  21.1550]CLOSE-1-2
[  21.5550]ARRIVE-2-2
[  21.8410]OPEN-5-11
[  21.9570]ARRIVE-3-2
[  22.2420]ARRIVE-9-6
[  22.2420]IN-109-5-11
[  22.2420]ARRIVE-10-4
[  22.2420]ARRIVE-10-1
[  22.2420]ARRIVE-9-3
[  22.2420]CLOSE-5-11
[  22.3580]ARRIVE-4-2
[  22.4430]ARRIVE-4-8
[  22.6440]ARRIVE-9-4
[  22.6440]ARRIVE-8-3
[  22.6440]ARRIVE-9-1
[  22.6440]ARRIVE-8-6
[  22.7590]ARRIVE-5-2
[  22.8440]ARRIVE-6-11
[  23.0440]ARRIVE-7-3
[  23.0440]ARRIVE-8-4
[  23.0440]ARRIVE-3-8
[  23.0440]OPEN-3-8
[  23.0440]ARRIVE-8-1
[  23.0440]ARRIVE-7-6
[  23.1600]ARRIVE-6-2
[  23.4450]ARRIVE-6-6
[  23.4450]IN-110-3-8
[  23.4450]CLOSE-3-8
[  23.4450]ARRIVE-7-11
[  23.4450]ARRIVE-7-4
[  23.4450]ARRIVE-6-3
[  23.4450]ARRIVE-7-1
[  23.5610]ARRIVE-7-2
[  23.8450]ARRIVE-6-1
[  23.8450]ARRIVE-5-3
[  23.8450]ARRIVE-6-4
[  23.8450]ARRIVE-5-6
[  23.9610]ARRIVE-8-2
[  23.9610]OPEN-8-2
[  24.0460]ARRIVE-8-11
[  24.0460]ARRIVE-4-8
[  24.0460]OPEN-8-11
[  24.2460]ARRIVE-5-4
[  24.2460]OPEN-5-4
[  24.2460]ARRIVE-5-1
[  24.2460]OPEN-5-1
[  24.2460]ARRIVE-4-3
[  24.2460]ARRIVE-4-6
[  24.3620]OUT-107-8-2
[  24.4460]IN-115-8-11
[  24.4460]CLOSE-8-11
[  24.4460]CLOSE-8-2
[  24.6470]ARRIVE-3-3
[  24.6470]OPEN-3-3
[  24.6470]ARRIVE-3-6
[  24.6470]IN-108-5-4
[  24.6470]IN-112-5-1
[  24.6470]CLOSE-5-1
[  24.6470]CLOSE-5-4
[  24.8470]ARRIVE-9-2
[  24.8470]OPEN-9-2
[  25.0480]ARRIVE-2-6
[  25.0480]IN-111-3-3
[  25.0480]CLOSE-3-3
[  25.0480]ARRIVE-9-11
[  25.0480]OPEN-9-11
[  25.0480]ARRIVE-6-1
[  25.0480]ARRIVE-6-4
[  25.0480]ARRIVE-5-8
[  25.2470]IN-114-9-2
[  25.2470]CLOSE-9-2
[  25.4480]ARRIVE-7-4
[  25.4480]ARRIVE-1-6
[  25.4480]OPEN-1-6
[  25.4480]OUT-109-9-11
[  25.4480]ARRIVE-7-1
[  25.4480]ARRIVE-4-3
[  25.4480]CLOSE-9-11
[  25.6480]ARRIVE-6-8
[  25.6480]ARRIVE-10-2
[  25.8480]ARRIVE-8-1
[  25.8480]ARRIVE-8-4
[  25.8480]ARRIVE-5-3
[  25.8480]IN-113-1-6
[  25.8480]CLOSE-1-6
[  26.0480]ARRIVE-10-11
[  26.0480]OPEN-10-11
[  26.0480]ARRIVE-11-2
[  26.0480]OPEN-11-2
[  26.2480]ARRIVE-2-6
[  26.2480]ARRIVE-7-8
[  26.2480]OPEN-7-8
[  26.2480]ARRIVE-9-1
[  26.2480]OPEN-9-1
[  26.2480]ARRIVE-9-4
[  26.2480]ARRIVE-6-3
[  26.2480]OPEN-2-6
[  26.4490]OUT-115-10-11
[  26.4490]OUT-114-11-2
[  26.4490]CLOSE-11-2
[  26.4490]CLOSE-10-11
[  26.6490]ARRIVE-10-4
[  26.6490]OUT-110-7-8
[  26.6490]OUT-113-2-6
[  26.6490]OUT-112-9-1
[  26.6490]CLOSE-9-1
[  26.6490]ARRIVE-7-3
[  26.6490]OPEN-7-3
[  26.6490]CLOSE-2-6
[  26.6490]CLOSE-7-8
[  27.0490]ARRIVE-11-4
[  27.0490]OPEN-11-4
[  27.0490]OUT-111-7-3
[  27.0490]CLOSE-7-3
[  27.4500]OUT-108-11-4
[  27.4500]CLOSE-11-4
[  32.2430]ARRIVE-10-4
[  32.2430]ARRIVE-8-3
[  32.2430]OPEN-8-3
[  32.2430]ARRIVE-3-6
[  32.6440]ARRIVE-9-4
[  32.6440]IN-117-8-3
[  32.6440]ARRIVE-4-6
[  32.6440]CLOSE-8-3
[  33.0440]ARRIVE-8-4
[  33.0440]ARRIVE-5-6
[  33.0440]ARRIVE-9-3
[  33.4450]ARRIVE-7-4
[  33.4450]ARRIVE-10-3
[  33.4450]OPEN-10-3
[  33.4450]ARRIVE-6-6
[  33.8450]ARRIVE-6-4
[  33.8450]OPEN-6-4
[  33.8450]ARRIVE-7-6
[  33.8450]OUT-117-10-3
[  33.8450]CLOSE-10-3
[  34.2460]ARRIVE-8-6
[  34.2460]IN-116-6-4
[  34.2460]CLOSE-6-4
[  34.6470]ARRIVE-9-6
[  34.6470]OPEN-9-6
[  34.6470]ARRIVE-7-4
[  35.0470]ARRIVE-8-4
[  35.0470]IN-118-9-6
[  35.0470]CLOSE-9-6
[  35.4490]ARRIVE-9-4
[  35.4490]OPEN-9-4
[  35.4490]ARRIVE-10-6
[  35.8500]ARRIVE-11-6
[  35.8500]OUT-116-9-4
[  35.8500]CLOSE-9-4
[  35.8500]OPEN-11-6
[  36.2500]OUT-118-11-6
[  36.2500]CLOSE-11-6
[  41.9460]OPEN-10-3
[  42.3470]ARRIVE-10-6
[  42.3470]IN-121-10-3
[  42.3470]CLOSE-10-3
[  42.3470]ARRIVE-8-1
[  42.3470]OPEN-8-1
[  42.3470]ARRIVE-8-4
[  42.5470]ARRIVE-8-8
[  42.7470]ARRIVE-7-4
[  42.7470]ARRIVE-9-6
[  42.7470]ARRIVE-11-3
[  42.7470]OPEN-11-3
[  42.7470]IN-123-8-1
[  42.7470]CLOSE-8-1
[  43.1480]ARRIVE-6-4
[  43.1480]OUT-121-11-3
[  43.1480]CLOSE-11-3
[  43.1480]ARRIVE-8-6
[  43.1480]ARRIVE-9-8
[  43.1480]OPEN-9-8
[  43.1480]ARRIVE-9-1
[  43.1480]OPEN-9-1
[  43.5490]ARRIVE-5-4
[  43.5490]ARRIVE-7-6
[  43.5490]OPEN-7-6
[  43.5490]OUT-123-9-1
[  43.5490]CLOSE-9-1
[  43.5490]IN-122-9-8
[  43.5490]CLOSE-9-8
[  43.9500]ARRIVE-4-4
[  43.9500]IN-119-7-6
[  43.9500]CLOSE-7-6
[  44.1500]ARRIVE-10-8
[  44.1500]OPEN-10-8
[  44.3500]ARRIVE-3-4
[  44.3500]ARRIVE-8-6
[  44.3500]OPEN-3-4
[  44.5510]OUT-122-10-8
[  44.5510]CLOSE-10-8
[  44.7510]IN-120-3-4
[  44.7510]CLOSE-3-4
[  44.7510]ARRIVE-9-6
[  44.7510]OPEN-9-6
[  45.1520]ARRIVE-4-4
[  45.1520]OUT-119-9-6
[  45.1520]CLOSE-9-6
[  45.1520]MAINTAIN_ACCEPT-12
[  45.5530]ARRIVE-5-4
[  45.9540]ARRIVE-6-4
[  46.3540]ARRIVE-7-4
[  46.3540]OPEN-7-4
[  46.7550]OUT-120-7-4
[  46.7550]CLOSE-7-4
[  47.9570]MAINTAIN_ABLE-12
[  48.3570]ARRIVE-6-4
[  48.5570]ARRIVE-9-11
[  48.6570]OPEN-9-6
[  48.6570]OPEN-10-8
[  48.6570]MAINTAIN_ACCEPT-3
[  48.7570]ARRIVE-5-4
[  48.8580]ARRIVE-8-7
[  48.8580]OPEN-8-7
[  49.0580]ARRIVE-10-2
[  49.0580]OPEN-10-2
[  49.0580]ARRIVE-8-1
[  49.0580]IN-130-10-8
[  49.0580]CLOSE-10-8
[  49.0580]IN-129-9-6
[  49.0580]CLOSE-9-6
[  49.0580]ARRIVE-10-3
[  49.0580]MAINTAIN_ABLE-3
[  49.1580]ARRIVE-8-11
[  49.1580]ARRIVE-4-4
[  49.1580]OPEN-4-4
[  49.2580]IN-131-8-7
[  49.2580]IN-126-8-7
[  49.2580]CLOSE-8-7
[  49.4580]ARRIVE-10-6
[  49.4580]IN-127-10-2
[  49.4580]CLOSE-10-2
[  49.4580]ARRIVE-9-7
[  49.4580]ARRIVE-7-1
[  49.5580]IN-124-4-4
[  49.5580]CLOSE-4-4
[  49.6590]ARRIVE-10-7
[  49.6590]OPEN-10-7
[  49.6590]ARRIVE-11-8
[  49.6590]OPEN-11-8
[  49.7590]ARRIVE-7-11
[  49.8590]ARRIVE-11-2
[  49.8590]ARRIVE-11-6
[  49.8590]OPEN-11-6
[  49.8590]ARRIVE-6-1
[  49.8590]OPEN-11-2
[  49.9590]ARRIVE-5-4
[  50.0590]OUT-130-11-8
[  50.0590]CLOSE-11-8
[  50.0590]OUT-131-10-7
[  50.0590]OUT-126-10-7
[  50.0590]CLOSE-10-7
[  50.2600]ARRIVE-5-1
[  50.2600]OPEN-5-1
[  50.2600]OUT-127-11-2
[  50.2600]OUT-129-11-6
[  50.2600]CLOSE-11-6
[  50.2600]CLOSE-11-2
[  50.3600]ARRIVE-6-11
[  50.3600]OPEN-6-11
[  50.3600]ARRIVE-6-4
[  50.3600]OPEN-6-4
[  50.6610]ARRIVE-10-8
[  50.6610]IN-128-5-1
[  50.6610]CLOSE-5-1
[  50.7610]OUT-124-6-4
[  50.7610]IN-125-6-11
[  50.7610]CLOSE-6-11
[  50.7610]CLOSE-6-4
[  51.0610]ARRIVE-6-1
[  51.2620]ARRIVE-9-8
[  51.3620]ARRIVE-7-11
[  51.4620]ARRIVE-7-1
[  51.8620]ARRIVE-8-8
[  51.8620]ARRIVE-8-1
[  51.9620]ARRIVE-8-11
[  52.2630]ARRIVE-9-1
[  52.2630]OPEN-9-1
[  52.4630]ARRIVE-7-8
[  52.5640]ARRIVE-9-11
[  52.5640]OPEN-9-11
[  52.6630]OUT-128-9-1
[  52.6630]CLOSE-9-1
[  52.9640]OUT-125-9-11
[  52.9640]CLOSE-9-11
[  53.0640]ARRIVE-6-8
[  53.0640]OPEN-6-8
[  53.1640]OPEN-9-1
[  53.3650]ARRIVE-9-7
[  53.4650]IN-132-6-8
[  53.4650]CLOSE-6-8
[  53.5650]ARRIVE-8-7
[  53.5650]OPEN-8-7
[  53.5650]ARRIVE-10-6
[  53.5650]OPEN-10-6
[  53.5650]ARRIVE-7-4
[  53.5650]IN-138-9-1
[  53.5650]CLOSE-9-1
[  53.5650]ARRIVE-10-2
[  53.7660]ARRIVE-8-11
[  53.9660]ARRIVE-8-4
[  53.9660]ARRIVE-10-1
[  53.9660]ARRIVE-9-2
[  53.9660]IN-136-8-7
[  53.9660]CLOSE-8-7
[  53.9660]IN-137-10-6
[  53.9660]CLOSE-10-6
[  54.0670]ARRIVE-7-8
[  54.0670]OPEN-7-8
[  54.1670]ARRIVE-9-7
[  54.3670]ARRIVE-11-6
[  54.3670]OPEN-11-6
[  54.3670]ARRIVE-8-2
[  54.3670]OPEN-8-2
[  54.3670]ARRIVE-9-4
[  54.3670]OPEN-9-4
[  54.3670]ARRIVE-7-11
[  54.3670]ARRIVE-11-1
[  54.3670]OPEN-11-1
[  54.4670]IN-139-7-8
[  54.4670]CLOSE-7-8
[  54.6670]ARRIVE-10-7
[  54.6670]OPEN-10-7
[  54.7670]OUT-138-11-1
[  54.7670]CLOSE-11-1
[  54.7670]IN-135-8-2
[  54.7670]CLOSE-8-2
[  54.7670]OUT-137-11-6
[  54.7670]CLOSE-11-6
[  54.7670]IN-134-9-4
[  54.7670]CLOSE-9-4
[  54.9680]ARRIVE-6-11
[  55.0680]ARRIVE-8-8
[  55.0680]OUT-136-10-7
[  55.0680]CLOSE-10-7
[  55.1680]ARRIVE-9-2
[  55.1680]OPEN-9-2
[  55.1680]ARRIVE-10-4
[  55.1680]OPEN-10-4
[  55.5690]ARRIVE-5-11
[  55.5690]OUT-135-9-2
[  55.5690]CLOSE-9-2
[  55.5690]OUT-134-10-4
[  55.5690]CLOSE-10-4
[  55.6690]ARRIVE-9-8
[  56.1700]ARRIVE-4-11
[  56.2700]ARRIVE-10-8
[  56.2700]OPEN-10-8
[  56.6710]OUT-139-10-8
[  56.6710]CLOSE-10-8
[  56.7710]ARRIVE-3-11
[  57.2720]ARRIVE-11-8
[  57.2720]OPEN-11-8
[  57.3720]ARRIVE-2-11
[  57.6730]OUT-132-11-8
[  57.6730]CLOSE-11-8
[  57.9740]ARRIVE-1-11
[  57.9740]OPEN-1-11
[  58.3740]IN-133-1-11
[  58.3740]CLOSE-1-11
[  58.9750]ARRIVE-2-11
[  59.5770]ARRIVE-3-11
[  60.1780]ARRIVE-4-11
[  60.7790]ARRIVE-5-11
[  61.3810]ARRIVE-6-11
[  61.9820]ARRIVE-7-11
[  62.5830]ARRIVE-8-11
[  63.1840]ARRIVE-9-11
[  63.2690]MAINTAIN_ACCEPT-6
[  63.2690]MAINTAIN_ABLE-6
[  63.7860]ARRIVE-10-11
[  63.8700]ARRIVE-10-8
[  64.3870]ARRIVE-11-11
[  64.3870]OPEN-11-11
[  64.4710]ARRIVE-9-8
[  64.7880]OUT-133-11-11
[  64.7880]CLOSE-11-11
[  65.0730]ARRIVE-8-8
[  65.6740]ARRIVE-7-8
[  66.2740]ARRIVE-6-8
[  66.8750]ARRIVE-5-8
[  67.0750]OPEN-10-4
[  67.4760]ARRIVE-4-8
[  67.4760]IN-142-10-4
[  67.4760]CLOSE-10-4
[  67.6760]ARRIVE-10-11
[  67.8770]ARRIVE-11-4
[  67.8770]OPEN-11-4
[  68.0770]ARRIVE-3-8
[  68.0770]MAINTAIN_ACCEPT-19
[  68.0770]MAINTAIN_ABLE-19
[  68.2880]ARRIVE-9-11
[  68.2890]OUT-142-11-4
[  68.2890]CLOSE-11-4
[  68.4780]ARRIVE-10-1
[  68.6780]ARRIVE-2-8
[  68.8780]ARRIVE-9-1
[  68.8940]ARRIVE-8-11
[  69.2790]ARRIVE-1-8
[  69.2790]ARRIVE-8-1
[  69.2790]OPEN-1-8
[  69.2790]OPEN-8-1
[  69.4950]ARRIVE-7-11
[  69.6800]IN-140-1-8
[  69.6800]IN-143-8-1
[  69.6800]CLOSE-1-8
[  69.6800]CLOSE-8-1
[  70.0800]ARRIVE-9-1
[  70.0800]OPEN-9-1
[  70.0960]ARRIVE-6-11
[  70.2810]ARRIVE-2-8
[  70.4810]OUT-143-9-1
[  70.4810]CLOSE-9-1
[  70.6970]ARRIVE-5-11
[  70.8820]ARRIVE-3-8
[  71.2980]ARRIVE-4-11
[  71.4830]ARRIVE-4-8
[  71.8990]ARRIVE-3-11
[  72.0840]ARRIVE-5-8
[  72.2840]ARRIVE-9-7
[  72.2840]OPEN-9-7
[  72.4850]ARRIVE-10-4
[  72.4850]ARRIVE-8-2
[  72.4850]ARRIVE-8-1
[  72.5000]ARRIVE-2-11
[  72.5000]OPEN-2-11
[  72.6850]ARRIVE-6-8
[  72.6850]OPEN-6-8
[  72.6850]IN-147-9-7
[  72.8860]ARRIVE-7-2
[  72.8860]ARRIVE-9-4
[  72.8860]ARRIVE-7-1
[  73.0860]IN-153-6-8
[  73.0860]CLOSE-6-8
[  73.0860]IN-141-2-11
[  73.0860]IN-152-9-7
[  73.0860]CLOSE-9-7
[  73.0860]CLOSE-2-11
[  73.2860]ARRIVE-6-1
[  73.2860]ARRIVE-6-2
[  73.2860]OPEN-6-2
[  73.2860]ARRIVE-10-7
[  73.2860]OPEN-10-7
[  73.2860]ARRIVE-8-4
[  73.6870]ARRIVE-7-8
[  73.6870]IN-146-6-2
[  73.6870]CLOSE-6-2
[  73.6870]OUT-147-10-7
[  73.6870]CLOSE-10-7
[  73.6870]ARRIVE-3-11
[  73.6870]ARRIVE-5-1
[  73.6870]OPEN-5-1
[  73.6870]ARRIVE-7-4
[  73.8870]ARRIVE-11-7
[  73.8870]OPEN-11-7
[  74.0870]ARRIVE-6-4
[  74.0870]ARRIVE-7-2
[  74.0870]IN-144-5-1
[  74.0870]IN-155-5-1
[  74.0870]CLOSE-5-1
[  74.2880]ARRIVE-4-11
[  74.2880]ARRIVE-8-8
[  74.2880]OUT-152-11-7
[  74.2880]OPEN-4-11
[  74.3880]ARRIVE-9-15
[  74.3880]OPEN-9-15
[  74.4880]ARRIVE-5-4
[  74.4880]ARRIVE-8-2
[  74.4880]ARRIVE-6-1
[  74.6880]IN-148-4-11
[  74.6880]IN-149-4-11
[  74.6880]IN-154-4-11
[  74.6880]IN-163-4-11
[  74.6880]CLOSE-4-11
[  74.6880]OPEN-8-2
[  74.8880]ARRIVE-4-4
[  75.0890]ARRIVE-7-1
[  75.0890]IN-150-8-2
[  75.0890]IN-151-8-2
[  75.0890]IN-156-8-2
[  75.0890]IN-160-8-2
[  75.0890]IN-161-8-2
[  75.0890]CLOSE-8-2
[  75.0890]CLOSE-11-7
[  75.0890]OPEN-7-1
[  75.2890]ARRIVE-5-11
[  75.2890]OPEN-5-11
[  75.2890]ARRIVE-3-4
[  75.4900]ARRIVE-9-2
[  75.4900]OPEN-9-2
[  75.4900]IN-158-7-1
[  75.4900]IN-159-7-1
[  75.4900]CLOSE-7-1
[  75.4900]IN-157-9-15
[  75.4900]CLOSE-9-15
[  75.6900]ARRIVE-10-15
[  75.6900]OUT-163-5-11
[  75.6900]CLOSE-5-11
[  75.6900]ARRIVE-2-4
[  75.6900]ARRIVE-10-7
[  75.6900]ARRIVE-9-8
[  75.6900]OPEN-9-8
[  75.8900]ARRIVE-8-1
[  75.8900]OPEN-8-1
[  75.8900]OUT-150-9-2
[  75.8900]OUT-151-9-2
[  75.8900]OUT-156-9-2
[  75.8900]OUT-160-9-2
[  75.8900]OUT-161-9-2
[  75.8900]CLOSE-9-2
[  75.8900]ARRIVE-11-15
[  75.8900]OPEN-11-15
[  75.8900]ARRIVE-9-7
[  76.0910]ARRIVE-8-7
[  76.0910]ARRIVE-1-4
[  76.0910]OPEN-1-4
[  76.0910]OUT-140-9-8
[  76.0910]CLOSE-9-8
[  76.2910]ARRIVE-10-2
[  76.2910]OPEN-10-2
[  76.2910]ARRIVE-6-11
[  76.2910]OUT-158-8-1
[  76.2910]CLOSE-8-1
[  76.2910]OUT-157-11-15
[  76.2910]CLOSE-11-15
[  76.2910]ARRIVE-7-7
[  76.4910]ARRIVE-10-15
[  76.4910]IN-145-1-4
[  76.4910]CLOSE-1-4
[  76.4910]ARRIVE-6-7
[  76.6920]ARRIVE-9-15
[  76.6920]OUT-146-10-2
[  76.6920]ARRIVE-5-7
[  76.6920]ARRIVE-10-8
[  76.6920]OPEN-10-8
[  76.6920]ARRIVE-9-1
[  76.6920]CLOSE-10-2
[  76.8920]ARRIVE-8-15
[  76.8920]ARRIVE-4-7
[  76.8920]ARRIVE-2-4
[  76.8920]ARRIVE-7-11
[  77.0930]ARRIVE-7-15
[  77.0930]OUT-153-10-8
[  77.0930]CLOSE-10-8
[  77.0930]ARRIVE-3-7
[  77.0930]OPEN-3-7
[  77.0930]ARRIVE-10-1
[  77.0930]OPEN-10-1
[  77.2930]ARRIVE-6-15
[  77.2930]ARRIVE-3-4
[  77.4940]ARRIVE-5-15
[  77.4940]ARRIVE-8-11
[  77.4940]OUT-144-10-1
[  77.4940]OUT-159-10-1
[  77.4940]IN-164-3-7
[  77.4940]CLOSE-3-7
[  77.4940]CLOSE-10-1
[  77.6940]ARRIVE-4-15
[  77.6940]ARRIVE-4-4
[  77.6940]ARRIVE-4-7
[  77.8940]ARRIVE-3-15
[  77.8940]ARRIVE-5-7
[  77.8940]ARRIVE-11-1
[  77.8940]OPEN-11-1
[  78.0950]ARRIVE-9-11
[  78.0950]ARRIVE-5-4
[  78.0950]ARRIVE-2-15
[  78.0950]OPEN-2-15
[  78.0950]ARRIVE-6-7
[  78.0950]OPEN-9-11
[  78.2950]ARRIVE-7-7
[  78.2950]OPEN-7-7
[  78.2950]OUT-155-11-1
[  78.2950]CLOSE-11-1
[  78.4960]IN-162-2-15
[  78.4960]CLOSE-2-15
[  78.4960]ARRIVE-6-4
[  78.4960]OUT-149-9-11
[  78.4960]CLOSE-9-11
[  78.6960]ARRIVE-3-15
[  78.6960]OPEN-3-15
[  78.6960]OUT-164-7-7
[  78.6960]CLOSE-7-7
[  78.8970]ARRIVE-7-4
[  79.0970]ARRIVE-10-11
[  79.0970]OPEN-10-11
[  79.0970]OUT-162-3-15
[  79.0970]CLOSE-3-15
[  79.2980]ARRIVE-8-4
[  79.2980]OPEN-8-4
[  79.4990]OUT-141-10-11
[  79.4990]CLOSE-10-11
[  79.6990]OUT-145-8-4
[  79.6990]CLOSE-8-4
[  80.1030]ARRIVE-11-11
[  80.1030]OPEN-11-11
[  80.5030]OUT-148-11-11
[  80.5030]OUT-154-11-11
[  80.5030]CLOSE-11-11
[  84.1970]MAINTAIN_ACCEPT-15
[  84.1970]MAINTAIN_ABLE-15
[  88.5060]OPEN-8-4
[  88.9080]IN-166-8-4
[  88.9080]CLOSE-8-4
[  89.1080]ARRIVE-10-11
[  89.3090]ARRIVE-9-4
[  89.7090]ARRIVE-9-11
[  89.7090]ARRIVE-10-4
[  89.7090]OPEN-10-4
[  90.1100]OUT-166-10-4
[  90.1100]CLOSE-10-4
[  90.3110]ARRIVE-8-11
[  90.9120]ARRIVE-7-11
[  91.5130]ARRIVE-6-11
[  92.1140]ARRIVE-5-11
[  92.7150]ARRIVE-4-11
[  93.3170]ARRIVE-3-11
[  93.3170]OPEN-3-11
[  93.7180]IN-165-3-11
[  93.7180]CLOSE-3-11
[  94.3200]ARRIVE-4-11
[  94.9210]ARRIVE-5-11
[  95.5230]ARRIVE-6-11
[  95.5230]OPEN-6-11
[  95.9370]OUT-165-6-11
[  95.9370]CLOSE-6-11
[ 103.3100]OPEN-10-4
[ 103.3100]OPEN-10-8
[ 103.7100]ARRIVE-10-1
[ 103.7100]IN-172-10-8
[ 103.7100]CLOSE-10-8
[ 103.7100]IN-168-10-4
[ 103.7100]CLOSE-10-4
[ 103.7100]ARRIVE-7-9
[ 103.7100]ARRIVE-9-2
[ 103.9220]ARRIVE-7-11
[ 104.1120]ARRIVE-8-2
[ 104.1120]ARRIVE-6-9
[ 104.1120]ARRIVE-11-4
[ 104.1120]OPEN-11-4
[ 104.1120]ARRIVE-9-1
[ 104.3120]ARRIVE-11-8
[ 104.3120]OPEN-11-8
[ 104.5270]ARRIVE-5-9
[ 104.5270]ARRIVE-7-2
[ 104.5270]OUT-168-11-4
[ 104.5270]ARRIVE-8-11
[ 104.5270]ARRIVE-8-1
[ 104.5280]OPEN-8-1
[ 104.5280]CLOSE-11-4
[ 104.7120]OUT-172-11-8
[ 104.7120]CLOSE-11-8
[ 104.9340]ARRIVE-4-9
[ 104.9340]IN-170-8-1
[ 104.9340]CLOSE-8-1
[ 104.9350]ARRIVE-6-2
[ 104.9350]OPEN-6-2
[ 105.1330]ARRIVE-9-11
[ 105.3410]ARRIVE-3-9
[ 105.3410]OPEN-3-9
[ 105.3410]IN-171-6-2
[ 105.3410]CLOSE-6-2
[ 105.3410]ARRIVE-9-1
[ 105.7440]ARRIVE-10-11
[ 105.7440]OPEN-10-11
[ 105.7440]IN-169-3-9
[ 105.7440]ARRIVE-7-2
[ 105.7450]ARRIVE-10-1
[ 105.7450]CLOSE-3-9
[ 106.1440]IN-167-10-11
[ 106.1440]CLOSE-10-11
[ 106.1450]ARRIVE-8-2
[ 106.1450]ARRIVE-4-9
[ 106.1450]ARRIVE-11-1
[ 106.1450]OPEN-11-1
[ 106.5570]ARRIVE-5-9
[ 106.5570]OUT-170-11-1
[ 106.5570]ARRIVE-9-2
[ 106.5570]CLOSE-11-1
[ 106.5570]OPEN-5-9
[ 106.7450]ARRIVE-11-11
[ 106.7450]OPEN-11-11
[ 106.9590]ARRIVE-10-2
[ 106.9590]OPEN-10-2
[ 106.9590]OUT-169-5-9
[ 106.9590]CLOSE-5-9
[ 107.1590]OUT-167-11-11
[ 107.1590]CLOSE-11-11
[ 107.3760]OUT-171-10-2
[ 107.3760]CLOSE-10-2
[ 107.9260]ARRIVE-4-9
[ 107.9260]ARRIVE-9-2
[ 108.1260]ARRIVE-10-11
[ 108.3280]ARRIVE-3-9
[ 108.3280]ARRIVE-8-2
[ 108.7340]ARRIVE-2-9
[ 108.7340]ARRIVE-7-2
[ 108.7340]ARRIVE-9-11
[ 109.1350]ARRIVE-1-9
[ 109.1350]OPEN-1-9
[ 109.1350]ARRIVE-6-2
[ 109.1350]OPEN-6-2
[ 109.3360]ARRIVE-8-11
[ 109.5420]IN-174-1-9
[ 109.5420]CLOSE-1-9
[ 109.5420]IN-173-6-2
[ 109.5420]CLOSE-6-2
[ 109.9380]ARRIVE-7-11
[ 109.9380]OPEN-7-11
[ 109.9530]ARRIVE-2-9
[ 109.9530]ARRIVE-7-2
[ 110.3380]IN-175-7-11
[ 110.3380]CLOSE-7-11
[ 110.3600]ARRIVE-3-9
[ 110.3600]ARRIVE-8-2
[ 110.7710]ARRIVE-9-2
[ 110.7710]ARRIVE-4-9
[ 110.9400]ARRIVE-8-11
[ 111.1760]ARRIVE-5-9
[ 111.1760]ARRIVE-10-2
[ 111.1760]OPEN-10-2
[ 111.5410]ARRIVE-9-11
[ 111.5880]ARRIVE-6-9
[ 111.5880]OUT-173-10-2
[ 111.5880]CLOSE-10-2
[ 111.9890]ARRIVE-7-9
[ 112.1430]ARRIVE-10-11
[ 112.3900]ARRIVE-8-9
[ 112.7440]ARRIVE-11-11
[ 112.7440]OPEN-11-11
[ 112.7910]ARRIVE-9-9
[ 113.1450]OUT-175-11-11
[ 113.1450]CLOSE-11-11
[ 113.1920]ARRIVE-10-9
[ 113.5930]ARRIVE-11-9
[ 113.5930]OPEN-11-9
[ 114.0150]OUT-174-11-9
[ 114.0150]CLOSE-11-9
[ 117.6240]MAINTAIN_ACCEPT-9
[ 118.0350]ARRIVE-10-9
[ 118.0350]MAINTAIN_ABLE-9
[ 118.2390]ARRIVE-10-11
[ 118.4390]ARRIVE-9-2
[ 118.4390]OPEN-9-2
[ 118.8500]ARRIVE-9-11
[ 118.8500]IN-177-9-2
[ 118.8500]CLOSE-9-2
[ 118.9240]MAINTAIN_ACCEPT-8
[ 119.1260]ARRIVE-8-13
[ 119.1260]OPEN-8-13
[ 119.2650]ARRIVE-10-2
[ 119.3280]ARRIVE-10-1
[ 119.4520]ARRIVE-8-11
[ 119.5300]ARRIVE-10-8
[ 119.5300]MAINTAIN_ABLE-8
[ 119.5300]IN-179-8-13
[ 119.5300]CLOSE-8-13
[ 119.6710]ARRIVE-11-2
[ 119.6710]OPEN-11-2
[ 119.7400]ARRIVE-6-7
[ 119.7400]OPEN-6-7
[ 119.7400]ARRIVE-9-1
[ 119.7400]OPEN-9-1
[ 119.7400]ARRIVE-9-13
[ 119.7400]OPEN-9-13
[ 120.0560]ARRIVE-7-11
[ 120.0560]OPEN-7-11
[ 120.0710]OUT-177-11-2
[ 120.0710]CLOSE-11-2
[ 120.1410]IN-178-9-1
[ 120.1410]CLOSE-9-1
[ 120.1410]IN-180-6-7
[ 120.1410]CLOSE-6-7
[ 120.1410]OUT-179-9-13
[ 120.1410]CLOSE-9-13
[ 120.3420]ARRIVE-7-7
[ 120.3420]OPEN-7-7
[ 120.4580]IN-176-7-11
[ 120.4580]CLOSE-7-11
[ 120.5420]ARRIVE-10-1
[ 120.7560]OUT-180-7-7
[ 120.7560]CLOSE-7-7
[ 120.9430]ARRIVE-11-1
[ 120.9430]OPEN-11-1
[ 121.0590]ARRIVE-8-11
[ 121.3440]OUT-178-11-1
[ 121.3440]CLOSE-11-1
[ 121.6600]ARRIVE-9-11
[ 122.2610]ARRIVE-10-11
[ 122.2610]OPEN-10-11
[ 122.6630]OUT-176-10-11
[ 122.6630]CLOSE-10-11
